{"op_code": 0, "worker_id": "5f773b08-88a3-4afa-8086-64f0bae29c35-139901309962048", "study_name": "tmp", "directions": [2]}
{"op_code": 4, "worker_id": "5f773b08-88a3-4afa-8086-64f0bae29c35-139901309962048", "study_id": 0, "datetime_start": "2023-06-06T18:44:21.286590"}
{"op_code": 5, "worker_id": "5f773b08-88a3-4afa-8086-64f0bae29c35-139901309962048", "trial_id": 0, "param_name": "damping", "param_value_internal": 189.75975802203652, "distribution": "{\"name\": \"FloatDistribution\", \"attributes\": {\"step\": null, \"low\": 1.0, \"high\": 500.0, \"log\": false}}"}
{"op_code": 5, "worker_id": "5f773b08-88a3-4afa-8086-64f0bae29c35-139901309962048", "trial_id": 0, "param_name": "depth", "param_value_internal": 12661.974121231053, "distribution": "{\"name\": \"FloatDistribution\", \"attributes\": {\"step\": null, \"low\": 0.0, \"high\": 20000.0, \"log\": false}}"}
{"op_code": 6, "worker_id": "5f773b08-88a3-4afa-8086-64f0bae29c35-139901309962048", "trial_id": 0, "state": 1, "values": [0.9525292182257707], "datetime_complete": "2023-06-06T18:44:21.691116"}
{"op_code": 4, "worker_id": "5f773b08-88a3-4afa-8086-64f0bae29c35-139901309962048", "study_id": 0, "datetime_start": "2023-06-06T18:44:21.844473"}
{"op_code": 5, "worker_id": "5f773b08-88a3-4afa-8086-64f0bae29c35-139901309962048", "trial_id": 1, "param_name": "damping", "param_value_internal": 421.5318733987128, "distribution": "{\"name\": \"FloatDistribution\", \"attributes\": {\"step\": null, \"low\": 1.0, \"high\": 500.0, \"log\": false}}"}
{"op_code": 5, "worker_id": "5f773b08-88a3-4afa-8086-64f0bae29c35-139901309962048", "trial_id": 1, "param_name": "depth", "param_value_internal": 15828.573126891231, "distribution": "{\"name\": \"FloatDistribution\", \"attributes\": {\"step\": null, \"low\": 0.0, \"high\": 20000.0, \"log\": false}}"}
{"op_code": 6, "worker_id": "5f773b08-88a3-4afa-8086-64f0bae29c35-139901309962048", "trial_id": 1, "state": 1, "values": [0.9037718952227258], "datetime_complete": "2023-06-06T18:44:22.262754"}
{"op_code": 4, "worker_id": "5f773b08-88a3-4afa-8086-64f0bae29c35-139901309962048", "study_id": 0, "datetime_start": "2023-06-06T18:44:22.324855"}
{"op_code": 5, "worker_id": "5f773b08-88a3-4afa-8086-64f0bae29c35-139901309962048", "trial_id": 2, "param_name": "damping", "param_value_internal": 369.80608679087, "distribution": "{\"name\": \"FloatDistribution\", \"attributes\": {\"step\": null, \"low\": 1.0, \"high\": 500.0, \"log\": false}}"}
{"op_code": 5, "worker_id": "5f773b08-88a3-4afa-8086-64f0bae29c35-139901309962048", "trial_id": 2, "param_name": "depth", "param_value_internal": 11655.130663573475, "distribution": "{\"name\": \"FloatDistribution\", \"attributes\": {\"step\": null, \"low\": 0.0, \"high\": 20000.0, \"log\": false}}"}
{"op_code": 6, "worker_id": "5f773b08-88a3-4afa-8086-64f0bae29c35-139901309962048", "trial_id": 2, "state": 1, "values": [0.9319703859338109], "datetime_complete": "2023-06-06T18:44:22.841858"}
{"op_code": 4, "worker_id": "5f773b08-88a3-4afa-8086-64f0bae29c35-139901309962048", "study_id": 0, "datetime_start": "2023-06-06T18:44:22.949357"}
{"op_code": 5, "worker_id": "5f773b08-88a3-4afa-8086-64f0bae29c35-139901309962048", "trial_id": 3, "param_name": "damping", "param_value_internal": 18.903541122620297, "distribution": "{\"name\": \"FloatDistribution\", \"attributes\": {\"step\": null, \"low\": 1.0, \"high\": 500.0, \"log\": false}}"}
{"op_code": 5, "worker_id": "5f773b08-88a3-4afa-8086-64f0bae29c35-139901309962048", "trial_id": 3, "param_name": "depth", "param_value_internal": 19404.746798602195, "distribution": "{\"name\": \"FloatDistribution\", \"attributes\": {\"step\": null, \"low\": 0.0, \"high\": 20000.0, \"log\": false}}"}
{"op_code": 6, "worker_id": "5f773b08-88a3-4afa-8086-64f0bae29c35-139901309962048", "trial_id": 3, "state": 1, "values": [0.9748244945056257], "datetime_complete": "2023-06-06T18:44:23.276481"}
{"op_code": 4, "worker_id": "5f773b08-88a3-4afa-8086-64f0bae29c35-139901309962048", "study_id": 0, "datetime_start": "2023-06-06T18:44:23.338296"}
{"op_code": 5, "worker_id": "5f773b08-88a3-4afa-8086-64f0bae29c35-139901309962048", "trial_id": 4, "param_name": "damping", "param_value_internal": 106.26450509416156, "distribution": "{\"name\": \"FloatDistribution\", \"attributes\": {\"step\": null, \"low\": 1.0, \"high\": 500.0, \"log\": false}}"}
{"op_code": 5, "worker_id": "5f773b08-88a3-4afa-8086-64f0bae29c35-139901309962048", "trial_id": 4, "param_name": "depth", "param_value_internal": 11993.915093718968, "distribution": "{\"name\": \"FloatDistribution\", \"attributes\": {\"step\": null, \"low\": 0.0, \"high\": 20000.0, \"log\": false}}"}
{"op_code": 6, "worker_id": "5f773b08-88a3-4afa-8086-64f0bae29c35-139901309962048", "trial_id": 4, "state": 1, "values": [0.9668258705268242], "datetime_complete": "2023-06-06T18:44:23.798528"}
{"op_code": 4, "worker_id": "5f773b08-88a3-4afa-8086-64f0bae29c35-139901309962048", "study_id": 0, "datetime_start": "2023-06-06T18:44:23.860981"}
{"op_code": 5, "worker_id": "5f773b08-88a3-4afa-8086-64f0bae29c35-139901309962048", "trial_id": 5, "param_name": "damping", "param_value_internal": 144.28903596625983, "distribution": "{\"name\": \"FloatDistribution\", \"attributes\": {\"step\": null, \"low\": 1.0, \"high\": 500.0, \"log\": false}}"}
{"op_code": 5, "worker_id": "5f773b08-88a3-4afa-8086-64f0bae29c35-139901309962048", "trial_id": 5, "param_name": "depth", "param_value_internal": 11342.941852673297, "distribution": "{\"name\": \"FloatDistribution\", \"attributes\": {\"step\": null, \"low\": 0.0, \"high\": 20000.0, \"log\": false}}"}
{"op_code": 6, "worker_id": "5f773b08-88a3-4afa-8086-64f0bae29c35-139901309962048", "trial_id": 5, "state": 1, "values": [0.9628184189359942], "datetime_complete": "2023-06-06T18:44:24.151895"}
{"op_code": 4, "worker_id": "5f773b08-88a3-4afa-8086-64f0bae29c35-139901309962048", "study_id": 0, "datetime_start": "2023-06-06T18:44:24.215204"}
{"op_code": 5, "worker_id": "5f773b08-88a3-4afa-8086-64f0bae29c35-139901309962048", "trial_id": 6, "param_name": "damping", "param_value_internal": 321.45892057575725, "distribution": "{\"name\": \"FloatDistribution\", \"attributes\": {\"step\": null, \"low\": 1.0, \"high\": 500.0, \"log\": false}}"}
{"op_code": 5, "worker_id": "5f773b08-88a3-4afa-8086-64f0bae29c35-139901309962048", "trial_id": 6, "param_name": "depth", "param_value_internal": 14513.435079806733, "distribution": "{\"name\": \"FloatDistribution\", \"attributes\": {\"step\": null, \"low\": 0.0, \"high\": 20000.0, \"log\": false}}"}
{"op_code": 6, "worker_id": "5f773b08-88a3-4afa-8086-64f0bae29c35-139901309962048", "trial_id": 6, "state": 1, "values": [0.9257064220245163], "datetime_complete": "2023-06-06T18:44:24.588297"}
{"op_code": 4, "worker_id": "5f773b08-88a3-4afa-8086-64f0bae29c35-139901309962048", "study_id": 0, "datetime_start": "2023-06-06T18:44:24.670518"}
{"op_code": 5, "worker_id": "5f773b08-88a3-4afa-8086-64f0bae29c35-139901309962048", "trial_id": 7, "param_name": "damping", "param_value_internal": 469.110394936107, "distribution": "{\"name\": \"FloatDistribution\", \"attributes\": {\"step\": null, \"low\": 1.0, \"high\": 500.0, \"log\": false}}"}
{"op_code": 5, "worker_id": "5f773b08-88a3-4afa-8086-64f0bae29c35-139901309962048", "trial_id": 7, "param_name": "depth", "param_value_internal": 7922.026677617356, "distribution": "{\"name\": \"FloatDistribution\", \"attributes\": {\"step\": null, \"low\": 0.0, \"high\": 20000.0, \"log\": false}}"}
{"op_code": 6, "worker_id": "5f773b08-88a3-4afa-8086-64f0bae29c35-139901309962048", "trial_id": 7, "state": 1, "values": [0.9355073509493004], "datetime_complete": "2023-06-06T18:44:25.105504"}
{"op_code": 4, "worker_id": "5f773b08-88a3-4afa-8086-64f0bae29c35-139901309962048", "study_id": 0, "datetime_start": "2023-06-06T18:44:25.158324"}
{"op_code": 5, "worker_id": "5f773b08-88a3-4afa-8086-64f0bae29c35-139901309962048", "trial_id": 8, "param_name": "damping", "param_value_internal": 21.02519636090692, "distribution": "{\"name\": \"FloatDistribution\", \"attributes\": {\"step\": null, \"low\": 1.0, \"high\": 500.0, \"log\": false}}"}
{"op_code": 5, "worker_id": "5f773b08-88a3-4afa-8086-64f0bae29c35-139901309962048", "trial_id": 8, "param_name": "depth", "param_value_internal": 5324.695703780149, "distribution": "{\"name\": \"FloatDistribution\", \"attributes\": {\"step\": null, \"low\": 0.0, \"high\": 20000.0, \"log\": false}}"}
{"op_code": 6, "worker_id": "5f773b08-88a3-4afa-8086-64f0bae29c35-139901309962048", "trial_id": 8, "state": 1, "values": [0.9945935247918569], "datetime_complete": "2023-06-06T18:44:25.458270"}
{"op_code": 4, "worker_id": "5f773b08-88a3-4afa-8086-64f0bae29c35-139901309962048", "study_id": 0, "datetime_start": "2023-06-06T18:44:25.512889"}
{"op_code": 5, "worker_id": "5f773b08-88a3-4afa-8086-64f0bae29c35-139901309962048", "trial_id": 9, "param_name": "damping", "param_value_internal": 160.3953795966714, "distribution": "{\"name\": \"FloatDistribution\", \"attributes\": {\"step\": null, \"low\": 1.0, \"high\": 500.0, \"log\": false}}"}
{"op_code": 5, "worker_id": "5f773b08-88a3-4afa-8086-64f0bae29c35-139901309962048", "trial_id": 9, "param_name": "depth", "param_value_internal": 1659.7646755594387, "distribution": "{\"name\": \"FloatDistribution\", \"attributes\": {\"step\": null, \"low\": 0.0, \"high\": 20000.0, \"log\": false}}"}
{"op_code": 6, "worker_id": "5f773b08-88a3-4afa-8086-64f0bae29c35-139901309962048", "trial_id": 9, "state": 1, "values": [0.9629101733381573], "datetime_complete": "2023-06-06T18:44:25.857757"}
