{"op_code": 0, "worker_id": "9e6d1c84-a324-43da-b327-7c598f60c1dd-139888141408064", "study_name": "regional_seperation_survey_indiv_eq_sources_regional_comparison", "directions": [1]}
{"op_code": 4, "worker_id": "9e99bc76-d841-4162-9849-3c102f0ee070-140011609167680", "study_id": 0, "datetime_start": "2023-02-27T17:31:00.098846"}
{"op_code": 4, "worker_id": "1299c699-3c39-4da2-8714-b3f80e7dd64b-139631165318976", "study_id": 0, "datetime_start": "2023-02-27T17:31:00.152671"}
{"op_code": 4, "worker_id": "2e2c133c-edbc-4f82-94ec-6a9e48263bcd-140630153029440", "study_id": 0, "datetime_start": "2023-02-27T17:31:00.118235"}
{"op_code": 5, "worker_id": "1299c699-3c39-4da2-8714-b3f80e7dd64b-139631165318976", "trial_id": 1, "param_name": "eq_sources", "param_value_internal": 7310000.0, "distribution": "{\"name\": \"IntDistribution\", \"attributes\": {\"log\": false, \"step\": 10000, \"low\": 10000, \"high\": 10000000}}"}
{"op_code": 5, "worker_id": "2e2c133c-edbc-4f82-94ec-6a9e48263bcd-140630153029440", "trial_id": 2, "param_name": "eq_sources", "param_value_internal": 4100000.0, "distribution": "{\"name\": \"IntDistribution\", \"attributes\": {\"log\": false, \"step\": 10000, \"low\": 10000, \"high\": 10000000}}"}
{"op_code": 4, "worker_id": "093f725f-b7e0-48d9-8d96-ba649da46e60-140392265901888", "study_id": 0, "datetime_start": "2023-02-27T17:31:00.101872"}
{"op_code": 5, "worker_id": "093f725f-b7e0-48d9-8d96-ba649da46e60-140392265901888", "trial_id": 3, "param_name": "eq_sources", "param_value_internal": 6530000.0, "distribution": "{\"name\": \"IntDistribution\", \"attributes\": {\"log\": false, \"step\": 10000, \"low\": 10000, \"high\": 10000000}}"}
{"op_code": 4, "worker_id": "ffea9807-dc8b-4de7-b384-46376cbc5863-139943897687872", "study_id": 0, "datetime_start": "2023-02-27T17:31:00.103352"}
{"op_code": 4, "worker_id": "8c49c265-5938-43c9-852c-dc75bb9aaa71-139674512131904", "study_id": 0, "datetime_start": "2023-02-27T17:31:00.155060"}
{"op_code": 5, "worker_id": "ffea9807-dc8b-4de7-b384-46376cbc5863-139943897687872", "trial_id": 4, "param_name": "eq_sources", "param_value_internal": 850000.0, "distribution": "{\"name\": \"IntDistribution\", \"attributes\": {\"log\": false, \"step\": 10000, \"low\": 10000, \"high\": 10000000}}"}
{"op_code": 5, "worker_id": "8c49c265-5938-43c9-852c-dc75bb9aaa71-139674512131904", "trial_id": 5, "param_name": "eq_sources", "param_value_internal": 3840000.0, "distribution": "{\"name\": \"IntDistribution\", \"attributes\": {\"log\": false, \"step\": 10000, \"low\": 10000, \"high\": 10000000}}"}
{"op_code": 4, "worker_id": "0d579cbe-26c8-4681-a0d2-af5f97e29282-140036568217408", "study_id": 0, "datetime_start": "2023-02-27T17:31:00.106554"}
{"op_code": 6, "worker_id": "1299c699-3c39-4da2-8714-b3f80e7dd64b-139631165318976", "trial_id": 1, "state": 1, "values": [1.09532475471], "datetime_complete": "2023-02-27T17:31:02.701325"}
{"op_code": 5, "worker_id": "0d579cbe-26c8-4681-a0d2-af5f97e29282-140036568217408", "trial_id": 6, "param_name": "eq_sources", "param_value_internal": 4170000.0, "distribution": "{\"name\": \"IntDistribution\", \"attributes\": {\"log\": false, \"step\": 10000, \"low\": 10000, \"high\": 10000000}}"}
{"op_code": 6, "worker_id": "2e2c133c-edbc-4f82-94ec-6a9e48263bcd-140630153029440", "trial_id": 2, "state": 1, "values": [0.9349508285568753], "datetime_complete": "2023-02-27T17:31:02.828139"}
{"op_code": 4, "worker_id": "2b6c1fd5-4d78-4b47-969c-d09de6a37eef-140386779543360", "study_id": 0, "datetime_start": "2023-02-27T17:31:00.111711"}
{"op_code": 6, "worker_id": "093f725f-b7e0-48d9-8d96-ba649da46e60-140392265901888", "trial_id": 3, "state": 1, "values": [0.9203524589525003], "datetime_complete": "2023-02-27T17:31:03.064706"}
{"op_code": 5, "worker_id": "2b6c1fd5-4d78-4b47-969c-d09de6a37eef-140386779543360", "trial_id": 7, "param_name": "eq_sources", "param_value_internal": 5090000.0, "distribution": "{\"name\": \"IntDistribution\", \"attributes\": {\"log\": false, \"step\": 10000, \"low\": 10000, \"high\": 10000000}}"}
{"op_code": 6, "worker_id": "8c49c265-5938-43c9-852c-dc75bb9aaa71-139674512131904", "trial_id": 5, "state": 1, "values": [0.9351702630515], "datetime_complete": "2023-02-27T17:31:04.018962"}
{"op_code": 6, "worker_id": "ffea9807-dc8b-4de7-b384-46376cbc5863-139943897687872", "trial_id": 4, "state": 1, "values": [0.9517422914462501], "datetime_complete": "2023-02-27T17:31:03.950907"}
{"op_code": 6, "worker_id": "0d579cbe-26c8-4681-a0d2-af5f97e29282-140036568217408", "trial_id": 6, "state": 1, "values": [0.92604853212825], "datetime_complete": "2023-02-27T17:31:05.265729"}
{"op_code": 4, "worker_id": "17452616-a56e-4931-8a95-a42be42100ec-140281507010368", "study_id": 0, "datetime_start": "2023-02-27T17:31:00.113880"}
{"op_code": 5, "worker_id": "17452616-a56e-4931-8a95-a42be42100ec-140281507010368", "trial_id": 8, "param_name": "eq_sources", "param_value_internal": 3520000.0, "distribution": "{\"name\": \"IntDistribution\", \"attributes\": {\"log\": false, \"step\": 10000, \"low\": 10000, \"high\": 10000000}}"}
{"op_code": 6, "worker_id": "2b6c1fd5-4d78-4b47-969c-d09de6a37eef-140386779543360", "trial_id": 7, "state": 1, "values": [0.91669750213125], "datetime_complete": "2023-02-27T17:31:06.335687"}
{"op_code": 4, "worker_id": "99047f29-11b8-44aa-9d61-bb29d5b79c78-140619711924032", "study_id": 0, "datetime_start": "2023-02-27T17:31:00.109493"}
{"op_code": 5, "worker_id": "99047f29-11b8-44aa-9d61-bb29d5b79c78-140619711924032", "trial_id": 9, "param_name": "eq_sources", "param_value_internal": 4470000.0, "distribution": "{\"name\": \"IntDistribution\", \"attributes\": {\"log\": false, \"step\": 10000, \"low\": 10000, \"high\": 10000000}}"}
{"op_code": 4, "worker_id": "ebd59971-a126-4307-a2e8-b1e9bbfddbd6-140313693759296", "study_id": 0, "datetime_start": "2023-02-27T17:31:00.120503"}
{"op_code": 5, "worker_id": "ebd59971-a126-4307-a2e8-b1e9bbfddbd6-140313693759296", "trial_id": 10, "param_name": "eq_sources", "param_value_internal": 9080000.0, "distribution": "{\"name\": \"IntDistribution\", \"attributes\": {\"log\": false, \"step\": 10000, \"low\": 10000, \"high\": 10000000}}"}
{"op_code": 6, "worker_id": "17452616-a56e-4931-8a95-a42be42100ec-140281507010368", "trial_id": 8, "state": 1, "values": [0.931769371037344], "datetime_complete": "2023-02-27T17:31:08.002549"}
{"op_code": 4, "worker_id": "a5a760b2-89d9-49b0-b241-f958dae83d70-140449977845568", "study_id": 0, "datetime_start": "2023-02-27T17:31:00.156294"}
{"op_code": 6, "worker_id": "99047f29-11b8-44aa-9d61-bb29d5b79c78-140619711924032", "trial_id": 9, "state": 1, "values": [0.9439566135410625], "datetime_complete": "2023-02-27T17:31:08.784702"}
{"op_code": 5, "worker_id": "a5a760b2-89d9-49b0-b241-f958dae83d70-140449977845568", "trial_id": 11, "param_name": "eq_sources", "param_value_internal": 6560000.0, "distribution": "{\"name\": \"IntDistribution\", \"attributes\": {\"log\": false, \"step\": 10000, \"low\": 10000, \"high\": 10000000}}"}
{"op_code": 4, "worker_id": "c2c04304-8b3f-4afb-932d-945c4238ab2d-140065133217600", "study_id": 0, "datetime_start": "2023-02-27T17:31:00.116252"}
{"op_code": 6, "worker_id": "ebd59971-a126-4307-a2e8-b1e9bbfddbd6-140313693759296", "trial_id": 10, "state": 1, "values": [1.2233636975289999], "datetime_complete": "2023-02-27T17:31:09.861921"}
{"op_code": 5, "worker_id": "c2c04304-8b3f-4afb-932d-945c4238ab2d-140065133217600", "trial_id": 12, "param_name": "eq_sources", "param_value_internal": 440000.0, "distribution": "{\"name\": \"IntDistribution\", \"attributes\": {\"log\": false, \"step\": 10000, \"low\": 10000, \"high\": 10000000}}"}
{"op_code": 4, "worker_id": "06dcca53-0da1-4070-8714-c6879da23676-140323088217920", "study_id": 0, "datetime_start": "2023-02-27T17:31:00.122580"}
{"op_code": 6, "worker_id": "a5a760b2-89d9-49b0-b241-f958dae83d70-140449977845568", "trial_id": 11, "state": 1, "values": [0.8557529449500001], "datetime_complete": "2023-02-27T17:31:11.008817"}
{"op_code": 5, "worker_id": "06dcca53-0da1-4070-8714-c6879da23676-140323088217920", "trial_id": 13, "param_name": "eq_sources", "param_value_internal": 730000.0, "distribution": "{\"name\": \"IntDistribution\", \"attributes\": {\"log\": false, \"step\": 10000, \"low\": 10000, \"high\": 10000000}}"}
{"op_code": 4, "worker_id": "a1de33a3-7c39-48ac-8e49-744941f93661-139698458879808", "study_id": 0, "datetime_start": "2023-02-27T17:31:00.126942"}
{"op_code": 5, "worker_id": "a1de33a3-7c39-48ac-8e49-744941f93661-139698458879808", "trial_id": 14, "param_name": "eq_sources", "param_value_internal": 6570000.0, "distribution": "{\"name\": \"IntDistribution\", \"attributes\": {\"log\": false, \"step\": 10000, \"low\": 10000, \"high\": 10000000}}"}
{"op_code": 6, "worker_id": "c2c04304-8b3f-4afb-932d-945c4238ab2d-140065133217600", "trial_id": 12, "state": 1, "values": [0.9663088321673436], "datetime_complete": "2023-02-27T17:31:12.225074"}
{"op_code": 4, "worker_id": "d0e11e2c-ef65-48bd-8ff4-bd76a271081f-139657566893888", "study_id": 0, "datetime_start": "2023-02-27T17:31:00.154546"}
{"op_code": 5, "worker_id": "d0e11e2c-ef65-48bd-8ff4-bd76a271081f-139657566893888", "trial_id": 15, "param_name": "eq_sources", "param_value_internal": 6500000.0, "distribution": "{\"name\": \"IntDistribution\", \"attributes\": {\"log\": false, \"step\": 10000, \"low\": 10000, \"high\": 10000000}}"}
{"op_code": 6, "worker_id": "06dcca53-0da1-4070-8714-c6879da23676-140323088217920", "trial_id": 13, "state": 1, "values": [1.1921490430853126], "datetime_complete": "2023-02-27T17:31:13.315430"}
{"op_code": 6, "worker_id": "a1de33a3-7c39-48ac-8e49-744941f93661-139698458879808", "trial_id": 14, "state": 1, "values": [0.9350179433800001], "datetime_complete": "2023-02-27T17:31:13.880839"}
{"op_code": 4, "worker_id": "71bf3113-2986-4885-8019-ead2c0c77347-139945994721088", "study_id": 0, "datetime_start": "2023-02-27T17:31:00.173002"}
{"op_code": 5, "worker_id": "71bf3113-2986-4885-8019-ead2c0c77347-139945994721088", "trial_id": 16, "param_name": "eq_sources", "param_value_internal": 8570000.0, "distribution": "{\"name\": \"IntDistribution\", \"attributes\": {\"log\": false, \"step\": 10000, \"low\": 10000, \"high\": 10000000}}"}
{"op_code": 6, "worker_id": "d0e11e2c-ef65-48bd-8ff4-bd76a271081f-139657566893888", "trial_id": 15, "state": 1, "values": [0.8878040313675002], "datetime_complete": "2023-02-27T17:31:15.289271"}
{"op_code": 4, "worker_id": "d8dc5636-29b4-42e5-bf57-60e1a3f93c92-140672746170176", "study_id": 0, "datetime_start": "2023-02-27T17:31:00.154622"}
{"op_code": 5, "worker_id": "d8dc5636-29b4-42e5-bf57-60e1a3f93c92-140672746170176", "trial_id": 17, "param_name": "eq_sources", "param_value_internal": 9800000.0, "distribution": "{\"name\": \"IntDistribution\", \"attributes\": {\"log\": false, \"step\": 10000, \"low\": 10000, \"high\": 10000000}}"}
{"op_code": 6, "worker_id": "71bf3113-2986-4885-8019-ead2c0c77347-139945994721088", "trial_id": 16, "state": 1, "values": [1.297983646395], "datetime_complete": "2023-02-27T17:31:16.971151"}
{"op_code": 4, "worker_id": "6a532501-bc5b-4256-ac3f-f1c4b4000da6-140456550573888", "study_id": 0, "datetime_start": "2023-02-27T17:31:00.154636"}
{"op_code": 6, "worker_id": "d8dc5636-29b4-42e5-bf57-60e1a3f93c92-140672746170176", "trial_id": 17, "state": 1, "values": [1.273066014051], "datetime_complete": "2023-02-27T17:31:18.083704"}
{"op_code": 5, "worker_id": "6a532501-bc5b-4256-ac3f-f1c4b4000da6-140456550573888", "trial_id": 18, "param_name": "eq_sources", "param_value_internal": 5800000.0, "distribution": "{\"name\": \"IntDistribution\", \"attributes\": {\"log\": false, \"step\": 10000, \"low\": 10000, \"high\": 10000000}}"}
{"op_code": 4, "worker_id": "15f2a3ea-f3dd-43f9-9089-73b8a5f2be79-140157872244544", "study_id": 0, "datetime_start": "2023-02-27T17:31:00.154520"}
{"op_code": 5, "worker_id": "15f2a3ea-f3dd-43f9-9089-73b8a5f2be79-140157872244544", "trial_id": 19, "param_name": "eq_sources", "param_value_internal": 5840000.0, "distribution": "{\"name\": \"IntDistribution\", \"attributes\": {\"log\": false, \"step\": 10000, \"low\": 10000, \"high\": 10000000}}"}
{"op_code": 4, "worker_id": "7c4bd917-eb8c-4439-8570-79952d410320-140272015988544", "study_id": 0, "datetime_start": "2023-02-27T17:31:00.154551"}
{"op_code": 5, "worker_id": "7c4bd917-eb8c-4439-8570-79952d410320-140272015988544", "trial_id": 20, "param_name": "eq_sources", "param_value_internal": 7750000.0, "distribution": "{\"name\": \"IntDistribution\", \"attributes\": {\"log\": false, \"step\": 10000, \"low\": 10000, \"high\": 10000000}}"}
{"op_code": 6, "worker_id": "6a532501-bc5b-4256-ac3f-f1c4b4000da6-140456550573888", "trial_id": 18, "state": 1, "values": [0.88797211647075], "datetime_complete": "2023-02-27T17:31:20.260514"}
{"op_code": 4, "worker_id": "14b6c64f-faae-40b0-a569-cde58d6853d0-140201863300928", "study_id": 0, "datetime_start": "2023-02-27T17:31:00.127978"}
{"op_code": 6, "worker_id": "15f2a3ea-f3dd-43f9-9089-73b8a5f2be79-140157872244544", "trial_id": 19, "state": 1, "values": [0.8891921043349997], "datetime_complete": "2023-02-27T17:31:21.352604"}
{"op_code": 5, "worker_id": "14b6c64f-faae-40b0-a569-cde58d6853d0-140201863300928", "trial_id": 21, "param_name": "eq_sources", "param_value_internal": 7730000.0, "distribution": "{\"name\": \"IntDistribution\", \"attributes\": {\"log\": false, \"step\": 10000, \"low\": 10000, \"high\": 10000000}}"}
{"op_code": 4, "worker_id": "f1513f80-1697-4afd-9dd3-d19369b4050e-140479047771968", "study_id": 0, "datetime_start": "2023-02-27T17:31:00.154635"}
{"op_code": 5, "worker_id": "f1513f80-1697-4afd-9dd3-d19369b4050e-140479047771968", "trial_id": 22, "param_name": "eq_sources", "param_value_internal": 8060000.0, "distribution": "{\"name\": \"IntDistribution\", \"attributes\": {\"log\": false, \"step\": 10000, \"low\": 10000, \"high\": 10000000}}"}
{"op_code": 6, "worker_id": "7c4bd917-eb8c-4439-8570-79952d410320-140272015988544", "trial_id": 20, "state": 1, "values": [0.94380748272], "datetime_complete": "2023-02-27T17:31:22.475176"}
{"op_code": 4, "worker_id": "8fe5d1d8-2e77-401c-a940-70462be26771-140036415010624", "study_id": 0, "datetime_start": "2023-02-27T17:31:00.164224"}
{"op_code": 5, "worker_id": "8fe5d1d8-2e77-401c-a940-70462be26771-140036415010624", "trial_id": 23, "param_name": "eq_sources", "param_value_internal": 2580000.0, "distribution": "{\"name\": \"IntDistribution\", \"attributes\": {\"log\": false, \"step\": 10000, \"low\": 10000, \"high\": 10000000}}"}
{"op_code": 6, "worker_id": "14b6c64f-faae-40b0-a569-cde58d6853d0-140201863300928", "trial_id": 21, "state": 1, "values": [0.921246767045], "datetime_complete": "2023-02-27T17:31:23.525037"}
{"op_code": 4, "worker_id": "a3d7537e-d388-4fdb-b248-afc74de5b7d3-140372118452032", "study_id": 0, "datetime_start": "2023-02-27T17:31:00.177447"}
{"op_code": 6, "worker_id": "f1513f80-1697-4afd-9dd3-d19369b4050e-140479047771968", "trial_id": 22, "state": 1, "values": [1.046331882477], "datetime_complete": "2023-02-27T17:31:24.337997"}
{"op_code": 5, "worker_id": "a3d7537e-d388-4fdb-b248-afc74de5b7d3-140372118452032", "trial_id": 24, "param_name": "eq_sources", "param_value_internal": 5550000.0, "distribution": "{\"name\": \"IntDistribution\", \"attributes\": {\"log\": false, \"step\": 10000, \"low\": 10000, \"high\": 10000000}}"}
{"op_code": 4, "worker_id": "1f001db2-88db-409f-b143-d06a2ed839a3-140524692481856", "study_id": 0, "datetime_start": "2023-02-27T17:31:00.175278"}
{"op_code": 6, "worker_id": "8fe5d1d8-2e77-401c-a940-70462be26771-140036415010624", "trial_id": 23, "state": 1, "values": [1.0952672958399998], "datetime_complete": "2023-02-27T17:31:25.323864"}
{"op_code": 5, "worker_id": "1f001db2-88db-409f-b143-d06a2ed839a3-140524692481856", "trial_id": 25, "param_name": "eq_sources", "param_value_internal": 5600000.0, "distribution": "{\"name\": \"IntDistribution\", \"attributes\": {\"log\": false, \"step\": 10000, \"low\": 10000, \"high\": 10000000}}"}
{"op_code": 4, "worker_id": "9c8fd172-2aa8-4396-b5d9-a3b5aefd4d3b-140206152615744", "study_id": 0, "datetime_start": "2023-02-27T17:31:00.155107"}
{"op_code": 6, "worker_id": "a3d7537e-d388-4fdb-b248-afc74de5b7d3-140372118452032", "trial_id": 24, "state": 1, "values": [0.9325652122449997], "datetime_complete": "2023-02-27T17:31:26.949488"}
{"op_code": 5, "worker_id": "9c8fd172-2aa8-4396-b5d9-a3b5aefd4d3b-140206152615744", "trial_id": 26, "param_name": "eq_sources", "param_value_internal": 5730000.0, "distribution": "{\"name\": \"IntDistribution\", \"attributes\": {\"log\": false, \"step\": 10000, \"low\": 10000, \"high\": 10000000}}"}
{"op_code": 4, "worker_id": "063ea3a2-3bce-460a-96a9-d89d0752e864-140482267014976", "study_id": 0, "datetime_start": "2023-02-27T17:31:00.157742"}
{"op_code": 5, "worker_id": "063ea3a2-3bce-460a-96a9-d89d0752e864-140482267014976", "trial_id": 27, "param_name": "eq_sources", "param_value_internal": 6640000.0, "distribution": "{\"name\": \"IntDistribution\", \"attributes\": {\"log\": false, \"step\": 10000, \"low\": 10000, \"high\": 10000000}}"}
{"op_code": 6, "worker_id": "1f001db2-88db-409f-b143-d06a2ed839a3-140524692481856", "trial_id": 25, "state": 1, "values": [0.92451000213125], "datetime_complete": "2023-02-27T17:31:28.212520"}
{"op_code": 4, "worker_id": "bacad01f-49fb-43d5-b12d-9b20a3be6f9e-140103524632384", "study_id": 0, "datetime_start": "2023-02-27T17:31:00.155746"}
{"op_code": 5, "worker_id": "bacad01f-49fb-43d5-b12d-9b20a3be6f9e-140103524632384", "trial_id": 28, "param_name": "eq_sources", "param_value_internal": 6540000.0, "distribution": "{\"name\": \"IntDistribution\", \"attributes\": {\"log\": false, \"step\": 10000, \"low\": 10000, \"high\": 10000000}}"}
{"op_code": 6, "worker_id": "9c8fd172-2aa8-4396-b5d9-a3b5aefd4d3b-140206152615744", "trial_id": 26, "state": 1, "values": [0.9139900207562501], "datetime_complete": "2023-02-27T17:31:29.132770"}
{"op_code": 6, "worker_id": "063ea3a2-3bce-460a-96a9-d89d0752e864-140482267014976", "trial_id": 27, "state": 1, "values": [0.9489485025425], "datetime_complete": "2023-02-27T17:31:29.437301"}
{"op_code": 4, "worker_id": "1199bb7d-f99f-491c-bc00-24667e05791d-139968832513856", "study_id": 0, "datetime_start": "2023-02-27T17:31:00.155113"}
{"op_code": 5, "worker_id": "1199bb7d-f99f-491c-bc00-24667e05791d-139968832513856", "trial_id": 29, "param_name": "eq_sources", "param_value_internal": 2980000.0, "distribution": "{\"name\": \"IntDistribution\", \"attributes\": {\"log\": false, \"step\": 10000, \"low\": 10000, \"high\": 10000000}}"}
{"op_code": 6, "worker_id": "bacad01f-49fb-43d5-b12d-9b20a3be6f9e-140103524632384", "trial_id": 28, "state": 1, "values": [0.9358732700374999], "datetime_complete": "2023-02-27T17:31:30.518239"}
{"op_code": 4, "worker_id": "a579a876-7e36-4f76-b8f1-d1b1d3738354-139872467982144", "study_id": 0, "datetime_start": "2023-02-27T17:31:00.161994"}
{"op_code": 5, "worker_id": "a579a876-7e36-4f76-b8f1-d1b1d3738354-139872467982144", "trial_id": 30, "param_name": "eq_sources", "param_value_internal": 2870000.0, "distribution": "{\"name\": \"IntDistribution\", \"attributes\": {\"log\": false, \"step\": 10000, \"low\": 10000, \"high\": 10000000}}"}
{"op_code": 6, "worker_id": "1199bb7d-f99f-491c-bc00-24667e05791d-139968832513856", "trial_id": 29, "state": 1, "values": [0.9172545671435937], "datetime_complete": "2023-02-27T17:31:31.650864"}
{"op_code": 4, "worker_id": "2a9a88cb-2b72-4c25-905b-bc4cd80daae2-140703663671104", "study_id": 0, "datetime_start": "2023-02-27T17:31:00.159987"}
{"op_code": 6, "worker_id": "a579a876-7e36-4f76-b8f1-d1b1d3738354-139872467982144", "trial_id": 30, "state": 1, "values": [0.9324698448168749], "datetime_complete": "2023-02-27T17:31:32.807549"}
{"op_code": 5, "worker_id": "2a9a88cb-2b72-4c25-905b-bc4cd80daae2-140703663671104", "trial_id": 31, "param_name": "eq_sources", "param_value_internal": 7120000.0, "distribution": "{\"name\": \"IntDistribution\", \"attributes\": {\"log\": false, \"step\": 10000, \"low\": 10000, \"high\": 10000000}}"}
{"op_code": 4, "worker_id": "387b1fde-520c-4ffa-852e-b2f2afea1dae-140186101622592", "study_id": 0, "datetime_start": "2023-02-27T17:31:00.154830"}
{"op_code": 5, "worker_id": "387b1fde-520c-4ffa-852e-b2f2afea1dae-140186101622592", "trial_id": 32, "param_name": "eq_sources", "param_value_internal": 7120000.0, "distribution": "{\"name\": \"IntDistribution\", \"attributes\": {\"log\": false, \"step\": 10000, \"low\": 10000, \"high\": 10000000}}"}
{"op_code": 4, "worker_id": "98a8fa5f-2ea9-429d-bc54-392269e8f912-140052943669056", "study_id": 0, "datetime_start": "2023-02-27T17:31:00.180400"}
{"op_code": 6, "worker_id": "2a9a88cb-2b72-4c25-905b-bc4cd80daae2-140703663671104", "trial_id": 31, "state": 1, "values": [1.092892885205], "datetime_complete": "2023-02-27T17:31:34.993957"}
{"op_code": 5, "worker_id": "98a8fa5f-2ea9-429d-bc54-392269e8f912-140052943669056", "trial_id": 33, "param_name": "eq_sources", "param_value_internal": 6000000.0, "distribution": "{\"name\": \"IntDistribution\", \"attributes\": {\"log\": false, \"step\": 10000, \"low\": 10000, \"high\": 10000000}}"}
{"op_code": 4, "worker_id": "d9cbd867-7308-41e2-aed4-4e0dbf31765c-139873017784128", "study_id": 0, "datetime_start": "2023-02-27T17:31:00.166508"}
{"op_code": 6, "worker_id": "387b1fde-520c-4ffa-852e-b2f2afea1dae-140186101622592", "trial_id": 32, "state": 1, "values": [1.092892885205], "datetime_complete": "2023-02-27T17:31:35.979004"}
{"op_code": 5, "worker_id": "d9cbd867-7308-41e2-aed4-4e0dbf31765c-139873017784128", "trial_id": 34, "param_name": "eq_sources", "param_value_internal": 4890000.0, "distribution": "{\"name\": \"IntDistribution\", \"attributes\": {\"log\": false, \"step\": 10000, \"low\": 10000, \"high\": 10000000}}"}
{"op_code": 4, "worker_id": "33a52a84-cbb3-40c4-910e-fb3f780515c4-140650509584192", "study_id": 0, "datetime_start": "2023-02-27T17:31:00.171188"}
{"op_code": 5, "worker_id": "33a52a84-cbb3-40c4-910e-fb3f780515c4-140650509584192", "trial_id": 35, "param_name": "eq_sources", "param_value_internal": 4910000.0, "distribution": "{\"name\": \"IntDistribution\", \"attributes\": {\"log\": false, \"step\": 10000, \"low\": 10000, \"high\": 10000000}}"}
{"op_code": 6, "worker_id": "98a8fa5f-2ea9-429d-bc54-392269e8f912-140052943669056", "trial_id": 33, "state": 1, "values": [0.8929762840224997], "datetime_complete": "2023-02-27T17:31:37.735772"}
{"op_code": 4, "worker_id": "27192e58-4c95-40cb-829e-04db322e4445-139952934430528", "study_id": 0, "datetime_start": "2023-02-27T17:31:00.168647"}
{"op_code": 5, "worker_id": "27192e58-4c95-40cb-829e-04db322e4445-139952934430528", "trial_id": 36, "param_name": "eq_sources", "param_value_internal": 4970000.0, "distribution": "{\"name\": \"IntDistribution\", \"attributes\": {\"log\": false, \"step\": 10000, \"low\": 10000, \"high\": 10000000}}"}
{"op_code": 6, "worker_id": "d9cbd867-7308-41e2-aed4-4e0dbf31765c-139873017784128", "trial_id": 34, "state": 1, "values": [0.9396243095443748], "datetime_complete": "2023-02-27T17:31:38.251789"}
{"op_code": 6, "worker_id": "33a52a84-cbb3-40c4-910e-fb3f780515c4-140650509584192", "trial_id": 35, "state": 1, "values": [0.935206890103125], "datetime_complete": "2023-02-27T17:31:38.894102"}
{"op_code": 4, "worker_id": "bf598887-3cb3-425f-962d-3a63d46527bb-139998841431872", "study_id": 0, "datetime_start": "2023-02-27T17:31:00.202158"}
{"op_code": 5, "worker_id": "bf598887-3cb3-425f-962d-3a63d46527bb-139998841431872", "trial_id": 37, "param_name": "eq_sources", "param_value_internal": 5990000.0, "distribution": "{\"name\": \"IntDistribution\", \"attributes\": {\"log\": false, \"step\": 10000, \"low\": 10000, \"high\": 10000000}}"}
{"op_code": 6, "worker_id": "27192e58-4c95-40cb-829e-04db322e4445-139952934430528", "trial_id": 36, "state": 1, "values": [0.896649628877625], "datetime_complete": "2023-02-27T17:31:40.034950"}
{"op_code": 6, "worker_id": "bf598887-3cb3-425f-962d-3a63d46527bb-139998841431872", "trial_id": 37, "state": 1, "values": [0.8880927562699998], "datetime_complete": "2023-02-27T17:31:41.028726"}
{"op_code": 4, "worker_id": "c50911eb-ded7-4d7b-a0dd-9353f557d9d2-139689014531904", "study_id": 0, "datetime_start": "2023-02-27T17:31:00.182415"}
{"op_code": 5, "worker_id": "c50911eb-ded7-4d7b-a0dd-9353f557d9d2-139689014531904", "trial_id": 38, "param_name": "eq_sources", "param_value_internal": 7210000.0, "distribution": "{\"name\": \"IntDistribution\", \"attributes\": {\"log\": false, \"step\": 10000, \"low\": 10000, \"high\": 10000000}}"}
{"op_code": 4, "worker_id": "8dfa3a82-58a4-4d35-8521-3c21b5e1b427-139647132432192", "study_id": 0, "datetime_start": "2023-02-27T17:31:00.199147"}
{"op_code": 5, "worker_id": "8dfa3a82-58a4-4d35-8521-3c21b5e1b427-139647132432192", "trial_id": 39, "param_name": "eq_sources", "param_value_internal": 1670000.0, "distribution": "{\"name\": \"IntDistribution\", \"attributes\": {\"log\": false, \"step\": 10000, \"low\": 10000, \"high\": 10000000}}"}
{"op_code": 6, "worker_id": "c50911eb-ded7-4d7b-a0dd-9353f557d9d2-139689014531904", "trial_id": 38, "state": 1, "values": [1.00218045712], "datetime_complete": "2023-02-27T17:31:44.077006"}
{"op_code": 6, "worker_id": "8dfa3a82-58a4-4d35-8521-3c21b5e1b427-139647132432192", "trial_id": 39, "state": 1, "values": [0.84501481056625], "datetime_complete": "2023-02-27T17:31:45.028792"}
{"op_code": 4, "worker_id": "493035aa-0526-4022-ba44-12568139e138-140536112707392", "study_id": 0, "datetime_start": "2023-02-27T17:31:00.188757"}
{"op_code": 5, "worker_id": "493035aa-0526-4022-ba44-12568139e138-140536112707392", "trial_id": 40, "param_name": "eq_sources", "param_value_internal": 1510000.0, "distribution": "{\"name\": \"IntDistribution\", \"attributes\": {\"log\": false, \"step\": 10000, \"low\": 10000, \"high\": 10000000}}"}
{"op_code": 4, "worker_id": "f0ed9b7b-5cc0-4ee3-a766-19128437879e-140114420184896", "study_id": 0, "datetime_start": "2023-02-27T17:31:00.208044"}
{"op_code": 5, "worker_id": "f0ed9b7b-5cc0-4ee3-a766-19128437879e-140114420184896", "trial_id": 41, "param_name": "eq_sources", "param_value_internal": 1730000.0, "distribution": "{\"name\": \"IntDistribution\", \"attributes\": {\"log\": false, \"step\": 10000, \"low\": 10000, \"high\": 10000000}}"}
{"op_code": 6, "worker_id": "493035aa-0526-4022-ba44-12568139e138-140536112707392", "trial_id": 40, "state": 1, "values": [0.8336006403015626], "datetime_complete": "2023-02-27T17:31:47.167470"}
{"op_code": 4, "worker_id": "14d1013c-4026-4b13-9529-30f890c8189e-140235822073664", "study_id": 0, "datetime_start": "2023-02-27T17:31:00.205879"}
{"op_code": 5, "worker_id": "14d1013c-4026-4b13-9529-30f890c8189e-140235822073664", "trial_id": 42, "param_name": "eq_sources", "param_value_internal": 1720000.0, "distribution": "{\"name\": \"IntDistribution\", \"attributes\": {\"log\": false, \"step\": 10000, \"low\": 10000, \"high\": 10000000}}"}
{"op_code": 6, "worker_id": "f0ed9b7b-5cc0-4ee3-a766-19128437879e-140114420184896", "trial_id": 41, "state": 1, "values": [0.81822341680525], "datetime_complete": "2023-02-27T17:31:48.257612"}
{"op_code": 4, "worker_id": "15609468-bad8-4334-b643-f5a5ba12602a-139871323051840", "study_id": 0, "datetime_start": "2023-02-27T17:31:00.210975"}
{"op_code": 6, "worker_id": "14d1013c-4026-4b13-9529-30f890c8189e-140235822073664", "trial_id": 42, "state": 1, "values": [0.81825694441775], "datetime_complete": "2023-02-27T17:31:49.369030"}
{"op_code": 5, "worker_id": "15609468-bad8-4334-b643-f5a5ba12602a-139871323051840", "trial_id": 43, "param_name": "eq_sources", "param_value_internal": 1580000.0, "distribution": "{\"name\": \"IntDistribution\", \"attributes\": {\"log\": false, \"step\": 10000, \"low\": 10000, \"high\": 10000000}}"}
{"op_code": 4, "worker_id": "85aadc53-abfd-4669-8bb4-e98311b08fae-140306853058368", "study_id": 0, "datetime_start": "2023-02-27T17:31:00.190670"}
{"op_code": 5, "worker_id": "85aadc53-abfd-4669-8bb4-e98311b08fae-140306853058368", "trial_id": 44, "param_name": "eq_sources", "param_value_internal": 1630000.0, "distribution": "{\"name\": \"IntDistribution\", \"attributes\": {\"log\": false, \"step\": 10000, \"low\": 10000, \"high\": 10000000}}"}
{"op_code": 6, "worker_id": "15609468-bad8-4334-b643-f5a5ba12602a-139871323051840", "trial_id": 43, "state": 1, "values": [0.814977526663125], "datetime_complete": "2023-02-27T17:31:51.338150"}
{"op_code": 6, "worker_id": "85aadc53-abfd-4669-8bb4-e98311b08fae-140306853058368", "trial_id": 44, "state": 1, "values": [0.81744945049125], "datetime_complete": "2023-02-27T17:31:52.297743"}
{"op_code": 4, "worker_id": "9e598582-10a8-441c-b733-eb9058c9e0b6-139747819030336", "study_id": 0, "datetime_start": "2023-02-27T17:31:00.186236"}
{"op_code": 5, "worker_id": "9e598582-10a8-441c-b733-eb9058c9e0b6-139747819030336", "trial_id": 45, "param_name": "eq_sources", "param_value_internal": 1600000.0, "distribution": "{\"name\": \"IntDistribution\", \"attributes\": {\"log\": false, \"step\": 10000, \"low\": 10000, \"high\": 10000000}}"}
{"op_code": 4, "worker_id": "88be4051-a42a-48f5-9b08-ae0a7dc6d24e-139839601137472", "study_id": 0, "datetime_start": "2023-02-27T17:31:00.188619"}
{"op_code": 5, "worker_id": "88be4051-a42a-48f5-9b08-ae0a7dc6d24e-139839601137472", "trial_id": 46, "param_name": "eq_sources", "param_value_internal": 1450000.0, "distribution": "{\"name\": \"IntDistribution\", \"attributes\": {\"log\": false, \"step\": 10000, \"low\": 10000, \"high\": 10000000}}"}
{"op_code": 6, "worker_id": "9e598582-10a8-441c-b733-eb9058c9e0b6-139747819030336", "trial_id": 45, "state": 1, "values": [0.82157731056625], "datetime_complete": "2023-02-27T17:31:54.449691"}
{"op_code": 4, "worker_id": "adb109a5-43da-4178-be65-c73399f9801c-140679930988352", "study_id": 0, "datetime_start": "2023-02-27T17:31:00.194225"}
{"op_code": 6, "worker_id": "88be4051-a42a-48f5-9b08-ae0a7dc6d24e-139839601137472", "trial_id": 46, "state": 1, "values": [0.817856729030625], "datetime_complete": "2023-02-27T17:31:55.583832"}
{"op_code": 5, "worker_id": "adb109a5-43da-4178-be65-c73399f9801c-140679930988352", "trial_id": 47, "param_name": "eq_sources", "param_value_internal": 120000.0, "distribution": "{\"name\": \"IntDistribution\", \"attributes\": {\"log\": false, \"step\": 10000, \"low\": 10000, \"high\": 10000000}}"}
{"op_code": 4, "worker_id": "92dcacd3-149e-4d2b-baa4-59d62c88a1e4-140640728295232", "study_id": 0, "datetime_start": "2023-02-27T17:31:00.196637"}
{"op_code": 5, "worker_id": "92dcacd3-149e-4d2b-baa4-59d62c88a1e4-140640728295232", "trial_id": 48, "param_name": "eq_sources", "param_value_internal": 2090000.0, "distribution": "{\"name\": \"IntDistribution\", \"attributes\": {\"log\": false, \"step\": 10000, \"low\": 10000, \"high\": 10000000}}"}
{"op_code": 4, "worker_id": "35c7c0aa-ff84-47cf-8534-b403f04a4a38-139980826560320", "study_id": 0, "datetime_start": "2023-02-27T17:31:00.203848"}
{"op_code": 6, "worker_id": "adb109a5-43da-4178-be65-c73399f9801c-140679930988352", "trial_id": 47, "state": 1, "values": [0.9222832918165624], "datetime_complete": "2023-02-27T17:31:57.777549"}
{"op_code": 5, "worker_id": "35c7c0aa-ff84-47cf-8534-b403f04a4a38-139980826560320", "trial_id": 49, "param_name": "eq_sources", "param_value_internal": 170000.0, "distribution": "{\"name\": \"IntDistribution\", \"attributes\": {\"log\": false, \"step\": 10000, \"low\": 10000, \"high\": 10000000}}"}
{"op_code": 6, "worker_id": "92dcacd3-149e-4d2b-baa4-59d62c88a1e4-140640728295232", "trial_id": 48, "state": 1, "values": [0.9195568561525], "datetime_complete": "2023-02-27T17:31:58.547003"}
{"op_code": 5, "worker_id": "9e99bc76-d841-4162-9849-3c102f0ee070-140011609167680", "trial_id": 0, "param_name": "eq_sources", "param_value_internal": 3980000.0, "distribution": "{\"name\": \"IntDistribution\", \"attributes\": {\"log\": false, \"step\": 10000, \"low\": 10000, \"high\": 10000000}}"}
{"op_code": 6, "worker_id": "35c7c0aa-ff84-47cf-8534-b403f04a4a38-139980826560320", "trial_id": 49, "state": 1, "values": [0.9630465507478121], "datetime_complete": "2023-02-27T17:31:59.705400"}
{"op_code": 6, "worker_id": "9e99bc76-d841-4162-9849-3c102f0ee070-140011609167680", "trial_id": 0, "state": 1, "values": [0.9390056133270313], "datetime_complete": "2023-02-27T17:32:00.644101"}
