{"op_code": 0, "worker_id": "51e1bbae-6b6f-419e-af4a-03a1f1977a80-139888141408064", "study_name": "regional_seperation_indiv_trend_regional_comparison", "directions": [1]}
{"op_code": 4, "worker_id": "0df190b9-394c-4d46-adfe-d61f2a304fed-140107184412480", "study_id": 0, "datetime_start": "2023-02-27T16:43:44.158268"}
{"op_code": 4, "worker_id": "7b952fef-5594-4a64-a2cc-1c77d9d066fb-140501595891520", "study_id": 0, "datetime_start": "2023-02-27T16:43:44.260093"}
{"op_code": 5, "worker_id": "0df190b9-394c-4d46-adfe-d61f2a304fed-140107184412480", "trial_id": 0, "param_name": "trend", "param_value_internal": 11.0, "distribution": "{\"name\": \"IntDistribution\", \"attributes\": {\"log\": false, \"step\": 1, \"low\": 1, \"high\": 20}}"}
{"op_code": 5, "worker_id": "7b952fef-5594-4a64-a2cc-1c77d9d066fb-140501595891520", "trial_id": 1, "param_name": "trend", "param_value_internal": 5.0, "distribution": "{\"name\": \"IntDistribution\", \"attributes\": {\"log\": false, \"step\": 1, \"low\": 1, \"high\": 20}}"}
{"op_code": 4, "worker_id": "4b1dd142-65b6-4506-ae47-bac6e838060b-140625265485632", "study_id": 0, "datetime_start": "2023-02-27T16:43:44.260363"}
{"op_code": 5, "worker_id": "4b1dd142-65b6-4506-ae47-bac6e838060b-140625265485632", "trial_id": 2, "param_name": "trend", "param_value_internal": 16.0, "distribution": "{\"name\": \"IntDistribution\", \"attributes\": {\"log\": false, \"step\": 1, \"low\": 1, \"high\": 20}}"}
{"op_code": 4, "worker_id": "cc1e68be-3575-4beb-b294-5500181b612f-140691287406400", "study_id": 0, "datetime_start": "2023-02-27T16:43:44.160898"}
{"op_code": 4, "worker_id": "3526cf26-0221-48a6-8793-a6111682be31-140475671299904", "study_id": 0, "datetime_start": "2023-02-27T16:43:44.260394"}
{"op_code": 5, "worker_id": "cc1e68be-3575-4beb-b294-5500181b612f-140691287406400", "trial_id": 3, "param_name": "trend", "param_value_internal": 13.0, "distribution": "{\"name\": \"IntDistribution\", \"attributes\": {\"log\": false, \"step\": 1, \"low\": 1, \"high\": 20}}"}
{"op_code": 5, "worker_id": "3526cf26-0221-48a6-8793-a6111682be31-140475671299904", "trial_id": 4, "param_name": "trend", "param_value_internal": 2.0, "distribution": "{\"name\": \"IntDistribution\", \"attributes\": {\"log\": false, \"step\": 1, \"low\": 1, \"high\": 20}}"}
{"op_code": 6, "worker_id": "0df190b9-394c-4d46-adfe-d61f2a304fed-140107184412480", "trial_id": 0, "state": 1, "values": [0.845731941483588], "datetime_complete": "2023-02-27T16:43:46.406491"}
{"op_code": 6, "worker_id": "7b952fef-5594-4a64-a2cc-1c77d9d066fb-140501595891520", "trial_id": 1, "state": 1, "values": [0.8857734639726593], "datetime_complete": "2023-02-27T16:43:46.418121"}
{"op_code": 4, "worker_id": "863f77d5-94e9-4bfa-a7f8-4ea03224d941-140150798460736", "study_id": 0, "datetime_start": "2023-02-27T16:43:44.260398"}
{"op_code": 6, "worker_id": "4b1dd142-65b6-4506-ae47-bac6e838060b-140625265485632", "trial_id": 2, "state": 1, "values": [0.8710103779937481], "datetime_complete": "2023-02-27T16:43:47.055313"}
{"op_code": 5, "worker_id": "863f77d5-94e9-4bfa-a7f8-4ea03224d941-140150798460736", "trial_id": 5, "param_name": "trend", "param_value_internal": 13.0, "distribution": "{\"name\": \"IntDistribution\", \"attributes\": {\"log\": false, \"step\": 1, \"low\": 1, \"high\": 20}}"}
{"op_code": 6, "worker_id": "3526cf26-0221-48a6-8793-a6111682be31-140475671299904", "trial_id": 4, "state": 1, "values": [1.0000252883323795], "datetime_complete": "2023-02-27T16:43:47.632880"}
{"op_code": 6, "worker_id": "cc1e68be-3575-4beb-b294-5500181b612f-140691287406400", "trial_id": 3, "state": 1, "values": [0.8365153146246502], "datetime_complete": "2023-02-27T16:43:47.657767"}
{"op_code": 4, "worker_id": "e8adc9a6-9a36-47ef-8c70-96d3266d4f9c-139807972108096", "study_id": 0, "datetime_start": "2023-02-27T16:43:44.162473"}
{"op_code": 6, "worker_id": "863f77d5-94e9-4bfa-a7f8-4ea03224d941-140150798460736", "trial_id": 5, "state": 1, "values": [0.8365153146246502], "datetime_complete": "2023-02-27T16:43:48.731498"}
{"op_code": 5, "worker_id": "e8adc9a6-9a36-47ef-8c70-96d3266d4f9c-139807972108096", "trial_id": 6, "param_name": "trend", "param_value_internal": 20.0, "distribution": "{\"name\": \"IntDistribution\", \"attributes\": {\"log\": false, \"step\": 1, \"low\": 1, \"high\": 20}}"}
{"op_code": 4, "worker_id": "29ece115-e6c4-4eaf-b608-5bc746aae899-140716237879104", "study_id": 0, "datetime_start": "2023-02-27T16:43:44.177536"}
{"op_code": 5, "worker_id": "29ece115-e6c4-4eaf-b608-5bc746aae899-140716237879104", "trial_id": 7, "param_name": "trend", "param_value_internal": 6.0, "distribution": "{\"name\": \"IntDistribution\", \"attributes\": {\"log\": false, \"step\": 1, \"low\": 1, \"high\": 20}}"}
{"op_code": 6, "worker_id": "e8adc9a6-9a36-47ef-8c70-96d3266d4f9c-139807972108096", "trial_id": 6, "state": 1, "values": [0.8863245248825709], "datetime_complete": "2023-02-27T16:43:50.446111"}
{"op_code": 4, "worker_id": "f0f7bce2-b184-461a-a29b-e00f7f9f3cc2-139731920631616", "study_id": 0, "datetime_start": "2023-02-27T16:43:44.163409"}
{"op_code": 4, "worker_id": "54a64f02-d7b5-4638-8a74-dfb616470621-140394390243136", "study_id": 0, "datetime_start": "2023-02-27T16:43:44.260481"}
{"op_code": 5, "worker_id": "f0f7bce2-b184-461a-a29b-e00f7f9f3cc2-139731920631616", "trial_id": 8, "param_name": "trend", "param_value_internal": 10.0, "distribution": "{\"name\": \"IntDistribution\", \"attributes\": {\"log\": false, \"step\": 1, \"low\": 1, \"high\": 20}}"}
{"op_code": 5, "worker_id": "54a64f02-d7b5-4638-8a74-dfb616470621-140394390243136", "trial_id": 9, "param_name": "trend", "param_value_internal": 4.0, "distribution": "{\"name\": \"IntDistribution\", \"attributes\": {\"log\": false, \"step\": 1, \"low\": 1, \"high\": 20}}"}
{"op_code": 6, "worker_id": "29ece115-e6c4-4eaf-b608-5bc746aae899-140716237879104", "trial_id": 7, "state": 1, "values": [0.8943624551146816], "datetime_complete": "2023-02-27T16:43:51.440476"}
{"op_code": 4, "worker_id": "5b77610d-832f-478d-9788-6081eb195034-139787749259072", "study_id": 0, "datetime_start": "2023-02-27T16:43:44.165756"}
{"op_code": 5, "worker_id": "5b77610d-832f-478d-9788-6081eb195034-139787749259072", "trial_id": 10, "param_name": "trend", "param_value_internal": 7.0, "distribution": "{\"name\": \"IntDistribution\", \"attributes\": {\"log\": false, \"step\": 1, \"low\": 1, \"high\": 20}}"}
{"op_code": 6, "worker_id": "f0f7bce2-b184-461a-a29b-e00f7f9f3cc2-139731920631616", "trial_id": 8, "state": 1, "values": [0.9201163930510375], "datetime_complete": "2023-02-27T16:43:52.841671"}
{"op_code": 6, "worker_id": "54a64f02-d7b5-4638-8a74-dfb616470621-140394390243136", "trial_id": 9, "state": 1, "values": [0.8054988258766738], "datetime_complete": "2023-02-27T16:43:52.876955"}
{"op_code": 6, "worker_id": "5b77610d-832f-478d-9788-6081eb195034-139787749259072", "trial_id": 10, "state": 1, "values": [0.8945382214043649], "datetime_complete": "2023-02-27T16:43:53.603997"}
{"op_code": 4, "worker_id": "1a1a95d2-a59f-4a55-857d-10e262ce266b-139933436802880", "study_id": 0, "datetime_start": "2023-02-27T16:43:44.190804"}
{"op_code": 5, "worker_id": "1a1a95d2-a59f-4a55-857d-10e262ce266b-139933436802880", "trial_id": 11, "param_name": "trend", "param_value_internal": 15.0, "distribution": "{\"name\": \"IntDistribution\", \"attributes\": {\"log\": false, \"step\": 1, \"low\": 1, \"high\": 20}}"}
{"op_code": 4, "worker_id": "fc46df69-3480-43ae-b9aa-fd6502ca31ed-140282886547264", "study_id": 0, "datetime_start": "2023-02-27T16:43:44.168331"}
{"op_code": 5, "worker_id": "fc46df69-3480-43ae-b9aa-fd6502ca31ed-140282886547264", "trial_id": 12, "param_name": "trend", "param_value_internal": 1.0, "distribution": "{\"name\": \"IntDistribution\", \"attributes\": {\"log\": false, \"step\": 1, \"low\": 1, \"high\": 20}}"}
{"op_code": 6, "worker_id": "1a1a95d2-a59f-4a55-857d-10e262ce266b-139933436802880", "trial_id": 11, "state": 1, "values": [0.875187898247876], "datetime_complete": "2023-02-27T16:43:55.473650"}
{"op_code": 4, "worker_id": "c2b3109a-8660-4b03-9eb9-e5495df8148e-139949403043648", "study_id": 0, "datetime_start": "2023-02-27T16:43:44.175993"}
{"op_code": 5, "worker_id": "c2b3109a-8660-4b03-9eb9-e5495df8148e-139949403043648", "trial_id": 13, "param_name": "trend", "param_value_internal": 2.0, "distribution": "{\"name\": \"IntDistribution\", \"attributes\": {\"log\": false, \"step\": 1, \"low\": 1, \"high\": 20}}"}
{"op_code": 6, "worker_id": "fc46df69-3480-43ae-b9aa-fd6502ca31ed-140282886547264", "trial_id": 12, "state": 1, "values": [1.0547767257791407], "datetime_complete": "2023-02-27T16:43:56.715082"}
{"op_code": 4, "worker_id": "7ea70430-7c32-41a8-a1fc-fe8e03868138-140063201642304", "study_id": 0, "datetime_start": "2023-02-27T16:43:44.213051"}
{"op_code": 5, "worker_id": "7ea70430-7c32-41a8-a1fc-fe8e03868138-140063201642304", "trial_id": 14, "param_name": "trend", "param_value_internal": 9.0, "distribution": "{\"name\": \"IntDistribution\", \"attributes\": {\"log\": false, \"step\": 1, \"low\": 1, \"high\": 20}}"}
{"op_code": 6, "worker_id": "c2b3109a-8660-4b03-9eb9-e5495df8148e-139949403043648", "trial_id": 13, "state": 1, "values": [1.0000252883323795], "datetime_complete": "2023-02-27T16:43:57.753245"}
{"op_code": 4, "worker_id": "9b769b7e-9d84-4ac4-a5db-9bc88807a035-140313947490112", "study_id": 0, "datetime_start": "2023-02-27T16:43:44.173371"}
{"op_code": 5, "worker_id": "9b769b7e-9d84-4ac4-a5db-9bc88807a035-140313947490112", "trial_id": 15, "param_name": "trend", "param_value_internal": 18.0, "distribution": "{\"name\": \"IntDistribution\", \"attributes\": {\"log\": false, \"step\": 1, \"low\": 1, \"high\": 20}}"}
{"op_code": 6, "worker_id": "7ea70430-7c32-41a8-a1fc-fe8e03868138-140063201642304", "trial_id": 14, "state": 1, "values": [0.9326066997148107], "datetime_complete": "2023-02-27T16:43:58.720759"}
{"op_code": 4, "worker_id": "5f04b5e4-c464-4713-a121-f8323204f3d9-140306702272320", "study_id": 0, "datetime_start": "2023-02-27T16:43:44.178440"}
{"op_code": 5, "worker_id": "5f04b5e4-c464-4713-a121-f8323204f3d9-140306702272320", "trial_id": 16, "param_name": "trend", "param_value_internal": 18.0, "distribution": "{\"name\": \"IntDistribution\", \"attributes\": {\"log\": false, \"step\": 1, \"low\": 1, \"high\": 20}}"}
{"op_code": 6, "worker_id": "9b769b7e-9d84-4ac4-a5db-9bc88807a035-140313947490112", "trial_id": 15, "state": 1, "values": [0.8692301767910751], "datetime_complete": "2023-02-27T16:43:59.803977"}
{"op_code": 4, "worker_id": "6866abf1-4272-4215-b205-37d3dd659a88-139683464394560", "study_id": 0, "datetime_start": "2023-02-27T16:43:44.195829"}
{"op_code": 5, "worker_id": "6866abf1-4272-4215-b205-37d3dd659a88-139683464394560", "trial_id": 17, "param_name": "trend", "param_value_internal": 13.0, "distribution": "{\"name\": \"IntDistribution\", \"attributes\": {\"log\": false, \"step\": 1, \"low\": 1, \"high\": 20}}"}
{"op_code": 6, "worker_id": "5f04b5e4-c464-4713-a121-f8323204f3d9-140306702272320", "trial_id": 16, "state": 1, "values": [0.8692301767910751], "datetime_complete": "2023-02-27T16:44:00.848930"}
{"op_code": 4, "worker_id": "c577b548-2353-4d65-aa76-8a8f2e18f66b-140450731829056", "study_id": 0, "datetime_start": "2023-02-27T16:43:44.181502"}
{"op_code": 5, "worker_id": "c577b548-2353-4d65-aa76-8a8f2e18f66b-140450731829056", "trial_id": 18, "param_name": "trend", "param_value_internal": 13.0, "distribution": "{\"name\": \"IntDistribution\", \"attributes\": {\"log\": false, \"step\": 1, \"low\": 1, \"high\": 20}}"}
{"op_code": 6, "worker_id": "6866abf1-4272-4215-b205-37d3dd659a88-139683464394560", "trial_id": 17, "state": 1, "values": [0.8365153146246502], "datetime_complete": "2023-02-27T16:44:01.619971"}
{"op_code": 4, "worker_id": "8292be2d-513c-4cdb-8a11-3f27fe190cb7-139723507173184", "study_id": 0, "datetime_start": "2023-02-27T16:43:44.184495"}
{"op_code": 5, "worker_id": "8292be2d-513c-4cdb-8a11-3f27fe190cb7-139723507173184", "trial_id": 19, "param_name": "trend", "param_value_internal": 8.0, "distribution": "{\"name\": \"IntDistribution\", \"attributes\": {\"log\": false, \"step\": 1, \"low\": 1, \"high\": 20}}"}
{"op_code": 6, "worker_id": "c577b548-2353-4d65-aa76-8a8f2e18f66b-140450731829056", "trial_id": 18, "state": 1, "values": [0.8365153146246502], "datetime_complete": "2023-02-27T16:44:02.670172"}
{"op_code": 4, "worker_id": "abd63281-e581-49a0-a22b-3495620d9ab5-140061799909184", "study_id": 0, "datetime_start": "2023-02-27T16:43:44.203077"}
{"op_code": 5, "worker_id": "abd63281-e581-49a0-a22b-3495620d9ab5-140061799909184", "trial_id": 20, "param_name": "trend", "param_value_internal": 4.0, "distribution": "{\"name\": \"IntDistribution\", \"attributes\": {\"log\": false, \"step\": 1, \"low\": 1, \"high\": 20}}"}
{"op_code": 6, "worker_id": "8292be2d-513c-4cdb-8a11-3f27fe190cb7-139723507173184", "trial_id": 19, "state": 1, "values": [0.8622662758888024], "datetime_complete": "2023-02-27T16:44:03.635507"}
{"op_code": 4, "worker_id": "9a062b39-c9e2-448d-9b40-e7e98a311b80-139806100617024", "study_id": 0, "datetime_start": "2023-02-27T16:43:44.185910"}
{"op_code": 5, "worker_id": "9a062b39-c9e2-448d-9b40-e7e98a311b80-139806100617024", "trial_id": 21, "param_name": "trend", "param_value_internal": 3.0, "distribution": "{\"name\": \"IntDistribution\", \"attributes\": {\"log\": false, \"step\": 1, \"low\": 1, \"high\": 20}}"}
{"op_code": 6, "worker_id": "abd63281-e581-49a0-a22b-3495620d9ab5-140061799909184", "trial_id": 20, "state": 1, "values": [0.8054988258766738], "datetime_complete": "2023-02-27T16:44:04.771221"}
{"op_code": 4, "worker_id": "34cfa872-2f94-4896-afde-5a4cd1632015-140612905432896", "study_id": 0, "datetime_start": "2023-02-27T16:43:44.188522"}
{"op_code": 5, "worker_id": "34cfa872-2f94-4896-afde-5a4cd1632015-140612905432896", "trial_id": 22, "param_name": "trend", "param_value_internal": 4.0, "distribution": "{\"name\": \"IntDistribution\", \"attributes\": {\"log\": false, \"step\": 1, \"low\": 1, \"high\": 20}}"}
{"op_code": 6, "worker_id": "9a062b39-c9e2-448d-9b40-e7e98a311b80-139806100617024", "trial_id": 21, "state": 1, "values": [0.918284196779156], "datetime_complete": "2023-02-27T16:44:05.847698"}
{"op_code": 4, "worker_id": "4a47c0f9-f241-452b-8578-4bb5d65229c9-140453760513856", "study_id": 0, "datetime_start": "2023-02-27T16:43:44.193575"}
{"op_code": 5, "worker_id": "4a47c0f9-f241-452b-8578-4bb5d65229c9-140453760513856", "trial_id": 23, "param_name": "trend", "param_value_internal": 4.0, "distribution": "{\"name\": \"IntDistribution\", \"attributes\": {\"log\": false, \"step\": 1, \"low\": 1, \"high\": 20}}"}
{"op_code": 6, "worker_id": "34cfa872-2f94-4896-afde-5a4cd1632015-140612905432896", "trial_id": 22, "state": 1, "values": [0.8054988258766738], "datetime_complete": "2023-02-27T16:44:06.950439"}
{"op_code": 4, "worker_id": "b0b85b03-22f8-456f-98d4-c74afdeab3c3-139773241337664", "study_id": 0, "datetime_start": "2023-02-27T16:43:44.198220"}
{"op_code": 5, "worker_id": "b0b85b03-22f8-456f-98d4-c74afdeab3c3-139773241337664", "trial_id": 24, "param_name": "trend", "param_value_internal": 4.0, "distribution": "{\"name\": \"IntDistribution\", \"attributes\": {\"log\": false, \"step\": 1, \"low\": 1, \"high\": 20}}"}
{"op_code": 6, "worker_id": "4a47c0f9-f241-452b-8578-4bb5d65229c9-140453760513856", "trial_id": 23, "state": 1, "values": [0.8054988258766738], "datetime_complete": "2023-02-27T16:44:08.013004"}
{"op_code": 4, "worker_id": "18c98534-9511-4cde-9ee6-6eeede5333ab-140307656628032", "study_id": 0, "datetime_start": "2023-02-27T16:43:44.200674"}
{"op_code": 5, "worker_id": "18c98534-9511-4cde-9ee6-6eeede5333ab-140307656628032", "trial_id": 25, "param_name": "trend", "param_value_internal": 4.0, "distribution": "{\"name\": \"IntDistribution\", \"attributes\": {\"log\": false, \"step\": 1, \"low\": 1, \"high\": 20}}"}
{"op_code": 6, "worker_id": "b0b85b03-22f8-456f-98d4-c74afdeab3c3-139773241337664", "trial_id": 24, "state": 1, "values": [0.8054988258766738], "datetime_complete": "2023-02-27T16:44:09.317678"}
{"op_code": 4, "worker_id": "4b8408d8-71d0-43f5-a9fc-d142d72cecb1-140008638973760", "study_id": 0, "datetime_start": "2023-02-27T16:43:44.218706"}
{"op_code": 5, "worker_id": "4b8408d8-71d0-43f5-a9fc-d142d72cecb1-140008638973760", "trial_id": 26, "param_name": "trend", "param_value_internal": 6.0, "distribution": "{\"name\": \"IntDistribution\", \"attributes\": {\"log\": false, \"step\": 1, \"low\": 1, \"high\": 20}}"}
{"op_code": 4, "worker_id": "80ce3276-1b3f-45a5-aa36-db2a698eb3c5-139911291795264", "study_id": 0, "datetime_start": "2023-02-27T16:43:44.205555"}
{"op_code": 5, "worker_id": "80ce3276-1b3f-45a5-aa36-db2a698eb3c5-139911291795264", "trial_id": 27, "param_name": "trend", "param_value_internal": 6.0, "distribution": "{\"name\": \"IntDistribution\", \"attributes\": {\"log\": false, \"step\": 1, \"low\": 1, \"high\": 20}}"}
{"op_code": 6, "worker_id": "18c98534-9511-4cde-9ee6-6eeede5333ab-140307656628032", "trial_id": 25, "state": 1, "values": [0.8054988258766738], "datetime_complete": "2023-02-27T16:44:10.846776"}
{"op_code": 4, "worker_id": "3c5a68c5-1c95-481c-8ad7-9495c7738b9b-140340511594304", "study_id": 0, "datetime_start": "2023-02-27T16:43:44.208096"}
{"op_code": 6, "worker_id": "4b8408d8-71d0-43f5-a9fc-d142d72cecb1-140008638973760", "trial_id": 26, "state": 1, "values": [0.8943624551146816], "datetime_complete": "2023-02-27T16:44:11.699360"}
{"op_code": 5, "worker_id": "3c5a68c5-1c95-481c-8ad7-9495c7738b9b-140340511594304", "trial_id": 28, "param_name": "trend", "param_value_internal": 1.0, "distribution": "{\"name\": \"IntDistribution\", \"attributes\": {\"log\": false, \"step\": 1, \"low\": 1, \"high\": 20}}"}
{"op_code": 6, "worker_id": "80ce3276-1b3f-45a5-aa36-db2a698eb3c5-139911291795264", "trial_id": 27, "state": 1, "values": [0.8943624551146816], "datetime_complete": "2023-02-27T16:44:12.354675"}
{"op_code": 4, "worker_id": "79f27340-8da8-4a57-9e27-41fa1e400d00-139844607301440", "study_id": 0, "datetime_start": "2023-02-27T16:43:44.210560"}
{"op_code": 5, "worker_id": "79f27340-8da8-4a57-9e27-41fa1e400d00-139844607301440", "trial_id": 29, "param_name": "trend", "param_value_internal": 1.0, "distribution": "{\"name\": \"IntDistribution\", \"attributes\": {\"log\": false, \"step\": 1, \"low\": 1, \"high\": 20}}"}
{"op_code": 6, "worker_id": "3c5a68c5-1c95-481c-8ad7-9495c7738b9b-140340511594304", "trial_id": 28, "state": 1, "values": [1.0547767257791407], "datetime_complete": "2023-02-27T16:44:13.367617"}
{"op_code": 4, "worker_id": "26168c3f-d0d1-4cff-a316-976dce76967d-139896342202176", "study_id": 0, "datetime_start": "2023-02-27T16:43:44.215450"}
{"op_code": 5, "worker_id": "26168c3f-d0d1-4cff-a316-976dce76967d-139896342202176", "trial_id": 30, "param_name": "trend", "param_value_internal": 8.0, "distribution": "{\"name\": \"IntDistribution\", \"attributes\": {\"log\": false, \"step\": 1, \"low\": 1, \"high\": 20}}"}
{"op_code": 6, "worker_id": "79f27340-8da8-4a57-9e27-41fa1e400d00-139844607301440", "trial_id": 29, "state": 1, "values": [1.0547767257791407], "datetime_complete": "2023-02-27T16:44:14.226689"}
{"op_code": 4, "worker_id": "cef1d5da-170b-4c99-92d8-160ec0da99eb-140398605285184", "study_id": 0, "datetime_start": "2023-02-27T16:43:44.260495"}
{"op_code": 5, "worker_id": "cef1d5da-170b-4c99-92d8-160ec0da99eb-140398605285184", "trial_id": 31, "param_name": "trend", "param_value_internal": 8.0, "distribution": "{\"name\": \"IntDistribution\", \"attributes\": {\"log\": false, \"step\": 1, \"low\": 1, \"high\": 20}}"}
{"op_code": 6, "worker_id": "26168c3f-d0d1-4cff-a316-976dce76967d-139896342202176", "trial_id": 30, "state": 1, "values": [0.8622662758888024], "datetime_complete": "2023-02-27T16:44:15.376541"}
{"op_code": 4, "worker_id": "4729abdc-3058-4531-81c1-a094559aa497-139752123103040", "study_id": 0, "datetime_start": "2023-02-27T16:43:44.260831"}
{"op_code": 5, "worker_id": "4729abdc-3058-4531-81c1-a094559aa497-139752123103040", "trial_id": 32, "param_name": "trend", "param_value_internal": 4.0, "distribution": "{\"name\": \"IntDistribution\", \"attributes\": {\"log\": false, \"step\": 1, \"low\": 1, \"high\": 20}}"}
{"op_code": 6, "worker_id": "cef1d5da-170b-4c99-92d8-160ec0da99eb-140398605285184", "trial_id": 31, "state": 1, "values": [0.8622662758888024], "datetime_complete": "2023-02-27T16:44:16.335420"}
{"op_code": 4, "worker_id": "53248e8c-26f6-4316-aef6-c496014ee7fd-140084318684992", "study_id": 0, "datetime_start": "2023-02-27T16:43:44.260503"}
{"op_code": 5, "worker_id": "53248e8c-26f6-4316-aef6-c496014ee7fd-140084318684992", "trial_id": 33, "param_name": "trend", "param_value_internal": 4.0, "distribution": "{\"name\": \"IntDistribution\", \"attributes\": {\"log\": false, \"step\": 1, \"low\": 1, \"high\": 20}}"}
{"op_code": 6, "worker_id": "4729abdc-3058-4531-81c1-a094559aa497-139752123103040", "trial_id": 32, "state": 1, "values": [0.8054988258766738], "datetime_complete": "2023-02-27T16:44:17.293538"}
{"op_code": 4, "worker_id": "e735540d-3f01-4833-bacc-f50dd96ddb65-140189664884544", "study_id": 0, "datetime_start": "2023-02-27T16:43:44.260486"}
{"op_code": 5, "worker_id": "e735540d-3f01-4833-bacc-f50dd96ddb65-140189664884544", "trial_id": 34, "param_name": "trend", "param_value_internal": 5.0, "distribution": "{\"name\": \"IntDistribution\", \"attributes\": {\"log\": false, \"step\": 1, \"low\": 1, \"high\": 20}}"}
{"op_code": 6, "worker_id": "53248e8c-26f6-4316-aef6-c496014ee7fd-140084318684992", "trial_id": 33, "state": 1, "values": [0.8054988258766738], "datetime_complete": "2023-02-27T16:44:18.339810"}
{"op_code": 4, "worker_id": "c0c2b403-23d0-4cca-9b3c-e7fb8c58c117-140554681976640", "study_id": 0, "datetime_start": "2023-02-27T16:43:44.260614"}
{"op_code": 5, "worker_id": "c0c2b403-23d0-4cca-9b3c-e7fb8c58c117-140554681976640", "trial_id": 35, "param_name": "trend", "param_value_internal": 3.0, "distribution": "{\"name\": \"IntDistribution\", \"attributes\": {\"log\": false, \"step\": 1, \"low\": 1, \"high\": 20}}"}
{"op_code": 6, "worker_id": "e735540d-3f01-4833-bacc-f50dd96ddb65-140189664884544", "trial_id": 34, "state": 1, "values": [0.8857734639726593], "datetime_complete": "2023-02-27T16:44:19.622599"}
{"op_code": 4, "worker_id": "11e76b0a-1636-4aa6-99e4-a9af441e9e3e-139752630769472", "study_id": 0, "datetime_start": "2023-02-27T16:43:44.260488"}
{"op_code": 5, "worker_id": "11e76b0a-1636-4aa6-99e4-a9af441e9e3e-139752630769472", "trial_id": 36, "param_name": "trend", "param_value_internal": 3.0, "distribution": "{\"name\": \"IntDistribution\", \"attributes\": {\"log\": false, \"step\": 1, \"low\": 1, \"high\": 20}}"}
{"op_code": 6, "worker_id": "c0c2b403-23d0-4cca-9b3c-e7fb8c58c117-140554681976640", "trial_id": 35, "state": 1, "values": [0.918284196779156], "datetime_complete": "2023-02-27T16:44:20.559502"}
{"op_code": 4, "worker_id": "4bc62c51-777f-4481-82d9-036e86f8d5be-140417913599808", "study_id": 0, "datetime_start": "2023-02-27T16:43:44.260939"}
{"op_code": 5, "worker_id": "4bc62c51-777f-4481-82d9-036e86f8d5be-140417913599808", "trial_id": 37, "param_name": "trend", "param_value_internal": 5.0, "distribution": "{\"name\": \"IntDistribution\", \"attributes\": {\"log\": false, \"step\": 1, \"low\": 1, \"high\": 20}}"}
{"op_code": 6, "worker_id": "11e76b0a-1636-4aa6-99e4-a9af441e9e3e-139752630769472", "trial_id": 36, "state": 1, "values": [0.918284196779156], "datetime_complete": "2023-02-27T16:44:21.482322"}
{"op_code": 4, "worker_id": "e3a4743c-655e-426e-818d-6b84dfa5f523-140399246194496", "study_id": 0, "datetime_start": "2023-02-27T16:43:44.260492"}
{"op_code": 5, "worker_id": "e3a4743c-655e-426e-818d-6b84dfa5f523-140399246194496", "trial_id": 38, "param_name": "trend", "param_value_internal": 11.0, "distribution": "{\"name\": \"IntDistribution\", \"attributes\": {\"log\": false, \"step\": 1, \"low\": 1, \"high\": 20}}"}
{"op_code": 6, "worker_id": "4bc62c51-777f-4481-82d9-036e86f8d5be-140417913599808", "trial_id": 37, "state": 1, "values": [0.8857734639726593], "datetime_complete": "2023-02-27T16:44:22.522451"}
{"op_code": 4, "worker_id": "ec6502d7-ba5a-4359-add5-4abe9e45cf5b-140259441858368", "study_id": 0, "datetime_start": "2023-02-27T16:43:44.260494"}
{"op_code": 5, "worker_id": "ec6502d7-ba5a-4359-add5-4abe9e45cf5b-140259441858368", "trial_id": 39, "param_name": "trend", "param_value_internal": 2.0, "distribution": "{\"name\": \"IntDistribution\", \"attributes\": {\"log\": false, \"step\": 1, \"low\": 1, \"high\": 20}}"}
{"op_code": 6, "worker_id": "e3a4743c-655e-426e-818d-6b84dfa5f523-140399246194496", "trial_id": 38, "state": 1, "values": [0.845731941483588], "datetime_complete": "2023-02-27T16:44:23.549788"}
{"op_code": 4, "worker_id": "ee25c214-2589-43fe-be05-23fb2cf9751d-139775130142528", "study_id": 0, "datetime_start": "2023-02-27T16:43:44.260620"}
{"op_code": 5, "worker_id": "ee25c214-2589-43fe-be05-23fb2cf9751d-139775130142528", "trial_id": 40, "param_name": "trend", "param_value_internal": 2.0, "distribution": "{\"name\": \"IntDistribution\", \"attributes\": {\"log\": false, \"step\": 1, \"low\": 1, \"high\": 20}}"}
{"op_code": 6, "worker_id": "ec6502d7-ba5a-4359-add5-4abe9e45cf5b-140259441858368", "trial_id": 39, "state": 1, "values": [1.0000252883323795], "datetime_complete": "2023-02-27T16:44:24.521740"}
{"op_code": 4, "worker_id": "a1385d60-b110-4c56-bb36-069a27021130-140166383023936", "study_id": 0, "datetime_start": "2023-02-27T16:43:44.260747"}
{"op_code": 5, "worker_id": "a1385d60-b110-4c56-bb36-069a27021130-140166383023936", "trial_id": 41, "param_name": "trend", "param_value_internal": 7.0, "distribution": "{\"name\": \"IntDistribution\", \"attributes\": {\"log\": false, \"step\": 1, \"low\": 1, \"high\": 20}}"}
{"op_code": 6, "worker_id": "ee25c214-2589-43fe-be05-23fb2cf9751d-139775130142528", "trial_id": 40, "state": 1, "values": [1.0000252883323795], "datetime_complete": "2023-02-27T16:44:25.568190"}
{"op_code": 4, "worker_id": "a3a71b7b-66e3-4ee2-a2c6-22849b0b5bc7-140584572913472", "study_id": 0, "datetime_start": "2023-02-27T16:43:44.271767"}
{"op_code": 5, "worker_id": "a3a71b7b-66e3-4ee2-a2c6-22849b0b5bc7-140584572913472", "trial_id": 42, "param_name": "trend", "param_value_internal": 5.0, "distribution": "{\"name\": \"IntDistribution\", \"attributes\": {\"log\": false, \"step\": 1, \"low\": 1, \"high\": 20}}"}
{"op_code": 6, "worker_id": "a1385d60-b110-4c56-bb36-069a27021130-140166383023936", "trial_id": 41, "state": 1, "values": [0.8945382214043649], "datetime_complete": "2023-02-27T16:44:26.836964"}
{"op_code": 4, "worker_id": "342db72f-bf9a-4b63-b7cd-6e4181102ca8-140322886625088", "study_id": 0, "datetime_start": "2023-02-27T16:43:44.276765"}
{"op_code": 5, "worker_id": "342db72f-bf9a-4b63-b7cd-6e4181102ca8-140322886625088", "trial_id": 43, "param_name": "trend", "param_value_internal": 5.0, "distribution": "{\"name\": \"IntDistribution\", \"attributes\": {\"log\": false, \"step\": 1, \"low\": 1, \"high\": 20}}"}
{"op_code": 6, "worker_id": "a3a71b7b-66e3-4ee2-a2c6-22849b0b5bc7-140584572913472", "trial_id": 42, "state": 1, "values": [0.8857734639726593], "datetime_complete": "2023-02-27T16:44:28.064582"}
{"op_code": 4, "worker_id": "8d519664-2fdb-43aa-952f-18680fb28957-139784735967040", "study_id": 0, "datetime_start": "2023-02-27T16:43:44.268846"}
{"op_code": 5, "worker_id": "8d519664-2fdb-43aa-952f-18680fb28957-139784735967040", "trial_id": 44, "param_name": "trend", "param_value_internal": 4.0, "distribution": "{\"name\": \"IntDistribution\", \"attributes\": {\"log\": false, \"step\": 1, \"low\": 1, \"high\": 20}}"}
{"op_code": 6, "worker_id": "342db72f-bf9a-4b63-b7cd-6e4181102ca8-140322886625088", "trial_id": 43, "state": 1, "values": [0.8857734639726593], "datetime_complete": "2023-02-27T16:44:28.755922"}
{"op_code": 4, "worker_id": "684f8351-1216-4a3f-a8a1-024d2981e3bb-139804943677248", "study_id": 0, "datetime_start": "2023-02-27T16:43:44.261413"}
{"op_code": 5, "worker_id": "684f8351-1216-4a3f-a8a1-024d2981e3bb-139804943677248", "trial_id": 45, "param_name": "trend", "param_value_internal": 3.0, "distribution": "{\"name\": \"IntDistribution\", \"attributes\": {\"log\": false, \"step\": 1, \"low\": 1, \"high\": 20}}"}
{"op_code": 6, "worker_id": "8d519664-2fdb-43aa-952f-18680fb28957-139784735967040", "trial_id": 44, "state": 1, "values": [0.8054988258766738], "datetime_complete": "2023-02-27T16:44:29.883614"}
{"op_code": 4, "worker_id": "248c12e7-9940-4796-892e-352eaea36984-140395045193536", "study_id": 0, "datetime_start": "2023-02-27T16:43:44.278731"}
{"op_code": 5, "worker_id": "248c12e7-9940-4796-892e-352eaea36984-140395045193536", "trial_id": 46, "param_name": "trend", "param_value_internal": 7.0, "distribution": "{\"name\": \"IntDistribution\", \"attributes\": {\"log\": false, \"step\": 1, \"low\": 1, \"high\": 20}}"}
{"op_code": 6, "worker_id": "684f8351-1216-4a3f-a8a1-024d2981e3bb-139804943677248", "trial_id": 45, "state": 1, "values": [0.918284196779156], "datetime_complete": "2023-02-27T16:44:30.893253"}
{"op_code": 4, "worker_id": "3ff03596-8eb4-441f-88a7-c73738995564-140092210640704", "study_id": 0, "datetime_start": "2023-02-27T16:43:44.263864"}
{"op_code": 5, "worker_id": "3ff03596-8eb4-441f-88a7-c73738995564-140092210640704", "trial_id": 47, "param_name": "trend", "param_value_internal": 7.0, "distribution": "{\"name\": \"IntDistribution\", \"attributes\": {\"log\": false, \"step\": 1, \"low\": 1, \"high\": 20}}"}
{"op_code": 6, "worker_id": "248c12e7-9940-4796-892e-352eaea36984-140395045193536", "trial_id": 46, "state": 1, "values": [0.8945382214043649], "datetime_complete": "2023-02-27T16:44:32.080853"}
{"op_code": 4, "worker_id": "bed7e40b-5eba-4dba-aea5-ddab64702113-140389977806656", "study_id": 0, "datetime_start": "2023-02-27T16:43:44.266280"}
{"op_code": 5, "worker_id": "bed7e40b-5eba-4dba-aea5-ddab64702113-140389977806656", "trial_id": 48, "param_name": "trend", "param_value_internal": 6.0, "distribution": "{\"name\": \"IntDistribution\", \"attributes\": {\"log\": false, \"step\": 1, \"low\": 1, \"high\": 20}}"}
{"op_code": 6, "worker_id": "3ff03596-8eb4-441f-88a7-c73738995564-140092210640704", "trial_id": 47, "state": 1, "values": [0.8945382214043649], "datetime_complete": "2023-02-27T16:44:33.153006"}
{"op_code": 4, "worker_id": "ee7c1886-1c56-4e0b-8597-2ab436946278-139920268306240", "study_id": 0, "datetime_start": "2023-02-27T16:43:44.273783"}
{"op_code": 5, "worker_id": "ee7c1886-1c56-4e0b-8597-2ab436946278-139920268306240", "trial_id": 49, "param_name": "trend", "param_value_internal": 6.0, "distribution": "{\"name\": \"IntDistribution\", \"attributes\": {\"log\": false, \"step\": 1, \"low\": 1, \"high\": 20}}"}
{"op_code": 6, "worker_id": "bed7e40b-5eba-4dba-aea5-ddab64702113-140389977806656", "trial_id": 48, "state": 1, "values": [0.8943624551146816], "datetime_complete": "2023-02-27T16:44:34.056891"}
{"op_code": 6, "worker_id": "ee7c1886-1c56-4e0b-8597-2ab436946278-139920268306240", "trial_id": 49, "state": 1, "values": [0.8943624551146816], "datetime_complete": "2023-02-27T16:44:35.206775"}
