{"op_code": 0, "worker_id": "f39b214b-5486-4d70-85ff-b050104b1392-139888141408064", "study_name": "regional_seperation_indiv_filter_regional_comparison", "directions": [1]}
{"op_code": 4, "worker_id": "22480a4e-84fb-4dc6-b974-3bf6c06865c6-139807972108096", "study_id": 0, "datetime_start": "2023-02-27T16:43:06.470306"}
{"op_code": 4, "worker_id": "c6b5ad7f-20a0-4b1d-a026-9dddca153bc8-140716237879104", "study_id": 0, "datetime_start": "2023-02-27T16:43:06.609248"}
{"op_code": 5, "worker_id": "22480a4e-84fb-4dc6-b974-3bf6c06865c6-139807972108096", "trial_id": 0, "param_name": "filter", "param_value_internal": 50000.0, "distribution": "{\"name\": \"IntDistribution\", \"attributes\": {\"log\": false, \"step\": 10000, \"low\": 10000, \"high\": 1000000}}"}
{"op_code": 5, "worker_id": "c6b5ad7f-20a0-4b1d-a026-9dddca153bc8-140716237879104", "trial_id": 1, "param_name": "filter", "param_value_internal": 880000.0, "distribution": "{\"name\": \"IntDistribution\", \"attributes\": {\"log\": false, \"step\": 10000, \"low\": 10000, \"high\": 1000000}}"}
{"op_code": 4, "worker_id": "56242875-2c9e-4411-bce9-cb0ad087c026-139723507173184", "study_id": 0, "datetime_start": "2023-02-27T16:43:07.539931"}
{"op_code": 4, "worker_id": "7af3e2a8-6b8d-43db-95ad-923858446381-140092210640704", "study_id": 0, "datetime_start": "2023-02-27T16:43:07.685675"}
{"op_code": 5, "worker_id": "56242875-2c9e-4411-bce9-cb0ad087c026-139723507173184", "trial_id": 2, "param_name": "filter", "param_value_internal": 690000.0, "distribution": "{\"name\": \"IntDistribution\", \"attributes\": {\"log\": false, \"step\": 10000, \"low\": 10000, \"high\": 1000000}}"}
{"op_code": 4, "worker_id": "ae57a6ae-4981-4bcc-88ad-9827bc779881-140107184412480", "study_id": 0, "datetime_start": "2023-02-27T16:43:06.921499"}
{"op_code": 4, "worker_id": "b1147310-b694-4626-85a1-3fb711a610c3-140691287406400", "study_id": 0, "datetime_start": "2023-02-27T16:43:08.263971"}
{"op_code": 5, "worker_id": "ae57a6ae-4981-4bcc-88ad-9827bc779881-140107184412480", "trial_id": 4, "param_name": "filter", "param_value_internal": 850000.0, "distribution": "{\"name\": \"IntDistribution\", \"attributes\": {\"log\": false, \"step\": 10000, \"low\": 10000, \"high\": 1000000}}"}
{"op_code": 5, "worker_id": "b1147310-b694-4626-85a1-3fb711a610c3-140691287406400", "trial_id": 5, "param_name": "filter", "param_value_internal": 530000.0, "distribution": "{\"name\": \"IntDistribution\", \"attributes\": {\"log\": false, \"step\": 10000, \"low\": 10000, \"high\": 1000000}}"}
{"op_code": 4, "worker_id": "b1bf9dfa-011e-4186-85da-883da04e5069-139752630769472", "study_id": 0, "datetime_start": "2023-02-27T16:43:09.157995"}
{"op_code": 6, "worker_id": "22480a4e-84fb-4dc6-b974-3bf6c06865c6-139807972108096", "trial_id": 0, "state": 1, "values": [0.931597530843], "datetime_complete": "2023-02-27T16:43:09.778843"}
{"op_code": 4, "worker_id": "d4c148cc-72f4-4b64-9f3c-f7cba757e725-140450731829056", "study_id": 0, "datetime_start": "2023-02-27T16:43:10.110475"}
{"op_code": 4, "worker_id": "502cbb9a-e38f-4d0e-a4a9-2db2a4120694-140306702272320", "study_id": 0, "datetime_start": "2023-02-27T16:43:10.431203"}
{"op_code": 4, "worker_id": "86fcbb32-6dc1-4cde-b9c2-abe197cce53a-139787749259072", "study_id": 0, "datetime_start": "2023-02-27T16:43:10.668554"}
{"op_code": 4, "worker_id": "123adf5e-2648-4303-8223-fa5cc04e1cb9-139731920631616", "study_id": 0, "datetime_start": "2023-02-27T16:43:10.431326"}
{"op_code": 5, "worker_id": "86fcbb32-6dc1-4cde-b9c2-abe197cce53a-139787749259072", "trial_id": 9, "param_name": "filter", "param_value_internal": 250000.0, "distribution": "{\"name\": \"IntDistribution\", \"attributes\": {\"log\": false, \"step\": 10000, \"low\": 10000, \"high\": 1000000}}"}
{"op_code": 5, "worker_id": "123adf5e-2648-4303-8223-fa5cc04e1cb9-139731920631616", "trial_id": 10, "param_name": "filter", "param_value_internal": 220000.0, "distribution": "{\"name\": \"IntDistribution\", \"attributes\": {\"log\": false, \"step\": 10000, \"low\": 10000, \"high\": 1000000}}"}
{"op_code": 6, "worker_id": "ae57a6ae-4981-4bcc-88ad-9827bc779881-140107184412480", "trial_id": 4, "state": 1, "values": [1.12094771862], "datetime_complete": "2023-02-27T16:43:11.584491"}
{"op_code": 6, "worker_id": "b1147310-b694-4626-85a1-3fb711a610c3-140691287406400", "trial_id": 5, "state": 1, "values": [1.116085141897], "datetime_complete": "2023-02-27T16:43:11.737523"}
{"op_code": 4, "worker_id": "5b6bfe9a-d27e-46f7-bb83-981010c5f115-140282886547264", "study_id": 0, "datetime_start": "2023-02-27T16:43:10.586836"}
{"op_code": 4, "worker_id": "4a114715-fed6-4998-95aa-b05f01252115-140313947490112", "study_id": 0, "datetime_start": "2023-02-27T16:43:10.757487"}
{"op_code": 5, "worker_id": "5b6bfe9a-d27e-46f7-bb83-981010c5f115-140282886547264", "trial_id": 11, "param_name": "filter", "param_value_internal": 270000.0, "distribution": "{\"name\": \"IntDistribution\", \"attributes\": {\"log\": false, \"step\": 10000, \"low\": 10000, \"high\": 1000000}}"}
{"op_code": 5, "worker_id": "4a114715-fed6-4998-95aa-b05f01252115-140313947490112", "trial_id": 12, "param_name": "filter", "param_value_internal": 510000.0, "distribution": "{\"name\": \"IntDistribution\", \"attributes\": {\"log\": false, \"step\": 10000, \"low\": 10000, \"high\": 1000000}}"}
{"op_code": 4, "worker_id": "37ed9538-3be8-4eae-b9d2-35c0a7b26063-139949403043648", "study_id": 0, "datetime_start": "2023-02-27T16:43:07.150396"}
{"op_code": 5, "worker_id": "37ed9538-3be8-4eae-b9d2-35c0a7b26063-139949403043648", "trial_id": 13, "param_name": "filter", "param_value_internal": 380000.0, "distribution": "{\"name\": \"IntDistribution\", \"attributes\": {\"log\": false, \"step\": 10000, \"low\": 10000, \"high\": 1000000}}"}
{"op_code": 5, "worker_id": "502cbb9a-e38f-4d0e-a4a9-2db2a4120694-140306702272320", "trial_id": 8, "param_name": "filter", "param_value_internal": 390000.0, "distribution": "{\"name\": \"IntDistribution\", \"attributes\": {\"log\": false, \"step\": 10000, \"low\": 10000, \"high\": 1000000}}"}
{"op_code": 6, "worker_id": "123adf5e-2648-4303-8223-fa5cc04e1cb9-139731920631616", "trial_id": 10, "state": 1, "values": [1.0900759100930002], "datetime_complete": "2023-02-27T16:43:13.416464"}
{"op_code": 6, "worker_id": "86fcbb32-6dc1-4cde-b9c2-abe197cce53a-139787749259072", "trial_id": 9, "state": 1, "values": [1.1015451923043], "datetime_complete": "2023-02-27T16:43:13.458735"}
{"op_code": 4, "worker_id": "3b8acafe-fdf4-4449-89f7-75ec6af57f9c-140340511594304", "study_id": 0, "datetime_start": "2023-02-27T16:43:07.253819"}
{"op_code": 5, "worker_id": "d4c148cc-72f4-4b64-9f3c-f7cba757e725-140450731829056", "trial_id": 7, "param_name": "filter", "param_value_internal": 430000.0, "distribution": "{\"name\": \"IntDistribution\", \"attributes\": {\"log\": false, \"step\": 10000, \"low\": 10000, \"high\": 1000000}}"}
{"op_code": 5, "worker_id": "3b8acafe-fdf4-4449-89f7-75ec6af57f9c-140340511594304", "trial_id": 14, "param_name": "filter", "param_value_internal": 590000.0, "distribution": "{\"name\": \"IntDistribution\", \"attributes\": {\"log\": false, \"step\": 10000, \"low\": 10000, \"high\": 1000000}}"}
{"op_code": 6, "worker_id": "5b6bfe9a-d27e-46f7-bb83-981010c5f115-140282886547264", "trial_id": 11, "state": 1, "values": [1.10593163967], "datetime_complete": "2023-02-27T16:43:14.505915"}
{"op_code": 6, "worker_id": "c6b5ad7f-20a0-4b1d-a026-9dddca153bc8-140716237879104", "trial_id": 1, "state": 1, "values": [1.1213923692699999], "datetime_complete": "2023-02-27T16:43:10.115592"}
{"op_code": 6, "worker_id": "4a114715-fed6-4998-95aa-b05f01252115-140313947490112", "trial_id": 12, "state": 1, "values": [1.115654498338], "datetime_complete": "2023-02-27T16:43:14.743710"}
{"op_code": 6, "worker_id": "37ed9538-3be8-4eae-b9d2-35c0a7b26063-139949403043648", "trial_id": 13, "state": 1, "values": [1.111256897449], "datetime_complete": "2023-02-27T16:43:15.159060"}
{"op_code": 4, "worker_id": "9475f702-9310-483b-923e-792abddbc803-140008638973760", "study_id": 0, "datetime_start": "2023-02-27T16:43:08.571447"}
{"op_code": 6, "worker_id": "502cbb9a-e38f-4d0e-a4a9-2db2a4120694-140306702272320", "trial_id": 8, "state": 1, "values": [1.111462444067], "datetime_complete": "2023-02-27T16:43:15.468874"}
{"op_code": 5, "worker_id": "9475f702-9310-483b-923e-792abddbc803-140008638973760", "trial_id": 15, "param_name": "filter", "param_value_internal": 10000.0, "distribution": "{\"name\": \"IntDistribution\", \"attributes\": {\"log\": false, \"step\": 10000, \"low\": 10000, \"high\": 1000000}}"}
{"op_code": 4, "worker_id": "6b82fcb9-3e3d-47c5-acf0-a0cb9ddc7204-139806100617024", "study_id": 0, "datetime_start": "2023-02-27T16:43:07.379328"}
{"op_code": 4, "worker_id": "07409c53-598f-41d9-b9d0-aa862afab231-140612905432896", "study_id": 0, "datetime_start": "2023-02-27T16:43:08.334150"}
{"op_code": 5, "worker_id": "6b82fcb9-3e3d-47c5-acf0-a0cb9ddc7204-139806100617024", "trial_id": 16, "param_name": "filter", "param_value_internal": 40000.0, "distribution": "{\"name\": \"IntDistribution\", \"attributes\": {\"log\": false, \"step\": 10000, \"low\": 10000, \"high\": 1000000}}"}
{"op_code": 5, "worker_id": "07409c53-598f-41d9-b9d0-aa862afab231-140612905432896", "trial_id": 17, "param_name": "filter", "param_value_internal": 20000.0, "distribution": "{\"name\": \"IntDistribution\", \"attributes\": {\"log\": false, \"step\": 10000, \"low\": 10000, \"high\": 1000000}}"}
{"op_code": 6, "worker_id": "d4c148cc-72f4-4b64-9f3c-f7cba757e725-140450731829056", "trial_id": 7, "state": 1, "values": [1.11160349846], "datetime_complete": "2023-02-27T16:43:16.268358"}
{"op_code": 4, "worker_id": "d4becb08-3662-462f-bd52-f0b1082277d1-140453760513856", "study_id": 0, "datetime_start": "2023-02-27T16:43:06.716404"}
{"op_code": 6, "worker_id": "56242875-2c9e-4411-bce9-cb0ad087c026-139723507173184", "trial_id": 2, "state": 1, "values": [1.1203529499436], "datetime_complete": "2023-02-27T16:43:10.938008"}
{"op_code": 4, "worker_id": "a4975671-2249-4492-a5da-468d9f37293b-139683464394560", "study_id": 0, "datetime_start": "2023-02-27T16:43:10.110603"}
{"op_code": 4, "worker_id": "92a65f1c-0156-482a-99e9-ba8b55299dfe-139933436802880", "study_id": 0, "datetime_start": "2023-02-27T16:43:09.512874"}
{"op_code": 5, "worker_id": "a4975671-2249-4492-a5da-468d9f37293b-139683464394560", "trial_id": 19, "param_name": "filter", "param_value_internal": 20000.0, "distribution": "{\"name\": \"IntDistribution\", \"attributes\": {\"log\": false, \"step\": 10000, \"low\": 10000, \"high\": 1000000}}"}
{"op_code": 5, "worker_id": "92a65f1c-0156-482a-99e9-ba8b55299dfe-139933436802880", "trial_id": 20, "param_name": "filter", "param_value_internal": 20000.0, "distribution": "{\"name\": \"IntDistribution\", \"attributes\": {\"log\": false, \"step\": 10000, \"low\": 10000, \"high\": 1000000}}"}
{"op_code": 6, "worker_id": "6b82fcb9-3e3d-47c5-acf0-a0cb9ddc7204-139806100617024", "trial_id": 16, "state": 1, "values": [0.8801511526099999], "datetime_complete": "2023-02-27T16:43:18.535701"}
{"op_code": 5, "worker_id": "d4becb08-3662-462f-bd52-f0b1082277d1-140453760513856", "trial_id": 18, "param_name": "filter", "param_value_internal": 10000.0, "distribution": "{\"name\": \"IntDistribution\", \"attributes\": {\"log\": false, \"step\": 10000, \"low\": 10000, \"high\": 1000000}}"}
{"op_code": 6, "worker_id": "07409c53-598f-41d9-b9d0-aa862afab231-140612905432896", "trial_id": 17, "state": 1, "values": [0.87901329994], "datetime_complete": "2023-02-27T16:43:18.671467"}
{"op_code": 4, "worker_id": "4b56857e-708e-4431-8bc6-5e2c24482b59-139773241337664", "study_id": 0, "datetime_start": "2023-02-27T16:43:09.213278"}
{"op_code": 5, "worker_id": "4b56857e-708e-4431-8bc6-5e2c24482b59-139773241337664", "trial_id": 21, "param_name": "filter", "param_value_internal": 30000.0, "distribution": "{\"name\": \"IntDistribution\", \"attributes\": {\"log\": false, \"step\": 10000, \"low\": 10000, \"high\": 1000000}}"}
{"op_code": 4, "worker_id": "085f56dd-b541-4b48-aec2-ef19d863c05f-140307656628032", "study_id": 0, "datetime_start": "2023-02-27T16:43:09.861498"}
{"op_code": 4, "worker_id": "cd1e033a-d0fa-4461-bcd0-5728ace87739-140061799909184", "study_id": 0, "datetime_start": "2023-02-27T16:43:10.176099"}
{"op_code": 5, "worker_id": "085f56dd-b541-4b48-aec2-ef19d863c05f-140307656628032", "trial_id": 22, "param_name": "filter", "param_value_internal": 20000.0, "distribution": "{\"name\": \"IntDistribution\", \"attributes\": {\"log\": false, \"step\": 10000, \"low\": 10000, \"high\": 1000000}}"}
{"op_code": 5, "worker_id": "cd1e033a-d0fa-4461-bcd0-5728ace87739-140061799909184", "trial_id": 23, "param_name": "filter", "param_value_internal": 40000.0, "distribution": "{\"name\": \"IntDistribution\", \"attributes\": {\"log\": false, \"step\": 10000, \"low\": 10000, \"high\": 1000000}}"}
{"op_code": 6, "worker_id": "92a65f1c-0156-482a-99e9-ba8b55299dfe-139933436802880", "trial_id": 20, "state": 1, "values": [0.87901329994], "datetime_complete": "2023-02-27T16:43:20.476936"}
{"op_code": 4, "worker_id": "ce849d22-a4c5-4d27-8208-7b8507d7cbd2-139911291795264", "study_id": 0, "datetime_start": "2023-02-27T16:43:09.947614"}
{"op_code": 6, "worker_id": "d4becb08-3662-462f-bd52-f0b1082277d1-140453760513856", "trial_id": 18, "state": 1, "values": [0.8614974021899999], "datetime_complete": "2023-02-27T16:43:20.904560"}
{"op_code": 5, "worker_id": "ce849d22-a4c5-4d27-8208-7b8507d7cbd2-139911291795264", "trial_id": 24, "param_name": "filter", "param_value_internal": 140000.0, "distribution": "{\"name\": \"IntDistribution\", \"attributes\": {\"log\": false, \"step\": 10000, \"low\": 10000, \"high\": 1000000}}"}
{"op_code": 6, "worker_id": "a4975671-2249-4492-a5da-468d9f37293b-139683464394560", "trial_id": 19, "state": 1, "values": [0.87901329994], "datetime_complete": "2023-02-27T16:43:20.355881"}
{"op_code": 6, "worker_id": "4b56857e-708e-4431-8bc6-5e2c24482b59-139773241337664", "trial_id": 21, "state": 1, "values": [0.8645528554899999], "datetime_complete": "2023-02-27T16:43:21.643034"}
{"op_code": 4, "worker_id": "e01aab43-802a-4e9e-9424-f055822290ef-139844607301440", "study_id": 0, "datetime_start": "2023-02-27T16:43:08.999471"}
{"op_code": 5, "worker_id": "e01aab43-802a-4e9e-9424-f055822290ef-139844607301440", "trial_id": 25, "param_name": "filter", "param_value_internal": 140000.0, "distribution": "{\"name\": \"IntDistribution\", \"attributes\": {\"log\": false, \"step\": 10000, \"low\": 10000, \"high\": 1000000}}"}
{"op_code": 4, "worker_id": "3c593ee9-aebb-4362-8fec-bbe95eed1824-140063201642304", "study_id": 0, "datetime_start": "2023-02-27T16:43:09.499778"}
{"op_code": 6, "worker_id": "085f56dd-b541-4b48-aec2-ef19d863c05f-140307656628032", "trial_id": 22, "state": 1, "values": [0.87901329994], "datetime_complete": "2023-02-27T16:43:22.497147"}
{"op_code": 5, "worker_id": "3c593ee9-aebb-4362-8fec-bbe95eed1824-140063201642304", "trial_id": 26, "param_name": "filter", "param_value_internal": 150000.0, "distribution": "{\"name\": \"IntDistribution\", \"attributes\": {\"log\": false, \"step\": 10000, \"low\": 10000, \"high\": 1000000}}"}
{"op_code": 6, "worker_id": "cd1e033a-d0fa-4461-bcd0-5728ace87739-140061799909184", "trial_id": 23, "state": 1, "values": [0.8801511526099999], "datetime_complete": "2023-02-27T16:43:22.660960"}
{"op_code": 4, "worker_id": "e8569304-fecb-43f1-8013-d8b121ac5463-139896342202176", "study_id": 0, "datetime_start": "2023-02-27T16:43:08.784487"}
{"op_code": 6, "worker_id": "ce849d22-a4c5-4d27-8208-7b8507d7cbd2-139911291795264", "trial_id": 24, "state": 1, "values": [1.042958706617], "datetime_complete": "2023-02-27T16:43:23.433931"}
{"op_code": 5, "worker_id": "e8569304-fecb-43f1-8013-d8b121ac5463-139896342202176", "trial_id": 27, "param_name": "filter", "param_value_internal": 170000.0, "distribution": "{\"name\": \"IntDistribution\", \"attributes\": {\"log\": false, \"step\": 10000, \"low\": 10000, \"high\": 1000000}}"}
{"op_code": 6, "worker_id": "3b8acafe-fdf4-4449-89f7-75ec6af57f9c-140340511594304", "trial_id": 14, "state": 1, "values": [1.11915183068], "datetime_complete": "2023-02-27T16:43:16.336158"}
{"op_code": 4, "worker_id": "bb2f6e41-0447-4975-9b1e-19ae40418484-140501595891520", "study_id": 0, "datetime_start": "2023-02-27T16:43:10.210553"}
{"op_code": 6, "worker_id": "e01aab43-802a-4e9e-9424-f055822290ef-139844607301440", "trial_id": 25, "state": 1, "values": [1.042958706617], "datetime_complete": "2023-02-27T16:43:24.333979"}
{"op_code": 5, "worker_id": "bb2f6e41-0447-4975-9b1e-19ae40418484-140501595891520", "trial_id": 28, "param_name": "filter", "param_value_internal": 150000.0, "distribution": "{\"name\": \"IntDistribution\", \"attributes\": {\"log\": false, \"step\": 10000, \"low\": 10000, \"high\": 1000000}}"}
{"op_code": 6, "worker_id": "3c593ee9-aebb-4362-8fec-bbe95eed1824-140063201642304", "trial_id": 26, "state": 1, "values": [1.05490684509], "datetime_complete": "2023-02-27T16:43:24.828196"}
{"op_code": 5, "worker_id": "b1bf9dfa-011e-4186-85da-883da04e5069-139752630769472", "trial_id": 6, "param_name": "filter", "param_value_internal": 620000.0, "distribution": "{\"name\": \"IntDistribution\", \"attributes\": {\"log\": false, \"step\": 10000, \"low\": 10000, \"high\": 1000000}}"}
{"op_code": 4, "worker_id": "448a89b3-6bed-4335-847f-949446be75f2-140189664884544", "study_id": 0, "datetime_start": "2023-02-27T16:43:08.784658"}
{"op_code": 5, "worker_id": "448a89b3-6bed-4335-847f-949446be75f2-140189664884544", "trial_id": 29, "param_name": "filter", "param_value_internal": 150000.0, "distribution": "{\"name\": \"IntDistribution\", \"attributes\": {\"log\": false, \"step\": 10000, \"low\": 10000, \"high\": 1000000}}"}
{"op_code": 4, "worker_id": "2241e316-8b42-42cc-a700-6ec9159de0aa-140417913599808", "study_id": 0, "datetime_start": "2023-02-27T16:43:06.609750"}
{"op_code": 6, "worker_id": "e8569304-fecb-43f1-8013-d8b121ac5463-139896342202176", "trial_id": 27, "state": 1, "values": [1.066111795608], "datetime_complete": "2023-02-27T16:43:25.836133"}
{"op_code": 5, "worker_id": "2241e316-8b42-42cc-a700-6ec9159de0aa-140417913599808", "trial_id": 30, "param_name": "filter", "param_value_internal": 310000.0, "distribution": "{\"name\": \"IntDistribution\", \"attributes\": {\"log\": false, \"step\": 10000, \"low\": 10000, \"high\": 1000000}}"}
{"op_code": 4, "worker_id": "c97591e8-425a-43ef-bb08-ae535730fd70-140084318684992", "study_id": 0, "datetime_start": "2023-02-27T16:43:08.785337"}
{"op_code": 6, "worker_id": "9475f702-9310-483b-923e-792abddbc803-140008638973760", "trial_id": 15, "state": 1, "values": [0.8614974021899999], "datetime_complete": "2023-02-27T16:43:17.849807"}
{"op_code": 5, "worker_id": "c97591e8-425a-43ef-bb08-ae535730fd70-140084318684992", "trial_id": 31, "param_name": "filter", "param_value_internal": 340000.0, "distribution": "{\"name\": \"IntDistribution\", \"attributes\": {\"log\": false, \"step\": 10000, \"low\": 10000, \"high\": 1000000}}"}
{"op_code": 4, "worker_id": "17d4c87c-11a3-402d-9ae2-c31c4c5949e6-140399246194496", "study_id": 0, "datetime_start": "2023-02-27T16:43:07.721955"}
{"op_code": 6, "worker_id": "bb2f6e41-0447-4975-9b1e-19ae40418484-140501595891520", "trial_id": 28, "state": 1, "values": [1.05490684509], "datetime_complete": "2023-02-27T16:43:26.687576"}
{"op_code": 5, "worker_id": "17d4c87c-11a3-402d-9ae2-c31c4c5949e6-140399246194496", "trial_id": 32, "param_name": "filter", "param_value_internal": 280000.0, "distribution": "{\"name\": \"IntDistribution\", \"attributes\": {\"log\": false, \"step\": 10000, \"low\": 10000, \"high\": 1000000}}"}
{"op_code": 6, "worker_id": "b1bf9dfa-011e-4186-85da-883da04e5069-139752630769472", "trial_id": 6, "state": 1, "values": [1.1183256059889999], "datetime_complete": "2023-02-27T16:43:27.111933"}
{"op_code": 6, "worker_id": "448a89b3-6bed-4335-847f-949446be75f2-140189664884544", "trial_id": 29, "state": 1, "values": [1.05490684509], "datetime_complete": "2023-02-27T16:43:27.633264"}
{"op_code": 4, "worker_id": "d03c7c96-4a8c-4f4c-ad51-c4a2daf61416-140554681976640", "study_id": 0, "datetime_start": "2023-02-27T16:43:07.614938"}
{"op_code": 6, "worker_id": "2241e316-8b42-42cc-a700-6ec9159de0aa-140417913599808", "trial_id": 30, "state": 1, "values": [1.1129578352], "datetime_complete": "2023-02-27T16:43:28.207943"}
{"op_code": 5, "worker_id": "d03c7c96-4a8c-4f4c-ad51-c4a2daf61416-140554681976640", "trial_id": 33, "param_name": "filter", "param_value_internal": 290000.0, "distribution": "{\"name\": \"IntDistribution\", \"attributes\": {\"log\": false, \"step\": 10000, \"low\": 10000, \"high\": 1000000}}"}
{"op_code": 4, "worker_id": "bd04aee9-c2f0-4b54-8fb2-5eeb680bac2b-140150798460736", "study_id": 0, "datetime_start": "2023-02-27T16:43:09.311811"}
{"op_code": 5, "worker_id": "bd04aee9-c2f0-4b54-8fb2-5eeb680bac2b-140150798460736", "trial_id": 34, "param_name": "filter", "param_value_internal": 100000.0, "distribution": "{\"name\": \"IntDistribution\", \"attributes\": {\"log\": false, \"step\": 10000, \"low\": 10000, \"high\": 1000000}}"}
{"op_code": 4, "worker_id": "e01b98d5-40d7-4a7b-a712-be44805046a9-139775130142528", "study_id": 0, "datetime_start": "2023-02-27T16:43:06.712224"}
{"op_code": 6, "worker_id": "c97591e8-425a-43ef-bb08-ae535730fd70-140084318684992", "trial_id": 31, "state": 1, "values": [1.10958433151], "datetime_complete": "2023-02-27T16:43:28.975306"}
{"op_code": 5, "worker_id": "e01b98d5-40d7-4a7b-a712-be44805046a9-139775130142528", "trial_id": 35, "param_name": "filter", "param_value_internal": 100000.0, "distribution": "{\"name\": \"IntDistribution\", \"attributes\": {\"log\": false, \"step\": 10000, \"low\": 10000, \"high\": 1000000}}"}
{"op_code": 6, "worker_id": "17d4c87c-11a3-402d-9ae2-c31c4c5949e6-140399246194496", "trial_id": 32, "state": 1, "values": [1.10686409473], "datetime_complete": "2023-02-27T16:43:29.203491"}
{"op_code": 4, "worker_id": "adbd454c-5351-4d16-ade1-2f88a5c69ad0-140166383023936", "study_id": 0, "datetime_start": "2023-02-27T16:43:07.780280"}
{"op_code": 5, "worker_id": "adbd454c-5351-4d16-ade1-2f88a5c69ad0-140166383023936", "trial_id": 36, "param_name": "filter", "param_value_internal": 80000.0, "distribution": "{\"name\": \"IntDistribution\", \"attributes\": {\"log\": false, \"step\": 10000, \"low\": 10000, \"high\": 1000000}}"}
{"op_code": 4, "worker_id": "4866f4c6-3fdb-4d61-890c-225eb26ba1df-140394390243136", "study_id": 0, "datetime_start": "2023-02-27T16:43:08.815345"}
{"op_code": 6, "worker_id": "d03c7c96-4a8c-4f4c-ad51-c4a2daf61416-140554681976640", "trial_id": 33, "state": 1, "values": [1.1114834155867], "datetime_complete": "2023-02-27T16:43:30.513140"}
{"op_code": 5, "worker_id": "4866f4c6-3fdb-4d61-890c-225eb26ba1df-140394390243136", "trial_id": 37, "param_name": "filter", "param_value_internal": 100000.0, "distribution": "{\"name\": \"IntDistribution\", \"attributes\": {\"log\": false, \"step\": 10000, \"low\": 10000, \"high\": 1000000}}"}
{"op_code": 6, "worker_id": "bd04aee9-c2f0-4b54-8fb2-5eeb680bac2b-140150798460736", "trial_id": 34, "state": 1, "values": [0.9644268751099998], "datetime_complete": "2023-02-27T16:43:30.924572"}
{"op_code": 4, "worker_id": "6bc2c304-54ed-41a0-8b85-5634b98b15bb-140625265485632", "study_id": 0, "datetime_start": "2023-02-27T16:43:07.800416"}
{"op_code": 5, "worker_id": "6bc2c304-54ed-41a0-8b85-5634b98b15bb-140625265485632", "trial_id": 38, "param_name": "filter", "param_value_internal": 100000.0, "distribution": "{\"name\": \"IntDistribution\", \"attributes\": {\"log\": false, \"step\": 10000, \"low\": 10000, \"high\": 1000000}}"}
{"op_code": 4, "worker_id": "8965d319-a184-42b9-80c8-3db95c1d9244-139752123103040", "study_id": 0, "datetime_start": "2023-02-27T16:43:09.060918"}
{"op_code": 4, "worker_id": "24df2487-5649-4ee2-a188-639002a6d920-140259441858368", "study_id": 0, "datetime_start": "2023-02-27T16:43:09.174451"}
{"op_code": 5, "worker_id": "8965d319-a184-42b9-80c8-3db95c1d9244-139752123103040", "trial_id": 39, "param_name": "filter", "param_value_internal": 90000.0, "distribution": "{\"name\": \"IntDistribution\", \"attributes\": {\"log\": false, \"step\": 10000, \"low\": 10000, \"high\": 1000000}}"}
{"op_code": 6, "worker_id": "e01b98d5-40d7-4a7b-a712-be44805046a9-139775130142528", "trial_id": 35, "state": 1, "values": [0.9644268751099998], "datetime_complete": "2023-02-27T16:43:31.459307"}
{"op_code": 6, "worker_id": "adbd454c-5351-4d16-ade1-2f88a5c69ad0-140166383023936", "trial_id": 36, "state": 1, "values": [0.93324482441], "datetime_complete": "2023-02-27T16:43:32.314422"}
{"op_code": 4, "worker_id": "06e5efcd-eb6e-4d5c-b4ca-0c31d8e9b145-140475671299904", "study_id": 0, "datetime_start": "2023-02-27T16:43:10.271478"}
{"op_code": 6, "worker_id": "4866f4c6-3fdb-4d61-890c-225eb26ba1df-140394390243136", "trial_id": 37, "state": 1, "values": [0.9644268751099998], "datetime_complete": "2023-02-27T16:43:32.804609"}
{"op_code": 5, "worker_id": "06e5efcd-eb6e-4d5c-b4ca-0c31d8e9b145-140475671299904", "trial_id": 41, "param_name": "filter", "param_value_internal": 220000.0, "distribution": "{\"name\": \"IntDistribution\", \"attributes\": {\"log\": false, \"step\": 10000, \"low\": 10000, \"high\": 1000000}}"}
{"op_code": 6, "worker_id": "6bc2c304-54ed-41a0-8b85-5634b98b15bb-140625265485632", "trial_id": 38, "state": 1, "values": [0.9644268751099998], "datetime_complete": "2023-02-27T16:43:33.655059"}
{"op_code": 4, "worker_id": "5de481bd-6237-448f-83fb-417640847894-140398605285184", "study_id": 0, "datetime_start": "2023-02-27T16:43:09.341476"}
{"op_code": 5, "worker_id": "5de481bd-6237-448f-83fb-417640847894-140398605285184", "trial_id": 42, "param_name": "filter", "param_value_internal": 800000.0, "distribution": "{\"name\": \"IntDistribution\", \"attributes\": {\"log\": false, \"step\": 10000, \"low\": 10000, \"high\": 1000000}}"}
{"op_code": 5, "worker_id": "24df2487-5649-4ee2-a188-639002a6d920-140259441858368", "trial_id": 40, "param_name": "filter", "param_value_internal": 80000.0, "distribution": "{\"name\": \"IntDistribution\", \"attributes\": {\"log\": false, \"step\": 10000, \"low\": 10000, \"high\": 1000000}}"}
{"op_code": 6, "worker_id": "8965d319-a184-42b9-80c8-3db95c1d9244-139752123103040", "trial_id": 39, "state": 1, "values": [0.9445600509630001], "datetime_complete": "2023-02-27T16:43:34.430671"}
{"op_code": 4, "worker_id": "89eb221d-b9e5-4cb1-8c16-b7c21e43ff6c-139804943677248", "study_id": 0, "datetime_start": "2023-02-27T16:43:09.023844"}
{"op_code": 5, "worker_id": "89eb221d-b9e5-4cb1-8c16-b7c21e43ff6c-139804943677248", "trial_id": 43, "param_name": "filter", "param_value_internal": 910000.0, "distribution": "{\"name\": \"IntDistribution\", \"attributes\": {\"log\": false, \"step\": 10000, \"low\": 10000, \"high\": 1000000}}"}
{"op_code": 6, "worker_id": "06e5efcd-eb6e-4d5c-b4ca-0c31d8e9b145-140475671299904", "trial_id": 41, "state": 1, "values": [1.0900759100930002], "datetime_complete": "2023-02-27T16:43:35.205020"}
{"op_code": 5, "worker_id": "7af3e2a8-6b8d-43db-95ad-923858446381-140092210640704", "trial_id": 3, "param_name": "filter", "param_value_internal": 920000.0, "distribution": "{\"name\": \"IntDistribution\", \"attributes\": {\"log\": false, \"step\": 10000, \"low\": 10000, \"high\": 1000000}}"}
{"op_code": 4, "worker_id": "13631fb6-67ce-4668-9662-de78e824271a-140389977806656", "study_id": 0, "datetime_start": "2023-02-27T16:43:09.454361"}
{"op_code": 6, "worker_id": "5de481bd-6237-448f-83fb-417640847894-140398605285184", "trial_id": 42, "state": 1, "values": [1.120183855295], "datetime_complete": "2023-02-27T16:43:36.201253"}
{"op_code": 5, "worker_id": "13631fb6-67ce-4668-9662-de78e824271a-140389977806656", "trial_id": 44, "param_name": "filter", "param_value_internal": 800000.0, "distribution": "{\"name\": \"IntDistribution\", \"attributes\": {\"log\": false, \"step\": 10000, \"low\": 10000, \"high\": 1000000}}"}
{"op_code": 6, "worker_id": "24df2487-5649-4ee2-a188-639002a6d920-140259441858368", "trial_id": 40, "state": 1, "values": [0.93324482441], "datetime_complete": "2023-02-27T16:43:36.465186"}
{"op_code": 4, "worker_id": "e9ef3b2f-f0fd-47d3-9c3e-6fbc38dfb5c4-139784735967040", "study_id": 0, "datetime_start": "2023-02-27T16:43:07.932196"}
{"op_code": 4, "worker_id": "fe1af226-4db8-4058-9343-11079f678a43-140584572913472", "study_id": 0, "datetime_start": "2023-02-27T16:43:09.554413"}
{"op_code": 5, "worker_id": "e9ef3b2f-f0fd-47d3-9c3e-6fbc38dfb5c4-139784735967040", "trial_id": 45, "param_name": "filter", "param_value_internal": 10000.0, "distribution": "{\"name\": \"IntDistribution\", \"attributes\": {\"log\": false, \"step\": 10000, \"low\": 10000, \"high\": 1000000}}"}
{"op_code": 5, "worker_id": "fe1af226-4db8-4058-9343-11079f678a43-140584572913472", "trial_id": 46, "param_name": "filter", "param_value_internal": 10000.0, "distribution": "{\"name\": \"IntDistribution\", \"attributes\": {\"log\": false, \"step\": 10000, \"low\": 10000, \"high\": 1000000}}"}
{"op_code": 6, "worker_id": "89eb221d-b9e5-4cb1-8c16-b7c21e43ff6c-139804943677248", "trial_id": 43, "state": 1, "values": [1.12198364734], "datetime_complete": "2023-02-27T16:43:37.126286"}
{"op_code": 6, "worker_id": "7af3e2a8-6b8d-43db-95ad-923858446381-140092210640704", "trial_id": 3, "state": 1, "values": [1.12220716476], "datetime_complete": "2023-02-27T16:43:37.907451"}
{"op_code": 4, "worker_id": "c8f00894-2ba4-4b81-a2d8-482eb57777b7-139920268306240", "study_id": 0, "datetime_start": "2023-02-27T16:43:09.612818"}
{"op_code": 5, "worker_id": "c8f00894-2ba4-4b81-a2d8-482eb57777b7-139920268306240", "trial_id": 47, "param_name": "filter", "param_value_internal": 10000.0, "distribution": "{\"name\": \"IntDistribution\", \"attributes\": {\"log\": false, \"step\": 10000, \"low\": 10000, \"high\": 1000000}}"}
{"op_code": 6, "worker_id": "13631fb6-67ce-4668-9662-de78e824271a-140389977806656", "trial_id": 44, "state": 1, "values": [1.120183855295], "datetime_complete": "2023-02-27T16:43:38.943519"}
{"op_code": 4, "worker_id": "87b1d840-d591-4e53-8351-647482390501-140322886625088", "study_id": 0, "datetime_start": "2023-02-27T16:43:08.049983"}
{"op_code": 6, "worker_id": "e9ef3b2f-f0fd-47d3-9c3e-6fbc38dfb5c4-139784735967040", "trial_id": 45, "state": 1, "values": [0.8614974021899999], "datetime_complete": "2023-02-27T16:43:39.888274"}
{"op_code": 5, "worker_id": "87b1d840-d591-4e53-8351-647482390501-140322886625088", "trial_id": 48, "param_name": "filter", "param_value_internal": 200000.0, "distribution": "{\"name\": \"IntDistribution\", \"attributes\": {\"log\": false, \"step\": 10000, \"low\": 10000, \"high\": 1000000}}"}
{"op_code": 6, "worker_id": "fe1af226-4db8-4058-9343-11079f678a43-140584572913472", "trial_id": 46, "state": 1, "values": [0.8614974021899999], "datetime_complete": "2023-02-27T16:43:40.066265"}
{"op_code": 4, "worker_id": "395c2f83-bebb-4f58-a24b-f530824046de-140395045193536", "study_id": 0, "datetime_start": "2023-02-27T16:43:07.974527"}
{"op_code": 6, "worker_id": "c8f00894-2ba4-4b81-a2d8-482eb57777b7-139920268306240", "trial_id": 47, "state": 1, "values": [0.8614974021899999], "datetime_complete": "2023-02-27T16:43:41.144474"}
{"op_code": 5, "worker_id": "395c2f83-bebb-4f58-a24b-f530824046de-140395045193536", "trial_id": 49, "param_name": "filter", "param_value_internal": 1000000.0, "distribution": "{\"name\": \"IntDistribution\", \"attributes\": {\"log\": false, \"step\": 10000, \"low\": 10000, \"high\": 1000000}}"}
{"op_code": 6, "worker_id": "87b1d840-d591-4e53-8351-647482390501-140322886625088", "trial_id": 48, "state": 1, "values": [1.0800062418], "datetime_complete": "2023-02-27T16:43:42.609064"}
{"op_code": 6, "worker_id": "395c2f83-bebb-4f58-a24b-f530824046de-140395045193536", "trial_id": 49, "state": 1, "values": [1.12281942367], "datetime_complete": "2023-02-27T16:43:43.519814"}
