{"op_code": 0, "worker_id": "b52bd978-b7ca-40fa-8b8a-e7c4d8d7a8b4-139888141408064", "study_name": "regional_seperation_indiv_eq_sources_regional_comparison", "directions": [1]}
{"op_code": 4, "worker_id": "8c46d076-feea-40cc-bc0e-9483df2ee873-140450731829056", "study_id": 0, "datetime_start": "2023-02-27T16:45:37.463317"}
{"op_code": 4, "worker_id": "fd3d9cb3-d127-4253-bb3f-ba08c9145507-139804943677248", "study_id": 0, "datetime_start": "2023-02-27T16:45:37.697533"}
{"op_code": 5, "worker_id": "8c46d076-feea-40cc-bc0e-9483df2ee873-140450731829056", "trial_id": 0, "param_name": "eq_sources", "param_value_internal": 9300000.0, "distribution": "{\"name\": \"IntDistribution\", \"attributes\": {\"log\": false, \"step\": 10000, \"low\": 10000, \"high\": 10000000}}"}
{"op_code": 5, "worker_id": "fd3d9cb3-d127-4253-bb3f-ba08c9145507-139804943677248", "trial_id": 1, "param_name": "eq_sources", "param_value_internal": 2860000.0, "distribution": "{\"name\": \"IntDistribution\", \"attributes\": {\"log\": false, \"step\": 10000, \"low\": 10000, \"high\": 10000000}}"}
{"op_code": 4, "worker_id": "eb394ca9-58a7-4db5-8c41-dccbe6c1cd6b-139933436802880", "study_id": 0, "datetime_start": "2023-02-27T16:45:37.501555"}
{"op_code": 5, "worker_id": "eb394ca9-58a7-4db5-8c41-dccbe6c1cd6b-139933436802880", "trial_id": 2, "param_name": "eq_sources", "param_value_internal": 5160000.0, "distribution": "{\"name\": \"IntDistribution\", \"attributes\": {\"log\": false, \"step\": 10000, \"low\": 10000, \"high\": 10000000}}"}
{"op_code": 4, "worker_id": "4d841bba-90ce-4033-bdbe-ea1a952e80ef-140063201642304", "study_id": 0, "datetime_start": "2023-02-27T16:45:37.508173"}
{"op_code": 5, "worker_id": "4d841bba-90ce-4033-bdbe-ea1a952e80ef-140063201642304", "trial_id": 3, "param_name": "eq_sources", "param_value_internal": 5180000.0, "distribution": "{\"name\": \"IntDistribution\", \"attributes\": {\"log\": false, \"step\": 10000, \"low\": 10000, \"high\": 10000000}}"}
{"op_code": 4, "worker_id": "a07a17e9-e9ee-4892-ac60-dc6ccb3f154d-139723507173184", "study_id": 0, "datetime_start": "2023-02-27T16:45:37.517008"}
{"op_code": 5, "worker_id": "a07a17e9-e9ee-4892-ac60-dc6ccb3f154d-139723507173184", "trial_id": 4, "param_name": "eq_sources", "param_value_internal": 9880000.0, "distribution": "{\"name\": \"IntDistribution\", \"attributes\": {\"log\": false, \"step\": 10000, \"low\": 10000, \"high\": 10000000}}"}
{"op_code": 4, "worker_id": "a03381af-d53e-4f46-9175-2a6825b5b0e3-140307656628032", "study_id": 0, "datetime_start": "2023-02-27T16:45:37.523114"}
{"op_code": 5, "worker_id": "a03381af-d53e-4f46-9175-2a6825b5b0e3-140307656628032", "trial_id": 5, "param_name": "eq_sources", "param_value_internal": 4370000.0, "distribution": "{\"name\": \"IntDistribution\", \"attributes\": {\"log\": false, \"step\": 10000, \"low\": 10000, \"high\": 10000000}}"}
{"op_code": 4, "worker_id": "8316b276-9ae9-499d-811d-d0f5ba9ee7c0-140612905432896", "study_id": 0, "datetime_start": "2023-02-27T16:45:37.532160"}
{"op_code": 5, "worker_id": "8316b276-9ae9-499d-811d-d0f5ba9ee7c0-140612905432896", "trial_id": 6, "param_name": "eq_sources", "param_value_internal": 6840000.0, "distribution": "{\"name\": \"IntDistribution\", \"attributes\": {\"log\": false, \"step\": 10000, \"low\": 10000, \"high\": 10000000}}"}
{"op_code": 4, "worker_id": "a5ac62ee-2151-4c93-98ed-592193b701a6-139752123103040", "study_id": 0, "datetime_start": "2023-02-27T16:45:37.537190"}
{"op_code": 5, "worker_id": "a5ac62ee-2151-4c93-98ed-592193b701a6-139752123103040", "trial_id": 7, "param_name": "eq_sources", "param_value_internal": 250000.0, "distribution": "{\"name\": \"IntDistribution\", \"attributes\": {\"log\": false, \"step\": 10000, \"low\": 10000, \"high\": 10000000}}"}
{"op_code": 4, "worker_id": "51d170c5-a79f-45a0-a32e-5847d95ef104-139844607301440", "study_id": 0, "datetime_start": "2023-02-27T16:45:37.554419"}
{"op_code": 5, "worker_id": "51d170c5-a79f-45a0-a32e-5847d95ef104-139844607301440", "trial_id": 8, "param_name": "eq_sources", "param_value_internal": 8720000.0, "distribution": "{\"name\": \"IntDistribution\", \"attributes\": {\"log\": false, \"step\": 10000, \"low\": 10000, \"high\": 10000000}}"}
{"op_code": 4, "worker_id": "41f3714e-d45b-4aab-9561-a025f2e044f5-140501595891520", "study_id": 0, "datetime_start": "2023-02-27T16:45:37.470897"}
{"op_code": 5, "worker_id": "41f3714e-d45b-4aab-9561-a025f2e044f5-140501595891520", "trial_id": 9, "param_name": "eq_sources", "param_value_internal": 8320000.0, "distribution": "{\"name\": \"IntDistribution\", \"attributes\": {\"log\": false, \"step\": 10000, \"low\": 10000, \"high\": 10000000}}"}
{"op_code": 4, "worker_id": "92c11acb-a152-40d0-94f5-384dc50b8d44-139773241337664", "study_id": 0, "datetime_start": "2023-02-27T16:45:37.473261"}
{"op_code": 5, "worker_id": "92c11acb-a152-40d0-94f5-384dc50b8d44-139773241337664", "trial_id": 10, "param_name": "eq_sources", "param_value_internal": 3220000.0, "distribution": "{\"name\": \"IntDistribution\", \"attributes\": {\"log\": false, \"step\": 10000, \"low\": 10000, \"high\": 10000000}}"}
{"op_code": 4, "worker_id": "85fe89f2-1d0d-4af7-8d16-5b975b4c52fe-140107184412480", "study_id": 0, "datetime_start": "2023-02-27T16:45:37.465820"}
{"op_code": 5, "worker_id": "85fe89f2-1d0d-4af7-8d16-5b975b4c52fe-140107184412480", "trial_id": 11, "param_name": "eq_sources", "param_value_internal": 7030000.0, "distribution": "{\"name\": \"IntDistribution\", \"attributes\": {\"log\": false, \"step\": 10000, \"low\": 10000, \"high\": 10000000}}"}
{"op_code": 4, "worker_id": "315ce97d-03b5-4a82-a22b-ce36f933fcf2-139731920631616", "study_id": 0, "datetime_start": "2023-02-27T16:45:37.488235"}
{"op_code": 5, "worker_id": "315ce97d-03b5-4a82-a22b-ce36f933fcf2-139731920631616", "trial_id": 12, "param_name": "eq_sources", "param_value_internal": 6580000.0, "distribution": "{\"name\": \"IntDistribution\", \"attributes\": {\"log\": false, \"step\": 10000, \"low\": 10000, \"high\": 10000000}}"}
{"op_code": 6, "worker_id": "8c46d076-feea-40cc-bc0e-9483df2ee873-140450731829056", "trial_id": 0, "state": 1, "values": [1.2267014980275], "datetime_complete": "2023-02-27T16:45:52.735942"}
{"op_code": 4, "worker_id": "3855a81a-ffa0-49ab-bb0b-01e27a852ded-139787749259072", "study_id": 0, "datetime_start": "2023-02-27T16:45:37.498214"}
{"op_code": 5, "worker_id": "3855a81a-ffa0-49ab-bb0b-01e27a852ded-139787749259072", "trial_id": 13, "param_name": "eq_sources", "param_value_internal": 5590000.0, "distribution": "{\"name\": \"IntDistribution\", \"attributes\": {\"log\": false, \"step\": 10000, \"low\": 10000, \"high\": 10000000}}"}
{"op_code": 6, "worker_id": "fd3d9cb3-d127-4253-bb3f-ba08c9145507-139804943677248", "trial_id": 1, "state": 1, "values": [0.9067586660362501], "datetime_complete": "2023-02-27T16:45:53.668498"}
{"op_code": 4, "worker_id": "dcaea4de-2967-466e-a268-e455380f322a-140584572913472", "study_id": 0, "datetime_start": "2023-02-27T16:45:37.544944"}
{"op_code": 5, "worker_id": "dcaea4de-2967-466e-a268-e455380f322a-140584572913472", "trial_id": 14, "param_name": "eq_sources", "param_value_internal": 3670000.0, "distribution": "{\"name\": \"IntDistribution\", \"attributes\": {\"log\": false, \"step\": 10000, \"low\": 10000, \"high\": 10000000}}"}
{"op_code": 4, "worker_id": "b2f38438-ea75-42e1-81ef-f80b38b4f6bd-140394390243136", "study_id": 0, "datetime_start": "2023-02-27T16:45:37.483273"}
{"op_code": 5, "worker_id": "b2f38438-ea75-42e1-81ef-f80b38b4f6bd-140394390243136", "trial_id": 15, "param_name": "eq_sources", "param_value_internal": 7800000.0, "distribution": "{\"name\": \"IntDistribution\", \"attributes\": {\"log\": false, \"step\": 10000, \"low\": 10000, \"high\": 10000000}}"}
{"op_code": 6, "worker_id": "eb394ca9-58a7-4db5-8c41-dccbe6c1cd6b-139933436802880", "trial_id": 2, "state": 1, "values": [0.9062104225112502], "datetime_complete": "2023-02-27T16:45:56.016613"}
{"op_code": 4, "worker_id": "cefa581b-ae4c-403c-86f2-360c96b5e4ea-140306702272320", "study_id": 0, "datetime_start": "2023-02-27T16:45:37.469172"}
{"op_code": 5, "worker_id": "cefa581b-ae4c-403c-86f2-360c96b5e4ea-140306702272320", "trial_id": 16, "param_name": "eq_sources", "param_value_internal": 6220000.0, "distribution": "{\"name\": \"IntDistribution\", \"attributes\": {\"log\": false, \"step\": 10000, \"low\": 10000, \"high\": 10000000}}"}
{"op_code": 4, "worker_id": "5be95407-e57c-41be-958f-4f15f9142fc1-139683464394560", "study_id": 0, "datetime_start": "2023-02-27T16:45:37.579185"}
{"op_code": 5, "worker_id": "5be95407-e57c-41be-958f-4f15f9142fc1-139683464394560", "trial_id": 17, "param_name": "eq_sources", "param_value_internal": 4510000.0, "distribution": "{\"name\": \"IntDistribution\", \"attributes\": {\"log\": false, \"step\": 10000, \"low\": 10000, \"high\": 10000000}}"}
{"op_code": 6, "worker_id": "4d841bba-90ce-4033-bdbe-ea1a952e80ef-140063201642304", "trial_id": 3, "state": 1, "values": [0.917922735214], "datetime_complete": "2023-02-27T16:45:57.686526"}
{"op_code": 4, "worker_id": "db16f875-0bd0-4b20-aad6-a0b87ea49a07-140625265485632", "study_id": 0, "datetime_start": "2023-02-27T16:45:37.475802"}
{"op_code": 5, "worker_id": "db16f875-0bd0-4b20-aad6-a0b87ea49a07-140625265485632", "trial_id": 18, "param_name": "eq_sources", "param_value_internal": 1920000.0, "distribution": "{\"name\": \"IntDistribution\", \"attributes\": {\"log\": false, \"step\": 10000, \"low\": 10000, \"high\": 10000000}}"}
{"op_code": 6, "worker_id": "a07a17e9-e9ee-4892-ac60-dc6ccb3f154d-139723507173184", "trial_id": 4, "state": 1, "values": [1.2898749113075], "datetime_complete": "2023-02-27T16:45:58.448322"}
{"op_code": 4, "worker_id": "739bf157-7ebc-4e51-aa8b-09afd3c00290-140150798460736", "study_id": 0, "datetime_start": "2023-02-27T16:45:37.485851"}
{"op_code": 5, "worker_id": "739bf157-7ebc-4e51-aa8b-09afd3c00290-140150798460736", "trial_id": 19, "param_name": "eq_sources", "param_value_internal": 6190000.0, "distribution": "{\"name\": \"IntDistribution\", \"attributes\": {\"log\": false, \"step\": 10000, \"low\": 10000, \"high\": 10000000}}"}
{"op_code": 6, "worker_id": "a03381af-d53e-4f46-9175-2a6825b5b0e3-140307656628032", "trial_id": 5, "state": 1, "values": [0.914326429365703], "datetime_complete": "2023-02-27T16:46:00.317839"}
{"op_code": 4, "worker_id": "fc43b8e4-7cb9-48af-b525-224292b2d8c6-139911291795264", "study_id": 0, "datetime_start": "2023-02-27T16:45:37.525491"}
{"op_code": 5, "worker_id": "fc43b8e4-7cb9-48af-b525-224292b2d8c6-139911291795264", "trial_id": 20, "param_name": "eq_sources", "param_value_internal": 6670000.0, "distribution": "{\"name\": \"IntDistribution\", \"attributes\": {\"log\": false, \"step\": 10000, \"low\": 10000, \"high\": 10000000}}"}
{"op_code": 6, "worker_id": "8316b276-9ae9-499d-811d-d0f5ba9ee7c0-140612905432896", "trial_id": 6, "state": 1, "values": [1.0704698562575], "datetime_complete": "2023-02-27T16:46:01.700601"}
{"op_code": 4, "worker_id": "c81c3819-b725-4aea-b87e-8de2521808a0-140691287406400", "study_id": 0, "datetime_start": "2023-02-27T16:45:37.480800"}
{"op_code": 5, "worker_id": "c81c3819-b725-4aea-b87e-8de2521808a0-140691287406400", "trial_id": 21, "param_name": "eq_sources", "param_value_internal": 7190000.0, "distribution": "{\"name\": \"IntDistribution\", \"attributes\": {\"log\": false, \"step\": 10000, \"low\": 10000, \"high\": 10000000}}"}
{"op_code": 4, "worker_id": "5f50bb60-e58d-411d-bd35-d37fbb4f6f26-140475671299904", "study_id": 0, "datetime_start": "2023-02-27T16:45:37.478176"}
{"op_code": 6, "worker_id": "a5ac62ee-2151-4c93-98ed-592193b701a6-139752123103040", "trial_id": 7, "state": 1, "values": [0.9820951223390626], "datetime_complete": "2023-02-27T16:46:03.557857"}
{"op_code": 5, "worker_id": "5f50bb60-e58d-411d-bd35-d37fbb4f6f26-140475671299904", "trial_id": 22, "param_name": "eq_sources", "param_value_internal": 5800000.0, "distribution": "{\"name\": \"IntDistribution\", \"attributes\": {\"log\": false, \"step\": 10000, \"low\": 10000, \"high\": 10000000}}"}
{"op_code": 4, "worker_id": "f76f263d-f8f7-447c-8942-b4e07e1b3dd5-139807972108096", "study_id": 0, "datetime_start": "2023-02-27T16:45:37.492002"}
{"op_code": 5, "worker_id": "f76f263d-f8f7-447c-8942-b4e07e1b3dd5-139807972108096", "trial_id": 23, "param_name": "eq_sources", "param_value_internal": 4510000.0, "distribution": "{\"name\": \"IntDistribution\", \"attributes\": {\"log\": false, \"step\": 10000, \"low\": 10000, \"high\": 10000000}}"}
{"op_code": 6, "worker_id": "51d170c5-a79f-45a0-a32e-5847d95ef104-139844607301440", "trial_id": 8, "state": 1, "values": [1.285584896803], "datetime_complete": "2023-02-27T16:46:05.369027"}
{"op_code": 4, "worker_id": "b2f07a06-4f18-4118-9dd1-8cb08b40ff43-140084318684992", "study_id": 0, "datetime_start": "2023-02-27T16:45:37.542223"}
{"op_code": 5, "worker_id": "b2f07a06-4f18-4118-9dd1-8cb08b40ff43-140084318684992", "trial_id": 24, "param_name": "eq_sources", "param_value_internal": 4490000.0, "distribution": "{\"name\": \"IntDistribution\", \"attributes\": {\"log\": false, \"step\": 10000, \"low\": 10000, \"high\": 10000000}}"}
{"op_code": 6, "worker_id": "41f3714e-d45b-4aab-9561-a025f2e044f5-140501595891520", "trial_id": 9, "state": 1, "values": [1.1810152530675002], "datetime_complete": "2023-02-27T16:46:05.899099"}
{"op_code": 4, "worker_id": "dbbd9d80-9770-4fb6-a2e2-01d61037e348-140716237879104", "study_id": 0, "datetime_start": "2023-02-27T16:45:37.496224"}
{"op_code": 5, "worker_id": "dbbd9d80-9770-4fb6-a2e2-01d61037e348-140716237879104", "trial_id": 25, "param_name": "eq_sources", "param_value_internal": 1680000.0, "distribution": "{\"name\": \"IntDistribution\", \"attributes\": {\"log\": false, \"step\": 10000, \"low\": 10000, \"high\": 10000000}}"}
{"op_code": 6, "worker_id": "92c11acb-a152-40d0-94f5-384dc50b8d44-139773241337664", "trial_id": 10, "state": 1, "values": [0.9170709848427077], "datetime_complete": "2023-02-27T16:46:07.140092"}
{"op_code": 4, "worker_id": "62441555-f46b-40fa-b3e3-031ed163be60-139949403043648", "study_id": 0, "datetime_start": "2023-02-27T16:45:37.506682"}
{"op_code": 5, "worker_id": "62441555-f46b-40fa-b3e3-031ed163be60-139949403043648", "trial_id": 26, "param_name": "eq_sources", "param_value_internal": 2050000.0, "distribution": "{\"name\": \"IntDistribution\", \"attributes\": {\"log\": false, \"step\": 10000, \"low\": 10000, \"high\": 10000000}}"}
{"op_code": 6, "worker_id": "315ce97d-03b5-4a82-a22b-ce36f933fcf2-139731920631616", "trial_id": 12, "state": 1, "values": [0.8743669986737501], "datetime_complete": "2023-02-27T16:46:08.734528"}
{"op_code": 6, "worker_id": "85fe89f2-1d0d-4af7-8d16-5b975b4c52fe-140107184412480", "trial_id": 11, "state": 1, "values": [0.9096231460600004], "datetime_complete": "2023-02-27T16:46:09.016823"}
{"op_code": 4, "worker_id": "23f91c5c-5d55-4d80-b45b-f3921e6d0a9f-140282886547264", "study_id": 0, "datetime_start": "2023-02-27T16:45:37.493247"}
{"op_code": 5, "worker_id": "23f91c5c-5d55-4d80-b45b-f3921e6d0a9f-140282886547264", "trial_id": 27, "param_name": "eq_sources", "param_value_internal": 5980000.0, "distribution": "{\"name\": \"IntDistribution\", \"attributes\": {\"log\": false, \"step\": 10000, \"low\": 10000, \"high\": 10000000}}"}
{"op_code": 4, "worker_id": "d98d4389-b0f3-4d9c-b03c-d5549e458342-139752630769472", "study_id": 0, "datetime_start": "2023-02-27T16:45:37.549372"}
{"op_code": 6, "worker_id": "3855a81a-ffa0-49ab-bb0b-01e27a852ded-139787749259072", "trial_id": 13, "state": 1, "values": [0.9201110601409375], "datetime_complete": "2023-02-27T16:46:10.807465"}
{"op_code": 5, "worker_id": "d98d4389-b0f3-4d9c-b03c-d5549e458342-139752630769472", "trial_id": 28, "param_name": "eq_sources", "param_value_internal": 7120000.0, "distribution": "{\"name\": \"IntDistribution\", \"attributes\": {\"log\": false, \"step\": 10000, \"low\": 10000, \"high\": 10000000}}"}
{"op_code": 4, "worker_id": "56542947-d271-4de5-be69-1812a3e51c03-140313947490112", "study_id": 0, "datetime_start": "2023-02-27T16:45:37.540486"}
{"op_code": 6, "worker_id": "b2f38438-ea75-42e1-81ef-f80b38b4f6bd-140394390243136", "trial_id": 15, "state": 1, "values": [1.1342485547065], "datetime_complete": "2023-02-27T16:46:11.865831"}
{"op_code": 5, "worker_id": "56542947-d271-4de5-be69-1812a3e51c03-140313947490112", "trial_id": 29, "param_name": "eq_sources", "param_value_internal": 6170000.0, "distribution": "{\"name\": \"IntDistribution\", \"attributes\": {\"log\": false, \"step\": 10000, \"low\": 10000, \"high\": 10000000}}"}
{"op_code": 6, "worker_id": "dcaea4de-2967-466e-a268-e455380f322a-140584572913472", "trial_id": 14, "state": 1, "values": [0.9057247638703125], "datetime_complete": "2023-02-27T16:46:12.225912"}
{"op_code": 4, "worker_id": "ddd856d2-9a4a-4cd7-ae47-604b427d5ee7-139775130142528", "study_id": 0, "datetime_start": "2023-02-27T16:45:37.534805"}
{"op_code": 5, "worker_id": "ddd856d2-9a4a-4cd7-ae47-604b427d5ee7-139775130142528", "trial_id": 30, "param_name": "eq_sources", "param_value_internal": 1390000.0, "distribution": "{\"name\": \"IntDistribution\", \"attributes\": {\"log\": false, \"step\": 10000, \"low\": 10000, \"high\": 10000000}}"}
{"op_code": 6, "worker_id": "cefa581b-ae4c-403c-86f2-360c96b5e4ea-140306702272320", "trial_id": 16, "state": 1, "values": [0.9075956344612499], "datetime_complete": "2023-02-27T16:46:13.689855"}
{"op_code": 4, "worker_id": "b99a8201-0adb-4719-8282-52b6986bcd9b-140259441858368", "study_id": 0, "datetime_start": "2023-02-27T16:45:37.546982"}
{"op_code": 5, "worker_id": "b99a8201-0adb-4719-8282-52b6986bcd9b-140259441858368", "trial_id": 31, "param_name": "eq_sources", "param_value_internal": 1370000.0, "distribution": "{\"name\": \"IntDistribution\", \"attributes\": {\"log\": false, \"step\": 10000, \"low\": 10000, \"high\": 10000000}}"}
{"op_code": 6, "worker_id": "f76f263d-f8f7-447c-8942-b4e07e1b3dd5-139807972108096", "trial_id": 23, "state": 1, "values": [0.9094140529673438], "datetime_complete": "2023-02-27T16:46:14.640305"}
{"op_code": 6, "worker_id": "5be95407-e57c-41be-958f-4f15f9142fc1-139683464394560", "trial_id": 17, "state": 1, "values": [0.9094140529673438], "datetime_complete": "2023-02-27T16:46:14.819632"}
{"op_code": 6, "worker_id": "dbbd9d80-9770-4fb6-a2e2-01d61037e348-140716237879104", "trial_id": 25, "state": 1, "values": [0.8322634696990625], "datetime_complete": "2023-02-27T16:46:15.976587"}
{"op_code": 6, "worker_id": "db16f875-0bd0-4b20-aad6-a0b87ea49a07-140625265485632", "trial_id": 18, "state": 1, "values": [0.90845501422925], "datetime_complete": "2023-02-27T16:46:16.179152"}
{"op_code": 6, "worker_id": "739bf157-7ebc-4e51-aa8b-09afd3c00290-140150798460736", "trial_id": 19, "state": 1, "values": [0.999865889549125], "datetime_complete": "2023-02-27T16:46:16.755427"}
{"op_code": 4, "worker_id": "5281be03-49e9-4c27-9ccf-e8367bbaacc9-140453760513856", "study_id": 0, "datetime_start": "2023-02-27T16:45:37.529634"}
{"op_code": 5, "worker_id": "5281be03-49e9-4c27-9ccf-e8367bbaacc9-140453760513856", "trial_id": 32, "param_name": "eq_sources", "param_value_internal": 800000.0, "distribution": "{\"name\": \"IntDistribution\", \"attributes\": {\"log\": false, \"step\": 10000, \"low\": 10000, \"high\": 10000000}}"}
{"op_code": 6, "worker_id": "fc43b8e4-7cb9-48af-b525-224292b2d8c6-139911291795264", "trial_id": 20, "state": 1, "values": [0.9252381324774999], "datetime_complete": "2023-02-27T16:46:18.239837"}
{"op_code": 4, "worker_id": "f663acc0-c37b-4cec-9720-f71524010c37-140398605285184", "study_id": 0, "datetime_start": "2023-02-27T16:45:37.503335"}
{"op_code": 5, "worker_id": "f663acc0-c37b-4cec-9720-f71524010c37-140398605285184", "trial_id": 33, "param_name": "eq_sources", "param_value_internal": 1130000.0, "distribution": "{\"name\": \"IntDistribution\", \"attributes\": {\"log\": false, \"step\": 10000, \"low\": 10000, \"high\": 10000000}}"}
{"op_code": 6, "worker_id": "c81c3819-b725-4aea-b87e-8de2521808a0-140691287406400", "trial_id": 21, "state": 1, "values": [1.0575618743925004], "datetime_complete": "2023-02-27T16:46:19.525841"}
{"op_code": 4, "worker_id": "cd0c78a6-4a52-44e5-821e-703fee3ae104-140389977806656", "study_id": 0, "datetime_start": "2023-02-27T16:45:37.571884"}
{"op_code": 5, "worker_id": "cd0c78a6-4a52-44e5-821e-703fee3ae104-140389977806656", "trial_id": 34, "param_name": "eq_sources", "param_value_internal": 1100000.0, "distribution": "{\"name\": \"IntDistribution\", \"attributes\": {\"log\": false, \"step\": 10000, \"low\": 10000, \"high\": 10000000}}"}
{"op_code": 6, "worker_id": "5f50bb60-e58d-411d-bd35-d37fbb4f6f26-140475671299904", "trial_id": 22, "state": 1, "values": [0.9314308166518748], "datetime_complete": "2023-02-27T16:46:20.621431"}
{"op_code": 4, "worker_id": "f54c400c-1463-495f-b02e-8133aae1afe2-140417913599808", "study_id": 0, "datetime_start": "2023-02-27T16:45:37.562788"}
{"op_code": 5, "worker_id": "f54c400c-1463-495f-b02e-8133aae1afe2-140417913599808", "trial_id": 35, "param_name": "eq_sources", "param_value_internal": 1000000.0, "distribution": "{\"name\": \"IntDistribution\", \"attributes\": {\"log\": false, \"step\": 10000, \"low\": 10000, \"high\": 10000000}}"}
{"op_code": 6, "worker_id": "b2f07a06-4f18-4118-9dd1-8cb08b40ff43-140084318684992", "trial_id": 24, "state": 1, "values": [0.9266395568809376], "datetime_complete": "2023-02-27T16:46:21.713933"}
{"op_code": 4, "worker_id": "5425f8e2-8939-4286-8644-9d85fff48ce7-139806100617024", "study_id": 0, "datetime_start": "2023-02-27T16:45:37.527255"}
{"op_code": 5, "worker_id": "5425f8e2-8939-4286-8644-9d85fff48ce7-139806100617024", "trial_id": 36, "param_name": "eq_sources", "param_value_internal": 1090000.0, "distribution": "{\"name\": \"IntDistribution\", \"attributes\": {\"log\": false, \"step\": 10000, \"low\": 10000, \"high\": 10000000}}"}
{"op_code": 6, "worker_id": "62441555-f46b-40fa-b3e3-031ed163be60-139949403043648", "trial_id": 26, "state": 1, "values": [0.9413328170762498], "datetime_complete": "2023-02-27T16:46:23.096915"}
{"op_code": 4, "worker_id": "79ffe48d-3e4c-4a27-b4ba-4b822abea986-140399246194496", "study_id": 0, "datetime_start": "2023-02-27T16:45:37.570164"}
{"op_code": 5, "worker_id": "79ffe48d-3e4c-4a27-b4ba-4b822abea986-140399246194496", "trial_id": 37, "param_name": "eq_sources", "param_value_internal": 60000.0, "distribution": "{\"name\": \"IntDistribution\", \"attributes\": {\"log\": false, \"step\": 10000, \"low\": 10000, \"high\": 10000000}}"}
{"op_code": 4, "worker_id": "d85fe8fb-fbdc-4984-aa55-b42b4a4dc529-139784735967040", "study_id": 0, "datetime_start": "2023-02-27T16:45:37.585052"}
{"op_code": 5, "worker_id": "d85fe8fb-fbdc-4984-aa55-b42b4a4dc529-139784735967040", "trial_id": 38, "param_name": "eq_sources", "param_value_internal": 630000.0, "distribution": "{\"name\": \"IntDistribution\", \"attributes\": {\"log\": false, \"step\": 10000, \"low\": 10000, \"high\": 10000000}}"}
{"op_code": 6, "worker_id": "23f91c5c-5d55-4d80-b45b-f3921e6d0a9f-140282886547264", "trial_id": 27, "state": 1, "values": [0.926078081135], "datetime_complete": "2023-02-27T16:46:24.811792"}
{"op_code": 4, "worker_id": "8cc0eb69-f9b8-4674-814e-70e4eacdd5f0-140189664884544", "study_id": 0, "datetime_start": "2023-02-27T16:45:37.514356"}
{"op_code": 5, "worker_id": "8cc0eb69-f9b8-4674-814e-70e4eacdd5f0-140189664884544", "trial_id": 39, "param_name": "eq_sources", "param_value_internal": 250000.0, "distribution": "{\"name\": \"IntDistribution\", \"attributes\": {\"log\": false, \"step\": 10000, \"low\": 10000, \"high\": 10000000}}"}
{"op_code": 6, "worker_id": "d98d4389-b0f3-4d9c-b03c-d5549e458342-139752630769472", "trial_id": 28, "state": 1, "values": [0.9210691452074999], "datetime_complete": "2023-02-27T16:46:26.003262"}
{"op_code": 4, "worker_id": "c05453b1-75ae-4e20-a9b9-cfb5766f0399-139920268306240", "study_id": 0, "datetime_start": "2023-02-27T16:45:37.552045"}
{"op_code": 5, "worker_id": "c05453b1-75ae-4e20-a9b9-cfb5766f0399-139920268306240", "trial_id": 40, "param_name": "eq_sources", "param_value_internal": 200000.0, "distribution": "{\"name\": \"IntDistribution\", \"attributes\": {\"log\": false, \"step\": 10000, \"low\": 10000, \"high\": 10000000}}"}
{"op_code": 6, "worker_id": "56542947-d271-4de5-be69-1812a3e51c03-140313947490112", "trial_id": 29, "state": 1, "values": [0.894160538912125], "datetime_complete": "2023-02-27T16:46:27.058149"}
{"op_code": 4, "worker_id": "19743d71-6775-403a-aa60-4d5557c17e05-140554681976640", "study_id": 0, "datetime_start": "2023-02-27T16:45:37.560347"}
{"op_code": 5, "worker_id": "19743d71-6775-403a-aa60-4d5557c17e05-140554681976640", "trial_id": 41, "param_name": "eq_sources", "param_value_internal": 700000.0, "distribution": "{\"name\": \"IntDistribution\", \"attributes\": {\"log\": false, \"step\": 10000, \"low\": 10000, \"high\": 10000000}}"}
{"op_code": 6, "worker_id": "ddd856d2-9a4a-4cd7-ae47-604b427d5ee7-139775130142528", "trial_id": 30, "state": 1, "values": [0.803155183789336], "datetime_complete": "2023-02-27T16:46:27.850309"}
{"op_code": 4, "worker_id": "82600a1c-dcb8-40b4-bc26-b72f7d46223b-140092210640704", "study_id": 0, "datetime_start": "2023-02-27T16:45:37.582505"}
{"op_code": 6, "worker_id": "b99a8201-0adb-4719-8282-52b6986bcd9b-140259441858368", "trial_id": 31, "state": 1, "values": [0.806418418883875], "datetime_complete": "2023-02-27T16:46:28.726974"}
{"op_code": 5, "worker_id": "82600a1c-dcb8-40b4-bc26-b72f7d46223b-140092210640704", "trial_id": 42, "param_name": "eq_sources", "param_value_internal": 10000.0, "distribution": "{\"name\": \"IntDistribution\", \"attributes\": {\"log\": false, \"step\": 10000, \"low\": 10000, \"high\": 10000000}}"}
{"op_code": 4, "worker_id": "293b2dc0-7204-481d-b4a6-cdd18953c4b3-139896342202176", "study_id": 0, "datetime_start": "2023-02-27T16:45:37.510563"}
{"op_code": 5, "worker_id": "293b2dc0-7204-481d-b4a6-cdd18953c4b3-139896342202176", "trial_id": 43, "param_name": "eq_sources", "param_value_internal": 240000.0, "distribution": "{\"name\": \"IntDistribution\", \"attributes\": {\"log\": false, \"step\": 10000, \"low\": 10000, \"high\": 10000000}}"}
{"op_code": 4, "worker_id": "ac4f755f-d583-4837-b19c-c27910a7b774-140061799909184", "study_id": 0, "datetime_start": "2023-02-27T16:45:37.519770"}
{"op_code": 5, "worker_id": "ac4f755f-d583-4837-b19c-c27910a7b774-140061799909184", "trial_id": 44, "param_name": "eq_sources", "param_value_internal": 290000.0, "distribution": "{\"name\": \"IntDistribution\", \"attributes\": {\"log\": false, \"step\": 10000, \"low\": 10000, \"high\": 10000000}}"}
{"op_code": 6, "worker_id": "5281be03-49e9-4c27-9ccf-e8367bbaacc9-140453760513856", "trial_id": 32, "state": 1, "values": [0.9071432352084374], "datetime_complete": "2023-02-27T16:46:31.005802"}
{"op_code": 4, "worker_id": "d136e963-5429-45d5-b888-35bc9a5982ad-140166383023936", "study_id": 0, "datetime_start": "2023-02-27T16:45:37.564295"}
{"op_code": 5, "worker_id": "d136e963-5429-45d5-b888-35bc9a5982ad-140166383023936", "trial_id": 45, "param_name": "eq_sources", "param_value_internal": 1320000.0, "distribution": "{\"name\": \"IntDistribution\", \"attributes\": {\"log\": false, \"step\": 10000, \"low\": 10000, \"high\": 10000000}}"}
{"op_code": 4, "worker_id": "fa690665-bff1-4529-9961-82664fe53149-140340511594304", "study_id": 0, "datetime_start": "2023-02-27T16:45:37.556912"}
{"op_code": 5, "worker_id": "fa690665-bff1-4529-9961-82664fe53149-140340511594304", "trial_id": 46, "param_name": "eq_sources", "param_value_internal": 1360000.0, "distribution": "{\"name\": \"IntDistribution\", \"attributes\": {\"log\": false, \"step\": 10000, \"low\": 10000, \"high\": 10000000}}"}
{"op_code": 4, "worker_id": "e69304ad-3638-48b3-9e91-f7b8f415a537-140395045193536", "study_id": 0, "datetime_start": "2023-02-27T16:45:37.575176"}
{"op_code": 5, "worker_id": "e69304ad-3638-48b3-9e91-f7b8f415a537-140395045193536", "trial_id": 47, "param_name": "eq_sources", "param_value_internal": 1530000.0, "distribution": "{\"name\": \"IntDistribution\", \"attributes\": {\"log\": false, \"step\": 10000, \"low\": 10000, \"high\": 10000000}}"}
{"op_code": 6, "worker_id": "f663acc0-c37b-4cec-9720-f71524010c37-140398605285184", "trial_id": 33, "state": 1, "values": [0.75470614433], "datetime_complete": "2023-02-27T16:46:34.358092"}
{"op_code": 4, "worker_id": "84e20dd4-a494-4cb3-b66b-8d4092c8e4dd-140322886625088", "study_id": 0, "datetime_start": "2023-02-27T16:45:37.567436"}
{"op_code": 5, "worker_id": "84e20dd4-a494-4cb3-b66b-8d4092c8e4dd-140322886625088", "trial_id": 48, "param_name": "eq_sources", "param_value_internal": 1280000.0, "distribution": "{\"name\": \"IntDistribution\", \"attributes\": {\"log\": false, \"step\": 10000, \"low\": 10000, \"high\": 10000000}}"}
{"op_code": 6, "worker_id": "cd0c78a6-4a52-44e5-821e-703fee3ae104-140389977806656", "trial_id": 34, "state": 1, "values": [0.9300849735735], "datetime_complete": "2023-02-27T16:46:35.426494"}
{"op_code": 4, "worker_id": "74136d77-bef2-45c2-bb4c-07daa043ba71-140008638973760", "study_id": 0, "datetime_start": "2023-02-27T16:45:37.577021"}
{"op_code": 5, "worker_id": "74136d77-bef2-45c2-bb4c-07daa043ba71-140008638973760", "trial_id": 49, "param_name": "eq_sources", "param_value_internal": 2130000.0, "distribution": "{\"name\": \"IntDistribution\", \"attributes\": {\"log\": false, \"step\": 10000, \"low\": 10000, \"high\": 10000000}}"}
{"op_code": 6, "worker_id": "f54c400c-1463-495f-b02e-8133aae1afe2-140417913599808", "trial_id": 35, "state": 1, "values": [0.9390187263462497], "datetime_complete": "2023-02-27T16:46:36.540313"}
{"op_code": 6, "worker_id": "5425f8e2-8939-4286-8644-9d85fff48ce7-139806100617024", "trial_id": 36, "state": 1, "values": [0.919038772585], "datetime_complete": "2023-02-27T16:46:38.729593"}
{"op_code": 6, "worker_id": "79ffe48d-3e4c-4a27-b4ba-4b822abea986-140399246194496", "trial_id": 37, "state": 1, "values": [0.8691599369074998], "datetime_complete": "2023-02-27T16:46:39.708062"}
{"op_code": 6, "worker_id": "d85fe8fb-fbdc-4984-aa55-b42b4a4dc529-139784735967040", "trial_id": 38, "state": 1, "values": [0.7897622585324999], "datetime_complete": "2023-02-27T16:46:41.477107"}
{"op_code": 6, "worker_id": "8cc0eb69-f9b8-4674-814e-70e4eacdd5f0-140189664884544", "trial_id": 39, "state": 1, "values": [0.9820951223390626], "datetime_complete": "2023-02-27T16:46:42.238319"}
{"op_code": 6, "worker_id": "c05453b1-75ae-4e20-a9b9-cfb5766f0399-139920268306240", "trial_id": 40, "state": 1, "values": [0.99081683158875], "datetime_complete": "2023-02-27T16:46:43.201791"}
{"op_code": 6, "worker_id": "293b2dc0-7204-481d-b4a6-cdd18953c4b3-139896342202176", "trial_id": 43, "state": 1, "values": [0.94986605644125], "datetime_complete": "2023-02-27T16:46:44.229785"}
{"op_code": 6, "worker_id": "84e20dd4-a494-4cb3-b66b-8d4092c8e4dd-140322886625088", "trial_id": 48, "state": 1, "values": [0.7979006767302343], "datetime_complete": "2023-02-27T16:46:44.444819"}
{"op_code": 6, "worker_id": "19743d71-6775-403a-aa60-4d5557c17e05-140554681976640", "trial_id": 41, "state": 1, "values": [0.8792422711852266], "datetime_complete": "2023-02-27T16:46:44.539912"}
{"op_code": 6, "worker_id": "82600a1c-dcb8-40b4-bc26-b72f7d46223b-140092210640704", "trial_id": 42, "state": 1, "values": [0.8496696775396462], "datetime_complete": "2023-02-27T16:46:45.145644"}
{"op_code": 6, "worker_id": "ac4f755f-d583-4837-b19c-c27910a7b774-140061799909184", "trial_id": 44, "state": 1, "values": [0.9211969375562501], "datetime_complete": "2023-02-27T16:46:46.269375"}
{"op_code": 6, "worker_id": "d136e963-5429-45d5-b888-35bc9a5982ad-140166383023936", "trial_id": 45, "state": 1, "values": [0.7939240932505469], "datetime_complete": "2023-02-27T16:46:47.249421"}
{"op_code": 6, "worker_id": "fa690665-bff1-4529-9961-82664fe53149-140340511594304", "trial_id": 46, "state": 1, "values": [0.8061944246330468], "datetime_complete": "2023-02-27T16:46:47.705103"}
{"op_code": 6, "worker_id": "e69304ad-3638-48b3-9e91-f7b8f415a537-140395045193536", "trial_id": 47, "state": 1, "values": [0.8067204952251563], "datetime_complete": "2023-02-27T16:46:47.935832"}
{"op_code": 6, "worker_id": "74136d77-bef2-45c2-bb4c-07daa043ba71-140008638973760", "trial_id": 49, "state": 1, "values": [0.936812400818], "datetime_complete": "2023-02-27T16:46:48.784687"}
