{"op_code": 0, "worker_id": "e861a515-d235-4f39-9880-b391d0b8f90f-139888141408064", "study_name": "regional_seperation_survey_indiv_filter_regional_comparison", "directions": [1]}
{"op_code": 4, "worker_id": "7c57e898-12d1-40b9-9c2b-8c7664512406-140536112707392", "study_id": 0, "datetime_start": "2023-02-27T17:28:27.247701"}
{"op_code": 5, "worker_id": "7c57e898-12d1-40b9-9c2b-8c7664512406-140536112707392", "trial_id": 0, "param_name": "filter", "param_value_internal": 850000.0, "distribution": "{\"name\": \"IntDistribution\", \"attributes\": {\"log\": false, \"step\": 10000, \"low\": 10000, \"high\": 1000000}}"}
{"op_code": 4, "worker_id": "63c75258-8ccb-4e93-9f52-b40f70753e71-140052943669056", "study_id": 0, "datetime_start": "2023-02-27T17:28:27.390039"}
{"op_code": 4, "worker_id": "33740e05-d6ca-4d31-904e-3bad51deb343-140672746170176", "study_id": 0, "datetime_start": "2023-02-27T17:28:27.610494"}
{"op_code": 5, "worker_id": "63c75258-8ccb-4e93-9f52-b40f70753e71-140052943669056", "trial_id": 1, "param_name": "filter", "param_value_internal": 580000.0, "distribution": "{\"name\": \"IntDistribution\", \"attributes\": {\"log\": false, \"step\": 10000, \"low\": 10000, \"high\": 1000000}}"}
{"op_code": 5, "worker_id": "33740e05-d6ca-4d31-904e-3bad51deb343-140672746170176", "trial_id": 2, "param_name": "filter", "param_value_internal": 470000.0, "distribution": "{\"name\": \"IntDistribution\", \"attributes\": {\"log\": false, \"step\": 10000, \"low\": 10000, \"high\": 1000000}}"}
{"op_code": 4, "worker_id": "ba68d250-33bb-4030-b4f0-556f2884f921-139839601137472", "study_id": 0, "datetime_start": "2023-02-27T17:28:27.959609"}
{"op_code": 4, "worker_id": "3274918d-86f0-4bb0-a121-0748279fa126-140306853058368", "study_id": 0, "datetime_start": "2023-02-27T17:28:28.026013"}
{"op_code": 5, "worker_id": "ba68d250-33bb-4030-b4f0-556f2884f921-139839601137472", "trial_id": 3, "param_name": "filter", "param_value_internal": 730000.0, "distribution": "{\"name\": \"IntDistribution\", \"attributes\": {\"log\": false, \"step\": 10000, \"low\": 10000, \"high\": 1000000}}"}
{"op_code": 5, "worker_id": "3274918d-86f0-4bb0-a121-0748279fa126-140306853058368", "trial_id": 4, "param_name": "filter", "param_value_internal": 220000.0, "distribution": "{\"name\": \"IntDistribution\", \"attributes\": {\"log\": false, \"step\": 10000, \"low\": 10000, \"high\": 1000000}}"}
{"op_code": 4, "worker_id": "07087d2a-c06b-4b62-b7d7-b348e3fac7fa-139968832513856", "study_id": 0, "datetime_start": "2023-02-27T17:28:28.776645"}
{"op_code": 4, "worker_id": "908c1f48-8dc1-4664-bad9-facc3a1fa3bc-139998841431872", "study_id": 0, "datetime_start": "2023-02-27T17:28:29.015420"}
{"op_code": 5, "worker_id": "07087d2a-c06b-4b62-b7d7-b348e3fac7fa-139968832513856", "trial_id": 5, "param_name": "filter", "param_value_internal": 300000.0, "distribution": "{\"name\": \"IntDistribution\", \"attributes\": {\"log\": false, \"step\": 10000, \"low\": 10000, \"high\": 1000000}}"}
{"op_code": 4, "worker_id": "4711698f-7e54-498a-91c3-6dba723ed192-140272015988544", "study_id": 0, "datetime_start": "2023-02-27T17:28:29.138967"}
{"op_code": 4, "worker_id": "4a49641f-14ba-442b-b3b9-f4d4cc331844-140392265901888", "study_id": 0, "datetime_start": "2023-02-27T17:28:29.737341"}
{"op_code": 6, "worker_id": "63c75258-8ccb-4e93-9f52-b40f70753e71-140052943669056", "trial_id": 1, "state": 1, "values": [1.1347235441199999], "datetime_complete": "2023-02-27T17:28:29.872645"}
{"op_code": 5, "worker_id": "4a49641f-14ba-442b-b3b9-f4d4cc331844-140392265901888", "trial_id": 8, "param_name": "filter", "param_value_internal": 320000.0, "distribution": "{\"name\": \"IntDistribution\", \"attributes\": {\"log\": false, \"step\": 10000, \"low\": 10000, \"high\": 1000000}}"}
{"op_code": 4, "worker_id": "a9e8e695-16ae-4f0d-8f0a-4782a507c8ad-140186101622592", "study_id": 0, "datetime_start": "2023-02-27T17:28:30.173583"}
{"op_code": 4, "worker_id": "9114d083-237d-44fd-962d-949f6bb648d6-140036568217408", "study_id": 0, "datetime_start": "2023-02-27T17:28:30.417539"}
{"op_code": 4, "worker_id": "5805601e-73d2-4a17-9772-5cc1c6a340db-139943897687872", "study_id": 0, "datetime_start": "2023-02-27T17:28:30.418182"}
{"op_code": 5, "worker_id": "9114d083-237d-44fd-962d-949f6bb648d6-140036568217408", "trial_id": 10, "param_name": "filter", "param_value_internal": 540000.0, "distribution": "{\"name\": \"IntDistribution\", \"attributes\": {\"log\": false, \"step\": 10000, \"low\": 10000, \"high\": 1000000}}"}
{"op_code": 5, "worker_id": "5805601e-73d2-4a17-9772-5cc1c6a340db-139943897687872", "trial_id": 11, "param_name": "filter", "param_value_internal": 250000.0, "distribution": "{\"name\": \"IntDistribution\", \"attributes\": {\"log\": false, \"step\": 10000, \"low\": 10000, \"high\": 1000000}}"}
{"op_code": 4, "worker_id": "1a70840a-7dc6-48b7-94f1-403a472bb921-139980826560320", "study_id": 0, "datetime_start": "2023-02-27T17:28:31.248252"}
{"op_code": 4, "worker_id": "0c1bd7ce-b59a-45b9-ac0d-0d13b257d1c9-140619711924032", "study_id": 0, "datetime_start": "2023-02-27T17:28:31.409947"}
{"op_code": 4, "worker_id": "e8b997b3-e045-49be-95c7-245bf88d2c04-140313693759296", "study_id": 0, "datetime_start": "2023-02-27T17:28:28.175067"}
{"op_code": 5, "worker_id": "0c1bd7ce-b59a-45b9-ac0d-0d13b257d1c9-140619711924032", "trial_id": 13, "param_name": "filter", "param_value_internal": 140000.0, "distribution": "{\"name\": \"IntDistribution\", \"attributes\": {\"log\": false, \"step\": 10000, \"low\": 10000, \"high\": 1000000}}"}
{"op_code": 5, "worker_id": "e8b997b3-e045-49be-95c7-245bf88d2c04-140313693759296", "trial_id": 14, "param_name": "filter", "param_value_internal": 280000.0, "distribution": "{\"name\": \"IntDistribution\", \"attributes\": {\"log\": false, \"step\": 10000, \"low\": 10000, \"high\": 1000000}}"}
{"op_code": 6, "worker_id": "4a49641f-14ba-442b-b3b9-f4d4cc331844-140392265901888", "trial_id": 8, "state": 1, "values": [1.12746202946], "datetime_complete": "2023-02-27T17:28:32.076179"}
{"op_code": 4, "worker_id": "07182498-a651-4e60-8e6e-b29779241abd-140281507010368", "study_id": 0, "datetime_start": "2023-02-27T17:28:32.233485"}
{"op_code": 4, "worker_id": "1acccced-8a42-4050-b709-a263193a1bc3-140065133217600", "study_id": 0, "datetime_start": "2023-02-27T17:28:29.885080"}
{"op_code": 5, "worker_id": "07182498-a651-4e60-8e6e-b29779241abd-140281507010368", "trial_id": 15, "param_name": "filter", "param_value_internal": 240000.0, "distribution": "{\"name\": \"IntDistribution\", \"attributes\": {\"log\": false, \"step\": 10000, \"low\": 10000, \"high\": 1000000}}"}
{"op_code": 5, "worker_id": "1acccced-8a42-4050-b709-a263193a1bc3-140065133217600", "trial_id": 16, "param_name": "filter", "param_value_internal": 800000.0, "distribution": "{\"name\": \"IntDistribution\", \"attributes\": {\"log\": false, \"step\": 10000, \"low\": 10000, \"high\": 1000000}}"}
{"op_code": 6, "worker_id": "5805601e-73d2-4a17-9772-5cc1c6a340db-139943897687872", "trial_id": 11, "state": 1, "values": [1.126848161221], "datetime_complete": "2023-02-27T17:28:33.056481"}
{"op_code": 6, "worker_id": "9114d083-237d-44fd-962d-949f6bb648d6-140036568217408", "trial_id": 10, "state": 1, "values": [1.134064942598], "datetime_complete": "2023-02-27T17:28:32.788336"}
{"op_code": 4, "worker_id": "cd402e2e-5588-48f2-bf30-5f4bd637607c-140323088217920", "study_id": 0, "datetime_start": "2023-02-27T17:28:29.920202"}
{"op_code": 6, "worker_id": "0c1bd7ce-b59a-45b9-ac0d-0d13b257d1c9-140619711924032", "trial_id": 13, "state": 1, "values": [1.07641273737], "datetime_complete": "2023-02-27T17:28:33.662734"}
{"op_code": 5, "worker_id": "cd402e2e-5588-48f2-bf30-5f4bd637607c-140323088217920", "trial_id": 17, "param_name": "filter", "param_value_internal": 710000.0, "distribution": "{\"name\": \"IntDistribution\", \"attributes\": {\"log\": false, \"step\": 10000, \"low\": 10000, \"high\": 1000000}}"}
{"op_code": 6, "worker_id": "e8b997b3-e045-49be-95c7-245bf88d2c04-140313693759296", "trial_id": 14, "state": 1, "values": [1.1294226646499999], "datetime_complete": "2023-02-27T17:28:34.040865"}
{"op_code": 4, "worker_id": "dc022838-5354-4686-a850-24a4340f4719-139871323051840", "study_id": 0, "datetime_start": "2023-02-27T17:28:31.771095"}
{"op_code": 4, "worker_id": "cb1780ac-78c5-4e30-8365-76ea5a0848b6-140201863300928", "study_id": 0, "datetime_start": "2023-02-27T17:28:27.981610"}
{"op_code": 5, "worker_id": "dc022838-5354-4686-a850-24a4340f4719-139871323051840", "trial_id": 18, "param_name": "filter", "param_value_internal": 300000.0, "distribution": "{\"name\": \"IntDistribution\", \"attributes\": {\"log\": false, \"step\": 10000, \"low\": 10000, \"high\": 1000000}}"}
{"op_code": 5, "worker_id": "cb1780ac-78c5-4e30-8365-76ea5a0848b6-140201863300928", "trial_id": 19, "param_name": "filter", "param_value_internal": 140000.0, "distribution": "{\"name\": \"IntDistribution\", \"attributes\": {\"log\": false, \"step\": 10000, \"low\": 10000, \"high\": 1000000}}"}
{"op_code": 6, "worker_id": "07182498-a651-4e60-8e6e-b29779241abd-140281507010368", "trial_id": 15, "state": 1, "values": [1.1300144195600001], "datetime_complete": "2023-02-27T17:28:34.733228"}
{"op_code": 6, "worker_id": "1acccced-8a42-4050-b709-a263193a1bc3-140065133217600", "trial_id": 16, "state": 1, "values": [1.1409327983800002], "datetime_complete": "2023-02-27T17:28:34.859518"}
{"op_code": 4, "worker_id": "acd50184-499b-4602-80e1-cebd9d6c8a69-139698458879808", "study_id": 0, "datetime_start": "2023-02-27T17:28:31.927190"}
{"op_code": 5, "worker_id": "acd50184-499b-4602-80e1-cebd9d6c8a69-139698458879808", "trial_id": 20, "param_name": "filter", "param_value_internal": 320000.0, "distribution": "{\"name\": \"IntDistribution\", \"attributes\": {\"log\": false, \"step\": 10000, \"low\": 10000, \"high\": 1000000}}"}
{"op_code": 4, "worker_id": "c832cad8-9b04-44ea-8aac-b5fdf4442cb0-140011609167680", "study_id": 0, "datetime_start": "2023-02-27T17:28:30.089541"}
{"op_code": 6, "worker_id": "cd402e2e-5588-48f2-bf30-5f4bd637607c-140323088217920", "trial_id": 17, "state": 1, "values": [1.138107985258], "datetime_complete": "2023-02-27T17:28:35.855874"}
{"op_code": 5, "worker_id": "c832cad8-9b04-44ea-8aac-b5fdf4442cb0-140011609167680", "trial_id": 21, "param_name": "filter", "param_value_internal": 370000.0, "distribution": "{\"name\": \"IntDistribution\", \"attributes\": {\"log\": false, \"step\": 10000, \"low\": 10000, \"high\": 1000000}}"}
{"op_code": 6, "worker_id": "dc022838-5354-4686-a850-24a4340f4719-139871323051840", "trial_id": 18, "state": 1, "values": [1.1244704723299999], "datetime_complete": "2023-02-27T17:28:36.650262"}
{"op_code": 4, "worker_id": "f19c93ee-e74a-4334-b892-741cc351e49c-140630153029440", "study_id": 0, "datetime_start": "2023-02-27T17:28:29.876623"}
{"op_code": 6, "worker_id": "cb1780ac-78c5-4e30-8365-76ea5a0848b6-140201863300928", "trial_id": 19, "state": 1, "values": [1.07641273737], "datetime_complete": "2023-02-27T17:28:37.009911"}
{"op_code": 5, "worker_id": "f19c93ee-e74a-4334-b892-741cc351e49c-140630153029440", "trial_id": 22, "param_name": "filter", "param_value_internal": 40000.0, "distribution": "{\"name\": \"IntDistribution\", \"attributes\": {\"log\": false, \"step\": 10000, \"low\": 10000, \"high\": 1000000}}"}
{"op_code": 4, "worker_id": "d62acdae-046a-472a-937e-d99fabc02941-140524692481856", "study_id": 0, "datetime_start": "2023-02-27T17:28:31.143661"}
{"op_code": 6, "worker_id": "acd50184-499b-4602-80e1-cebd9d6c8a69-139698458879808", "trial_id": 20, "state": 1, "values": [1.12746202946], "datetime_complete": "2023-02-27T17:28:37.795238"}
{"op_code": 5, "worker_id": "d62acdae-046a-472a-937e-d99fabc02941-140524692481856", "trial_id": 23, "param_name": "filter", "param_value_internal": 10000.0, "distribution": "{\"name\": \"IntDistribution\", \"attributes\": {\"log\": false, \"step\": 10000, \"low\": 10000, \"high\": 1000000}}"}
{"op_code": 4, "worker_id": "341a09cd-84c4-42e9-9b8b-3cb1f7ebdbd1-140103524632384", "study_id": 0, "datetime_start": "2023-02-27T17:28:30.451938"}
{"op_code": 6, "worker_id": "c832cad8-9b04-44ea-8aac-b5fdf4442cb0-140011609167680", "trial_id": 21, "state": 1, "values": [1.127625256777], "datetime_complete": "2023-02-27T17:28:38.314140"}
{"op_code": 5, "worker_id": "341a09cd-84c4-42e9-9b8b-3cb1f7ebdbd1-140103524632384", "trial_id": 24, "param_name": "filter", "param_value_internal": 40000.0, "distribution": "{\"name\": \"IntDistribution\", \"attributes\": {\"log\": false, \"step\": 10000, \"low\": 10000, \"high\": 1000000}}"}
{"op_code": 6, "worker_id": "33740e05-d6ca-4d31-904e-3bad51deb343-140672746170176", "trial_id": 2, "state": 1, "values": [1.132015943527], "datetime_complete": "2023-02-27T17:28:29.955090"}
{"op_code": 6, "worker_id": "f19c93ee-e74a-4334-b892-741cc351e49c-140630153029440", "trial_id": 22, "state": 1, "values": [0.911593675614], "datetime_complete": "2023-02-27T17:28:39.179481"}
{"op_code": 4, "worker_id": "96dc7177-795d-4c48-86b3-87edef405afd-139747819030336", "study_id": 0, "datetime_start": "2023-02-27T17:28:31.991132"}
{"op_code": 4, "worker_id": "9dd914c6-f77d-45cf-84e9-b06508581a3f-140479047771968", "study_id": 0, "datetime_start": "2023-02-27T17:28:31.052362"}
{"op_code": 5, "worker_id": "96dc7177-795d-4c48-86b3-87edef405afd-139747819030336", "trial_id": 25, "param_name": "filter", "param_value_internal": 40000.0, "distribution": "{\"name\": \"IntDistribution\", \"attributes\": {\"log\": false, \"step\": 10000, \"low\": 10000, \"high\": 1000000}}"}
{"op_code": 5, "worker_id": "9dd914c6-f77d-45cf-84e9-b06508581a3f-140479047771968", "trial_id": 26, "param_name": "filter", "param_value_internal": 10000.0, "distribution": "{\"name\": \"IntDistribution\", \"attributes\": {\"log\": false, \"step\": 10000, \"low\": 10000, \"high\": 1000000}}"}
{"op_code": 5, "worker_id": "a9e8e695-16ae-4f0d-8f0a-4782a507c8ad-140186101622592", "trial_id": 9, "param_name": "filter", "param_value_internal": 190000.0, "distribution": "{\"name\": \"IntDistribution\", \"attributes\": {\"log\": false, \"step\": 10000, \"low\": 10000, \"high\": 1000000}}"}
{"op_code": 6, "worker_id": "ba68d250-33bb-4030-b4f0-556f2884f921-139839601137472", "trial_id": 3, "state": 1, "values": [1.1378064155600003], "datetime_complete": "2023-02-27T17:28:30.660314"}
{"op_code": 6, "worker_id": "341a09cd-84c4-42e9-9b8b-3cb1f7ebdbd1-140103524632384", "trial_id": 24, "state": 1, "values": [0.911593675614], "datetime_complete": "2023-02-27T17:28:40.528218"}
{"op_code": 6, "worker_id": "d62acdae-046a-472a-937e-d99fabc02941-140524692481856", "trial_id": 23, "state": 1, "values": [0.89045453072], "datetime_complete": "2023-02-27T17:28:39.817261"}
{"op_code": 4, "worker_id": "425f5e08-f52f-47c2-aa86-cf6a1bb040d1-140206152615744", "study_id": 0, "datetime_start": "2023-02-27T17:28:28.706427"}
{"op_code": 5, "worker_id": "425f5e08-f52f-47c2-aa86-cf6a1bb040d1-140206152615744", "trial_id": 27, "param_name": "filter", "param_value_internal": 1000000.0, "distribution": "{\"name\": \"IntDistribution\", \"attributes\": {\"log\": false, \"step\": 10000, \"low\": 10000, \"high\": 1000000}}"}
{"op_code": 4, "worker_id": "3f0d537a-923b-4ca1-8dff-1c2564c20c33-140650509584192", "study_id": 0, "datetime_start": "2023-02-27T17:28:31.133487"}
{"op_code": 6, "worker_id": "96dc7177-795d-4c48-86b3-87edef405afd-139747819030336", "trial_id": 25, "state": 1, "values": [0.911593675614], "datetime_complete": "2023-02-27T17:28:41.754450"}
{"op_code": 5, "worker_id": "3f0d537a-923b-4ca1-8dff-1c2564c20c33-140650509584192", "trial_id": 28, "param_name": "filter", "param_value_internal": 950000.0, "distribution": "{\"name\": \"IntDistribution\", \"attributes\": {\"log\": false, \"step\": 10000, \"low\": 10000, \"high\": 1000000}}"}
{"op_code": 6, "worker_id": "a9e8e695-16ae-4f0d-8f0a-4782a507c8ad-140186101622592", "trial_id": 9, "state": 1, "values": [1.12460362912], "datetime_complete": "2023-02-27T17:28:42.221265"}
{"op_code": 4, "worker_id": "d1d7bb04-c31d-4de6-ab9e-7a440dd241f5-140386779543360", "study_id": 0, "datetime_start": "2023-02-27T17:28:30.670681"}
{"op_code": 6, "worker_id": "9dd914c6-f77d-45cf-84e9-b06508581a3f-140479047771968", "trial_id": 26, "state": 1, "values": [0.89045453072], "datetime_complete": "2023-02-27T17:28:41.932503"}
{"op_code": 5, "worker_id": "d1d7bb04-c31d-4de6-ab9e-7a440dd241f5-140386779543360", "trial_id": 29, "param_name": "filter", "param_value_internal": 20000.0, "distribution": "{\"name\": \"IntDistribution\", \"attributes\": {\"log\": false, \"step\": 10000, \"low\": 10000, \"high\": 1000000}}"}
{"op_code": 4, "worker_id": "32a71d60-ecb4-47f8-8bcd-8ed70b0081bb-139873017784128", "study_id": 0, "datetime_start": "2023-02-27T17:28:30.028749"}
{"op_code": 5, "worker_id": "32a71d60-ecb4-47f8-8bcd-8ed70b0081bb-139873017784128", "trial_id": 30, "param_name": "filter", "param_value_internal": 10000.0, "distribution": "{\"name\": \"IntDistribution\", \"attributes\": {\"log\": false, \"step\": 10000, \"low\": 10000, \"high\": 1000000}}"}
{"op_code": 6, "worker_id": "425f5e08-f52f-47c2-aa86-cf6a1bb040d1-140206152615744", "trial_id": 27, "state": 1, "values": [1.1473654285043], "datetime_complete": "2023-02-27T17:28:43.569449"}
{"op_code": 4, "worker_id": "aa57af87-67c6-4105-b9f2-cf737c735ae5-139674512131904", "study_id": 0, "datetime_start": "2023-02-27T17:28:31.175920"}
{"op_code": 5, "worker_id": "aa57af87-67c6-4105-b9f2-cf737c735ae5-139674512131904", "trial_id": 31, "param_name": "filter", "param_value_internal": 20000.0, "distribution": "{\"name\": \"IntDistribution\", \"attributes\": {\"log\": false, \"step\": 10000, \"low\": 10000, \"high\": 1000000}}"}
{"op_code": 4, "worker_id": "e0305d3e-446b-4f45-800a-8a3b043971fd-139657566893888", "study_id": 0, "datetime_start": "2023-02-27T17:28:30.101655"}
{"op_code": 6, "worker_id": "3f0d537a-923b-4ca1-8dff-1c2564c20c33-140650509584192", "trial_id": 28, "state": 1, "values": [1.1472816243743], "datetime_complete": "2023-02-27T17:28:44.225891"}
{"op_code": 5, "worker_id": "e0305d3e-446b-4f45-800a-8a3b043971fd-139657566893888", "trial_id": 32, "param_name": "filter", "param_value_internal": 30000.0, "distribution": "{\"name\": \"IntDistribution\", \"attributes\": {\"log\": false, \"step\": 10000, \"low\": 10000, \"high\": 1000000}}"}
{"op_code": 6, "worker_id": "d1d7bb04-c31d-4de6-ab9e-7a440dd241f5-140386779543360", "trial_id": 29, "state": 1, "values": [0.91314995289], "datetime_complete": "2023-02-27T17:28:44.889573"}
{"op_code": 4, "worker_id": "53323620-c7dc-42b3-9009-bbae808bc40d-140456550573888", "study_id": 0, "datetime_start": "2023-02-27T17:28:30.218223"}
{"op_code": 6, "worker_id": "32a71d60-ecb4-47f8-8bcd-8ed70b0081bb-139873017784128", "trial_id": 30, "state": 1, "values": [0.89045453072], "datetime_complete": "2023-02-27T17:28:45.376102"}
{"op_code": 5, "worker_id": "53323620-c7dc-42b3-9009-bbae808bc40d-140456550573888", "trial_id": 33, "param_name": "filter", "param_value_internal": 110000.0, "distribution": "{\"name\": \"IntDistribution\", \"attributes\": {\"log\": false, \"step\": 10000, \"low\": 10000, \"high\": 1000000}}"}
{"op_code": 4, "worker_id": "f6d00ba1-ee8a-4795-b422-b12df58a1b0e-140449977845568", "study_id": 0, "datetime_start": "2023-02-27T17:28:31.173571"}
{"op_code": 6, "worker_id": "aa57af87-67c6-4105-b9f2-cf737c735ae5-139674512131904", "trial_id": 31, "state": 1, "values": [0.91314995289], "datetime_complete": "2023-02-27T17:28:45.965484"}
{"op_code": 6, "worker_id": "e0305d3e-446b-4f45-800a-8a3b043971fd-139657566893888", "trial_id": 32, "state": 1, "values": [0.9086050987199998], "datetime_complete": "2023-02-27T17:28:46.629810"}
{"op_code": 4, "worker_id": "539d2e10-05d9-46d4-8375-04b92f9a2a51-140640728295232", "study_id": 0, "datetime_start": "2023-02-27T17:28:31.180571"}
{"op_code": 4, "worker_id": "b5038047-0212-4c9c-8ebe-c17c2fec57e8-139872467982144", "study_id": 0, "datetime_start": "2023-02-27T17:28:30.219030"}
{"op_code": 5, "worker_id": "539d2e10-05d9-46d4-8375-04b92f9a2a51-140640728295232", "trial_id": 35, "param_name": "filter", "param_value_internal": 130000.0, "distribution": "{\"name\": \"IntDistribution\", \"attributes\": {\"log\": false, \"step\": 10000, \"low\": 10000, \"high\": 1000000}}"}
{"op_code": 5, "worker_id": "b5038047-0212-4c9c-8ebe-c17c2fec57e8-139872467982144", "trial_id": 36, "param_name": "filter", "param_value_internal": 140000.0, "distribution": "{\"name\": \"IntDistribution\", \"attributes\": {\"log\": false, \"step\": 10000, \"low\": 10000, \"high\": 1000000}}"}
{"op_code": 6, "worker_id": "53323620-c7dc-42b3-9009-bbae808bc40d-140456550573888", "trial_id": 33, "state": 1, "values": [1.0211116652905], "datetime_complete": "2023-02-27T17:28:48.203550"}
{"op_code": 4, "worker_id": "e259feeb-8352-45bf-b6c7-e3e798ab179b-140157872244544", "study_id": 0, "datetime_start": "2023-02-27T17:28:30.288337"}
{"op_code": 5, "worker_id": "e259feeb-8352-45bf-b6c7-e3e798ab179b-140157872244544", "trial_id": 37, "param_name": "filter", "param_value_internal": 420000.0, "distribution": "{\"name\": \"IntDistribution\", \"attributes\": {\"log\": false, \"step\": 10000, \"low\": 10000, \"high\": 1000000}}"}
{"op_code": 4, "worker_id": "deace1f3-5d8d-4144-935d-c00168d931a4-139647132432192", "study_id": 0, "datetime_start": "2023-02-27T17:28:30.703762"}
{"op_code": 5, "worker_id": "deace1f3-5d8d-4144-935d-c00168d931a4-139647132432192", "trial_id": 38, "param_name": "filter", "param_value_internal": 430000.0, "distribution": "{\"name\": \"IntDistribution\", \"attributes\": {\"log\": false, \"step\": 10000, \"low\": 10000, \"high\": 1000000}}"}
{"op_code": 6, "worker_id": "07087d2a-c06b-4b62-b7d7-b348e3fac7fa-139968832513856", "trial_id": 5, "state": 1, "values": [1.1244704723299999], "datetime_complete": "2023-02-27T17:28:31.463921"}
{"op_code": 6, "worker_id": "539d2e10-05d9-46d4-8375-04b92f9a2a51-140640728295232", "trial_id": 35, "state": 1, "values": [1.062310755252], "datetime_complete": "2023-02-27T17:28:49.725261"}
{"op_code": 4, "worker_id": "0c482cd9-f405-4e87-9cff-12940e41991e-140679930988352", "study_id": 0, "datetime_start": "2023-02-27T17:28:30.816095"}
{"op_code": 6, "worker_id": "b5038047-0212-4c9c-8ebe-c17c2fec57e8-139872467982144", "trial_id": 36, "state": 1, "values": [1.07641273737], "datetime_complete": "2023-02-27T17:28:49.976831"}
{"op_code": 5, "worker_id": "0c482cd9-f405-4e87-9cff-12940e41991e-140679930988352", "trial_id": 39, "param_name": "filter", "param_value_internal": 90000.0, "distribution": "{\"name\": \"IntDistribution\", \"attributes\": {\"log\": false, \"step\": 10000, \"low\": 10000, \"high\": 1000000}}"}
{"op_code": 6, "worker_id": "e259feeb-8352-45bf-b6c7-e3e798ab179b-140157872244544", "trial_id": 37, "state": 1, "values": [1.130281299353], "datetime_complete": "2023-02-27T17:28:50.478217"}
{"op_code": 6, "worker_id": "7c57e898-12d1-40b9-9c2b-8c7664512406-140536112707392", "trial_id": 0, "state": 1, "values": [1.1445438861800001], "datetime_complete": "2023-02-27T17:28:29.343185"}
{"op_code": 6, "worker_id": "deace1f3-5d8d-4144-935d-c00168d931a4-139647132432192", "trial_id": 38, "state": 1, "values": [1.130685865879], "datetime_complete": "2023-02-27T17:28:50.892826"}
{"op_code": 4, "worker_id": "882317a1-a029-4a33-aa3c-f3286b69d1d6-139945994721088", "study_id": 0, "datetime_start": "2023-02-27T17:28:29.271822"}
{"op_code": 5, "worker_id": "882317a1-a029-4a33-aa3c-f3286b69d1d6-139945994721088", "trial_id": 40, "param_name": "filter", "param_value_internal": 90000.0, "distribution": "{\"name\": \"IntDistribution\", \"attributes\": {\"log\": false, \"step\": 10000, \"low\": 10000, \"high\": 1000000}}"}
{"op_code": 6, "worker_id": "0c482cd9-f405-4e87-9cff-12940e41991e-140679930988352", "trial_id": 39, "state": 1, "values": [0.9838779568639999], "datetime_complete": "2023-02-27T17:28:51.991814"}
{"op_code": 4, "worker_id": "0ad70b18-c0a3-4a66-805f-b27e417c2d9d-140703663671104", "study_id": 0, "datetime_start": "2023-02-27T17:28:29.396683"}
{"op_code": 5, "worker_id": "0ad70b18-c0a3-4a66-805f-b27e417c2d9d-140703663671104", "trial_id": 41, "param_name": "filter", "param_value_internal": 200000.0, "distribution": "{\"name\": \"IntDistribution\", \"attributes\": {\"log\": false, \"step\": 10000, \"low\": 10000, \"high\": 1000000}}"}
{"op_code": 4, "worker_id": "399a6f3a-3a09-4faf-9770-d834e4668991-140036415010624", "study_id": 0, "datetime_start": "2023-02-27T17:28:30.958800"}
{"op_code": 5, "worker_id": "399a6f3a-3a09-4faf-9770-d834e4668991-140036415010624", "trial_id": 42, "param_name": "filter", "param_value_internal": 200000.0, "distribution": "{\"name\": \"IntDistribution\", \"attributes\": {\"log\": false, \"step\": 10000, \"low\": 10000, \"high\": 1000000}}"}
{"op_code": 6, "worker_id": "882317a1-a029-4a33-aa3c-f3286b69d1d6-139945994721088", "trial_id": 40, "state": 1, "values": [0.9838779568639999], "datetime_complete": "2023-02-27T17:28:53.717166"}
{"op_code": 4, "worker_id": "5347ebd1-d5bb-4b22-9d92-5e4360ecf20c-139952934430528", "study_id": 0, "datetime_start": "2023-02-27T17:28:31.444864"}
{"op_code": 5, "worker_id": "5347ebd1-d5bb-4b22-9d92-5e4360ecf20c-139952934430528", "trial_id": 43, "param_name": "filter", "param_value_internal": 180000.0, "distribution": "{\"name\": \"IntDistribution\", \"attributes\": {\"log\": false, \"step\": 10000, \"low\": 10000, \"high\": 1000000}}"}
{"op_code": 6, "worker_id": "0ad70b18-c0a3-4a66-805f-b27e417c2d9d-140703663671104", "trial_id": 41, "state": 1, "values": [1.1285021305000003], "datetime_complete": "2023-02-27T17:28:54.782447"}
{"op_code": 5, "worker_id": "908c1f48-8dc1-4664-bad9-facc3a1fa3bc-139998841431872", "trial_id": 6, "param_name": "filter", "param_value_internal": 800000.0, "distribution": "{\"name\": \"IntDistribution\", \"attributes\": {\"log\": false, \"step\": 10000, \"low\": 10000, \"high\": 1000000}}"}
{"op_code": 6, "worker_id": "399a6f3a-3a09-4faf-9770-d834e4668991-140036415010624", "trial_id": 42, "state": 1, "values": [1.1285021305000003], "datetime_complete": "2023-02-27T17:28:55.104647"}
{"op_code": 6, "worker_id": "5347ebd1-d5bb-4b22-9d92-5e4360ecf20c-139952934430528", "trial_id": 43, "state": 1, "values": [1.120007410646], "datetime_complete": "2023-02-27T17:28:55.983771"}
{"op_code": 5, "worker_id": "f6d00ba1-ee8a-4795-b422-b12df58a1b0e-140449977845568", "trial_id": 34, "param_name": "filter", "param_value_internal": 130000.0, "distribution": "{\"name\": \"IntDistribution\", \"attributes\": {\"log\": false, \"step\": 10000, \"low\": 10000, \"high\": 1000000}}"}
{"op_code": 6, "worker_id": "908c1f48-8dc1-4664-bad9-facc3a1fa3bc-139998841431872", "trial_id": 6, "state": 1, "values": [1.1409327983800002], "datetime_complete": "2023-02-27T17:28:56.830527"}
{"op_code": 4, "worker_id": "133d97be-0f34-4f55-8835-9a4bdc8b1cc6-139689014531904", "study_id": 0, "datetime_start": "2023-02-27T17:28:29.406930"}
{"op_code": 5, "worker_id": "133d97be-0f34-4f55-8835-9a4bdc8b1cc6-139689014531904", "trial_id": 44, "param_name": "filter", "param_value_internal": 80000.0, "distribution": "{\"name\": \"IntDistribution\", \"attributes\": {\"log\": false, \"step\": 10000, \"low\": 10000, \"high\": 1000000}}"}
{"op_code": 4, "worker_id": "a0522404-7db1-4264-b7d0-655f7c92404b-139631165318976", "study_id": 0, "datetime_start": "2023-02-27T17:28:30.969513"}
{"op_code": 5, "worker_id": "a0522404-7db1-4264-b7d0-655f7c92404b-139631165318976", "trial_id": 45, "param_name": "filter", "param_value_internal": 670000.0, "distribution": "{\"name\": \"IntDistribution\", \"attributes\": {\"log\": false, \"step\": 10000, \"low\": 10000, \"high\": 1000000}}"}
{"op_code": 6, "worker_id": "f6d00ba1-ee8a-4795-b422-b12df58a1b0e-140449977845568", "trial_id": 34, "state": 1, "values": [1.062310755252], "datetime_complete": "2023-02-27T17:28:57.899983"}
{"op_code": 6, "worker_id": "3274918d-86f0-4bb0-a121-0748279fa126-140306853058368", "trial_id": 4, "state": 1, "values": [1.128608435392], "datetime_complete": "2023-02-27T17:28:30.996437"}
{"op_code": 6, "worker_id": "133d97be-0f34-4f55-8835-9a4bdc8b1cc6-139689014531904", "trial_id": 44, "state": 1, "values": [0.9555490016900001], "datetime_complete": "2023-02-27T17:28:58.981129"}
{"op_code": 6, "worker_id": "a0522404-7db1-4264-b7d0-655f7c92404b-139631165318976", "trial_id": 45, "state": 1, "values": [1.138911515475], "datetime_complete": "2023-02-27T17:28:59.116814"}
{"op_code": 4, "worker_id": "64c5b7a8-9979-4f50-bfdd-1412b9804507-140114420184896", "study_id": 0, "datetime_start": "2023-02-27T17:28:30.819358"}
{"op_code": 5, "worker_id": "64c5b7a8-9979-4f50-bfdd-1412b9804507-140114420184896", "trial_id": 46, "param_name": "filter", "param_value_internal": 60000.0, "distribution": "{\"name\": \"IntDistribution\", \"attributes\": {\"log\": false, \"step\": 10000, \"low\": 10000, \"high\": 1000000}}"}
{"op_code": 4, "worker_id": "c43c9bf8-1169-4700-bb2e-c7f052ff2e9e-140482267014976", "study_id": 0, "datetime_start": "2023-02-27T17:28:31.410017"}
{"op_code": 5, "worker_id": "c43c9bf8-1169-4700-bb2e-c7f052ff2e9e-140482267014976", "trial_id": 47, "param_name": "filter", "param_value_internal": 10000.0, "distribution": "{\"name\": \"IntDistribution\", \"attributes\": {\"log\": false, \"step\": 10000, \"low\": 10000, \"high\": 1000000}}"}
{"op_code": 5, "worker_id": "4711698f-7e54-498a-91c3-6dba723ed192-140272015988544", "trial_id": 7, "param_name": "filter", "param_value_internal": 880000.0, "distribution": "{\"name\": \"IntDistribution\", \"attributes\": {\"log\": false, \"step\": 10000, \"low\": 10000, \"high\": 1000000}}"}
{"op_code": 4, "worker_id": "0ffb2f3b-e141-4861-9e14-0275d4c471a0-140372118452032", "study_id": 0, "datetime_start": "2023-02-27T17:28:31.410786"}
{"op_code": 5, "worker_id": "0ffb2f3b-e141-4861-9e14-0275d4c471a0-140372118452032", "trial_id": 48, "param_name": "filter", "param_value_internal": 10000.0, "distribution": "{\"name\": \"IntDistribution\", \"attributes\": {\"log\": false, \"step\": 10000, \"low\": 10000, \"high\": 1000000}}"}
{"op_code": 6, "worker_id": "64c5b7a8-9979-4f50-bfdd-1412b9804507-140114420184896", "trial_id": 46, "state": 1, "values": [0.9813072681499997], "datetime_complete": "2023-02-27T17:29:01.333386"}
{"op_code": 6, "worker_id": "c43c9bf8-1169-4700-bb2e-c7f052ff2e9e-140482267014976", "trial_id": 47, "state": 1, "values": [0.89045453072], "datetime_complete": "2023-02-27T17:29:02.002617"}
{"op_code": 5, "worker_id": "1a70840a-7dc6-48b7-94f1-403a472bb921-139980826560320", "trial_id": 12, "param_name": "filter", "param_value_internal": 750000.0, "distribution": "{\"name\": \"IntDistribution\", \"attributes\": {\"log\": false, \"step\": 10000, \"low\": 10000, \"high\": 1000000}}"}
{"op_code": 6, "worker_id": "4711698f-7e54-498a-91c3-6dba723ed192-140272015988544", "trial_id": 7, "state": 1, "values": [1.1464235782600003], "datetime_complete": "2023-02-27T17:29:02.197230"}
{"op_code": 4, "worker_id": "4752edd8-9094-4cb1-8e3c-c0e3a2d43baa-140235822073664", "study_id": 0, "datetime_start": "2023-02-27T17:28:30.835224"}
{"op_code": 5, "worker_id": "4752edd8-9094-4cb1-8e3c-c0e3a2d43baa-140235822073664", "trial_id": 49, "param_name": "filter", "param_value_internal": 10000.0, "distribution": "{\"name\": \"IntDistribution\", \"attributes\": {\"log\": false, \"step\": 10000, \"low\": 10000, \"high\": 1000000}}"}
{"op_code": 6, "worker_id": "0ffb2f3b-e141-4861-9e14-0275d4c471a0-140372118452032", "trial_id": 48, "state": 1, "values": [0.89045453072], "datetime_complete": "2023-02-27T17:29:03.002574"}
{"op_code": 6, "worker_id": "1a70840a-7dc6-48b7-94f1-403a472bb921-139980826560320", "trial_id": 12, "state": 1, "values": [1.1382368803000003], "datetime_complete": "2023-02-27T17:29:03.914988"}
{"op_code": 6, "worker_id": "4752edd8-9094-4cb1-8e3c-c0e3a2d43baa-140235822073664", "trial_id": 49, "state": 1, "values": [0.89045453072], "datetime_complete": "2023-02-27T17:29:04.353526"}
