{"op_code": 0, "worker_id": "7c0dd023-5f61-4e87-a158-a62517ad015f-139888141408064", "study_name": "regional_seperation_indiv_constraints_regional_comparison", "directions": [1]}
{"op_code": 4, "worker_id": "8b8289a6-285f-4c24-86f1-998f4bc9649c-140107184412480", "study_id": 0, "datetime_start": "2023-02-27T16:44:35.672068"}
{"op_code": 4, "worker_id": "c6f03ab6-13fd-4dd4-acaa-038a653738fa-140450731829056", "study_id": 0, "datetime_start": "2023-02-27T16:44:35.756573"}
{"op_code": 5, "worker_id": "8b8289a6-285f-4c24-86f1-998f4bc9649c-140107184412480", "trial_id": 0, "param_name": "constraints", "param_value_internal": 0.31, "distribution": "{\"name\": \"FloatDistribution\", \"attributes\": {\"step\": 0.01, \"low\": 0.0, \"high\": 1.0, \"log\": false}}"}
{"op_code": 5, "worker_id": "c6f03ab6-13fd-4dd4-acaa-038a653738fa-140450731829056", "trial_id": 1, "param_name": "constraints", "param_value_internal": 0.47000000000000003, "distribution": "{\"name\": \"FloatDistribution\", \"attributes\": {\"step\": 0.01, \"low\": 0.0, \"high\": 1.0, \"log\": false}}"}
{"op_code": 4, "worker_id": "fea76589-d4cb-43e0-a454-9f96c74128d9-140306702272320", "study_id": 0, "datetime_start": "2023-02-27T16:44:35.756718"}
{"op_code": 5, "worker_id": "fea76589-d4cb-43e0-a454-9f96c74128d9-140306702272320", "trial_id": 2, "param_name": "constraints", "param_value_internal": 0.84, "distribution": "{\"name\": \"FloatDistribution\", \"attributes\": {\"step\": 0.01, \"low\": 0.0, \"high\": 1.0, \"log\": false}}"}
{"op_code": 4, "worker_id": "2c518481-a907-455e-ad70-0e8049c7ea53-140501595891520", "study_id": 0, "datetime_start": "2023-02-27T16:44:35.673086"}
{"op_code": 4, "worker_id": "073f2102-95d7-4488-afc1-60ca3c615ec3-139773241337664", "study_id": 0, "datetime_start": "2023-02-27T16:44:35.756825"}
{"op_code": 5, "worker_id": "2c518481-a907-455e-ad70-0e8049c7ea53-140501595891520", "trial_id": 3, "param_name": "constraints", "param_value_internal": 0.98, "distribution": "{\"name\": \"FloatDistribution\", \"attributes\": {\"step\": 0.01, \"low\": 0.0, \"high\": 1.0, \"log\": false}}"}
{"op_code": 5, "worker_id": "073f2102-95d7-4488-afc1-60ca3c615ec3-139773241337664", "trial_id": 4, "param_name": "constraints", "param_value_internal": 0.97, "distribution": "{\"name\": \"FloatDistribution\", \"attributes\": {\"step\": 0.01, \"low\": 0.0, \"high\": 1.0, \"log\": false}}"}
{"op_code": 4, "worker_id": "7006b080-8df7-42d3-86bd-0bfd7de477b9-140625265485632", "study_id": 0, "datetime_start": "2023-02-27T16:44:35.675542"}
{"op_code": 5, "worker_id": "7006b080-8df7-42d3-86bd-0bfd7de477b9-140625265485632", "trial_id": 5, "param_name": "constraints", "param_value_internal": 0.17, "distribution": "{\"name\": \"FloatDistribution\", \"attributes\": {\"step\": 0.01, \"low\": 0.0, \"high\": 1.0, \"log\": false}}"}
{"op_code": 6, "worker_id": "c6f03ab6-13fd-4dd4-acaa-038a653738fa-140450731829056", "trial_id": 1, "state": 1, "values": [0.89657044411], "datetime_complete": "2023-02-27T16:44:38.680902"}
{"op_code": 6, "worker_id": "8b8289a6-285f-4c24-86f1-998f4bc9649c-140107184412480", "trial_id": 0, "state": 1, "values": [0.8431811332700003], "datetime_complete": "2023-02-27T16:44:38.681051"}
{"op_code": 4, "worker_id": "4d8161a5-2ef4-4f5a-992a-e524f5b6b0f4-140475671299904", "study_id": 0, "datetime_start": "2023-02-27T16:44:35.677880"}
{"op_code": 6, "worker_id": "fea76589-d4cb-43e0-a454-9f96c74128d9-140306702272320", "trial_id": 2, "state": 1, "values": [0.948534712197], "datetime_complete": "2023-02-27T16:44:39.321319"}
{"op_code": 5, "worker_id": "4d8161a5-2ef4-4f5a-992a-e524f5b6b0f4-140475671299904", "trial_id": 6, "param_name": "constraints", "param_value_internal": 0.11, "distribution": "{\"name\": \"FloatDistribution\", \"attributes\": {\"step\": 0.01, \"low\": 0.0, \"high\": 1.0, \"log\": false}}"}
{"op_code": 6, "worker_id": "2c518481-a907-455e-ad70-0e8049c7ea53-140501595891520", "trial_id": 3, "state": 1, "values": [0.9598157405900003], "datetime_complete": "2023-02-27T16:44:40.106960"}
{"op_code": 6, "worker_id": "073f2102-95d7-4488-afc1-60ca3c615ec3-139773241337664", "trial_id": 4, "state": 1, "values": [0.9586232006569999], "datetime_complete": "2023-02-27T16:44:40.645072"}
{"op_code": 6, "worker_id": "7006b080-8df7-42d3-86bd-0bfd7de477b9-140625265485632", "trial_id": 5, "state": 1, "values": [0.7637087106700002], "datetime_complete": "2023-02-27T16:44:41.198657"}
{"op_code": 4, "worker_id": "afa5c099-e7ec-4fce-a785-7ff55919ee2a-140691287406400", "study_id": 0, "datetime_start": "2023-02-27T16:44:35.680454"}
{"op_code": 5, "worker_id": "afa5c099-e7ec-4fce-a785-7ff55919ee2a-140691287406400", "trial_id": 7, "param_name": "constraints", "param_value_internal": 0.09, "distribution": "{\"name\": \"FloatDistribution\", \"attributes\": {\"step\": 0.01, \"low\": 0.0, \"high\": 1.0, \"log\": false}}"}
{"op_code": 6, "worker_id": "4d8161a5-2ef4-4f5a-992a-e524f5b6b0f4-140475671299904", "trial_id": 6, "state": 1, "values": [0.7269475459999999], "datetime_complete": "2023-02-27T16:44:42.638946"}
{"op_code": 4, "worker_id": "727bd788-a907-4ba8-9659-0423d3a0a170-140394390243136", "study_id": 0, "datetime_start": "2023-02-27T16:44:35.693831"}
{"op_code": 5, "worker_id": "727bd788-a907-4ba8-9659-0423d3a0a170-140394390243136", "trial_id": 8, "param_name": "constraints", "param_value_internal": 0.04, "distribution": "{\"name\": \"FloatDistribution\", \"attributes\": {\"step\": 0.01, \"low\": 0.0, \"high\": 1.0, \"log\": false}}"}
{"op_code": 4, "worker_id": "43c2d910-71c4-4ee4-aa0d-70f041e0f43f-140150798460736", "study_id": 0, "datetime_start": "2023-02-27T16:44:35.682882"}
{"op_code": 5, "worker_id": "43c2d910-71c4-4ee4-aa0d-70f041e0f43f-140150798460736", "trial_id": 9, "param_name": "constraints", "param_value_internal": 0.72, "distribution": "{\"name\": \"FloatDistribution\", \"attributes\": {\"step\": 0.01, \"low\": 0.0, \"high\": 1.0, \"log\": false}}"}
{"op_code": 6, "worker_id": "afa5c099-e7ec-4fce-a785-7ff55919ee2a-140691287406400", "trial_id": 7, "state": 1, "values": [0.725779678673], "datetime_complete": "2023-02-27T16:44:44.684103"}
{"op_code": 4, "worker_id": "4033232f-a8c1-407f-b496-16240dd17f6c-139731920631616", "study_id": 0, "datetime_start": "2023-02-27T16:44:35.690283"}
{"op_code": 5, "worker_id": "4033232f-a8c1-407f-b496-16240dd17f6c-139731920631616", "trial_id": 10, "param_name": "constraints", "param_value_internal": 0.58, "distribution": "{\"name\": \"FloatDistribution\", \"attributes\": {\"step\": 0.01, \"low\": 0.0, \"high\": 1.0, \"log\": false}}"}
{"op_code": 6, "worker_id": "727bd788-a907-4ba8-9659-0423d3a0a170-140394390243136", "trial_id": 8, "state": 1, "values": [0.7470946312], "datetime_complete": "2023-02-27T16:44:46.104265"}
{"op_code": 4, "worker_id": "39570d9a-eec5-46e1-9cb2-529d67354ef9-139807972108096", "study_id": 0, "datetime_start": "2023-02-27T16:44:35.686758"}
{"op_code": 5, "worker_id": "39570d9a-eec5-46e1-9cb2-529d67354ef9-139807972108096", "trial_id": 11, "param_name": "constraints", "param_value_internal": 0.9500000000000001, "distribution": "{\"name\": \"FloatDistribution\", \"attributes\": {\"step\": 0.01, \"low\": 0.0, \"high\": 1.0, \"log\": false}}"}
{"op_code": 6, "worker_id": "43c2d910-71c4-4ee4-aa0d-70f041e0f43f-140150798460736", "trial_id": 9, "state": 1, "values": [0.93608212471], "datetime_complete": "2023-02-27T16:44:46.932822"}
{"op_code": 4, "worker_id": "ace1e445-b79a-48b0-a7bc-a4a5d372bac7-140282886547264", "study_id": 0, "datetime_start": "2023-02-27T16:44:35.700012"}
{"op_code": 5, "worker_id": "ace1e445-b79a-48b0-a7bc-a4a5d372bac7-140282886547264", "trial_id": 12, "param_name": "constraints", "param_value_internal": 0.5, "distribution": "{\"name\": \"FloatDistribution\", \"attributes\": {\"step\": 0.01, \"low\": 0.0, \"high\": 1.0, \"log\": false}}"}
{"op_code": 6, "worker_id": "4033232f-a8c1-407f-b496-16240dd17f6c-139731920631616", "trial_id": 10, "state": 1, "values": [0.9158682823230001], "datetime_complete": "2023-02-27T16:44:47.990832"}
{"op_code": 4, "worker_id": "2ccd8d45-b995-47db-9b22-e2279248c705-140716237879104", "study_id": 0, "datetime_start": "2023-02-27T16:44:35.689761"}
{"op_code": 5, "worker_id": "2ccd8d45-b995-47db-9b22-e2279248c705-140716237879104", "trial_id": 13, "param_name": "constraints", "param_value_internal": 0.0, "distribution": "{\"name\": \"FloatDistribution\", \"attributes\": {\"step\": 0.01, \"low\": 0.0, \"high\": 1.0, \"log\": false}}"}
{"op_code": 6, "worker_id": "39570d9a-eec5-46e1-9cb2-529d67354ef9-139807972108096", "trial_id": 11, "state": 1, "values": [0.9582068920100002], "datetime_complete": "2023-02-27T16:44:49.152034"}
{"op_code": 4, "worker_id": "18d65f89-bc29-46b1-b3f2-50a3f0775351-139787749259072", "study_id": 0, "datetime_start": "2023-02-27T16:44:35.695134"}
{"op_code": 5, "worker_id": "18d65f89-bc29-46b1-b3f2-50a3f0775351-139787749259072", "trial_id": 14, "param_name": "constraints", "param_value_internal": 0.01, "distribution": "{\"name\": \"FloatDistribution\", \"attributes\": {\"step\": 0.01, \"low\": 0.0, \"high\": 1.0, \"log\": false}}"}
{"op_code": 6, "worker_id": "ace1e445-b79a-48b0-a7bc-a4a5d372bac7-140282886547264", "trial_id": 12, "state": 1, "values": [0.9042872190400002], "datetime_complete": "2023-02-27T16:44:50.363631"}
{"op_code": 4, "worker_id": "69cd870e-a4b2-49d8-9bec-daf80c07240a-139933436802880", "study_id": 0, "datetime_start": "2023-02-27T16:44:35.697497"}
{"op_code": 5, "worker_id": "69cd870e-a4b2-49d8-9bec-daf80c07240a-139933436802880", "trial_id": 15, "param_name": "constraints", "param_value_internal": 0.01, "distribution": "{\"name\": \"FloatDistribution\", \"attributes\": {\"step\": 0.01, \"low\": 0.0, \"high\": 1.0, \"log\": false}}"}
{"op_code": 6, "worker_id": "2ccd8d45-b995-47db-9b22-e2279248c705-140716237879104", "trial_id": 13, "state": 1, "values": [0.7746539115900006], "datetime_complete": "2023-02-27T16:44:51.466043"}
{"op_code": 6, "worker_id": "18d65f89-bc29-46b1-b3f2-50a3f0775351-139787749259072", "trial_id": 14, "state": 1, "values": [0.7691202163699999], "datetime_complete": "2023-02-27T16:44:52.590453"}
{"op_code": 4, "worker_id": "640d342b-109e-46c1-8846-f4e12283bbb8-140398605285184", "study_id": 0, "datetime_start": "2023-02-27T16:44:35.756708"}
{"op_code": 5, "worker_id": "640d342b-109e-46c1-8846-f4e12283bbb8-140398605285184", "trial_id": 16, "param_name": "constraints", "param_value_internal": 0.23, "distribution": "{\"name\": \"FloatDistribution\", \"attributes\": {\"step\": 0.01, \"low\": 0.0, \"high\": 1.0, \"log\": false}}"}
{"op_code": 6, "worker_id": "69cd870e-a4b2-49d8-9bec-daf80c07240a-139933436802880", "trial_id": 15, "state": 1, "values": [0.7691202163699999], "datetime_complete": "2023-02-27T16:44:53.425984"}
{"op_code": 4, "worker_id": "d052878e-ca9e-48f7-ab26-845f2e6c9c97-139949403043648", "study_id": 0, "datetime_start": "2023-02-27T16:44:35.702477"}
{"op_code": 5, "worker_id": "d052878e-ca9e-48f7-ab26-845f2e6c9c97-139949403043648", "trial_id": 17, "param_name": "constraints", "param_value_internal": 0.24, "distribution": "{\"name\": \"FloatDistribution\", \"attributes\": {\"step\": 0.01, \"low\": 0.0, \"high\": 1.0, \"log\": false}}"}
{"op_code": 4, "worker_id": "156b4528-2b1b-4871-92c6-7485f8858376-140063201642304", "study_id": 0, "datetime_start": "2023-02-27T16:44:35.705101"}
{"op_code": 5, "worker_id": "156b4528-2b1b-4871-92c6-7485f8858376-140063201642304", "trial_id": 18, "param_name": "constraints", "param_value_internal": 0.3, "distribution": "{\"name\": \"FloatDistribution\", \"attributes\": {\"step\": 0.01, \"low\": 0.0, \"high\": 1.0, \"log\": false}}"}
{"op_code": 6, "worker_id": "640d342b-109e-46c1-8846-f4e12283bbb8-140398605285184", "trial_id": 16, "state": 1, "values": [0.8006200790399998], "datetime_complete": "2023-02-27T16:44:55.292486"}
{"op_code": 4, "worker_id": "d4017418-04ca-4345-bd46-358497c05bb5-139896342202176", "study_id": 0, "datetime_start": "2023-02-27T16:44:35.756599"}
{"op_code": 5, "worker_id": "d4017418-04ca-4345-bd46-358497c05bb5-139896342202176", "trial_id": 19, "param_name": "constraints", "param_value_internal": 0.33, "distribution": "{\"name\": \"FloatDistribution\", \"attributes\": {\"step\": 0.01, \"low\": 0.0, \"high\": 1.0, \"log\": false}}"}
{"op_code": 6, "worker_id": "d052878e-ca9e-48f7-ab26-845f2e6c9c97-139949403043648", "trial_id": 17, "state": 1, "values": [0.806507468225], "datetime_complete": "2023-02-27T16:44:56.715446"}
{"op_code": 4, "worker_id": "13e8cddc-f52d-4c25-b473-093767a250b4-140189664884544", "study_id": 0, "datetime_start": "2023-02-27T16:44:35.756594"}
{"op_code": 5, "worker_id": "13e8cddc-f52d-4c25-b473-093767a250b4-140189664884544", "trial_id": 20, "param_name": "constraints", "param_value_internal": 0.37, "distribution": "{\"name\": \"FloatDistribution\", \"attributes\": {\"step\": 0.01, \"low\": 0.0, \"high\": 1.0, \"log\": false}}"}
{"op_code": 6, "worker_id": "156b4528-2b1b-4871-92c6-7485f8858376-140063201642304", "trial_id": 18, "state": 1, "values": [0.838171988725], "datetime_complete": "2023-02-27T16:44:57.854310"}
{"op_code": 4, "worker_id": "61b754c7-e195-4d51-9554-9da3d5d17ab7-139723507173184", "study_id": 0, "datetime_start": "2023-02-27T16:44:35.756713"}
{"op_code": 5, "worker_id": "61b754c7-e195-4d51-9554-9da3d5d17ab7-139723507173184", "trial_id": 21, "param_name": "constraints", "param_value_internal": 0.13, "distribution": "{\"name\": \"FloatDistribution\", \"attributes\": {\"step\": 0.01, \"low\": 0.0, \"high\": 1.0, \"log\": false}}"}
{"op_code": 6, "worker_id": "d4017418-04ca-4345-bd46-358497c05bb5-139896342202176", "trial_id": 19, "state": 1, "values": [0.84807705879], "datetime_complete": "2023-02-27T16:44:58.528082"}
{"op_code": 4, "worker_id": "f4438d25-d618-447c-8d4e-d20a0b2ae5e0-140061799909184", "study_id": 0, "datetime_start": "2023-02-27T16:44:35.756705"}
{"op_code": 5, "worker_id": "f4438d25-d618-447c-8d4e-d20a0b2ae5e0-140061799909184", "trial_id": 22, "param_name": "constraints", "param_value_internal": 0.14, "distribution": "{\"name\": \"FloatDistribution\", \"attributes\": {\"step\": 0.01, \"low\": 0.0, \"high\": 1.0, \"log\": false}}"}
{"op_code": 6, "worker_id": "13e8cddc-f52d-4c25-b473-093767a250b4-140189664884544", "trial_id": 20, "state": 1, "values": [0.8625569343600001], "datetime_complete": "2023-02-27T16:44:59.271943"}
{"op_code": 4, "worker_id": "5585d7ee-e3d8-4f3f-88fc-3baf0bf5e556-140307656628032", "study_id": 0, "datetime_start": "2023-02-27T16:44:35.756714"}
{"op_code": 5, "worker_id": "5585d7ee-e3d8-4f3f-88fc-3baf0bf5e556-140307656628032", "trial_id": 23, "param_name": "constraints", "param_value_internal": 0.11, "distribution": "{\"name\": \"FloatDistribution\", \"attributes\": {\"step\": 0.01, \"low\": 0.0, \"high\": 1.0, \"log\": false}}"}
{"op_code": 6, "worker_id": "61b754c7-e195-4d51-9554-9da3d5d17ab7-139723507173184", "trial_id": 21, "state": 1, "values": [0.73861312866], "datetime_complete": "2023-02-27T16:45:00.368568"}
{"op_code": 4, "worker_id": "c9e6a760-df49-4f13-b2f9-38a18e7be9d0-139911291795264", "study_id": 0, "datetime_start": "2023-02-27T16:44:35.756710"}
{"op_code": 5, "worker_id": "c9e6a760-df49-4f13-b2f9-38a18e7be9d0-139911291795264", "trial_id": 24, "param_name": "constraints", "param_value_internal": 0.16, "distribution": "{\"name\": \"FloatDistribution\", \"attributes\": {\"step\": 0.01, \"low\": 0.0, \"high\": 1.0, \"log\": false}}"}
{"op_code": 6, "worker_id": "f4438d25-d618-447c-8d4e-d20a0b2ae5e0-140061799909184", "trial_id": 22, "state": 1, "values": [0.7415857315099998], "datetime_complete": "2023-02-27T16:45:01.598771"}
{"op_code": 4, "worker_id": "38669b6c-093e-4c81-9771-058c46bf822a-139806100617024", "study_id": 0, "datetime_start": "2023-02-27T16:44:35.756801"}
{"op_code": 5, "worker_id": "38669b6c-093e-4c81-9771-058c46bf822a-139806100617024", "trial_id": 25, "param_name": "constraints", "param_value_internal": 0.13, "distribution": "{\"name\": \"FloatDistribution\", \"attributes\": {\"step\": 0.01, \"low\": 0.0, \"high\": 1.0, \"log\": false}}"}
{"op_code": 6, "worker_id": "5585d7ee-e3d8-4f3f-88fc-3baf0bf5e556-140307656628032", "trial_id": 23, "state": 1, "values": [0.7269475459999999], "datetime_complete": "2023-02-27T16:45:02.766575"}
{"op_code": 4, "worker_id": "0873ffda-9ba4-4162-b4c2-0c9948ea88f9-140453760513856", "study_id": 0, "datetime_start": "2023-02-27T16:44:35.757116"}
{"op_code": 5, "worker_id": "0873ffda-9ba4-4162-b4c2-0c9948ea88f9-140453760513856", "trial_id": 26, "param_name": "constraints", "param_value_internal": 0.09, "distribution": "{\"name\": \"FloatDistribution\", \"attributes\": {\"step\": 0.01, \"low\": 0.0, \"high\": 1.0, \"log\": false}}"}
{"op_code": 6, "worker_id": "c9e6a760-df49-4f13-b2f9-38a18e7be9d0-139911291795264", "trial_id": 24, "state": 1, "values": [0.7570736408299998], "datetime_complete": "2023-02-27T16:45:03.596375"}
{"op_code": 4, "worker_id": "37c9b3ba-d689-40ef-acc4-5f3be208cd61-140612905432896", "study_id": 0, "datetime_start": "2023-02-27T16:44:35.756804"}
{"op_code": 5, "worker_id": "37c9b3ba-d689-40ef-acc4-5f3be208cd61-140612905432896", "trial_id": 27, "param_name": "constraints", "param_value_internal": 0.1, "distribution": "{\"name\": \"FloatDistribution\", \"attributes\": {\"step\": 0.01, \"low\": 0.0, \"high\": 1.0, \"log\": false}}"}
{"op_code": 6, "worker_id": "38669b6c-093e-4c81-9771-058c46bf822a-139806100617024", "trial_id": 25, "state": 1, "values": [0.73861312866], "datetime_complete": "2023-02-27T16:45:04.941584"}
{"op_code": 4, "worker_id": "357f3c1e-b65a-4677-aafe-ab683243a243-139775130142528", "study_id": 0, "datetime_start": "2023-02-27T16:44:35.767434"}
{"op_code": 4, "worker_id": "d8f3b84f-f06e-460c-9103-ab9cad713763-139752123103040", "study_id": 0, "datetime_start": "2023-02-27T16:44:35.757102"}
{"op_code": 5, "worker_id": "357f3c1e-b65a-4677-aafe-ab683243a243-139775130142528", "trial_id": 28, "param_name": "constraints", "param_value_internal": 0.41000000000000003, "distribution": "{\"name\": \"FloatDistribution\", \"attributes\": {\"step\": 0.01, \"low\": 0.0, \"high\": 1.0, \"log\": false}}"}
{"op_code": 5, "worker_id": "d8f3b84f-f06e-460c-9103-ab9cad713763-139752123103040", "trial_id": 29, "param_name": "constraints", "param_value_internal": 0.08, "distribution": "{\"name\": \"FloatDistribution\", \"attributes\": {\"step\": 0.01, \"low\": 0.0, \"high\": 1.0, \"log\": false}}"}
{"op_code": 6, "worker_id": "0873ffda-9ba4-4162-b4c2-0c9948ea88f9-140453760513856", "trial_id": 26, "state": 1, "values": [0.725779678673], "datetime_complete": "2023-02-27T16:45:06.979035"}
{"op_code": 6, "worker_id": "37c9b3ba-d689-40ef-acc4-5f3be208cd61-140612905432896", "trial_id": 27, "state": 1, "values": [0.7265129089400002], "datetime_complete": "2023-02-27T16:45:08.436841"}
{"op_code": 4, "worker_id": "df9ae828-c0be-4baf-96a9-93ceccd0affd-140313947490112", "study_id": 0, "datetime_start": "2023-02-27T16:44:35.756717"}
{"op_code": 5, "worker_id": "df9ae828-c0be-4baf-96a9-93ceccd0affd-140313947490112", "trial_id": 30, "param_name": "constraints", "param_value_internal": 0.42, "distribution": "{\"name\": \"FloatDistribution\", \"attributes\": {\"step\": 0.01, \"low\": 0.0, \"high\": 1.0, \"log\": false}}"}
{"op_code": 4, "worker_id": "5b99a6cd-b37a-4f04-bb33-94dac386f6e8-140084318684992", "study_id": 0, "datetime_start": "2023-02-27T16:44:35.757116"}
{"op_code": 6, "worker_id": "357f3c1e-b65a-4677-aafe-ab683243a243-139775130142528", "trial_id": 28, "state": 1, "values": [0.8782916143535], "datetime_complete": "2023-02-27T16:45:09.780696"}
{"op_code": 5, "worker_id": "5b99a6cd-b37a-4f04-bb33-94dac386f6e8-140084318684992", "trial_id": 31, "param_name": "constraints", "param_value_internal": 0.24, "distribution": "{\"name\": \"FloatDistribution\", \"attributes\": {\"step\": 0.01, \"low\": 0.0, \"high\": 1.0, \"log\": false}}"}
{"op_code": 6, "worker_id": "d8f3b84f-f06e-460c-9103-ab9cad713763-139752123103040", "trial_id": 29, "state": 1, "values": [0.7280955314600002], "datetime_complete": "2023-02-27T16:45:10.087036"}
{"op_code": 4, "worker_id": "a05275f3-fcf6-49c0-8561-3deaae4445fb-140584572913472", "study_id": 0, "datetime_start": "2023-02-27T16:44:35.772755"}
{"op_code": 5, "worker_id": "a05275f3-fcf6-49c0-8561-3deaae4445fb-140584572913472", "trial_id": 32, "param_name": "constraints", "param_value_internal": 0.21, "distribution": "{\"name\": \"FloatDistribution\", \"attributes\": {\"step\": 0.01, \"low\": 0.0, \"high\": 1.0, \"log\": false}}"}
{"op_code": 4, "worker_id": "cfbbe971-a057-4ef8-a2bd-22d81b9458b7-140259441858368", "study_id": 0, "datetime_start": "2023-02-27T16:44:35.765019"}
{"op_code": 6, "worker_id": "df9ae828-c0be-4baf-96a9-93ceccd0affd-140313947490112", "trial_id": 30, "state": 1, "values": [0.8803980350499998], "datetime_complete": "2023-02-27T16:45:11.813288"}
{"op_code": 5, "worker_id": "cfbbe971-a057-4ef8-a2bd-22d81b9458b7-140259441858368", "trial_id": 33, "param_name": "constraints", "param_value_internal": 0.22, "distribution": "{\"name\": \"FloatDistribution\", \"attributes\": {\"step\": 0.01, \"low\": 0.0, \"high\": 1.0, \"log\": false}}"}
{"op_code": 4, "worker_id": "02688e27-2dc9-44a9-89d1-fb60e08775b2-139752630769472", "study_id": 0, "datetime_start": "2023-02-27T16:44:35.758687"}
{"op_code": 5, "worker_id": "02688e27-2dc9-44a9-89d1-fb60e08775b2-139752630769472", "trial_id": 34, "param_name": "constraints", "param_value_internal": 0.25, "distribution": "{\"name\": \"FloatDistribution\", \"attributes\": {\"step\": 0.01, \"low\": 0.0, \"high\": 1.0, \"log\": false}}"}
{"op_code": 6, "worker_id": "5b99a6cd-b37a-4f04-bb33-94dac386f6e8-140084318684992", "trial_id": 31, "state": 1, "values": [0.806507468225], "datetime_complete": "2023-02-27T16:45:15.537327"}
{"op_code": 4, "worker_id": "77f20580-e1f5-4a71-be4d-bdbad9a586d9-139920268306240", "study_id": 0, "datetime_start": "2023-02-27T16:44:35.790078"}
{"op_code": 6, "worker_id": "a05275f3-fcf6-49c0-8561-3deaae4445fb-140584572913472", "trial_id": 32, "state": 1, "values": [0.7892022132899998], "datetime_complete": "2023-02-27T16:45:16.525667"}
{"op_code": 5, "worker_id": "77f20580-e1f5-4a71-be4d-bdbad9a586d9-139920268306240", "trial_id": 35, "param_name": "constraints", "param_value_internal": 0.21, "distribution": "{\"name\": \"FloatDistribution\", \"attributes\": {\"step\": 0.01, \"low\": 0.0, \"high\": 1.0, \"log\": false}}"}
{"op_code": 4, "worker_id": "61652ea1-5e40-4904-ac93-a047598a9e47-139844607301440", "study_id": 0, "datetime_start": "2023-02-27T16:44:35.757746"}
{"op_code": 5, "worker_id": "61652ea1-5e40-4904-ac93-a047598a9e47-139844607301440", "trial_id": 36, "param_name": "constraints", "param_value_internal": 0.07, "distribution": "{\"name\": \"FloatDistribution\", \"attributes\": {\"step\": 0.01, \"low\": 0.0, \"high\": 1.0, \"log\": false}}"}
{"op_code": 6, "worker_id": "cfbbe971-a057-4ef8-a2bd-22d81b9458b7-140259441858368", "trial_id": 33, "state": 1, "values": [0.792553558946], "datetime_complete": "2023-02-27T16:45:17.519520"}
{"op_code": 6, "worker_id": "02688e27-2dc9-44a9-89d1-fb60e08775b2-139752630769472", "trial_id": 34, "state": 1, "values": [0.8141884803699995], "datetime_complete": "2023-02-27T16:45:18.184624"}
{"op_code": 4, "worker_id": "294d2066-e0ab-48ed-93c7-df9e9b91fbb6-140340511594304", "study_id": 0, "datetime_start": "2023-02-27T16:44:35.757652"}
{"op_code": 5, "worker_id": "294d2066-e0ab-48ed-93c7-df9e9b91fbb6-140340511594304", "trial_id": 37, "param_name": "constraints", "param_value_internal": 0.07, "distribution": "{\"name\": \"FloatDistribution\", \"attributes\": {\"step\": 0.01, \"low\": 0.0, \"high\": 1.0, \"log\": false}}"}
{"op_code": 6, "worker_id": "77f20580-e1f5-4a71-be4d-bdbad9a586d9-139920268306240", "trial_id": 35, "state": 1, "values": [0.7892022132899998], "datetime_complete": "2023-02-27T16:45:19.111991"}
{"op_code": 4, "worker_id": "b2bdee2b-3c1a-4afa-8883-87307bca07fb-140554681976640", "study_id": 0, "datetime_start": "2023-02-27T16:44:35.756813"}
{"op_code": 5, "worker_id": "b2bdee2b-3c1a-4afa-8883-87307bca07fb-140554681976640", "trial_id": 38, "param_name": "constraints", "param_value_internal": 0.07, "distribution": "{\"name\": \"FloatDistribution\", \"attributes\": {\"step\": 0.01, \"low\": 0.0, \"high\": 1.0, \"log\": false}}"}
{"op_code": 6, "worker_id": "61652ea1-5e40-4904-ac93-a047598a9e47-139844607301440", "trial_id": 36, "state": 1, "values": [0.727959275249], "datetime_complete": "2023-02-27T16:45:19.836782"}
{"op_code": 4, "worker_id": "5de5a2c5-f074-4f85-ade3-b16e67250d50-140417913599808", "study_id": 0, "datetime_start": "2023-02-27T16:44:35.760562"}
{"op_code": 5, "worker_id": "5de5a2c5-f074-4f85-ade3-b16e67250d50-140417913599808", "trial_id": 39, "param_name": "constraints", "param_value_internal": 0.06, "distribution": "{\"name\": \"FloatDistribution\", \"attributes\": {\"step\": 0.01, \"low\": 0.0, \"high\": 1.0, \"log\": false}}"}
{"op_code": 6, "worker_id": "294d2066-e0ab-48ed-93c7-df9e9b91fbb6-140340511594304", "trial_id": 37, "state": 1, "values": [0.727959275249], "datetime_complete": "2023-02-27T16:45:21.151131"}
{"op_code": 4, "worker_id": "5ccdb0c6-ff7e-47d4-8afe-92640aa57bcd-140166383023936", "study_id": 0, "datetime_start": "2023-02-27T16:44:35.771097"}
{"op_code": 5, "worker_id": "5ccdb0c6-ff7e-47d4-8afe-92640aa57bcd-140166383023936", "trial_id": 40, "param_name": "constraints", "param_value_internal": 0.65, "distribution": "{\"name\": \"FloatDistribution\", \"attributes\": {\"step\": 0.01, \"low\": 0.0, \"high\": 1.0, \"log\": false}}"}
{"op_code": 6, "worker_id": "b2bdee2b-3c1a-4afa-8883-87307bca07fb-140554681976640", "trial_id": 38, "state": 1, "values": [0.727959275249], "datetime_complete": "2023-02-27T16:45:22.032489"}
{"op_code": 4, "worker_id": "c2cbcd72-d1c5-41be-8785-58cd16890541-140322886625088", "study_id": 0, "datetime_start": "2023-02-27T16:44:35.775295"}
{"op_code": 5, "worker_id": "c2cbcd72-d1c5-41be-8785-58cd16890541-140322886625088", "trial_id": 41, "param_name": "constraints", "param_value_internal": 0.66, "distribution": "{\"name\": \"FloatDistribution\", \"attributes\": {\"step\": 0.01, \"low\": 0.0, \"high\": 1.0, \"log\": false}}"}
{"op_code": 6, "worker_id": "5de5a2c5-f074-4f85-ade3-b16e67250d50-140417913599808", "trial_id": 39, "state": 1, "values": [0.73900747299], "datetime_complete": "2023-02-27T16:45:23.128880"}
{"op_code": 4, "worker_id": "b1cffc1c-368d-484e-bd37-468061c96082-140399246194496", "study_id": 0, "datetime_start": "2023-02-27T16:44:35.762539"}
{"op_code": 5, "worker_id": "b1cffc1c-368d-484e-bd37-468061c96082-140399246194496", "trial_id": 42, "param_name": "constraints", "param_value_internal": 0.77, "distribution": "{\"name\": \"FloatDistribution\", \"attributes\": {\"step\": 0.01, \"low\": 0.0, \"high\": 1.0, \"log\": false}}"}
{"op_code": 6, "worker_id": "5ccdb0c6-ff7e-47d4-8afe-92640aa57bcd-140166383023936", "trial_id": 40, "state": 1, "values": [0.9288878440799997], "datetime_complete": "2023-02-27T16:45:24.209786"}
{"op_code": 4, "worker_id": "be946c18-5b9a-4f6d-afac-110c41d6132d-140389977806656", "study_id": 0, "datetime_start": "2023-02-27T16:44:35.786697"}
{"op_code": 5, "worker_id": "be946c18-5b9a-4f6d-afac-110c41d6132d-140389977806656", "trial_id": 43, "param_name": "constraints", "param_value_internal": 0.11, "distribution": "{\"name\": \"FloatDistribution\", \"attributes\": {\"step\": 0.01, \"low\": 0.0, \"high\": 1.0, \"log\": false}}"}
{"op_code": 6, "worker_id": "c2cbcd72-d1c5-41be-8785-58cd16890541-140322886625088", "trial_id": 41, "state": 1, "values": [0.9301381502298001], "datetime_complete": "2023-02-27T16:45:25.153066"}
{"op_code": 4, "worker_id": "42f4ebdf-8e3b-4b37-bb5f-4578c38da6f0-140395045193536", "study_id": 0, "datetime_start": "2023-02-27T16:44:35.781936"}
{"op_code": 5, "worker_id": "42f4ebdf-8e3b-4b37-bb5f-4578c38da6f0-140395045193536", "trial_id": 44, "param_name": "constraints", "param_value_internal": 0.1, "distribution": "{\"name\": \"FloatDistribution\", \"attributes\": {\"step\": 0.01, \"low\": 0.0, \"high\": 1.0, \"log\": false}}"}
{"op_code": 6, "worker_id": "b1cffc1c-368d-484e-bd37-468061c96082-140399246194496", "trial_id": 42, "state": 1, "values": [0.942976772785], "datetime_complete": "2023-02-27T16:45:26.052162"}
{"op_code": 4, "worker_id": "e5a97516-a169-44dc-a1ee-ac28a4a45328-140008638973760", "study_id": 0, "datetime_start": "2023-02-27T16:44:35.756808"}
{"op_code": 5, "worker_id": "e5a97516-a169-44dc-a1ee-ac28a4a45328-140008638973760", "trial_id": 45, "param_name": "constraints", "param_value_internal": 0.12, "distribution": "{\"name\": \"FloatDistribution\", \"attributes\": {\"step\": 0.01, \"low\": 0.0, \"high\": 1.0, \"log\": false}}"}
{"op_code": 6, "worker_id": "be946c18-5b9a-4f6d-afac-110c41d6132d-140389977806656", "trial_id": 43, "state": 1, "values": [0.7269475459999999], "datetime_complete": "2023-02-27T16:45:27.314063"}
{"op_code": 4, "worker_id": "94123bb7-1ede-4234-8d4c-d6cf95ed760f-139683464394560", "study_id": 0, "datetime_start": "2023-02-27T16:44:35.756814"}
{"op_code": 5, "worker_id": "94123bb7-1ede-4234-8d4c-d6cf95ed760f-139683464394560", "trial_id": 46, "param_name": "constraints", "param_value_internal": 0.18, "distribution": "{\"name\": \"FloatDistribution\", \"attributes\": {\"step\": 0.01, \"low\": 0.0, \"high\": 1.0, \"log\": false}}"}
{"op_code": 6, "worker_id": "42f4ebdf-8e3b-4b37-bb5f-4578c38da6f0-140395045193536", "trial_id": 44, "state": 1, "values": [0.7265129089400002], "datetime_complete": "2023-02-27T16:45:28.402766"}
{"op_code": 4, "worker_id": "3ab59e79-05ab-424c-8f19-391bfb2e96e8-140092210640704", "study_id": 0, "datetime_start": "2023-02-27T16:44:35.784450"}
{"op_code": 5, "worker_id": "3ab59e79-05ab-424c-8f19-391bfb2e96e8-140092210640704", "trial_id": 47, "param_name": "constraints", "param_value_internal": 0.17, "distribution": "{\"name\": \"FloatDistribution\", \"attributes\": {\"step\": 0.01, \"low\": 0.0, \"high\": 1.0, \"log\": false}}"}
{"op_code": 6, "worker_id": "e5a97516-a169-44dc-a1ee-ac28a4a45328-140008638973760", "trial_id": 45, "state": 1, "values": [0.7333705425199999], "datetime_complete": "2023-02-27T16:45:29.467769"}
{"op_code": 4, "worker_id": "6a16da50-2f85-4ae6-a8aa-2cb776bb7a4d-139784735967040", "study_id": 0, "datetime_start": "2023-02-27T16:44:35.777226"}
{"op_code": 5, "worker_id": "6a16da50-2f85-4ae6-a8aa-2cb776bb7a4d-139784735967040", "trial_id": 48, "param_name": "constraints", "param_value_internal": 0.17, "distribution": "{\"name\": \"FloatDistribution\", \"attributes\": {\"step\": 0.01, \"low\": 0.0, \"high\": 1.0, \"log\": false}}"}
{"op_code": 6, "worker_id": "94123bb7-1ede-4234-8d4c-d6cf95ed760f-139683464394560", "trial_id": 46, "state": 1, "values": [0.7708244323700004], "datetime_complete": "2023-02-27T16:45:30.713750"}
{"op_code": 4, "worker_id": "3f123029-ab53-4c57-a6ba-fad82308cabb-139804943677248", "study_id": 0, "datetime_start": "2023-02-27T16:44:35.779469"}
{"op_code": 5, "worker_id": "3f123029-ab53-4c57-a6ba-fad82308cabb-139804943677248", "trial_id": 49, "param_name": "constraints", "param_value_internal": 0.28, "distribution": "{\"name\": \"FloatDistribution\", \"attributes\": {\"step\": 0.01, \"low\": 0.0, \"high\": 1.0, \"log\": false}}"}
{"op_code": 6, "worker_id": "3ab59e79-05ab-424c-8f19-391bfb2e96e8-140092210640704", "trial_id": 47, "state": 1, "values": [0.7637087106700002], "datetime_complete": "2023-02-27T16:45:31.860739"}
{"op_code": 6, "worker_id": "6a16da50-2f85-4ae6-a8aa-2cb776bb7a4d-139784735967040", "trial_id": 48, "state": 1, "values": [0.7637087106700002], "datetime_complete": "2023-02-27T16:45:33.735338"}
{"op_code": 6, "worker_id": "3f123029-ab53-4c57-a6ba-fad82308cabb-139804943677248", "trial_id": 49, "state": 1, "values": [0.828113377094], "datetime_complete": "2023-02-27T16:45:36.104757"}
