{"op_code": 0, "worker_id": "7deebe62-6812-4e5c-a3c7-11798140ce3d-139888141408064", "study_name": "regional_seperation_survey_indiv_trend_regional_comparison", "directions": [1]}
{"op_code": 4, "worker_id": "382ea245-235c-47e5-a58c-cfee10e17627-140052943669056", "study_id": 0, "datetime_start": "2023-02-27T17:29:04.806397"}
{"op_code": 4, "worker_id": "2e39e123-23df-489c-b4e2-9fbbe9d5c7ae-139871323051840", "study_id": 0, "datetime_start": "2023-02-27T17:29:04.825801"}
{"op_code": 4, "worker_id": "609653c0-556d-41d6-b842-63cfd90493f7-140392265901888", "study_id": 0, "datetime_start": "2023-02-27T17:29:04.808251"}
{"op_code": 5, "worker_id": "2e39e123-23df-489c-b4e2-9fbbe9d5c7ae-139871323051840", "trial_id": 1, "param_name": "trend", "param_value_internal": 15.0, "distribution": "{\"name\": \"IntDistribution\", \"attributes\": {\"log\": false, \"step\": 1, \"low\": 1, \"high\": 20}}"}
{"op_code": 5, "worker_id": "609653c0-556d-41d6-b842-63cfd90493f7-140392265901888", "trial_id": 2, "param_name": "trend", "param_value_internal": 19.0, "distribution": "{\"name\": \"IntDistribution\", \"attributes\": {\"log\": false, \"step\": 1, \"low\": 1, \"high\": 20}}"}
{"op_code": 4, "worker_id": "95c448c4-78ed-4a67-af1c-d248f255a9c6-139943897687872", "study_id": 0, "datetime_start": "2023-02-27T17:29:04.810431"}
{"op_code": 5, "worker_id": "95c448c4-78ed-4a67-af1c-d248f255a9c6-139943897687872", "trial_id": 3, "param_name": "trend", "param_value_internal": 3.0, "distribution": "{\"name\": \"IntDistribution\", \"attributes\": {\"log\": false, \"step\": 1, \"low\": 1, \"high\": 20}}"}
{"op_code": 4, "worker_id": "455db41b-ea55-4d62-baf5-cfb731bad65f-140036568217408", "study_id": 0, "datetime_start": "2023-02-27T17:29:04.812679"}
{"op_code": 5, "worker_id": "455db41b-ea55-4d62-baf5-cfb731bad65f-140036568217408", "trial_id": 4, "param_name": "trend", "param_value_internal": 18.0, "distribution": "{\"name\": \"IntDistribution\", \"attributes\": {\"log\": false, \"step\": 1, \"low\": 1, \"high\": 20}}"}
{"op_code": 6, "worker_id": "2e39e123-23df-489c-b4e2-9fbbe9d5c7ae-139871323051840", "trial_id": 1, "state": 1, "values": [0.8809490766462287], "datetime_complete": "2023-02-27T17:29:06.601473"}
{"op_code": 6, "worker_id": "609653c0-556d-41d6-b842-63cfd90493f7-140392265901888", "trial_id": 2, "state": 1, "values": [0.9008098965877793], "datetime_complete": "2023-02-27T17:29:06.796762"}
{"op_code": 6, "worker_id": "95c448c4-78ed-4a67-af1c-d248f255a9c6-139943897687872", "trial_id": 3, "state": 1, "values": [0.9385543237709841], "datetime_complete": "2023-02-27T17:29:07.017965"}
{"op_code": 4, "worker_id": "5bab7a98-465d-4e42-b704-6291f48e2b9a-140619711924032", "study_id": 0, "datetime_start": "2023-02-27T17:29:04.814881"}
{"op_code": 5, "worker_id": "5bab7a98-465d-4e42-b704-6291f48e2b9a-140619711924032", "trial_id": 5, "param_name": "trend", "param_value_internal": 9.0, "distribution": "{\"name\": \"IntDistribution\", \"attributes\": {\"log\": false, \"step\": 1, \"low\": 1, \"high\": 20}}"}
{"op_code": 6, "worker_id": "455db41b-ea55-4d62-baf5-cfb731bad65f-140036568217408", "trial_id": 4, "state": 1, "values": [0.9061488909633231], "datetime_complete": "2023-02-27T17:29:07.729524"}
{"op_code": 4, "worker_id": "e233df75-7c20-4355-bc87-268f0a6f91f6-140281507010368", "study_id": 0, "datetime_start": "2023-02-27T17:29:04.819308"}
{"op_code": 5, "worker_id": "e233df75-7c20-4355-bc87-268f0a6f91f6-140281507010368", "trial_id": 6, "param_name": "trend", "param_value_internal": 19.0, "distribution": "{\"name\": \"IntDistribution\", \"attributes\": {\"log\": false, \"step\": 1, \"low\": 1, \"high\": 20}}"}
{"op_code": 6, "worker_id": "5bab7a98-465d-4e42-b704-6291f48e2b9a-140619711924032", "trial_id": 5, "state": 1, "values": [0.9453047140819943], "datetime_complete": "2023-02-27T17:29:08.600212"}
{"op_code": 4, "worker_id": "15a3d52b-3d81-4c9d-9bca-71987d46f98d-140313693759296", "study_id": 0, "datetime_start": "2023-02-27T17:29:04.817089"}
{"op_code": 5, "worker_id": "15a3d52b-3d81-4c9d-9bca-71987d46f98d-140313693759296", "trial_id": 7, "param_name": "trend", "param_value_internal": 6.0, "distribution": "{\"name\": \"IntDistribution\", \"attributes\": {\"log\": false, \"step\": 1, \"low\": 1, \"high\": 20}}"}
{"op_code": 6, "worker_id": "e233df75-7c20-4355-bc87-268f0a6f91f6-140281507010368", "trial_id": 6, "state": 1, "values": [0.9008098965877793], "datetime_complete": "2023-02-27T17:29:09.531299"}
{"op_code": 4, "worker_id": "67d3d5d4-f134-4d1c-817a-644ac6bafe25-140065133217600", "study_id": 0, "datetime_start": "2023-02-27T17:29:04.821439"}
{"op_code": 5, "worker_id": "67d3d5d4-f134-4d1c-817a-644ac6bafe25-140065133217600", "trial_id": 8, "param_name": "trend", "param_value_internal": 12.0, "distribution": "{\"name\": \"IntDistribution\", \"attributes\": {\"log\": false, \"step\": 1, \"low\": 1, \"high\": 20}}"}
{"op_code": 6, "worker_id": "15a3d52b-3d81-4c9d-9bca-71987d46f98d-140313693759296", "trial_id": 7, "state": 1, "values": [0.9057511128703646], "datetime_complete": "2023-02-27T17:29:10.583041"}
{"op_code": 4, "worker_id": "60477b2f-be9a-4adf-b51e-e47eb544b239-140630153029440", "study_id": 0, "datetime_start": "2023-02-27T17:29:04.836832"}
{"op_code": 5, "worker_id": "60477b2f-be9a-4adf-b51e-e47eb544b239-140630153029440", "trial_id": 9, "param_name": "trend", "param_value_internal": 4.0, "distribution": "{\"name\": \"IntDistribution\", \"attributes\": {\"log\": false, \"step\": 1, \"low\": 1, \"high\": 20}}"}
{"op_code": 6, "worker_id": "67d3d5d4-f134-4d1c-817a-644ac6bafe25-140065133217600", "trial_id": 8, "state": 1, "values": [0.8640574319118994], "datetime_complete": "2023-02-27T17:29:11.746567"}
{"op_code": 4, "worker_id": "14968f5a-a203-49c5-a794-29b3166824ee-140323088217920", "study_id": 0, "datetime_start": "2023-02-27T17:29:04.823656"}
{"op_code": 5, "worker_id": "14968f5a-a203-49c5-a794-29b3166824ee-140323088217920", "trial_id": 10, "param_name": "trend", "param_value_internal": 12.0, "distribution": "{\"name\": \"IntDistribution\", \"attributes\": {\"log\": false, \"step\": 1, \"low\": 1, \"high\": 20}}"}
{"op_code": 6, "worker_id": "60477b2f-be9a-4adf-b51e-e47eb544b239-140630153029440", "trial_id": 9, "state": 1, "values": [0.8232429252985205], "datetime_complete": "2023-02-27T17:29:12.871545"}
{"op_code": 4, "worker_id": "5bd0ccef-b248-4159-8499-3f6c5265a40b-140011609167680", "study_id": 0, "datetime_start": "2023-02-27T17:29:04.832489"}
{"op_code": 5, "worker_id": "5bd0ccef-b248-4159-8499-3f6c5265a40b-140011609167680", "trial_id": 11, "param_name": "trend", "param_value_internal": 1.0, "distribution": "{\"name\": \"IntDistribution\", \"attributes\": {\"log\": false, \"step\": 1, \"low\": 1, \"high\": 20}}"}
{"op_code": 6, "worker_id": "14968f5a-a203-49c5-a794-29b3166824ee-140323088217920", "trial_id": 10, "state": 1, "values": [0.8640574319118994], "datetime_complete": "2023-02-27T17:29:13.725306"}
{"op_code": 4, "worker_id": "ff712af4-c4b2-463d-8c4c-408791631ad2-140201863300928", "study_id": 0, "datetime_start": "2023-02-27T17:29:04.828246"}
{"op_code": 5, "worker_id": "ff712af4-c4b2-463d-8c4c-408791631ad2-140201863300928", "trial_id": 12, "param_name": "trend", "param_value_internal": 1.0, "distribution": "{\"name\": \"IntDistribution\", \"attributes\": {\"log\": false, \"step\": 1, \"low\": 1, \"high\": 20}}"}
{"op_code": 6, "worker_id": "5bd0ccef-b248-4159-8499-3f6c5265a40b-140011609167680", "trial_id": 11, "state": 1, "values": [1.0321311835991733], "datetime_complete": "2023-02-27T17:29:14.941393"}
{"op_code": 4, "worker_id": "4b1d97ca-8182-4561-8aad-ca2842327420-139698458879808", "study_id": 0, "datetime_start": "2023-02-27T17:29:04.830219"}
{"op_code": 5, "worker_id": "4b1d97ca-8182-4561-8aad-ca2842327420-139698458879808", "trial_id": 13, "param_name": "trend", "param_value_internal": 10.0, "distribution": "{\"name\": \"IntDistribution\", \"attributes\": {\"log\": false, \"step\": 1, \"low\": 1, \"high\": 20}}"}
{"op_code": 6, "worker_id": "ff712af4-c4b2-463d-8c4c-408791631ad2-140201863300928", "trial_id": 12, "state": 1, "values": [1.0321311835991733], "datetime_complete": "2023-02-27T17:29:15.923734"}
{"op_code": 4, "worker_id": "fa4c981e-cb77-4f7f-bb68-67d2d90139c1-140672746170176", "study_id": 0, "datetime_start": "2023-02-27T17:29:04.835715"}
{"op_code": 5, "worker_id": "fa4c981e-cb77-4f7f-bb68-67d2d90139c1-140672746170176", "trial_id": 14, "param_name": "trend", "param_value_internal": 9.0, "distribution": "{\"name\": \"IntDistribution\", \"attributes\": {\"log\": false, \"step\": 1, \"low\": 1, \"high\": 20}}"}
{"op_code": 6, "worker_id": "4b1d97ca-8182-4561-8aad-ca2842327420-139698458879808", "trial_id": 13, "state": 1, "values": [0.9498872067186213], "datetime_complete": "2023-02-27T17:29:17.190453"}
{"op_code": 4, "worker_id": "d06f2eec-2a16-4401-bceb-366da3ddbf2c-139839601137472", "study_id": 0, "datetime_start": "2023-02-27T17:29:04.839124"}
{"op_code": 5, "worker_id": "d06f2eec-2a16-4401-bceb-366da3ddbf2c-139839601137472", "trial_id": 15, "param_name": "trend", "param_value_internal": 6.0, "distribution": "{\"name\": \"IntDistribution\", \"attributes\": {\"log\": false, \"step\": 1, \"low\": 1, \"high\": 20}}"}
{"op_code": 6, "worker_id": "fa4c981e-cb77-4f7f-bb68-67d2d90139c1-140672746170176", "trial_id": 14, "state": 1, "values": [0.9453047140819943], "datetime_complete": "2023-02-27T17:29:18.312050"}
{"op_code": 4, "worker_id": "e147dbbd-b144-4fe7-9d6e-4660c3e17909-139674512131904", "study_id": 0, "datetime_start": "2023-02-27T17:29:04.874166"}
{"op_code": 5, "worker_id": "e147dbbd-b144-4fe7-9d6e-4660c3e17909-139674512131904", "trial_id": 16, "param_name": "trend", "param_value_internal": 14.0, "distribution": "{\"name\": \"IntDistribution\", \"attributes\": {\"log\": false, \"step\": 1, \"low\": 1, \"high\": 20}}"}
{"op_code": 6, "worker_id": "d06f2eec-2a16-4401-bceb-366da3ddbf2c-139839601137472", "trial_id": 15, "state": 1, "values": [0.9057511128703646], "datetime_complete": "2023-02-27T17:29:18.930207"}
{"op_code": 4, "worker_id": "3f5b55ef-3ee0-4ba9-9e1e-06e80a459be6-140103524632384", "study_id": 0, "datetime_start": "2023-02-27T17:29:04.872665"}
{"op_code": 5, "worker_id": "3f5b55ef-3ee0-4ba9-9e1e-06e80a459be6-140103524632384", "trial_id": 17, "param_name": "trend", "param_value_internal": 13.0, "distribution": "{\"name\": \"IntDistribution\", \"attributes\": {\"log\": false, \"step\": 1, \"low\": 1, \"high\": 20}}"}
{"op_code": 6, "worker_id": "e147dbbd-b144-4fe7-9d6e-4660c3e17909-139674512131904", "trial_id": 16, "state": 1, "values": [0.8604497258002093], "datetime_complete": "2023-02-27T17:29:19.895058"}
{"op_code": 4, "worker_id": "308340de-9086-449b-b0f4-6ec96785573e-140536112707392", "study_id": 0, "datetime_start": "2023-02-27T17:29:04.884550"}
{"op_code": 6, "worker_id": "3f5b55ef-3ee0-4ba9-9e1e-06e80a459be6-140103524632384", "trial_id": 17, "state": 1, "values": [0.8523797900601409], "datetime_complete": "2023-02-27T17:29:20.840450"}
{"op_code": 5, "worker_id": "308340de-9086-449b-b0f4-6ec96785573e-140536112707392", "trial_id": 18, "param_name": "trend", "param_value_internal": 15.0, "distribution": "{\"name\": \"IntDistribution\", \"attributes\": {\"log\": false, \"step\": 1, \"low\": 1, \"high\": 20}}"}
{"op_code": 4, "worker_id": "8b07fbe9-b108-4523-9cfc-e801b4fc2061-140456550573888", "study_id": 0, "datetime_start": "2023-02-27T17:29:04.874017"}
{"op_code": 5, "worker_id": "8b07fbe9-b108-4523-9cfc-e801b4fc2061-140456550573888", "trial_id": 19, "param_name": "trend", "param_value_internal": 6.0, "distribution": "{\"name\": \"IntDistribution\", \"attributes\": {\"log\": false, \"step\": 1, \"low\": 1, \"high\": 20}}"}
{"op_code": 6, "worker_id": "308340de-9086-449b-b0f4-6ec96785573e-140536112707392", "trial_id": 18, "state": 1, "values": [0.8809490766462287], "datetime_complete": "2023-02-27T17:29:22.031734"}
{"op_code": 4, "worker_id": "00ffbfc7-81f7-4d52-bb38-b940bb898f00-140206152615744", "study_id": 0, "datetime_start": "2023-02-27T17:29:04.874056"}
{"op_code": 5, "worker_id": "00ffbfc7-81f7-4d52-bb38-b940bb898f00-140206152615744", "trial_id": 20, "param_name": "trend", "param_value_internal": 6.0, "distribution": "{\"name\": \"IntDistribution\", \"attributes\": {\"log\": false, \"step\": 1, \"low\": 1, \"high\": 20}}"}
{"op_code": 6, "worker_id": "8b07fbe9-b108-4523-9cfc-e801b4fc2061-140456550573888", "trial_id": 19, "state": 1, "values": [0.9057511128703646], "datetime_complete": "2023-02-27T17:29:23.616549"}
{"op_code": 4, "worker_id": "10fb54d2-c636-4a53-955e-ddfdb825652d-139657566893888", "study_id": 0, "datetime_start": "2023-02-27T17:29:04.874356"}
{"op_code": 5, "worker_id": "10fb54d2-c636-4a53-955e-ddfdb825652d-139657566893888", "trial_id": 21, "param_name": "trend", "param_value_internal": 4.0, "distribution": "{\"name\": \"IntDistribution\", \"attributes\": {\"log\": false, \"step\": 1, \"low\": 1, \"high\": 20}}"}
{"op_code": 6, "worker_id": "00ffbfc7-81f7-4d52-bb38-b940bb898f00-140206152615744", "trial_id": 20, "state": 1, "values": [0.9057511128703646], "datetime_complete": "2023-02-27T17:29:24.912548"}
{"op_code": 4, "worker_id": "8c1182f4-06ff-478c-a3a4-3946c0ff714e-140479047771968", "study_id": 0, "datetime_start": "2023-02-27T17:29:04.874156"}
{"op_code": 5, "worker_id": "8c1182f4-06ff-478c-a3a4-3946c0ff714e-140479047771968", "trial_id": 22, "param_name": "trend", "param_value_internal": 4.0, "distribution": "{\"name\": \"IntDistribution\", \"attributes\": {\"log\": false, \"step\": 1, \"low\": 1, \"high\": 20}}"}
{"op_code": 6, "worker_id": "10fb54d2-c636-4a53-955e-ddfdb825652d-139657566893888", "trial_id": 21, "state": 1, "values": [0.8232429252985205], "datetime_complete": "2023-02-27T17:29:25.876947"}
{"op_code": 4, "worker_id": "fb6b6522-bdcf-4c48-b764-a364e2b3d0cb-140157872244544", "study_id": 0, "datetime_start": "2023-02-27T17:29:04.874260"}
{"op_code": 5, "worker_id": "fb6b6522-bdcf-4c48-b764-a364e2b3d0cb-140157872244544", "trial_id": 23, "param_name": "trend", "param_value_internal": 4.0, "distribution": "{\"name\": \"IntDistribution\", \"attributes\": {\"log\": false, \"step\": 1, \"low\": 1, \"high\": 20}}"}
{"op_code": 6, "worker_id": "8c1182f4-06ff-478c-a3a4-3946c0ff714e-140479047771968", "trial_id": 22, "state": 1, "values": [0.8232429252985205], "datetime_complete": "2023-02-27T17:29:27.081663"}
{"op_code": 4, "worker_id": "1dcf4d89-cbe3-4088-84f7-31c0bc3d5665-140186101622592", "study_id": 0, "datetime_start": "2023-02-27T17:29:04.874178"}
{"op_code": 5, "worker_id": "1dcf4d89-cbe3-4088-84f7-31c0bc3d5665-140186101622592", "trial_id": 24, "param_name": "trend", "param_value_internal": 4.0, "distribution": "{\"name\": \"IntDistribution\", \"attributes\": {\"log\": false, \"step\": 1, \"low\": 1, \"high\": 20}}"}
{"op_code": 6, "worker_id": "fb6b6522-bdcf-4c48-b764-a364e2b3d0cb-140157872244544", "trial_id": 23, "state": 1, "values": [0.8232429252985205], "datetime_complete": "2023-02-27T17:29:27.969237"}
{"op_code": 4, "worker_id": "76a60e87-126d-47af-9697-7dd672ef8146-139968832513856", "study_id": 0, "datetime_start": "2023-02-27T17:29:04.874169"}
{"op_code": 5, "worker_id": "76a60e87-126d-47af-9697-7dd672ef8146-139968832513856", "trial_id": 25, "param_name": "trend", "param_value_internal": 3.0, "distribution": "{\"name\": \"IntDistribution\", \"attributes\": {\"log\": false, \"step\": 1, \"low\": 1, \"high\": 20}}"}
{"op_code": 6, "worker_id": "1dcf4d89-cbe3-4088-84f7-31c0bc3d5665-140186101622592", "trial_id": 24, "state": 1, "values": [0.8232429252985205], "datetime_complete": "2023-02-27T17:29:28.959639"}
{"op_code": 4, "worker_id": "b734991d-bfb8-4d69-b2a6-8eb2cba8776c-140524692481856", "study_id": 0, "datetime_start": "2023-02-27T17:29:04.874059"}
{"op_code": 5, "worker_id": "b734991d-bfb8-4d69-b2a6-8eb2cba8776c-140524692481856", "trial_id": 26, "param_name": "trend", "param_value_internal": 3.0, "distribution": "{\"name\": \"IntDistribution\", \"attributes\": {\"log\": false, \"step\": 1, \"low\": 1, \"high\": 20}}"}
{"op_code": 6, "worker_id": "76a60e87-126d-47af-9697-7dd672ef8146-139968832513856", "trial_id": 25, "state": 1, "values": [0.9385543237709841], "datetime_complete": "2023-02-27T17:29:29.982375"}
{"op_code": 4, "worker_id": "cf824d48-f3ca-45da-80e8-088e65d6efcd-140386779543360", "study_id": 0, "datetime_start": "2023-02-27T17:29:04.874152"}
{"op_code": 5, "worker_id": "cf824d48-f3ca-45da-80e8-088e65d6efcd-140386779543360", "trial_id": 27, "param_name": "trend", "param_value_internal": 8.0, "distribution": "{\"name\": \"IntDistribution\", \"attributes\": {\"log\": false, \"step\": 1, \"low\": 1, \"high\": 20}}"}
{"op_code": 6, "worker_id": "b734991d-bfb8-4d69-b2a6-8eb2cba8776c-140524692481856", "trial_id": 26, "state": 1, "values": [0.9385543237709841], "datetime_complete": "2023-02-27T17:29:31.048355"}
{"op_code": 4, "worker_id": "78553e33-6a73-4e16-8637-678034b4d26a-139631165318976", "study_id": 0, "datetime_start": "2023-02-27T17:29:04.902151"}
{"op_code": 5, "worker_id": "78553e33-6a73-4e16-8637-678034b4d26a-139631165318976", "trial_id": 28, "param_name": "trend", "param_value_internal": 7.0, "distribution": "{\"name\": \"IntDistribution\", \"attributes\": {\"log\": false, \"step\": 1, \"low\": 1, \"high\": 20}}"}
{"op_code": 6, "worker_id": "cf824d48-f3ca-45da-80e8-088e65d6efcd-140386779543360", "trial_id": 27, "state": 1, "values": [0.8863087605619457], "datetime_complete": "2023-02-27T17:29:32.173137"}
{"op_code": 4, "worker_id": "9037abda-44bf-4d61-b836-e9b85212b115-139872467982144", "study_id": 0, "datetime_start": "2023-02-27T17:29:04.874161"}
{"op_code": 5, "worker_id": "9037abda-44bf-4d61-b836-e9b85212b115-139872467982144", "trial_id": 29, "param_name": "trend", "param_value_internal": 7.0, "distribution": "{\"name\": \"IntDistribution\", \"attributes\": {\"log\": false, \"step\": 1, \"low\": 1, \"high\": 20}}"}
{"op_code": 6, "worker_id": "78553e33-6a73-4e16-8637-678034b4d26a-139631165318976", "trial_id": 28, "state": 1, "values": [0.9183350265428964], "datetime_complete": "2023-02-27T17:29:33.322924"}
{"op_code": 4, "worker_id": "64a3cb88-2385-4359-930e-09978a797ecb-140306853058368", "study_id": 0, "datetime_start": "2023-02-27T17:29:04.897612"}
{"op_code": 5, "worker_id": "64a3cb88-2385-4359-930e-09978a797ecb-140306853058368", "trial_id": 30, "param_name": "trend", "param_value_internal": 4.0, "distribution": "{\"name\": \"IntDistribution\", \"attributes\": {\"log\": false, \"step\": 1, \"low\": 1, \"high\": 20}}"}
{"op_code": 6, "worker_id": "9037abda-44bf-4d61-b836-e9b85212b115-139872467982144", "trial_id": 29, "state": 1, "values": [0.9183350265428964], "datetime_complete": "2023-02-27T17:29:34.186069"}
{"op_code": 4, "worker_id": "fc0b2f3c-d64f-4b7a-92da-36a56ffdd83a-140640728295232", "study_id": 0, "datetime_start": "2023-02-27T17:29:04.874156"}
{"op_code": 5, "worker_id": "fc0b2f3c-d64f-4b7a-92da-36a56ffdd83a-140640728295232", "trial_id": 31, "param_name": "trend", "param_value_internal": 4.0, "distribution": "{\"name\": \"IntDistribution\", \"attributes\": {\"log\": false, \"step\": 1, \"low\": 1, \"high\": 20}}"}
{"op_code": 6, "worker_id": "64a3cb88-2385-4359-930e-09978a797ecb-140306853058368", "trial_id": 30, "state": 1, "values": [0.8232429252985205], "datetime_complete": "2023-02-27T17:29:35.195296"}
{"op_code": 4, "worker_id": "a69b1ba0-9c79-4968-8835-fde3bc125405-140449977845568", "study_id": 0, "datetime_start": "2023-02-27T17:29:04.896113"}
{"op_code": 5, "worker_id": "a69b1ba0-9c79-4968-8835-fde3bc125405-140449977845568", "trial_id": 32, "param_name": "trend", "param_value_internal": 2.0, "distribution": "{\"name\": \"IntDistribution\", \"attributes\": {\"log\": false, \"step\": 1, \"low\": 1, \"high\": 20}}"}
{"op_code": 6, "worker_id": "fc0b2f3c-d64f-4b7a-92da-36a56ffdd83a-140640728295232", "trial_id": 31, "state": 1, "values": [0.8232429252985205], "datetime_complete": "2023-02-27T17:29:36.583707"}
{"op_code": 4, "worker_id": "63267179-db7f-4b68-b2fd-ed60df4f292e-140036415010624", "study_id": 0, "datetime_start": "2023-02-27T17:29:04.888325"}
{"op_code": 5, "worker_id": "63267179-db7f-4b68-b2fd-ed60df4f292e-140036415010624", "trial_id": 33, "param_name": "trend", "param_value_internal": 2.0, "distribution": "{\"name\": \"IntDistribution\", \"attributes\": {\"log\": false, \"step\": 1, \"low\": 1, \"high\": 20}}"}
{"op_code": 6, "worker_id": "a69b1ba0-9c79-4968-8835-fde3bc125405-140449977845568", "trial_id": 32, "state": 1, "values": [1.0181780564342773], "datetime_complete": "2023-02-27T17:29:37.407733"}
{"op_code": 4, "worker_id": "a693b134-d743-43d7-8b42-cd06d5abd072-139945994721088", "study_id": 0, "datetime_start": "2023-02-27T17:29:04.882884"}
{"op_code": 5, "worker_id": "a693b134-d743-43d7-8b42-cd06d5abd072-139945994721088", "trial_id": 34, "param_name": "trend", "param_value_internal": 5.0, "distribution": "{\"name\": \"IntDistribution\", \"attributes\": {\"log\": false, \"step\": 1, \"low\": 1, \"high\": 20}}"}
{"op_code": 6, "worker_id": "63267179-db7f-4b68-b2fd-ed60df4f292e-140036415010624", "trial_id": 33, "state": 1, "values": [1.0181780564342773], "datetime_complete": "2023-02-27T17:29:38.724915"}
{"op_code": 4, "worker_id": "190fa83d-7756-477a-8bdd-77bad3f2c96c-140679930988352", "study_id": 0, "datetime_start": "2023-02-27T17:29:04.880663"}
{"op_code": 5, "worker_id": "190fa83d-7756-477a-8bdd-77bad3f2c96c-140679930988352", "trial_id": 35, "param_name": "trend", "param_value_internal": 4.0, "distribution": "{\"name\": \"IntDistribution\", \"attributes\": {\"log\": false, \"step\": 1, \"low\": 1, \"high\": 20}}"}
{"op_code": 6, "worker_id": "a693b134-d743-43d7-8b42-cd06d5abd072-139945994721088", "trial_id": 34, "state": 1, "values": [0.9073197759333587], "datetime_complete": "2023-02-27T17:29:39.437891"}
{"op_code": 4, "worker_id": "73a6a12a-b4c2-49be-93e7-ccf9665678f8-139952934430528", "study_id": 0, "datetime_start": "2023-02-27T17:29:04.890871"}
{"op_code": 5, "worker_id": "73a6a12a-b4c2-49be-93e7-ccf9665678f8-139952934430528", "trial_id": 36, "param_name": "trend", "param_value_internal": 5.0, "distribution": "{\"name\": \"IntDistribution\", \"attributes\": {\"log\": false, \"step\": 1, \"low\": 1, \"high\": 20}}"}
{"op_code": 6, "worker_id": "190fa83d-7756-477a-8bdd-77bad3f2c96c-140679930988352", "trial_id": 35, "state": 1, "values": [0.8232429252985205], "datetime_complete": "2023-02-27T17:29:40.747818"}
{"op_code": 4, "worker_id": "8041fbc5-076b-41ea-8df3-48ae09a999df-140650509584192", "study_id": 0, "datetime_start": "2023-02-27T17:29:04.874159"}
{"op_code": 5, "worker_id": "8041fbc5-076b-41ea-8df3-48ae09a999df-140650509584192", "trial_id": 37, "param_name": "trend", "param_value_internal": 2.0, "distribution": "{\"name\": \"IntDistribution\", \"attributes\": {\"log\": false, \"step\": 1, \"low\": 1, \"high\": 20}}"}
{"op_code": 6, "worker_id": "73a6a12a-b4c2-49be-93e7-ccf9665678f8-139952934430528", "trial_id": 36, "state": 1, "values": [0.9073197759333587], "datetime_complete": "2023-02-27T17:29:41.589428"}
{"op_code": 4, "worker_id": "bb9d51e2-d2ef-4781-8373-3bf83dcaac7a-139980826560320", "study_id": 0, "datetime_start": "2023-02-27T17:29:04.913053"}
{"op_code": 5, "worker_id": "bb9d51e2-d2ef-4781-8373-3bf83dcaac7a-139980826560320", "trial_id": 38, "param_name": "trend", "param_value_internal": 2.0, "distribution": "{\"name\": \"IntDistribution\", \"attributes\": {\"log\": false, \"step\": 1, \"low\": 1, \"high\": 20}}"}
{"op_code": 6, "worker_id": "8041fbc5-076b-41ea-8df3-48ae09a999df-140650509584192", "trial_id": 37, "state": 1, "values": [1.0181780564342773], "datetime_complete": "2023-02-27T17:29:42.658843"}
{"op_code": 4, "worker_id": "d26170b2-7d90-436e-b98c-75af3a479530-139873017784128", "study_id": 0, "datetime_start": "2023-02-27T17:29:04.874161"}
{"op_code": 5, "worker_id": "d26170b2-7d90-436e-b98c-75af3a479530-139873017784128", "trial_id": 39, "param_name": "trend", "param_value_internal": 17.0, "distribution": "{\"name\": \"IntDistribution\", \"attributes\": {\"log\": false, \"step\": 1, \"low\": 1, \"high\": 20}}"}
{"op_code": 6, "worker_id": "bb9d51e2-d2ef-4781-8373-3bf83dcaac7a-139980826560320", "trial_id": 38, "state": 1, "values": [1.0181780564342773], "datetime_complete": "2023-02-27T17:29:43.540393"}
{"op_code": 4, "worker_id": "cf8a45f0-8159-4232-baee-3d5557664b92-139747819030336", "study_id": 0, "datetime_start": "2023-02-27T17:29:04.874439"}
{"op_code": 5, "worker_id": "cf8a45f0-8159-4232-baee-3d5557664b92-139747819030336", "trial_id": 40, "param_name": "trend", "param_value_internal": 8.0, "distribution": "{\"name\": \"IntDistribution\", \"attributes\": {\"log\": false, \"step\": 1, \"low\": 1, \"high\": 20}}"}
{"op_code": 6, "worker_id": "d26170b2-7d90-436e-b98c-75af3a479530-139873017784128", "trial_id": 39, "state": 1, "values": [0.9181684517038518], "datetime_complete": "2023-02-27T17:29:44.531732"}
{"op_code": 4, "worker_id": "1636dc3d-5241-4a3e-9a4e-cc4267071465-139647132432192", "study_id": 0, "datetime_start": "2023-02-27T17:29:04.878564"}
{"op_code": 5, "worker_id": "1636dc3d-5241-4a3e-9a4e-cc4267071465-139647132432192", "trial_id": 41, "param_name": "trend", "param_value_internal": 5.0, "distribution": "{\"name\": \"IntDistribution\", \"attributes\": {\"log\": false, \"step\": 1, \"low\": 1, \"high\": 20}}"}
{"op_code": 6, "worker_id": "cf8a45f0-8159-4232-baee-3d5557664b92-139747819030336", "trial_id": 40, "state": 1, "values": [0.8863087605619457], "datetime_complete": "2023-02-27T17:29:45.682058"}
{"op_code": 4, "worker_id": "e9d5fa2d-b898-4ab7-89d7-b991e9c8642e-140114420184896", "study_id": 0, "datetime_start": "2023-02-27T17:29:04.904360"}
{"op_code": 5, "worker_id": "e9d5fa2d-b898-4ab7-89d7-b991e9c8642e-140114420184896", "trial_id": 42, "param_name": "trend", "param_value_internal": 5.0, "distribution": "{\"name\": \"IntDistribution\", \"attributes\": {\"log\": false, \"step\": 1, \"low\": 1, \"high\": 20}}"}
{"op_code": 6, "worker_id": "1636dc3d-5241-4a3e-9a4e-cc4267071465-139647132432192", "trial_id": 41, "state": 1, "values": [0.9073197759333587], "datetime_complete": "2023-02-27T17:29:46.655746"}
{"op_code": 4, "worker_id": "f93298c3-dc2c-4209-8448-4da1eb6995dc-140703663671104", "study_id": 0, "datetime_start": "2023-02-27T17:29:04.884988"}
{"op_code": 5, "worker_id": "f93298c3-dc2c-4209-8448-4da1eb6995dc-140703663671104", "trial_id": 43, "param_name": "trend", "param_value_internal": 3.0, "distribution": "{\"name\": \"IntDistribution\", \"attributes\": {\"log\": false, \"step\": 1, \"low\": 1, \"high\": 20}}"}
{"op_code": 6, "worker_id": "e9d5fa2d-b898-4ab7-89d7-b991e9c8642e-140114420184896", "trial_id": 42, "state": 1, "values": [0.9073197759333587], "datetime_complete": "2023-02-27T17:29:48.157284"}
{"op_code": 4, "worker_id": "e2b67438-47f7-4a94-9dd8-8dd7fb1e1eeb-139998841431872", "study_id": 0, "datetime_start": "2023-02-27T17:29:04.902553"}
{"op_code": 5, "worker_id": "e2b67438-47f7-4a94-9dd8-8dd7fb1e1eeb-139998841431872", "trial_id": 44, "param_name": "trend", "param_value_internal": 3.0, "distribution": "{\"name\": \"IntDistribution\", \"attributes\": {\"log\": false, \"step\": 1, \"low\": 1, \"high\": 20}}"}
{"op_code": 6, "worker_id": "f93298c3-dc2c-4209-8448-4da1eb6995dc-140703663671104", "trial_id": 43, "state": 1, "values": [0.9385543237709841], "datetime_complete": "2023-02-27T17:29:49.332302"}
{"op_code": 4, "worker_id": "3c1de081-de9b-4267-baa9-279fbaa7e895-139689014531904", "study_id": 0, "datetime_start": "2023-02-27T17:29:04.906671"}
{"op_code": 5, "worker_id": "3c1de081-de9b-4267-baa9-279fbaa7e895-139689014531904", "trial_id": 45, "param_name": "trend", "param_value_internal": 4.0, "distribution": "{\"name\": \"IntDistribution\", \"attributes\": {\"log\": false, \"step\": 1, \"low\": 1, \"high\": 20}}"}
{"op_code": 6, "worker_id": "e2b67438-47f7-4a94-9dd8-8dd7fb1e1eeb-139998841431872", "trial_id": 44, "state": 1, "values": [0.9385543237709841], "datetime_complete": "2023-02-27T17:29:49.941932"}
{"op_code": 4, "worker_id": "7f2fb62c-d66d-48a2-807b-8c3cbb668d49-140235822073664", "study_id": 0, "datetime_start": "2023-02-27T17:29:04.915247"}
{"op_code": 5, "worker_id": "7f2fb62c-d66d-48a2-807b-8c3cbb668d49-140235822073664", "trial_id": 46, "param_name": "trend", "param_value_internal": 1.0, "distribution": "{\"name\": \"IntDistribution\", \"attributes\": {\"log\": false, \"step\": 1, \"low\": 1, \"high\": 20}}"}
{"op_code": 6, "worker_id": "3c1de081-de9b-4267-baa9-279fbaa7e895-139689014531904", "trial_id": 45, "state": 1, "values": [0.8232429252985205], "datetime_complete": "2023-02-27T17:29:51.025339"}
{"op_code": 4, "worker_id": "15936bca-4a17-4073-8c1a-a00d20ba1fb9-140482267014976", "study_id": 0, "datetime_start": "2023-02-27T17:29:04.906549"}
{"op_code": 5, "worker_id": "15936bca-4a17-4073-8c1a-a00d20ba1fb9-140482267014976", "trial_id": 47, "param_name": "trend", "param_value_internal": 1.0, "distribution": "{\"name\": \"IntDistribution\", \"attributes\": {\"log\": false, \"step\": 1, \"low\": 1, \"high\": 20}}"}
{"op_code": 6, "worker_id": "7f2fb62c-d66d-48a2-807b-8c3cbb668d49-140235822073664", "trial_id": 46, "state": 1, "values": [1.0321311835991733], "datetime_complete": "2023-02-27T17:29:51.949016"}
{"op_code": 4, "worker_id": "c03b72ed-9476-48af-82f1-08caeefc6d56-140372118452032", "study_id": 0, "datetime_start": "2023-02-27T17:29:04.910788"}
{"op_code": 5, "worker_id": "c03b72ed-9476-48af-82f1-08caeefc6d56-140372118452032", "trial_id": 48, "param_name": "trend", "param_value_internal": 7.0, "distribution": "{\"name\": \"IntDistribution\", \"attributes\": {\"log\": false, \"step\": 1, \"low\": 1, \"high\": 20}}"}
{"op_code": 6, "worker_id": "15936bca-4a17-4073-8c1a-a00d20ba1fb9-140482267014976", "trial_id": 47, "state": 1, "values": [1.0321311835991733], "datetime_complete": "2023-02-27T17:29:53.032220"}
{"op_code": 4, "worker_id": "0e4bf4a8-7862-476d-8cfa-694e307ec2f8-140272015988544", "study_id": 0, "datetime_start": "2023-02-27T17:29:04.908692"}
{"op_code": 5, "worker_id": "0e4bf4a8-7862-476d-8cfa-694e307ec2f8-140272015988544", "trial_id": 49, "param_name": "trend", "param_value_internal": 7.0, "distribution": "{\"name\": \"IntDistribution\", \"attributes\": {\"log\": false, \"step\": 1, \"low\": 1, \"high\": 20}}"}
{"op_code": 6, "worker_id": "c03b72ed-9476-48af-82f1-08caeefc6d56-140372118452032", "trial_id": 48, "state": 1, "values": [0.9183350265428964], "datetime_complete": "2023-02-27T17:29:54.113284"}
{"op_code": 5, "worker_id": "382ea245-235c-47e5-a58c-cfee10e17627-140052943669056", "trial_id": 0, "param_name": "trend", "param_value_internal": 13.0, "distribution": "{\"name\": \"IntDistribution\", \"attributes\": {\"log\": false, \"step\": 1, \"low\": 1, \"high\": 20}}"}
{"op_code": 6, "worker_id": "0e4bf4a8-7862-476d-8cfa-694e307ec2f8-140272015988544", "trial_id": 49, "state": 1, "values": [0.9183350265428964], "datetime_complete": "2023-02-27T17:29:55.195488"}
{"op_code": 6, "worker_id": "382ea245-235c-47e5-a58c-cfee10e17627-140052943669056", "trial_id": 0, "state": 1, "values": [0.8523797900601409], "datetime_complete": "2023-02-27T17:29:56.160202"}
