{"op_code": 0, "worker_id": "8dc1f82d-08a5-4b2e-b8ad-e4becfb1c098-139888141408064", "study_name": "regional_seperation_survey_indiv_constraints_regional_comparison", "directions": [1]}
{"op_code": 4, "worker_id": "2089f0cf-3278-4e1b-8d07-fe3698e18f73-139871323051840", "study_id": 0, "datetime_start": "2023-02-27T17:29:56.562809"}
{"op_code": 4, "worker_id": "390bd8a2-84ef-4b13-a07c-3a05ddea0015-140011609167680", "study_id": 0, "datetime_start": "2023-02-27T17:29:56.621843"}
{"op_code": 4, "worker_id": "13e9369b-c09f-49d5-9469-3db55d4cf6f3-140392265901888", "study_id": 0, "datetime_start": "2023-02-27T17:29:56.565204"}
{"op_code": 5, "worker_id": "390bd8a2-84ef-4b13-a07c-3a05ddea0015-140011609167680", "trial_id": 1, "param_name": "constraints", "param_value_internal": 0.53, "distribution": "{\"name\": \"FloatDistribution\", \"attributes\": {\"step\": 0.01, \"low\": 0.0, \"high\": 1.0, \"log\": false}}"}
{"op_code": 5, "worker_id": "13e9369b-c09f-49d5-9469-3db55d4cf6f3-140392265901888", "trial_id": 2, "param_name": "constraints", "param_value_internal": 0.85, "distribution": "{\"name\": \"FloatDistribution\", \"attributes\": {\"step\": 0.01, \"low\": 0.0, \"high\": 1.0, \"log\": false}}"}
{"op_code": 4, "worker_id": "5dc0da92-d7d2-4fdc-a74c-e741af944d2d-139943897687872", "study_id": 0, "datetime_start": "2023-02-27T17:29:56.567379"}
{"op_code": 5, "worker_id": "5dc0da92-d7d2-4fdc-a74c-e741af944d2d-139943897687872", "trial_id": 3, "param_name": "constraints", "param_value_internal": 0.5, "distribution": "{\"name\": \"FloatDistribution\", \"attributes\": {\"step\": 0.01, \"low\": 0.0, \"high\": 1.0, \"log\": false}}"}
{"op_code": 4, "worker_id": "b920f083-2c99-45b7-9a58-8afce77556c8-140036568217408", "study_id": 0, "datetime_start": "2023-02-27T17:29:56.569574"}
{"op_code": 5, "worker_id": "b920f083-2c99-45b7-9a58-8afce77556c8-140036568217408", "trial_id": 4, "param_name": "constraints", "param_value_internal": 0.9500000000000001, "distribution": "{\"name\": \"FloatDistribution\", \"attributes\": {\"step\": 0.01, \"low\": 0.0, \"high\": 1.0, \"log\": false}}"}
{"op_code": 4, "worker_id": "8683d5ce-c545-4c1a-a7d2-c2ee296d849c-140619711924032", "study_id": 0, "datetime_start": "2023-02-27T17:29:56.571782"}
{"op_code": 5, "worker_id": "8683d5ce-c545-4c1a-a7d2-c2ee296d849c-140619711924032", "trial_id": 5, "param_name": "constraints", "param_value_internal": 0.27, "distribution": "{\"name\": \"FloatDistribution\", \"attributes\": {\"step\": 0.01, \"low\": 0.0, \"high\": 1.0, \"log\": false}}"}
{"op_code": 6, "worker_id": "390bd8a2-84ef-4b13-a07c-3a05ddea0015-140011609167680", "trial_id": 1, "state": 1, "values": [0.8924765586800001], "datetime_complete": "2023-02-27T17:29:59.274753"}
{"op_code": 6, "worker_id": "13e9369b-c09f-49d5-9469-3db55d4cf6f3-140392265901888", "trial_id": 2, "state": 1, "values": [0.9298582076999999], "datetime_complete": "2023-02-27T17:29:59.463275"}
{"op_code": 4, "worker_id": "3bcaf1f9-04d8-4684-a6ea-d150fa61e48d-140386779543360", "study_id": 0, "datetime_start": "2023-02-27T17:29:56.623943"}
{"op_code": 6, "worker_id": "5dc0da92-d7d2-4fdc-a74c-e741af944d2d-139943897687872", "trial_id": 3, "state": 1, "values": [0.8892922401400001], "datetime_complete": "2023-02-27T17:30:00.055830"}
{"op_code": 5, "worker_id": "3bcaf1f9-04d8-4684-a6ea-d150fa61e48d-140386779543360", "trial_id": 6, "param_name": "constraints", "param_value_internal": 0.59, "distribution": "{\"name\": \"FloatDistribution\", \"attributes\": {\"step\": 0.01, \"low\": 0.0, \"high\": 1.0, \"log\": false}}"}
{"op_code": 6, "worker_id": "b920f083-2c99-45b7-9a58-8afce77556c8-140036568217408", "trial_id": 4, "state": 1, "values": [0.956453084941], "datetime_complete": "2023-02-27T17:30:00.674014"}
{"op_code": 4, "worker_id": "fe41fafc-23dd-4dac-842e-ef9dcb5cc908-140281507010368", "study_id": 0, "datetime_start": "2023-02-27T17:29:56.573953"}
{"op_code": 5, "worker_id": "fe41fafc-23dd-4dac-842e-ef9dcb5cc908-140281507010368", "trial_id": 7, "param_name": "constraints", "param_value_internal": 0.9400000000000001, "distribution": "{\"name\": \"FloatDistribution\", \"attributes\": {\"step\": 0.01, \"low\": 0.0, \"high\": 1.0, \"log\": false}}"}
{"op_code": 6, "worker_id": "8683d5ce-c545-4c1a-a7d2-c2ee296d849c-140619711924032", "trial_id": 5, "state": 1, "values": [0.8164372444099994], "datetime_complete": "2023-02-27T17:30:01.538356"}
{"op_code": 4, "worker_id": "050bb9ad-d251-42c8-b4a3-5ad5dd2566fc-140065133217600", "study_id": 0, "datetime_start": "2023-02-27T17:29:56.578412"}
{"op_code": 5, "worker_id": "050bb9ad-d251-42c8-b4a3-5ad5dd2566fc-140065133217600", "trial_id": 8, "param_name": "constraints", "param_value_internal": 0.0, "distribution": "{\"name\": \"FloatDistribution\", \"attributes\": {\"step\": 0.01, \"low\": 0.0, \"high\": 1.0, \"log\": false}}"}
{"op_code": 6, "worker_id": "3bcaf1f9-04d8-4684-a6ea-d150fa61e48d-140386779543360", "trial_id": 6, "state": 1, "values": [0.887392740697], "datetime_complete": "2023-02-27T17:30:02.397142"}
{"op_code": 4, "worker_id": "97a1bf6c-ec1a-4c5a-96f5-4e40e41fc5b8-140630153029440", "study_id": 0, "datetime_start": "2023-02-27T17:29:56.580643"}
{"op_code": 6, "worker_id": "fe41fafc-23dd-4dac-842e-ef9dcb5cc908-140281507010368", "trial_id": 7, "state": 1, "values": [0.956167608495], "datetime_complete": "2023-02-27T17:30:03.586146"}
{"op_code": 5, "worker_id": "97a1bf6c-ec1a-4c5a-96f5-4e40e41fc5b8-140630153029440", "trial_id": 9, "param_name": "constraints", "param_value_internal": 0.6, "distribution": "{\"name\": \"FloatDistribution\", \"attributes\": {\"step\": 0.01, \"low\": 0.0, \"high\": 1.0, \"log\": false}}"}
{"op_code": 4, "worker_id": "7047ff30-3098-4d56-ae0a-9d940062b456-140313693759296", "study_id": 0, "datetime_start": "2023-02-27T17:29:56.576254"}
{"op_code": 5, "worker_id": "7047ff30-3098-4d56-ae0a-9d940062b456-140313693759296", "trial_id": 10, "param_name": "constraints", "param_value_internal": 0.35000000000000003, "distribution": "{\"name\": \"FloatDistribution\", \"attributes\": {\"step\": 0.01, \"low\": 0.0, \"high\": 1.0, \"log\": false}}"}
{"op_code": 6, "worker_id": "050bb9ad-d251-42c8-b4a3-5ad5dd2566fc-140065133217600", "trial_id": 8, "state": 1, "values": [0.9807051420199997], "datetime_complete": "2023-02-27T17:30:04.788589"}
{"op_code": 4, "worker_id": "600da1d6-989a-49a0-93e9-0ebc4c45c67f-140323088217920", "study_id": 0, "datetime_start": "2023-02-27T17:29:56.582749"}
{"op_code": 5, "worker_id": "600da1d6-989a-49a0-93e9-0ebc4c45c67f-140323088217920", "trial_id": 11, "param_name": "constraints", "param_value_internal": 0.02, "distribution": "{\"name\": \"FloatDistribution\", \"attributes\": {\"step\": 0.01, \"low\": 0.0, \"high\": 1.0, \"log\": false}}"}
{"op_code": 6, "worker_id": "97a1bf6c-ec1a-4c5a-96f5-4e40e41fc5b8-140630153029440", "trial_id": 9, "state": 1, "values": [0.88794025779], "datetime_complete": "2023-02-27T17:30:06.175117"}
{"op_code": 6, "worker_id": "7047ff30-3098-4d56-ae0a-9d940062b456-140313693759296", "trial_id": 10, "state": 1, "values": [0.84943938255], "datetime_complete": "2023-02-27T17:30:06.733774"}
{"op_code": 4, "worker_id": "2fe670ba-fcc2-4bc6-bdac-6e6416916fc5-140201863300928", "study_id": 0, "datetime_start": "2023-02-27T17:29:56.587344"}
{"op_code": 5, "worker_id": "2fe670ba-fcc2-4bc6-bdac-6e6416916fc5-140201863300928", "trial_id": 12, "param_name": "constraints", "param_value_internal": 0.18, "distribution": "{\"name\": \"FloatDistribution\", \"attributes\": {\"step\": 0.01, \"low\": 0.0, \"high\": 1.0, \"log\": false}}"}
{"op_code": 6, "worker_id": "600da1d6-989a-49a0-93e9-0ebc4c45c67f-140323088217920", "trial_id": 11, "state": 1, "values": [0.9401051998099996], "datetime_complete": "2023-02-27T17:30:07.648711"}
{"op_code": 4, "worker_id": "a7487ba8-ccb4-43ce-abfe-fd2a448369d6-139698458879808", "study_id": 0, "datetime_start": "2023-02-27T17:29:56.589289"}
{"op_code": 5, "worker_id": "a7487ba8-ccb4-43ce-abfe-fd2a448369d6-139698458879808", "trial_id": 13, "param_name": "constraints", "param_value_internal": 0.25, "distribution": "{\"name\": \"FloatDistribution\", \"attributes\": {\"step\": 0.01, \"low\": 0.0, \"high\": 1.0, \"log\": false}}"}
{"op_code": 4, "worker_id": "3b807bb6-a26f-4a8f-9009-e3f2953735ff-139631165318976", "study_id": 0, "datetime_start": "2023-02-27T17:29:56.623713"}
{"op_code": 5, "worker_id": "3b807bb6-a26f-4a8f-9009-e3f2953735ff-139631165318976", "trial_id": 14, "param_name": "constraints", "param_value_internal": 0.28, "distribution": "{\"name\": \"FloatDistribution\", \"attributes\": {\"step\": 0.01, \"low\": 0.0, \"high\": 1.0, \"log\": false}}"}
{"op_code": 6, "worker_id": "2fe670ba-fcc2-4bc6-bdac-6e6416916fc5-140201863300928", "trial_id": 12, "state": 1, "values": [0.8042626381], "datetime_complete": "2023-02-27T17:30:10.009098"}
{"op_code": 4, "worker_id": "9a35ab35-b610-4df9-ab71-e1d1c2d90ffe-140672746170176", "study_id": 0, "datetime_start": "2023-02-27T17:29:56.623745"}
{"op_code": 5, "worker_id": "9a35ab35-b610-4df9-ab71-e1d1c2d90ffe-140672746170176", "trial_id": 15, "param_name": "constraints", "param_value_internal": 0.27, "distribution": "{\"name\": \"FloatDistribution\", \"attributes\": {\"step\": 0.01, \"low\": 0.0, \"high\": 1.0, \"log\": false}}"}
{"op_code": 6, "worker_id": "a7487ba8-ccb4-43ce-abfe-fd2a448369d6-139698458879808", "trial_id": 13, "state": 1, "values": [0.8207154274000001], "datetime_complete": "2023-02-27T17:30:11.154025"}
{"op_code": 4, "worker_id": "ddc01912-7b14-4063-9240-4cffa9ec9ff2-139968832513856", "study_id": 0, "datetime_start": "2023-02-27T17:29:56.623746"}
{"op_code": 6, "worker_id": "3b807bb6-a26f-4a8f-9009-e3f2953735ff-139631165318976", "trial_id": 14, "state": 1, "values": [0.8135960102099999], "datetime_complete": "2023-02-27T17:30:11.790984"}
{"op_code": 5, "worker_id": "ddc01912-7b14-4063-9240-4cffa9ec9ff2-139968832513856", "trial_id": 16, "param_name": "constraints", "param_value_internal": 0.14, "distribution": "{\"name\": \"FloatDistribution\", \"attributes\": {\"step\": 0.01, \"low\": 0.0, \"high\": 1.0, \"log\": false}}"}
{"op_code": 4, "worker_id": "e3d131cd-7ce4-451b-8862-66a685d2692e-139657566893888", "study_id": 0, "datetime_start": "2023-02-27T17:29:56.623843"}
{"op_code": 6, "worker_id": "9a35ab35-b610-4df9-ab71-e1d1c2d90ffe-140672746170176", "trial_id": 15, "state": 1, "values": [0.8164372444099994], "datetime_complete": "2023-02-27T17:30:12.822417"}
{"op_code": 5, "worker_id": "e3d131cd-7ce4-451b-8862-66a685d2692e-139657566893888", "trial_id": 17, "param_name": "constraints", "param_value_internal": 0.19, "distribution": "{\"name\": \"FloatDistribution\", \"attributes\": {\"step\": 0.01, \"low\": 0.0, \"high\": 1.0, \"log\": false}}"}
{"op_code": 4, "worker_id": "cb87ad6f-630d-4954-9abb-41bc5c68bca4-140479047771968", "study_id": 0, "datetime_start": "2023-02-27T17:29:56.624279"}
{"op_code": 6, "worker_id": "ddc01912-7b14-4063-9240-4cffa9ec9ff2-139968832513856", "trial_id": 16, "state": 1, "values": [0.7892963588240001], "datetime_complete": "2023-02-27T17:30:13.939872"}
{"op_code": 5, "worker_id": "cb87ad6f-630d-4954-9abb-41bc5c68bca4-140479047771968", "trial_id": 18, "param_name": "constraints", "param_value_internal": 0.13, "distribution": "{\"name\": \"FloatDistribution\", \"attributes\": {\"step\": 0.01, \"low\": 0.0, \"high\": 1.0, \"log\": false}}"}
{"op_code": 4, "worker_id": "fe20705e-bc1e-40c1-8498-e672648d761e-140206152615744", "study_id": 0, "datetime_start": "2023-02-27T17:29:56.623848"}
{"op_code": 6, "worker_id": "e3d131cd-7ce4-451b-8862-66a685d2692e-139657566893888", "trial_id": 17, "state": 1, "values": [0.8097379207600002], "datetime_complete": "2023-02-27T17:30:14.990789"}
{"op_code": 5, "worker_id": "fe20705e-bc1e-40c1-8498-e672648d761e-140206152615744", "trial_id": 19, "param_name": "constraints", "param_value_internal": 0.11, "distribution": "{\"name\": \"FloatDistribution\", \"attributes\": {\"step\": 0.01, \"low\": 0.0, \"high\": 1.0, \"log\": false}}"}
{"op_code": 4, "worker_id": "4786cd63-6072-4f9c-8067-01d2f8b5c353-140103524632384", "study_id": 0, "datetime_start": "2023-02-27T17:29:56.623850"}
{"op_code": 5, "worker_id": "4786cd63-6072-4f9c-8067-01d2f8b5c353-140103524632384", "trial_id": 20, "param_name": "constraints", "param_value_internal": 0.12, "distribution": "{\"name\": \"FloatDistribution\", \"attributes\": {\"step\": 0.01, \"low\": 0.0, \"high\": 1.0, \"log\": false}}"}
{"op_code": 6, "worker_id": "cb87ad6f-630d-4954-9abb-41bc5c68bca4-140479047771968", "trial_id": 18, "state": 1, "values": [0.7869016230149999], "datetime_complete": "2023-02-27T17:30:16.312582"}
{"op_code": 4, "worker_id": "43f767e0-e036-448d-9b4d-db8dd535da0d-140456550573888", "study_id": 0, "datetime_start": "2023-02-27T17:29:56.623850"}
{"op_code": 5, "worker_id": "43f767e0-e036-448d-9b4d-db8dd535da0d-140456550573888", "trial_id": 21, "param_name": "constraints", "param_value_internal": 0.08, "distribution": "{\"name\": \"FloatDistribution\", \"attributes\": {\"step\": 0.01, \"low\": 0.0, \"high\": 1.0, \"log\": false}}"}
{"op_code": 6, "worker_id": "fe20705e-bc1e-40c1-8498-e672648d761e-140206152615744", "trial_id": 19, "state": 1, "values": [0.7984657287600001], "datetime_complete": "2023-02-27T17:30:17.324841"}
{"op_code": 4, "worker_id": "2a591e7f-d668-4902-a688-cc714ba091cd-139674512131904", "study_id": 0, "datetime_start": "2023-02-27T17:29:56.623855"}
{"op_code": 6, "worker_id": "4786cd63-6072-4f9c-8067-01d2f8b5c353-140103524632384", "trial_id": 20, "state": 1, "values": [0.7916615009300001], "datetime_complete": "2023-02-27T17:30:18.167901"}
{"op_code": 5, "worker_id": "2a591e7f-d668-4902-a688-cc714ba091cd-139674512131904", "trial_id": 22, "param_name": "constraints", "param_value_internal": 0.41000000000000003, "distribution": "{\"name\": \"FloatDistribution\", \"attributes\": {\"step\": 0.01, \"low\": 0.0, \"high\": 1.0, \"log\": false}}"}
{"op_code": 4, "worker_id": "0d9fea09-1999-4135-8a4b-004ad55a0613-140272015988544", "study_id": 0, "datetime_start": "2023-02-27T17:29:56.668164"}
{"op_code": 6, "worker_id": "43f767e0-e036-448d-9b4d-db8dd535da0d-140456550573888", "trial_id": 21, "state": 1, "values": [0.8153936863000002], "datetime_complete": "2023-02-27T17:30:19.174630"}
{"op_code": 5, "worker_id": "0d9fea09-1999-4135-8a4b-004ad55a0613-140272015988544", "trial_id": 23, "param_name": "constraints", "param_value_internal": 0.4, "distribution": "{\"name\": \"FloatDistribution\", \"attributes\": {\"step\": 0.01, \"low\": 0.0, \"high\": 1.0, \"log\": false}}"}
{"op_code": 4, "worker_id": "f2c64ea8-f8d2-463b-8259-b8a828d1856e-140186101622592", "study_id": 0, "datetime_start": "2023-02-27T17:29:56.623947"}
{"op_code": 5, "worker_id": "f2c64ea8-f8d2-463b-8259-b8a828d1856e-140186101622592", "trial_id": 24, "param_name": "constraints", "param_value_internal": 0.39, "distribution": "{\"name\": \"FloatDistribution\", \"attributes\": {\"step\": 0.01, \"low\": 0.0, \"high\": 1.0, \"log\": false}}"}
{"op_code": 6, "worker_id": "2a591e7f-d668-4902-a688-cc714ba091cd-139674512131904", "trial_id": 22, "state": 1, "values": [0.8721301555599998], "datetime_complete": "2023-02-27T17:30:20.554246"}
{"op_code": 4, "worker_id": "3a583819-def6-4b8d-a678-98bc208810e0-140157872244544", "study_id": 0, "datetime_start": "2023-02-27T17:29:56.623881"}
{"op_code": 5, "worker_id": "3a583819-def6-4b8d-a678-98bc208810e0-140157872244544", "trial_id": 25, "param_name": "constraints", "param_value_internal": 0.13, "distribution": "{\"name\": \"FloatDistribution\", \"attributes\": {\"step\": 0.01, \"low\": 0.0, \"high\": 1.0, \"log\": false}}"}
{"op_code": 6, "worker_id": "0d9fea09-1999-4135-8a4b-004ad55a0613-140272015988544", "trial_id": 23, "state": 1, "values": [0.864951550962], "datetime_complete": "2023-02-27T17:30:21.460912"}
{"op_code": 6, "worker_id": "f2c64ea8-f8d2-463b-8259-b8a828d1856e-140186101622592", "trial_id": 24, "state": 1, "values": [0.8627562522900001], "datetime_complete": "2023-02-27T17:30:22.112181"}
{"op_code": 6, "worker_id": "3a583819-def6-4b8d-a678-98bc208810e0-140157872244544", "trial_id": 25, "state": 1, "values": [0.7869016230149999], "datetime_complete": "2023-02-27T17:30:23.075047"}
{"op_code": 4, "worker_id": "199a6a81-3ce0-4db5-a48d-ee72747b7e66-140449977845568", "study_id": 0, "datetime_start": "2023-02-27T17:29:56.631181"}
{"op_code": 5, "worker_id": "199a6a81-3ce0-4db5-a48d-ee72747b7e66-140449977845568", "trial_id": 26, "param_name": "constraints", "param_value_internal": 0.73, "distribution": "{\"name\": \"FloatDistribution\", \"attributes\": {\"step\": 0.01, \"low\": 0.0, \"high\": 1.0, \"log\": false}}"}
{"op_code": 4, "worker_id": "b535bc81-1730-40f6-91d3-c2edcd1bb5f9-140482267014976", "study_id": 0, "datetime_start": "2023-02-27T17:29:56.663908"}
{"op_code": 5, "worker_id": "b535bc81-1730-40f6-91d3-c2edcd1bb5f9-140482267014976", "trial_id": 27, "param_name": "constraints", "param_value_internal": 0.19, "distribution": "{\"name\": \"FloatDistribution\", \"attributes\": {\"step\": 0.01, \"low\": 0.0, \"high\": 1.0, \"log\": false}}"}
{"op_code": 4, "worker_id": "0193e022-d02b-49c5-874f-8ec1a6e04699-140703663671104", "study_id": 0, "datetime_start": "2023-02-27T17:29:56.654995"}
{"op_code": 5, "worker_id": "0193e022-d02b-49c5-874f-8ec1a6e04699-140703663671104", "trial_id": 28, "param_name": "constraints", "param_value_internal": 0.17, "distribution": "{\"name\": \"FloatDistribution\", \"attributes\": {\"step\": 0.01, \"low\": 0.0, \"high\": 1.0, \"log\": false}}"}
{"op_code": 4, "worker_id": "77f10fbd-ff69-4ce4-bb70-2f1363814e24-139872467982144", "study_id": 0, "datetime_start": "2023-02-27T17:29:56.624533"}
{"op_code": 5, "worker_id": "77f10fbd-ff69-4ce4-bb70-2f1363814e24-139872467982144", "trial_id": 29, "param_name": "constraints", "param_value_internal": 0.72, "distribution": "{\"name\": \"FloatDistribution\", \"attributes\": {\"step\": 0.01, \"low\": 0.0, \"high\": 1.0, \"log\": false}}"}
{"op_code": 6, "worker_id": "199a6a81-3ce0-4db5-a48d-ee72747b7e66-140449977845568", "trial_id": 26, "state": 1, "values": [0.9042572975100001], "datetime_complete": "2023-02-27T17:30:28.475965"}
{"op_code": 4, "worker_id": "2dd2d83b-1d61-41de-9fc0-229aa49104fe-140036415010624", "study_id": 0, "datetime_start": "2023-02-27T17:29:56.633222"}
{"op_code": 5, "worker_id": "2dd2d83b-1d61-41de-9fc0-229aa49104fe-140036415010624", "trial_id": 30, "param_name": "constraints", "param_value_internal": 0.17, "distribution": "{\"name\": \"FloatDistribution\", \"attributes\": {\"step\": 0.01, \"low\": 0.0, \"high\": 1.0, \"log\": false}}"}
{"op_code": 4, "worker_id": "dfe4abd6-db83-456b-96c9-737e29ef1796-139873017784128", "study_id": 0, "datetime_start": "2023-02-27T17:29:56.646348"}
{"op_code": 5, "worker_id": "dfe4abd6-db83-456b-96c9-737e29ef1796-139873017784128", "trial_id": 31, "param_name": "constraints", "param_value_internal": 0.16, "distribution": "{\"name\": \"FloatDistribution\", \"attributes\": {\"step\": 0.01, \"low\": 0.0, \"high\": 1.0, \"log\": false}}"}
{"op_code": 6, "worker_id": "b535bc81-1730-40f6-91d3-c2edcd1bb5f9-140482267014976", "trial_id": 27, "state": 1, "values": [0.8097379207600002], "datetime_complete": "2023-02-27T17:30:31.139972"}
{"op_code": 6, "worker_id": "0193e022-d02b-49c5-874f-8ec1a6e04699-140703663671104", "trial_id": 28, "state": 1, "values": [0.8014222383499998], "datetime_complete": "2023-02-27T17:30:31.969708"}
{"op_code": 4, "worker_id": "800d043f-cff4-4a74-ab14-a005e61c41a8-139952934430528", "study_id": 0, "datetime_start": "2023-02-27T17:29:56.639853"}
{"op_code": 6, "worker_id": "77f10fbd-ff69-4ce4-bb70-2f1363814e24-139872467982144", "trial_id": 29, "state": 1, "values": [0.9018086195000001], "datetime_complete": "2023-02-27T17:30:33.154712"}
{"op_code": 5, "worker_id": "800d043f-cff4-4a74-ab14-a005e61c41a8-139952934430528", "trial_id": 32, "param_name": "constraints", "param_value_internal": 0.06, "distribution": "{\"name\": \"FloatDistribution\", \"attributes\": {\"step\": 0.01, \"low\": 0.0, \"high\": 1.0, \"log\": false}}"}
{"op_code": 4, "worker_id": "a405aef4-51bf-402b-8cc5-934f64c7c726-140650509584192", "study_id": 0, "datetime_start": "2023-02-27T17:29:56.641964"}
{"op_code": 6, "worker_id": "2dd2d83b-1d61-41de-9fc0-229aa49104fe-140036415010624", "trial_id": 30, "state": 1, "values": [0.8014222383499998], "datetime_complete": "2023-02-27T17:30:34.943422"}
{"op_code": 5, "worker_id": "a405aef4-51bf-402b-8cc5-934f64c7c726-140650509584192", "trial_id": 33, "param_name": "constraints", "param_value_internal": 0.05, "distribution": "{\"name\": \"FloatDistribution\", \"attributes\": {\"step\": 0.01, \"low\": 0.0, \"high\": 1.0, \"log\": false}}"}
{"op_code": 6, "worker_id": "dfe4abd6-db83-456b-96c9-737e29ef1796-139873017784128", "trial_id": 31, "state": 1, "values": [0.7945538759199997], "datetime_complete": "2023-02-27T17:30:35.906816"}
{"op_code": 4, "worker_id": "0bfe2bde-f36c-4407-b524-da947b26608b-139945994721088", "study_id": 0, "datetime_start": "2023-02-27T17:29:56.635492"}
{"op_code": 5, "worker_id": "0bfe2bde-f36c-4407-b524-da947b26608b-139945994721088", "trial_id": 34, "param_name": "constraints", "param_value_internal": 0.09, "distribution": "{\"name\": \"FloatDistribution\", \"attributes\": {\"step\": 0.01, \"low\": 0.0, \"high\": 1.0, \"log\": false}}"}
{"op_code": 4, "worker_id": "4b27d905-6649-49ca-98b2-e14676101bb9-140524692481856", "study_id": 0, "datetime_start": "2023-02-27T17:29:56.623860"}
{"op_code": 6, "worker_id": "800d043f-cff4-4a74-ab14-a005e61c41a8-139952934430528", "trial_id": 32, "state": 1, "values": [0.8464078903199996], "datetime_complete": "2023-02-27T17:30:38.379354"}
{"op_code": 5, "worker_id": "4b27d905-6649-49ca-98b2-e14676101bb9-140524692481856", "trial_id": 35, "param_name": "constraints", "param_value_internal": 0.09, "distribution": "{\"name\": \"FloatDistribution\", \"attributes\": {\"step\": 0.01, \"low\": 0.0, \"high\": 1.0, \"log\": false}}"}
{"op_code": 4, "worker_id": "78f7ed3f-bf98-4cf0-a8db-0a36719ec201-140372118452032", "study_id": 0, "datetime_start": "2023-02-27T17:29:56.665963"}
{"op_code": 5, "worker_id": "78f7ed3f-bf98-4cf0-a8db-0a36719ec201-140372118452032", "trial_id": 36, "param_name": "constraints", "param_value_internal": 0.11, "distribution": "{\"name\": \"FloatDistribution\", \"attributes\": {\"step\": 0.01, \"low\": 0.0, \"high\": 1.0, \"log\": false}}"}
{"op_code": 6, "worker_id": "a405aef4-51bf-402b-8cc5-934f64c7c726-140650509584192", "trial_id": 33, "state": 1, "values": [0.8731088638299997], "datetime_complete": "2023-02-27T17:30:41.366133"}
{"op_code": 4, "worker_id": "4ff6f996-10a5-4d04-8551-f06a0bd2ab3b-140052943669056", "study_id": 0, "datetime_start": "2023-02-27T17:29:56.670770"}
{"op_code": 6, "worker_id": "0bfe2bde-f36c-4407-b524-da947b26608b-139945994721088", "trial_id": 34, "state": 1, "values": [0.8088432922962], "datetime_complete": "2023-02-27T17:30:43.028806"}
{"op_code": 4, "worker_id": "1c604d79-47b8-4068-a67c-9d2dd7c283d9-139689014531904", "study_id": 0, "datetime_start": "2023-02-27T17:29:56.661156"}
{"op_code": 5, "worker_id": "4ff6f996-10a5-4d04-8551-f06a0bd2ab3b-140052943669056", "trial_id": 37, "param_name": "constraints", "param_value_internal": 0.11, "distribution": "{\"name\": \"FloatDistribution\", \"attributes\": {\"step\": 0.01, \"low\": 0.0, \"high\": 1.0, \"log\": false}}"}
{"op_code": 5, "worker_id": "1c604d79-47b8-4068-a67c-9d2dd7c283d9-139689014531904", "trial_id": 38, "param_name": "constraints", "param_value_internal": 0.13, "distribution": "{\"name\": \"FloatDistribution\", \"attributes\": {\"step\": 0.01, \"low\": 0.0, \"high\": 1.0, \"log\": false}}"}
{"op_code": 4, "worker_id": "f45d7934-d21f-4c45-904e-407b01d54aaf-140536112707392", "study_id": 0, "datetime_start": "2023-02-27T17:29:56.624047"}
{"op_code": 6, "worker_id": "4b27d905-6649-49ca-98b2-e14676101bb9-140524692481856", "trial_id": 35, "state": 1, "values": [0.8088432922962], "datetime_complete": "2023-02-27T17:30:44.719811"}
{"op_code": 5, "worker_id": "f45d7934-d21f-4c45-904e-407b01d54aaf-140536112707392", "trial_id": 39, "param_name": "constraints", "param_value_internal": 0.33, "distribution": "{\"name\": \"FloatDistribution\", \"attributes\": {\"step\": 0.01, \"low\": 0.0, \"high\": 1.0, \"log\": false}}"}
{"op_code": 6, "worker_id": "78f7ed3f-bf98-4cf0-a8db-0a36719ec201-140372118452032", "trial_id": 36, "state": 1, "values": [0.7984657287600001], "datetime_complete": "2023-02-27T17:30:45.762772"}
{"op_code": 4, "worker_id": "49de9e7d-31e4-4415-8c6c-2ee914bf36f4-139747819030336", "study_id": 0, "datetime_start": "2023-02-27T17:29:56.648514"}
{"op_code": 5, "worker_id": "49de9e7d-31e4-4415-8c6c-2ee914bf36f4-139747819030336", "trial_id": 40, "param_name": "constraints", "param_value_internal": 0.24, "distribution": "{\"name\": \"FloatDistribution\", \"attributes\": {\"step\": 0.01, \"low\": 0.0, \"high\": 1.0, \"log\": false}}"}
{"op_code": 6, "worker_id": "4ff6f996-10a5-4d04-8551-f06a0bd2ab3b-140052943669056", "trial_id": 37, "state": 1, "values": [0.7984657287600001], "datetime_complete": "2023-02-27T17:30:47.091533"}
{"op_code": 6, "worker_id": "1c604d79-47b8-4068-a67c-9d2dd7c283d9-139689014531904", "trial_id": 38, "state": 1, "values": [0.7869016230149999], "datetime_complete": "2023-02-27T17:30:47.091649"}
{"op_code": 6, "worker_id": "f45d7934-d21f-4c45-904e-407b01d54aaf-140536112707392", "trial_id": 39, "state": 1, "values": [0.8352485895200001], "datetime_complete": "2023-02-27T17:30:47.800024"}
{"op_code": 4, "worker_id": "dca4a66a-4295-44a1-94d7-a9f0b4919882-139839601137472", "study_id": 0, "datetime_start": "2023-02-27T17:29:56.623886"}
{"op_code": 5, "worker_id": "dca4a66a-4295-44a1-94d7-a9f0b4919882-139839601137472", "trial_id": 41, "param_name": "constraints", "param_value_internal": 0.49, "distribution": "{\"name\": \"FloatDistribution\", \"attributes\": {\"step\": 0.01, \"low\": 0.0, \"high\": 1.0, \"log\": false}}"}
{"op_code": 6, "worker_id": "49de9e7d-31e4-4415-8c6c-2ee914bf36f4-139747819030336", "trial_id": 40, "state": 1, "values": [0.8116668164690001], "datetime_complete": "2023-02-27T17:30:48.412247"}
{"op_code": 4, "worker_id": "8de168c8-dcd3-4fda-b7aa-e6fcbc88041d-140306853058368", "study_id": 0, "datetime_start": "2023-02-27T17:29:56.626709"}
{"op_code": 5, "worker_id": "8de168c8-dcd3-4fda-b7aa-e6fcbc88041d-140306853058368", "trial_id": 42, "param_name": "constraints", "param_value_internal": 0.49, "distribution": "{\"name\": \"FloatDistribution\", \"attributes\": {\"step\": 0.01, \"low\": 0.0, \"high\": 1.0, \"log\": false}}"}
{"op_code": 4, "worker_id": "082bfb22-6bfd-46e6-a889-ab4d2bb56d84-140679930988352", "study_id": 0, "datetime_start": "2023-02-27T17:29:56.637575"}
{"op_code": 5, "worker_id": "082bfb22-6bfd-46e6-a889-ab4d2bb56d84-140679930988352", "trial_id": 43, "param_name": "constraints", "param_value_internal": 0.46, "distribution": "{\"name\": \"FloatDistribution\", \"attributes\": {\"step\": 0.01, \"low\": 0.0, \"high\": 1.0, \"log\": false}}"}
{"op_code": 6, "worker_id": "dca4a66a-4295-44a1-94d7-a9f0b4919882-139839601137472", "trial_id": 41, "state": 1, "values": [0.8917064666700001], "datetime_complete": "2023-02-27T17:30:50.570992"}
{"op_code": 4, "worker_id": "4b61c87f-b46e-42f5-8dcf-9d2449ddbede-140640728295232", "study_id": 0, "datetime_start": "2023-02-27T17:29:56.628937"}
{"op_code": 6, "worker_id": "8de168c8-dcd3-4fda-b7aa-e6fcbc88041d-140306853058368", "trial_id": 42, "state": 1, "values": [0.8917064666700001], "datetime_complete": "2023-02-27T17:30:51.415360"}
{"op_code": 5, "worker_id": "4b61c87f-b46e-42f5-8dcf-9d2449ddbede-140640728295232", "trial_id": 44, "param_name": "constraints", "param_value_internal": 0.0, "distribution": "{\"name\": \"FloatDistribution\", \"attributes\": {\"step\": 0.01, \"low\": 0.0, \"high\": 1.0, \"log\": false}}"}
{"op_code": 4, "worker_id": "82bc790f-fa78-4db3-aa87-e6abda5ea6bc-139647132432192", "study_id": 0, "datetime_start": "2023-02-27T17:29:56.650640"}
{"op_code": 5, "worker_id": "82bc790f-fa78-4db3-aa87-e6abda5ea6bc-139647132432192", "trial_id": 45, "param_name": "constraints", "param_value_internal": 0.01, "distribution": "{\"name\": \"FloatDistribution\", \"attributes\": {\"step\": 0.01, \"low\": 0.0, \"high\": 1.0, \"log\": false}}"}
{"op_code": 6, "worker_id": "082bfb22-6bfd-46e6-a889-ab4d2bb56d84-140679930988352", "trial_id": 43, "state": 1, "values": [0.8898911476100002], "datetime_complete": "2023-02-27T17:30:52.768480"}
{"op_code": 4, "worker_id": "6415ec48-0c05-443d-b1e7-8d3b67654b64-139998841431872", "study_id": 0, "datetime_start": "2023-02-27T17:29:56.657915"}
{"op_code": 5, "worker_id": "6415ec48-0c05-443d-b1e7-8d3b67654b64-139998841431872", "trial_id": 46, "param_name": "constraints", "param_value_internal": 0.23, "distribution": "{\"name\": \"FloatDistribution\", \"attributes\": {\"step\": 0.01, \"low\": 0.0, \"high\": 1.0, \"log\": false}}"}
{"op_code": 6, "worker_id": "4b61c87f-b46e-42f5-8dcf-9d2449ddbede-140640728295232", "trial_id": 44, "state": 1, "values": [0.9807051420199997], "datetime_complete": "2023-02-27T17:30:53.835820"}
{"op_code": 4, "worker_id": "018fb5c5-76c2-4553-a4ee-860e80a97079-139980826560320", "study_id": 0, "datetime_start": "2023-02-27T17:29:56.644152"}
{"op_code": 5, "worker_id": "018fb5c5-76c2-4553-a4ee-860e80a97079-139980826560320", "trial_id": 47, "param_name": "constraints", "param_value_internal": 0.13, "distribution": "{\"name\": \"FloatDistribution\", \"attributes\": {\"step\": 0.01, \"low\": 0.0, \"high\": 1.0, \"log\": false}}"}
{"op_code": 6, "worker_id": "82bc790f-fa78-4db3-aa87-e6abda5ea6bc-139647132432192", "trial_id": 45, "state": 1, "values": [0.9599403142999998], "datetime_complete": "2023-02-27T17:30:54.604872"}
{"op_code": 4, "worker_id": "7dceb96a-d9f0-44b8-92ed-977a81dfec90-140235822073664", "study_id": 0, "datetime_start": "2023-02-27T17:29:56.661630"}
{"op_code": 6, "worker_id": "6415ec48-0c05-443d-b1e7-8d3b67654b64-139998841431872", "trial_id": 46, "state": 1, "values": [0.80963659286], "datetime_complete": "2023-02-27T17:30:55.479876"}
{"op_code": 5, "worker_id": "7dceb96a-d9f0-44b8-92ed-977a81dfec90-140235822073664", "trial_id": 48, "param_name": "constraints", "param_value_internal": 0.23, "distribution": "{\"name\": \"FloatDistribution\", \"attributes\": {\"step\": 0.01, \"low\": 0.0, \"high\": 1.0, \"log\": false}}"}
{"op_code": 4, "worker_id": "ac2ba9fa-c65a-4a75-b8b7-02cb2098e633-140114420184896", "study_id": 0, "datetime_start": "2023-02-27T17:29:56.652791"}
{"op_code": 6, "worker_id": "018fb5c5-76c2-4553-a4ee-860e80a97079-139980826560320", "trial_id": 47, "state": 1, "values": [0.7869016230149999], "datetime_complete": "2023-02-27T17:30:56.599366"}
{"op_code": 5, "worker_id": "ac2ba9fa-c65a-4a75-b8b7-02cb2098e633-140114420184896", "trial_id": 49, "param_name": "constraints", "param_value_internal": 0.32, "distribution": "{\"name\": \"FloatDistribution\", \"attributes\": {\"step\": 0.01, \"low\": 0.0, \"high\": 1.0, \"log\": false}}"}
{"op_code": 5, "worker_id": "2089f0cf-3278-4e1b-8d07-fe3698e18f73-139871323051840", "trial_id": 0, "param_name": "constraints", "param_value_internal": 0.04, "distribution": "{\"name\": \"FloatDistribution\", \"attributes\": {\"step\": 0.01, \"low\": 0.0, \"high\": 1.0, \"log\": false}}"}
{"op_code": 6, "worker_id": "7dceb96a-d9f0-44b8-92ed-977a81dfec90-140235822073664", "trial_id": 48, "state": 1, "values": [0.80963659286], "datetime_complete": "2023-02-27T17:30:57.733581"}
{"op_code": 6, "worker_id": "ac2ba9fa-c65a-4a75-b8b7-02cb2098e633-140114420184896", "trial_id": 49, "state": 1, "values": [0.8365373611399995], "datetime_complete": "2023-02-27T17:30:58.717023"}
{"op_code": 6, "worker_id": "2089f0cf-3278-4e1b-8d07-fe3698e18f73-139871323051840", "trial_id": 0, "state": 1, "values": [0.8962934017199999], "datetime_complete": "2023-02-27T17:30:59.726515"}
