{"op_code": 0, "worker_id": "f2d751c2-49fd-47c0-bcd8-82c8d13daf58-140200024168256", "study_name": "Ross_Sea_regional_seperation_indiv_filter_regional_comparison_DC_shift", "directions": [1]}
{"op_code": 4, "worker_id": "1e36488e-fc76-4398-b69e-5546cbe51c50-140277583374144", "study_id": 0, "datetime_start": "2023-03-08T16:53:44.176621"}
{"op_code": 4, "worker_id": "a835db2e-49db-421e-9a98-8a82363c3fc8-139946848466752", "study_id": 0, "datetime_start": "2023-03-08T16:53:44.313147"}
{"op_code": 5, "worker_id": "1e36488e-fc76-4398-b69e-5546cbe51c50-140277583374144", "trial_id": 0, "param_name": "filter", "param_value_internal": 800000.0, "distribution": "{\"name\": \"IntDistribution\", \"attributes\": {\"log\": false, \"step\": 10000, \"low\": 10000, \"high\": 1000000}}"}
{"op_code": 4, "worker_id": "8533c121-2454-4b3a-8a6b-0312e1dc0ed2-139981929830208", "study_id": 0, "datetime_start": "2023-03-08T16:53:44.813165"}
{"op_code": 5, "worker_id": "a835db2e-49db-421e-9a98-8a82363c3fc8-139946848466752", "trial_id": 1, "param_name": "filter", "param_value_internal": 830000.0, "distribution": "{\"name\": \"IntDistribution\", \"attributes\": {\"log\": false, \"step\": 10000, \"low\": 10000, \"high\": 1000000}}"}
{"op_code": 5, "worker_id": "8533c121-2454-4b3a-8a6b-0312e1dc0ed2-139981929830208", "trial_id": 2, "param_name": "filter", "param_value_internal": 960000.0, "distribution": "{\"name\": \"IntDistribution\", \"attributes\": {\"log\": false, \"step\": 10000, \"low\": 10000, \"high\": 1000000}}"}
{"op_code": 4, "worker_id": "e3ce4256-5841-4cdc-8745-a89f88430754-139855530997568", "study_id": 0, "datetime_start": "2023-03-08T16:53:45.477520"}
{"op_code": 4, "worker_id": "b23de3e5-2a71-40cf-a183-dfacdf738d64-140238919939904", "study_id": 0, "datetime_start": "2023-03-08T16:53:45.729774"}
{"op_code": 5, "worker_id": "e3ce4256-5841-4cdc-8745-a89f88430754-139855530997568", "trial_id": 3, "param_name": "filter", "param_value_internal": 420000.0, "distribution": "{\"name\": \"IntDistribution\", \"attributes\": {\"log\": false, \"step\": 10000, \"low\": 10000, \"high\": 1000000}}"}
{"op_code": 4, "worker_id": "6f5a313c-adbf-4b07-b45a-6825da09bbc5-140428511274816", "study_id": 0, "datetime_start": "2023-03-08T16:53:46.393105"}
{"op_code": 4, "worker_id": "d0d9604b-6268-4368-ab74-b6457ff4cff1-140612432017216", "study_id": 0, "datetime_start": "2023-03-08T16:53:46.534951"}
{"op_code": 5, "worker_id": "6f5a313c-adbf-4b07-b45a-6825da09bbc5-140428511274816", "trial_id": 5, "param_name": "filter", "param_value_internal": 900000.0, "distribution": "{\"name\": \"IntDistribution\", \"attributes\": {\"log\": false, \"step\": 10000, \"low\": 10000, \"high\": 1000000}}"}
{"op_code": 5, "worker_id": "d0d9604b-6268-4368-ab74-b6457ff4cff1-140612432017216", "trial_id": 6, "param_name": "filter", "param_value_internal": 360000.0, "distribution": "{\"name\": \"IntDistribution\", \"attributes\": {\"log\": false, \"step\": 10000, \"low\": 10000, \"high\": 1000000}}"}
{"op_code": 6, "worker_id": "1e36488e-fc76-4398-b69e-5546cbe51c50-140277583374144", "trial_id": 0, "state": 1, "values": [12.042006492629998], "datetime_complete": "2023-03-08T16:53:47.293998"}
{"op_code": 4, "worker_id": "ec57ae01-b92a-4356-b05f-4a367c37d9e5-140669739722560", "study_id": 0, "datetime_start": "2023-03-08T16:53:47.302263"}
{"op_code": 5, "worker_id": "ec57ae01-b92a-4356-b05f-4a367c37d9e5-140669739722560", "trial_id": 7, "param_name": "filter", "param_value_internal": 90000.0, "distribution": "{\"name\": \"IntDistribution\", \"attributes\": {\"log\": false, \"step\": 10000, \"low\": 10000, \"high\": 1000000}}"}
{"op_code": 4, "worker_id": "e33a33ab-4f41-400b-bfd5-1112c05d2c1b-139961340352320", "study_id": 0, "datetime_start": "2023-03-08T16:53:47.911960"}
{"op_code": 6, "worker_id": "a835db2e-49db-421e-9a98-8a82363c3fc8-139946848466752", "trial_id": 1, "state": 1, "values": [12.26577091217], "datetime_complete": "2023-03-08T16:53:48.301470"}
{"op_code": 6, "worker_id": "8533c121-2454-4b3a-8a6b-0312e1dc0ed2-139981929830208", "trial_id": 2, "state": 1, "values": [13.07557368278], "datetime_complete": "2023-03-08T16:53:48.540039"}
{"op_code": 5, "worker_id": "e33a33ab-4f41-400b-bfd5-1112c05d2c1b-139961340352320", "trial_id": 8, "param_name": "filter", "param_value_internal": 310000.0, "distribution": "{\"name\": \"IntDistribution\", \"attributes\": {\"log\": false, \"step\": 10000, \"low\": 10000, \"high\": 1000000}}"}
{"op_code": 6, "worker_id": "e3ce4256-5841-4cdc-8745-a89f88430754-139855530997568", "trial_id": 3, "state": 1, "values": [8.3263492584], "datetime_complete": "2023-03-08T16:53:48.958120"}
{"op_code": 4, "worker_id": "5b8a9d76-0a17-4a34-8a4f-2404200fd918-140548917790528", "study_id": 0, "datetime_start": "2023-03-08T16:53:49.047381"}
{"op_code": 4, "worker_id": "b82e207e-7c01-4dd1-8c40-7a1cd700c7fc-140685025228608", "study_id": 0, "datetime_start": "2023-03-08T16:53:49.351403"}
{"op_code": 6, "worker_id": "6f5a313c-adbf-4b07-b45a-6825da09bbc5-140428511274816", "trial_id": 5, "state": 1, "values": [12.774162292499998], "datetime_complete": "2023-03-08T16:53:49.763314"}
{"op_code": 4, "worker_id": "db907018-8790-43f1-b8e7-8ed308502df3-140111003449152", "study_id": 0, "datetime_start": "2023-03-08T16:53:49.898522"}
{"op_code": 6, "worker_id": "ec57ae01-b92a-4356-b05f-4a367c37d9e5-140669739722560", "trial_id": 7, "state": 1, "values": [4.144449234000001], "datetime_complete": "2023-03-08T16:53:50.373938"}
{"op_code": 5, "worker_id": "db907018-8790-43f1-b8e7-8ed308502df3-140111003449152", "trial_id": 11, "param_name": "filter", "param_value_internal": 830000.0, "distribution": "{\"name\": \"IntDistribution\", \"attributes\": {\"log\": false, \"step\": 10000, \"low\": 10000, \"high\": 1000000}}"}
{"op_code": 4, "worker_id": "4b5fdf0f-ba7b-418e-9f7b-75d79ab50fde-139868772202304", "study_id": 0, "datetime_start": "2023-03-08T16:53:50.726813"}
{"op_code": 4, "worker_id": "8c6c45c4-7e90-4a94-9999-d2260527240f-139935797884736", "study_id": 0, "datetime_start": "2023-03-08T16:53:51.007036"}
{"op_code": 5, "worker_id": "4b5fdf0f-ba7b-418e-9f7b-75d79ab50fde-139868772202304", "trial_id": 12, "param_name": "filter", "param_value_internal": 570000.0, "distribution": "{\"name\": \"IntDistribution\", \"attributes\": {\"log\": false, \"step\": 10000, \"low\": 10000, \"high\": 1000000}}"}
{"op_code": 6, "worker_id": "e33a33ab-4f41-400b-bfd5-1112c05d2c1b-139961340352320", "trial_id": 8, "state": 1, "values": [5.910808563300002], "datetime_complete": "2023-03-08T16:53:51.603477"}
{"op_code": 5, "worker_id": "8c6c45c4-7e90-4a94-9999-d2260527240f-139935797884736", "trial_id": 13, "param_name": "filter", "param_value_internal": 620000.0, "distribution": "{\"name\": \"IntDistribution\", \"attributes\": {\"log\": false, \"step\": 10000, \"low\": 10000, \"high\": 1000000}}"}
{"op_code": 4, "worker_id": "5767055f-890a-460c-b9f8-de8f3629c599-139969871566656", "study_id": 0, "datetime_start": "2023-03-08T16:53:51.606263"}
{"op_code": 4, "worker_id": "99af611e-f22c-4fd1-adff-19cd6d6d07c7-139785432954688", "study_id": 0, "datetime_start": "2023-03-08T16:53:52.288670"}
{"op_code": 4, "worker_id": "49be9b13-4d3e-4211-9539-dfc621421035-140039294183232", "study_id": 0, "datetime_start": "2023-03-08T16:53:52.499038"}
{"op_code": 5, "worker_id": "99af611e-f22c-4fd1-adff-19cd6d6d07c7-139785432954688", "trial_id": 15, "param_name": "filter", "param_value_internal": 820000.0, "distribution": "{\"name\": \"IntDistribution\", \"attributes\": {\"log\": false, \"step\": 10000, \"low\": 10000, \"high\": 1000000}}"}
{"op_code": 4, "worker_id": "d282225f-9ac1-4b29-99c0-e5fee927f905-140567381182272", "study_id": 0, "datetime_start": "2023-03-08T16:53:45.343067"}
{"op_code": 4, "worker_id": "dd9018a8-cb8e-4d26-942c-33eb8d330999-140210191505216", "study_id": 0, "datetime_start": "2023-03-08T16:53:52.745971"}
{"op_code": 4, "worker_id": "04f33603-b223-4770-8bf5-5da6dfec5e12-140380464088896", "study_id": 0, "datetime_start": "2023-03-08T16:53:53.253866"}
{"op_code": 5, "worker_id": "dd9018a8-cb8e-4d26-942c-33eb8d330999-140210191505216", "trial_id": 18, "param_name": "filter", "param_value_internal": 730000.0, "distribution": "{\"name\": \"IntDistribution\", \"attributes\": {\"log\": false, \"step\": 10000, \"low\": 10000, \"high\": 1000000}}"}
{"op_code": 5, "worker_id": "04f33603-b223-4770-8bf5-5da6dfec5e12-140380464088896", "trial_id": 19, "param_name": "filter", "param_value_internal": 870000.0, "distribution": "{\"name\": \"IntDistribution\", \"attributes\": {\"log\": false, \"step\": 10000, \"low\": 10000, \"high\": 1000000}}"}
{"op_code": 4, "worker_id": "9cebc738-64aa-4e64-adc3-a0ac194c2c89-140387060385600", "study_id": 0, "datetime_start": "2023-03-08T16:53:54.069920"}
{"op_code": 4, "worker_id": "8a066ae0-3854-4bd4-8935-c4d465cc6c26-140511847438144", "study_id": 0, "datetime_start": "2023-03-08T16:53:52.780716"}
{"op_code": 6, "worker_id": "8c6c45c4-7e90-4a94-9999-d2260527240f-139935797884736", "trial_id": 13, "state": 1, "values": [10.461155891409998], "datetime_complete": "2023-03-08T16:53:54.447274"}
{"op_code": 4, "worker_id": "3007aadb-16ca-4634-b86d-d1bab1c2995b-140342754330432", "study_id": 0, "datetime_start": "2023-03-08T16:53:54.855572"}
{"op_code": 4, "worker_id": "05f93865-070c-44cf-90e6-cc46893d8831-140308346836800", "study_id": 0, "datetime_start": "2023-03-08T16:53:54.770241"}
{"op_code": 6, "worker_id": "99af611e-f22c-4fd1-adff-19cd6d6d07c7-139785432954688", "trial_id": 15, "state": 1, "values": [12.1896476746], "datetime_complete": "2023-03-08T16:53:55.605711"}
{"op_code": 5, "worker_id": "05f93865-070c-44cf-90e6-cc46893d8831-140308346836800", "trial_id": 23, "param_name": "filter", "param_value_internal": 540000.0, "distribution": "{\"name\": \"IntDistribution\", \"attributes\": {\"log\": false, \"step\": 10000, \"low\": 10000, \"high\": 1000000}}"}
{"op_code": 5, "worker_id": "3007aadb-16ca-4634-b86d-d1bab1c2995b-140342754330432", "trial_id": 22, "param_name": "filter", "param_value_internal": 700000.0, "distribution": "{\"name\": \"IntDistribution\", \"attributes\": {\"log\": false, \"step\": 10000, \"low\": 10000, \"high\": 1000000}}"}
{"op_code": 4, "worker_id": "eb0d03a5-edff-466c-b715-d4074fd05b42-139971476625216", "study_id": 0, "datetime_start": "2023-03-08T16:53:52.565724"}
{"op_code": 6, "worker_id": "dd9018a8-cb8e-4d26-942c-33eb8d330999-140210191505216", "trial_id": 18, "state": 1, "values": [11.401733398500003], "datetime_complete": "2023-03-08T16:53:56.458434"}
{"op_code": 6, "worker_id": "04f33603-b223-4770-8bf5-5da6dfec5e12-140380464088896", "trial_id": 19, "state": 1, "values": [12.5641870499], "datetime_complete": "2023-03-08T16:53:56.635408"}
{"op_code": 5, "worker_id": "eb0d03a5-edff-466c-b715-d4074fd05b42-139971476625216", "trial_id": 24, "param_name": "filter", "param_value_internal": 10000.0, "distribution": "{\"name\": \"IntDistribution\", \"attributes\": {\"log\": false, \"step\": 10000, \"low\": 10000, \"high\": 1000000}}"}
{"op_code": 6, "worker_id": "db907018-8790-43f1-b8e7-8ed308502df3-140111003449152", "trial_id": 11, "state": 1, "values": [12.26577091217], "datetime_complete": "2023-03-08T16:53:53.333301"}
{"op_code": 4, "worker_id": "e49d26dd-d013-40f5-8556-3742445d765f-140342517409600", "study_id": 0, "datetime_start": "2023-03-08T16:53:53.836934"}
{"op_code": 5, "worker_id": "8a066ae0-3854-4bd4-8935-c4d465cc6c26-140511847438144", "trial_id": 21, "param_name": "filter", "param_value_internal": 440000.0, "distribution": "{\"name\": \"IntDistribution\", \"attributes\": {\"log\": false, \"step\": 10000, \"low\": 10000, \"high\": 1000000}}"}
{"op_code": 5, "worker_id": "e49d26dd-d013-40f5-8556-3742445d765f-140342517409600", "trial_id": 25, "param_name": "filter", "param_value_internal": 110000.0, "distribution": "{\"name\": \"IntDistribution\", \"attributes\": {\"log\": false, \"step\": 10000, \"low\": 10000, \"high\": 1000000}}"}
{"op_code": 4, "worker_id": "3bbc1c43-491f-4849-8cf3-62286607113a-139727682975552", "study_id": 0, "datetime_start": "2023-03-08T16:53:54.290673"}
{"op_code": 5, "worker_id": "d282225f-9ac1-4b29-99c0-e5fee927f905-140567381182272", "trial_id": 17, "param_name": "filter", "param_value_internal": 740000.0, "distribution": "{\"name\": \"IntDistribution\", \"attributes\": {\"log\": false, \"step\": 10000, \"low\": 10000, \"high\": 1000000}}"}
{"op_code": 6, "worker_id": "05f93865-070c-44cf-90e6-cc46893d8831-140308346836800", "trial_id": 23, "state": 1, "values": [9.698880195700001], "datetime_complete": "2023-03-08T16:53:58.307708"}
{"op_code": 5, "worker_id": "3bbc1c43-491f-4849-8cf3-62286607113a-139727682975552", "trial_id": 26, "param_name": "filter", "param_value_internal": 120000.0, "distribution": "{\"name\": \"IntDistribution\", \"attributes\": {\"log\": false, \"step\": 10000, \"low\": 10000, \"high\": 1000000}}"}
{"op_code": 6, "worker_id": "3007aadb-16ca-4634-b86d-d1bab1c2995b-140342754330432", "trial_id": 22, "state": 1, "values": [11.1088829041], "datetime_complete": "2023-03-08T16:53:58.528985"}
{"op_code": 6, "worker_id": "eb0d03a5-edff-466c-b715-d4074fd05b42-139971476625216", "trial_id": 24, "state": 1, "values": [4.2080669403], "datetime_complete": "2023-03-08T16:53:58.986059"}
{"op_code": 4, "worker_id": "5d5ddc05-7100-40ef-bf01-7b548d69c331-140029693392704", "study_id": 0, "datetime_start": "2023-03-08T16:53:53.491402"}
{"op_code": 5, "worker_id": "5d5ddc05-7100-40ef-bf01-7b548d69c331-140029693392704", "trial_id": 27, "param_name": "filter", "param_value_internal": 20000.0, "distribution": "{\"name\": \"IntDistribution\", \"attributes\": {\"log\": false, \"step\": 10000, \"low\": 10000, \"high\": 1000000}}"}
{"op_code": 4, "worker_id": "a85e1b26-2eb6-4eb9-9b15-ec569b22f021-140088169027392", "study_id": 0, "datetime_start": "2023-03-08T16:53:52.934912"}
{"op_code": 6, "worker_id": "8a066ae0-3854-4bd4-8935-c4d465cc6c26-140511847438144", "trial_id": 21, "state": 1, "values": [8.576332092260001], "datetime_complete": "2023-03-08T16:54:00.116793"}
{"op_code": 5, "worker_id": "a85e1b26-2eb6-4eb9-9b15-ec569b22f021-140088169027392", "trial_id": 28, "param_name": "filter", "param_value_internal": 140000.0, "distribution": "{\"name\": \"IntDistribution\", \"attributes\": {\"log\": false, \"step\": 10000, \"low\": 10000, \"high\": 1000000}}"}
{"op_code": 6, "worker_id": "d282225f-9ac1-4b29-99c0-e5fee927f905-140567381182272", "trial_id": 17, "state": 1, "values": [11.502362251300001], "datetime_complete": "2023-03-08T16:54:00.678602"}
{"op_code": 6, "worker_id": "e49d26dd-d013-40f5-8556-3742445d765f-140342517409600", "trial_id": 25, "state": 1, "values": [4.147246360799999], "datetime_complete": "2023-03-08T16:54:00.007132"}
{"op_code": 6, "worker_id": "3bbc1c43-491f-4849-8cf3-62286607113a-139727682975552", "trial_id": 26, "state": 1, "values": [4.1649894714000055], "datetime_complete": "2023-03-08T16:54:01.044414"}
{"op_code": 4, "worker_id": "020050c2-ca52-439e-9e6d-652f3004f4c9-139668419508032", "study_id": 0, "datetime_start": "2023-03-08T16:53:54.323338"}
{"op_code": 4, "worker_id": "4c6cf506-42c1-45e2-8f51-15fbfd0ffdfc-140055851882304", "study_id": 0, "datetime_start": "2023-03-08T16:53:46.057773"}
{"op_code": 5, "worker_id": "020050c2-ca52-439e-9e6d-652f3004f4c9-139668419508032", "trial_id": 29, "param_name": "filter", "param_value_internal": 230000.0, "distribution": "{\"name\": \"IntDistribution\", \"attributes\": {\"log\": false, \"step\": 10000, \"low\": 10000, \"high\": 1000000}}"}
{"op_code": 5, "worker_id": "4c6cf506-42c1-45e2-8f51-15fbfd0ffdfc-140055851882304", "trial_id": 30, "param_name": "filter", "param_value_internal": 200000.0, "distribution": "{\"name\": \"IntDistribution\", \"attributes\": {\"log\": false, \"step\": 10000, \"low\": 10000, \"high\": 1000000}}"}
{"op_code": 4, "worker_id": "51a07a0b-dbf6-45d8-9967-f634ca5cea08-139732514137920", "study_id": 0, "datetime_start": "2023-03-08T16:53:53.589229"}
{"op_code": 4, "worker_id": "19edae97-f9bc-45c6-b183-0c5f3cdc6f3f-139993871492928", "study_id": 0, "datetime_start": "2023-03-08T16:53:46.795336"}
{"op_code": 5, "worker_id": "51a07a0b-dbf6-45d8-9967-f634ca5cea08-139732514137920", "trial_id": 31, "param_name": "filter", "param_value_internal": 240000.0, "distribution": "{\"name\": \"IntDistribution\", \"attributes\": {\"log\": false, \"step\": 10000, \"low\": 10000, \"high\": 1000000}}"}
{"op_code": 5, "worker_id": "19edae97-f9bc-45c6-b183-0c5f3cdc6f3f-139993871492928", "trial_id": 32, "param_name": "filter", "param_value_internal": 200000.0, "distribution": "{\"name\": \"IntDistribution\", \"attributes\": {\"log\": false, \"step\": 10000, \"low\": 10000, \"high\": 1000000}}"}
{"op_code": 4, "worker_id": "a6472db8-072a-4f62-bcb0-e65da61db5c3-139783673980736", "study_id": 0, "datetime_start": "2023-03-08T16:53:53.037011"}
{"op_code": 5, "worker_id": "a6472db8-072a-4f62-bcb0-e65da61db5c3-139783673980736", "trial_id": 33, "param_name": "filter", "param_value_internal": 230000.0, "distribution": "{\"name\": \"IntDistribution\", \"attributes\": {\"log\": false, \"step\": 10000, \"low\": 10000, \"high\": 1000000}}"}
{"op_code": 6, "worker_id": "a85e1b26-2eb6-4eb9-9b15-ec569b22f021-140088169027392", "trial_id": 28, "state": 1, "values": [4.129256248499999], "datetime_complete": "2023-03-08T16:54:03.358434"}
{"op_code": 6, "worker_id": "020050c2-ca52-439e-9e6d-652f3004f4c9-139668419508032", "trial_id": 29, "state": 1, "values": [4.8507442475], "datetime_complete": "2023-03-08T16:54:04.962754"}
{"op_code": 6, "worker_id": "4c6cf506-42c1-45e2-8f51-15fbfd0ffdfc-140055851882304", "trial_id": 30, "state": 1, "values": [4.420879364000001], "datetime_complete": "2023-03-08T16:54:05.172175"}
{"op_code": 4, "worker_id": "a89eff1c-2979-4b09-bbed-2b35cf332546-139666425227072", "study_id": 0, "datetime_start": "2023-03-08T16:53:47.011003"}
{"op_code": 5, "worker_id": "a89eff1c-2979-4b09-bbed-2b35cf332546-139666425227072", "trial_id": 34, "param_name": "filter", "param_value_internal": 10000.0, "distribution": "{\"name\": \"IntDistribution\", \"attributes\": {\"log\": false, \"step\": 10000, \"low\": 10000, \"high\": 1000000}}"}
{"op_code": 6, "worker_id": "5d5ddc05-7100-40ef-bf01-7b548d69c331-140029693392704", "trial_id": 27, "state": 1, "values": [4.196521043780001], "datetime_complete": "2023-03-08T16:54:02.227557"}
{"op_code": 6, "worker_id": "51a07a0b-dbf6-45d8-9967-f634ca5cea08-139732514137920", "trial_id": 31, "state": 1, "values": [4.97138163447], "datetime_complete": "2023-03-08T16:54:06.112788"}
{"op_code": 6, "worker_id": "19edae97-f9bc-45c6-b183-0c5f3cdc6f3f-139993871492928", "trial_id": 32, "state": 1, "values": [4.420879364000001], "datetime_complete": "2023-03-08T16:54:06.274757"}
{"op_code": 6, "worker_id": "a6472db8-072a-4f62-bcb0-e65da61db5c3-139783673980736", "trial_id": 33, "state": 1, "values": [4.8507442475], "datetime_complete": "2023-03-08T16:54:06.808011"}
{"op_code": 4, "worker_id": "a8e3644e-a0aa-4f76-8f90-3aa8dca649e9-140444601771840", "study_id": 0, "datetime_start": "2023-03-08T16:53:49.142607"}
{"op_code": 5, "worker_id": "a8e3644e-a0aa-4f76-8f90-3aa8dca649e9-140444601771840", "trial_id": 35, "param_name": "filter", "param_value_internal": 90000.0, "distribution": "{\"name\": \"IntDistribution\", \"attributes\": {\"log\": false, \"step\": 10000, \"low\": 10000, \"high\": 1000000}}"}
{"op_code": 6, "worker_id": "d0d9604b-6268-4368-ab74-b6457ff4cff1-140612432017216", "trial_id": 6, "state": 1, "values": [7.028430938699998], "datetime_complete": "2023-03-08T16:53:49.763442"}
{"op_code": 5, "worker_id": "b82e207e-7c01-4dd1-8c40-7a1cd700c7fc-140685025228608", "trial_id": 10, "param_name": "filter", "param_value_internal": 410000.0, "distribution": "{\"name\": \"IntDistribution\", \"attributes\": {\"log\": false, \"step\": 10000, \"low\": 10000, \"high\": 1000000}}"}
{"op_code": 6, "worker_id": "a89eff1c-2979-4b09-bbed-2b35cf332546-139666425227072", "trial_id": 34, "state": 1, "values": [4.2080669403], "datetime_complete": "2023-03-08T16:54:08.023882"}
{"op_code": 4, "worker_id": "a323e8ff-2585-4a45-8950-0e05ee13942e-140686445602624", "study_id": 0, "datetime_start": "2023-03-08T16:53:50.390356"}
{"op_code": 5, "worker_id": "5b8a9d76-0a17-4a34-8a4f-2404200fd918-140548917790528", "trial_id": 9, "param_name": "filter", "param_value_internal": 120000.0, "distribution": "{\"name\": \"IntDistribution\", \"attributes\": {\"log\": false, \"step\": 10000, \"low\": 10000, \"high\": 1000000}}"}
{"op_code": 5, "worker_id": "a323e8ff-2585-4a45-8950-0e05ee13942e-140686445602624", "trial_id": 36, "param_name": "filter", "param_value_internal": 110000.0, "distribution": "{\"name\": \"IntDistribution\", \"attributes\": {\"log\": false, \"step\": 10000, \"low\": 10000, \"high\": 1000000}}"}
{"op_code": 4, "worker_id": "000b2096-18e6-464d-8e9a-8f3b81b8310c-139945685509952", "study_id": 0, "datetime_start": "2023-03-08T16:53:46.744559"}
{"op_code": 5, "worker_id": "000b2096-18e6-464d-8e9a-8f3b81b8310c-139945685509952", "trial_id": 37, "param_name": "filter", "param_value_internal": 110000.0, "distribution": "{\"name\": \"IntDistribution\", \"attributes\": {\"log\": false, \"step\": 10000, \"low\": 10000, \"high\": 1000000}}"}
{"op_code": 5, "worker_id": "9cebc738-64aa-4e64-adc3-a0ac194c2c89-140387060385600", "trial_id": 20, "param_name": "filter", "param_value_internal": 810000.0, "distribution": "{\"name\": \"IntDistribution\", \"attributes\": {\"log\": false, \"step\": 10000, \"low\": 10000, \"high\": 1000000}}"}
{"op_code": 6, "worker_id": "a8e3644e-a0aa-4f76-8f90-3aa8dca649e9-140444601771840", "trial_id": 35, "state": 1, "values": [4.144449234000001], "datetime_complete": "2023-03-08T16:54:09.454499"}
{"op_code": 4, "worker_id": "a733b8d6-dfe1-4988-b0b5-fefe8e053d5f-140216354568000", "study_id": 0, "datetime_start": "2023-03-08T16:53:52.146177"}
{"op_code": 4, "worker_id": "6bfa19ba-8808-4a75-bdca-ee1cffa3c101-139719332484928", "study_id": 0, "datetime_start": "2023-03-08T16:53:54.469573"}
{"op_code": 5, "worker_id": "a733b8d6-dfe1-4988-b0b5-fefe8e053d5f-140216354568000", "trial_id": 38, "param_name": "filter", "param_value_internal": 100000.0, "distribution": "{\"name\": \"IntDistribution\", \"attributes\": {\"log\": false, \"step\": 10000, \"low\": 10000, \"high\": 1000000}}"}
{"op_code": 5, "worker_id": "6bfa19ba-8808-4a75-bdca-ee1cffa3c101-139719332484928", "trial_id": 39, "param_name": "filter", "param_value_internal": 130000.0, "distribution": "{\"name\": \"IntDistribution\", \"attributes\": {\"log\": false, \"step\": 10000, \"low\": 10000, \"high\": 1000000}}"}
{"op_code": 6, "worker_id": "5b8a9d76-0a17-4a34-8a4f-2404200fd918-140548917790528", "trial_id": 9, "state": 1, "values": [4.1649894714000055], "datetime_complete": "2023-03-08T16:54:10.702691"}
{"op_code": 6, "worker_id": "a323e8ff-2585-4a45-8950-0e05ee13942e-140686445602624", "trial_id": 36, "state": 1, "values": [4.147246360799999], "datetime_complete": "2023-03-08T16:54:10.878163"}
{"op_code": 6, "worker_id": "000b2096-18e6-464d-8e9a-8f3b81b8310c-139945685509952", "trial_id": 37, "state": 1, "values": [4.147246360799999], "datetime_complete": "2023-03-08T16:54:11.389047"}
{"op_code": 4, "worker_id": "f42760cc-23c9-46b5-b02e-82d029a75e5f-140033681774400", "study_id": 0, "datetime_start": "2023-03-08T16:53:50.903317"}
{"op_code": 6, "worker_id": "9cebc738-64aa-4e64-adc3-a0ac194c2c89-140387060385600", "trial_id": 20, "state": 1, "values": [12.1071834564], "datetime_complete": "2023-03-08T16:54:11.925359"}
{"op_code": 5, "worker_id": "f42760cc-23c9-46b5-b02e-82d029a75e5f-140033681774400", "trial_id": 40, "param_name": "filter", "param_value_internal": 70000.0, "distribution": "{\"name\": \"IntDistribution\", \"attributes\": {\"log\": false, \"step\": 10000, \"low\": 10000, \"high\": 1000000}}"}
{"op_code": 4, "worker_id": "ab5121b5-89de-4719-8874-6f9ea0063d8a-140682465773376", "study_id": 0, "datetime_start": "2023-03-08T16:53:54.529912"}
{"op_code": 6, "worker_id": "a733b8d6-dfe1-4988-b0b5-fefe8e053d5f-140216354568000", "trial_id": 38, "state": 1, "values": [4.153699874900003], "datetime_complete": "2023-03-08T16:54:12.846907"}
{"op_code": 5, "worker_id": "ab5121b5-89de-4719-8874-6f9ea0063d8a-140682465773376", "trial_id": 41, "param_name": "filter", "param_value_internal": 290000.0, "distribution": "{\"name\": \"IntDistribution\", \"attributes\": {\"log\": false, \"step\": 10000, \"low\": 10000, \"high\": 1000000}}"}
{"op_code": 6, "worker_id": "6bfa19ba-8808-4a75-bdca-ee1cffa3c101-139719332484928", "trial_id": 39, "state": 1, "values": [4.1525039672999995], "datetime_complete": "2023-03-08T16:54:13.093587"}
{"op_code": 4, "worker_id": "c73746ab-6ec3-44d2-9c56-37304dcd4312-139811878623040", "study_id": 0, "datetime_start": "2023-03-08T16:53:53.618824"}
{"op_code": 5, "worker_id": "c73746ab-6ec3-44d2-9c56-37304dcd4312-139811878623040", "trial_id": 42, "param_name": "filter", "param_value_internal": 290000.0, "distribution": "{\"name\": \"IntDistribution\", \"attributes\": {\"log\": false, \"step\": 10000, \"low\": 10000, \"high\": 1000000}}"}
{"op_code": 4, "worker_id": "749380be-b2f7-4706-ad4f-ec6cc2c99a52-140586190202688", "study_id": 0, "datetime_start": "2023-03-08T16:53:53.249198"}
{"op_code": 5, "worker_id": "749380be-b2f7-4706-ad4f-ec6cc2c99a52-140586190202688", "trial_id": 43, "param_name": "filter", "param_value_internal": 330000.0, "distribution": "{\"name\": \"IntDistribution\", \"attributes\": {\"log\": false, \"step\": 10000, \"low\": 10000, \"high\": 1000000}}"}
{"op_code": 6, "worker_id": "f42760cc-23c9-46b5-b02e-82d029a75e5f-140033681774400", "trial_id": 40, "state": 1, "values": [4.146343231200007], "datetime_complete": "2023-03-08T16:54:14.535614"}
{"op_code": 6, "worker_id": "b82e207e-7c01-4dd1-8c40-7a1cd700c7fc-140685025228608", "trial_id": 10, "state": 1, "values": [8.177692413400003], "datetime_complete": "2023-03-08T16:54:10.251863"}
{"op_code": 4, "worker_id": "c1af2066-6b7a-471b-90cc-57f55e44a9ff-140489593775936", "study_id": 0, "datetime_start": "2023-03-08T16:53:48.771162"}
{"op_code": 5, "worker_id": "c1af2066-6b7a-471b-90cc-57f55e44a9ff-140489593775936", "trial_id": 44, "param_name": "filter", "param_value_internal": 310000.0, "distribution": "{\"name\": \"IntDistribution\", \"attributes\": {\"log\": false, \"step\": 10000, \"low\": 10000, \"high\": 1000000}}"}
{"op_code": 6, "worker_id": "ab5121b5-89de-4719-8874-6f9ea0063d8a-140682465773376", "trial_id": 41, "state": 1, "values": [5.5980682373000015], "datetime_complete": "2023-03-08T16:54:15.589974"}
{"op_code": 4, "worker_id": "243f26ed-82ca-4428-b42f-f2ae05367af6-140055891416896", "study_id": 0, "datetime_start": "2023-03-08T16:53:53.891225"}
{"op_code": 6, "worker_id": "c73746ab-6ec3-44d2-9c56-37304dcd4312-139811878623040", "trial_id": 42, "state": 1, "values": [5.5980682373000015], "datetime_complete": "2023-03-08T16:54:16.147290"}
{"op_code": 5, "worker_id": "243f26ed-82ca-4428-b42f-f2ae05367af6-140055891416896", "trial_id": 45, "param_name": "filter", "param_value_internal": 50000.0, "distribution": "{\"name\": \"IntDistribution\", \"attributes\": {\"log\": false, \"step\": 10000, \"low\": 10000, \"high\": 1000000}}"}
{"op_code": 4, "worker_id": "0fbe0603-fee6-451b-a326-480f39064d3b-140352972457792", "study_id": 0, "datetime_start": "2023-03-08T16:53:51.782905"}
{"op_code": 6, "worker_id": "749380be-b2f7-4706-ad4f-ec6cc2c99a52-140586190202688", "trial_id": 43, "state": 1, "values": [6.306808471699998], "datetime_complete": "2023-03-08T16:54:17.071035"}
{"op_code": 5, "worker_id": "0fbe0603-fee6-451b-a326-480f39064d3b-140352972457792", "trial_id": 46, "param_name": "filter", "param_value_internal": 50000.0, "distribution": "{\"name\": \"IntDistribution\", \"attributes\": {\"log\": false, \"step\": 10000, \"low\": 10000, \"high\": 1000000}}"}
{"op_code": 6, "worker_id": "c1af2066-6b7a-471b-90cc-57f55e44a9ff-140489593775936", "trial_id": 44, "state": 1, "values": [5.910808563300002], "datetime_complete": "2023-03-08T16:54:17.705673"}
{"op_code": 5, "worker_id": "b23de3e5-2a71-40cf-a183-dfacdf738d64-140238919939904", "trial_id": 4, "param_name": "filter", "param_value_internal": 190000.0, "distribution": "{\"name\": \"IntDistribution\", \"attributes\": {\"log\": false, \"step\": 10000, \"low\": 10000, \"high\": 1000000}}"}
{"op_code": 5, "worker_id": "5767055f-890a-460c-b9f8-de8f3629c599-139969871566656", "trial_id": 14, "param_name": "filter", "param_value_internal": 330000.0, "distribution": "{\"name\": \"IntDistribution\", \"attributes\": {\"log\": false, \"step\": 10000, \"low\": 10000, \"high\": 1000000}}"}
{"op_code": 6, "worker_id": "243f26ed-82ca-4428-b42f-f2ae05367af6-140055891416896", "trial_id": 45, "state": 1, "values": [4.15875864029], "datetime_complete": "2023-03-08T16:54:18.547791"}
{"op_code": 6, "worker_id": "4b5fdf0f-ba7b-418e-9f7b-75d79ab50fde-139868772202304", "trial_id": 12, "state": 1, "values": [9.949760437], "datetime_complete": "2023-03-08T16:53:54.097732"}
{"op_code": 6, "worker_id": "0fbe0603-fee6-451b-a326-480f39064d3b-140352972457792", "trial_id": 46, "state": 1, "values": [4.15875864029], "datetime_complete": "2023-03-08T16:54:19.566948"}
{"op_code": 4, "worker_id": "98014ee1-d511-4c77-8293-e67b2275bbd1-139867443185472", "study_id": 0, "datetime_start": "2023-03-08T16:53:54.128990"}
{"op_code": 6, "worker_id": "b23de3e5-2a71-40cf-a183-dfacdf738d64-140238919939904", "trial_id": 4, "state": 1, "values": [4.263757705699998], "datetime_complete": "2023-03-08T16:54:20.122243"}
{"op_code": 5, "worker_id": "98014ee1-d511-4c77-8293-e67b2275bbd1-139867443185472", "trial_id": 47, "param_name": "filter", "param_value_internal": 170000.0, "distribution": "{\"name\": \"IntDistribution\", \"attributes\": {\"log\": false, \"step\": 10000, \"low\": 10000, \"high\": 1000000}}"}
{"op_code": 6, "worker_id": "5767055f-890a-460c-b9f8-de8f3629c599-139969871566656", "trial_id": 14, "state": 1, "values": [6.306808471699998], "datetime_complete": "2023-03-08T16:54:20.788918"}
{"op_code": 5, "worker_id": "49be9b13-4d3e-4211-9539-dfc621421035-140039294183232", "trial_id": 16, "param_name": "filter", "param_value_internal": 270000.0, "distribution": "{\"name\": \"IntDistribution\", \"attributes\": {\"log\": false, \"step\": 10000, \"low\": 10000, \"high\": 1000000}}"}
{"op_code": 4, "worker_id": "a11dc5d6-16dd-4505-b1ec-ec06ab8c4e32-139936068618048", "study_id": 0, "datetime_start": "2023-03-08T16:53:55.081388"}
{"op_code": 5, "worker_id": "a11dc5d6-16dd-4505-b1ec-ec06ab8c4e32-139936068618048", "trial_id": 48, "param_name": "filter", "param_value_internal": 170000.0, "distribution": "{\"name\": \"IntDistribution\", \"attributes\": {\"log\": false, \"step\": 10000, \"low\": 10000, \"high\": 1000000}}"}
{"op_code": 6, "worker_id": "98014ee1-d511-4c77-8293-e67b2275bbd1-139867443185472", "trial_id": 47, "state": 1, "values": [4.1593990325900005], "datetime_complete": "2023-03-08T16:54:22.533917"}
{"op_code": 4, "worker_id": "3b5d42c6-c54a-4e1f-bbe6-40e7d2d24a87-140051523815232", "study_id": 0, "datetime_start": "2023-03-08T16:53:55.140573"}
{"op_code": 6, "worker_id": "49be9b13-4d3e-4211-9539-dfc621421035-140039294183232", "trial_id": 16, "state": 1, "values": [5.332818985019999], "datetime_complete": "2023-03-08T16:54:23.355083"}
{"op_code": 5, "worker_id": "3b5d42c6-c54a-4e1f-bbe6-40e7d2d24a87-140051523815232", "trial_id": 49, "param_name": "filter", "param_value_internal": 160000.0, "distribution": "{\"name\": \"IntDistribution\", \"attributes\": {\"log\": false, \"step\": 10000, \"low\": 10000, \"high\": 1000000}}"}
{"op_code": 6, "worker_id": "a11dc5d6-16dd-4505-b1ec-ec06ab8c4e32-139936068618048", "trial_id": 48, "state": 1, "values": [4.1593990325900005], "datetime_complete": "2023-03-08T16:54:24.509812"}
{"op_code": 6, "worker_id": "3b5d42c6-c54a-4e1f-bbe6-40e7d2d24a87-140051523815232", "trial_id": 49, "state": 1, "values": [4.0875988007], "datetime_complete": "2023-03-08T16:54:25.453669"}
