{"op_code": 0, "worker_id": "fa481f8e-7cb3-48f9-8a75-81e405ecef39-140366972143424", "study_name": "Ross_Sea_regional_seperation_indiv_eq_sources_regional_comparison", "directions": [1]}
{"op_code": 4, "worker_id": "98f24260-803b-4337-ae06-e5cb3214d2e7-140304295466816", "study_id": 0, "datetime_start": "2023-03-05T10:55:54.838202"}
{"op_code": 4, "worker_id": "a62df8c9-8ce9-4447-a228-72008a7c5b85-139706917951296", "study_id": 0, "datetime_start": "2023-03-05T10:55:54.862561"}
{"op_code": 4, "worker_id": "4e38b770-005f-41a5-95c4-65029dbedd8d-140172825208640", "study_id": 0, "datetime_start": "2023-03-05T10:55:54.940586"}
{"op_code": 4, "worker_id": "79d005e0-e986-4be7-81e2-f7d59b825172-139705994753856", "study_id": 0, "datetime_start": "2023-03-05T10:55:54.960414"}
{"op_code": 5, "worker_id": "4e38b770-005f-41a5-95c4-65029dbedd8d-140172825208640", "trial_id": 2, "param_name": "eq_sources", "param_value_internal": 5640000.0, "distribution": "{\"name\": \"IntDistribution\", \"attributes\": {\"log\": false, \"step\": 10000, \"low\": 10000, \"high\": 10000000}}"}
{"op_code": 5, "worker_id": "79d005e0-e986-4be7-81e2-f7d59b825172-139705994753856", "trial_id": 3, "param_name": "eq_sources", "param_value_internal": 8880000.0, "distribution": "{\"name\": \"IntDistribution\", \"attributes\": {\"log\": false, \"step\": 10000, \"low\": 10000, \"high\": 10000000}}"}
{"op_code": 4, "worker_id": "a8c95096-83e7-42cc-8cfd-0769ce11cf90-139991452424000", "study_id": 0, "datetime_start": "2023-03-05T10:55:54.841071"}
{"op_code": 4, "worker_id": "24f99ae6-c5ef-4565-a3f8-6931e3a609fe-140668533933888", "study_id": 0, "datetime_start": "2023-03-05T10:55:54.963440"}
{"op_code": 5, "worker_id": "a8c95096-83e7-42cc-8cfd-0769ce11cf90-139991452424000", "trial_id": 4, "param_name": "eq_sources", "param_value_internal": 6830000.0, "distribution": "{\"name\": \"IntDistribution\", \"attributes\": {\"log\": false, \"step\": 10000, \"low\": 10000, \"high\": 10000000}}"}
{"op_code": 5, "worker_id": "24f99ae6-c5ef-4565-a3f8-6931e3a609fe-140668533933888", "trial_id": 5, "param_name": "eq_sources", "param_value_internal": 6320000.0, "distribution": "{\"name\": \"IntDistribution\", \"attributes\": {\"log\": false, \"step\": 10000, \"low\": 10000, \"high\": 10000000}}"}
{"op_code": 4, "worker_id": "cc1e85eb-21cd-4ac6-93b6-3a91b7b1cfd3-140320801331008", "study_id": 0, "datetime_start": "2023-03-05T10:55:54.864388"}
{"op_code": 4, "worker_id": "feb9b22f-2776-4b32-aa20-1c00e81b4ac7-140391696095040", "study_id": 0, "datetime_start": "2023-03-05T10:55:54.965673"}
{"op_code": 5, "worker_id": "cc1e85eb-21cd-4ac6-93b6-3a91b7b1cfd3-140320801331008", "trial_id": 6, "param_name": "eq_sources", "param_value_internal": 1020000.0, "distribution": "{\"name\": \"IntDistribution\", \"attributes\": {\"log\": false, \"step\": 10000, \"low\": 10000, \"high\": 10000000}}"}
{"op_code": 5, "worker_id": "feb9b22f-2776-4b32-aa20-1c00e81b4ac7-140391696095040", "trial_id": 7, "param_name": "eq_sources", "param_value_internal": 990000.0, "distribution": "{\"name\": \"IntDistribution\", \"attributes\": {\"log\": false, \"step\": 10000, \"low\": 10000, \"high\": 10000000}}"}
{"op_code": 4, "worker_id": "846101f8-6470-44ce-9ce2-0c625d3fd38a-140146557130560", "study_id": 0, "datetime_start": "2023-03-05T10:55:54.845221"}
{"op_code": 6, "worker_id": "4e38b770-005f-41a5-95c4-65029dbedd8d-140172825208640", "trial_id": 2, "state": 1, "values": [5.57236528397], "datetime_complete": "2023-03-05T10:55:57.077471"}
{"op_code": 5, "worker_id": "846101f8-6470-44ce-9ce2-0c625d3fd38a-140146557130560", "trial_id": 8, "param_name": "eq_sources", "param_value_internal": 5070000.0, "distribution": "{\"name\": \"IntDistribution\", \"attributes\": {\"log\": false, \"step\": 10000, \"low\": 10000, \"high\": 10000000}}"}
{"op_code": 6, "worker_id": "79d005e0-e986-4be7-81e2-f7d59b825172-139705994753856", "trial_id": 3, "state": 1, "values": [5.79703092575], "datetime_complete": "2023-03-05T10:55:57.188314"}
{"op_code": 6, "worker_id": "a8c95096-83e7-42cc-8cfd-0769ce11cf90-139991452424000", "trial_id": 4, "state": 1, "values": [5.263120651200001], "datetime_complete": "2023-03-05T10:55:57.914219"}
{"op_code": 6, "worker_id": "24f99ae6-c5ef-4565-a3f8-6931e3a609fe-140668533933888", "trial_id": 5, "state": 1, "values": [5.17070865631], "datetime_complete": "2023-03-05T10:55:58.023934"}
{"op_code": 4, "worker_id": "b164206f-df92-4073-b743-f25eea338be2-140112958306112", "study_id": 0, "datetime_start": "2023-03-05T10:55:54.970225"}
{"op_code": 5, "worker_id": "b164206f-df92-4073-b743-f25eea338be2-140112958306112", "trial_id": 9, "param_name": "eq_sources", "param_value_internal": 9060000.0, "distribution": "{\"name\": \"IntDistribution\", \"attributes\": {\"log\": false, \"step\": 10000, \"low\": 10000, \"high\": 10000000}}"}
{"op_code": 5, "worker_id": "a62df8c9-8ce9-4447-a228-72008a7c5b85-139706917951296", "trial_id": 1, "param_name": "eq_sources", "param_value_internal": 1360000.0, "distribution": "{\"name\": \"IntDistribution\", \"attributes\": {\"log\": false, \"step\": 10000, \"low\": 10000, \"high\": 10000000}}"}
{"op_code": 6, "worker_id": "cc1e85eb-21cd-4ac6-93b6-3a91b7b1cfd3-140320801331008", "trial_id": 6, "state": 1, "values": [4.5330123901000015], "datetime_complete": "2023-03-05T10:55:58.583042"}
{"op_code": 6, "worker_id": "feb9b22f-2776-4b32-aa20-1c00e81b4ac7-140391696095040", "trial_id": 7, "state": 1, "values": [4.39921045303], "datetime_complete": "2023-03-05T10:55:58.598816"}
{"op_code": 4, "worker_id": "ee1d4aac-c0cb-4d28-97bf-7dbb32417189-140255106791232", "study_id": 0, "datetime_start": "2023-03-05T10:55:54.864427"}
{"op_code": 6, "worker_id": "846101f8-6470-44ce-9ce2-0c625d3fd38a-140146557130560", "trial_id": 8, "state": 1, "values": [5.5830459595], "datetime_complete": "2023-03-05T10:55:59.307193"}
{"op_code": 5, "worker_id": "ee1d4aac-c0cb-4d28-97bf-7dbb32417189-140255106791232", "trial_id": 10, "param_name": "eq_sources", "param_value_internal": 1680000.0, "distribution": "{\"name\": \"IntDistribution\", \"attributes\": {\"log\": false, \"step\": 10000, \"low\": 10000, \"high\": 10000000}}"}
{"op_code": 6, "worker_id": "b164206f-df92-4073-b743-f25eea338be2-140112958306112", "trial_id": 9, "state": 1, "values": [5.795664787290001], "datetime_complete": "2023-03-05T10:56:00.191581"}
{"op_code": 6, "worker_id": "a62df8c9-8ce9-4447-a228-72008a7c5b85-139706917951296", "trial_id": 1, "state": 1, "values": [6.532123565699999], "datetime_complete": "2023-03-05T10:56:00.342894"}
{"op_code": 4, "worker_id": "592abafc-7934-4737-9a7f-09474ace14b5-140573820770112", "study_id": 0, "datetime_start": "2023-03-05T10:55:54.864506"}
{"op_code": 5, "worker_id": "592abafc-7934-4737-9a7f-09474ace14b5-140573820770112", "trial_id": 11, "param_name": "eq_sources", "param_value_internal": 2640000.0, "distribution": "{\"name\": \"IntDistribution\", \"attributes\": {\"log\": false, \"step\": 10000, \"low\": 10000, \"high\": 10000000}}"}
{"op_code": 6, "worker_id": "ee1d4aac-c0cb-4d28-97bf-7dbb32417189-140255106791232", "trial_id": 10, "state": 1, "values": [5.962619781499999], "datetime_complete": "2023-03-05T10:56:01.968456"}
{"op_code": 4, "worker_id": "71ae7f19-73a2-4d07-b267-af9fcf8024c4-140600553338688", "study_id": 0, "datetime_start": "2023-03-05T10:55:54.864429"}
{"op_code": 5, "worker_id": "71ae7f19-73a2-4d07-b267-af9fcf8024c4-140600553338688", "trial_id": 12, "param_name": "eq_sources", "param_value_internal": 3170000.0, "distribution": "{\"name\": \"IntDistribution\", \"attributes\": {\"log\": false, \"step\": 10000, \"low\": 10000, \"high\": 10000000}}"}
{"op_code": 4, "worker_id": "9a2baef9-9a5f-4ba9-84ef-4a6bced33565-140542261499712", "study_id": 0, "datetime_start": "2023-03-05T10:55:54.865107"}
{"op_code": 6, "worker_id": "592abafc-7934-4737-9a7f-09474ace14b5-140573820770112", "trial_id": 11, "state": 1, "values": [5.5333347321], "datetime_complete": "2023-03-05T10:56:03.331133"}
{"op_code": 5, "worker_id": "9a2baef9-9a5f-4ba9-84ef-4a6bced33565-140542261499712", "trial_id": 13, "param_name": "eq_sources", "param_value_internal": 120000.0, "distribution": "{\"name\": \"IntDistribution\", \"attributes\": {\"log\": false, \"step\": 10000, \"low\": 10000, \"high\": 10000000}}"}
{"op_code": 6, "worker_id": "71ae7f19-73a2-4d07-b267-af9fcf8024c4-140600553338688", "trial_id": 12, "state": 1, "values": [7.28301429749], "datetime_complete": "2023-03-05T10:56:04.055218"}
{"op_code": 4, "worker_id": "0b8a89a5-c7b4-43b8-ac81-6c3a7639668e-140520236554048", "study_id": 0, "datetime_start": "2023-03-05T10:55:54.864504"}
{"op_code": 5, "worker_id": "0b8a89a5-c7b4-43b8-ac81-6c3a7639668e-140520236554048", "trial_id": 14, "param_name": "eq_sources", "param_value_internal": 100000.0, "distribution": "{\"name\": \"IntDistribution\", \"attributes\": {\"log\": false, \"step\": 10000, \"low\": 10000, \"high\": 10000000}}"}
{"op_code": 4, "worker_id": "a3cacf74-c1d3-45b8-8abf-4941f83c57c3-140291956016960", "study_id": 0, "datetime_start": "2023-03-05T10:55:54.864508"}
{"op_code": 6, "worker_id": "9a2baef9-9a5f-4ba9-84ef-4a6bced33565-140542261499712", "trial_id": 13, "state": 1, "values": [4.421667431263355], "datetime_complete": "2023-03-05T10:56:05.493908"}
{"op_code": 5, "worker_id": "a3cacf74-c1d3-45b8-8abf-4941f83c57c3-140291956016960", "trial_id": 15, "param_name": "eq_sources", "param_value_internal": 40000.0, "distribution": "{\"name\": \"IntDistribution\", \"attributes\": {\"log\": false, \"step\": 10000, \"low\": 10000, \"high\": 10000000}}"}
{"op_code": 6, "worker_id": "0b8a89a5-c7b4-43b8-ac81-6c3a7639668e-140520236554048", "trial_id": 14, "state": 1, "values": [4.386408745906159], "datetime_complete": "2023-03-05T10:56:06.042262"}
{"op_code": 4, "worker_id": "7c56cb0d-c23f-4c44-83ad-a346b064c2bf-140278062810944", "study_id": 0, "datetime_start": "2023-03-05T10:55:54.875727"}
{"op_code": 5, "worker_id": "7c56cb0d-c23f-4c44-83ad-a346b064c2bf-140278062810944", "trial_id": 16, "param_name": "eq_sources", "param_value_internal": 3480000.0, "distribution": "{\"name\": \"IntDistribution\", \"attributes\": {\"log\": false, \"step\": 10000, \"low\": 10000, \"high\": 10000000}}"}
{"op_code": 6, "worker_id": "a3cacf74-c1d3-45b8-8abf-4941f83c57c3-140291956016960", "trial_id": 15, "state": 1, "values": [4.345016164271286], "datetime_complete": "2023-03-05T10:56:07.346586"}
{"op_code": 4, "worker_id": "1eb00f7e-5c9d-499a-a6ef-6de7f013a901-139658638509888", "study_id": 0, "datetime_start": "2023-03-05T10:55:54.871468"}
{"op_code": 5, "worker_id": "1eb00f7e-5c9d-499a-a6ef-6de7f013a901-139658638509888", "trial_id": 17, "param_name": "eq_sources", "param_value_internal": 3600000.0, "distribution": "{\"name\": \"IntDistribution\", \"attributes\": {\"log\": false, \"step\": 10000, \"low\": 10000, \"high\": 10000000}}"}
{"op_code": 4, "worker_id": "c245b740-65e4-4e4b-8ba4-a151324361d6-139746805827392", "study_id": 0, "datetime_start": "2023-03-05T10:55:54.878472"}
{"op_code": 6, "worker_id": "7c56cb0d-c23f-4c44-83ad-a346b064c2bf-140278062810944", "trial_id": 16, "state": 1, "values": [6.32996368405], "datetime_complete": "2023-03-05T10:56:08.749813"}
{"op_code": 5, "worker_id": "c245b740-65e4-4e4b-8ba4-a151324361d6-139746805827392", "trial_id": 18, "param_name": "eq_sources", "param_value_internal": 3560000.0, "distribution": "{\"name\": \"IntDistribution\", \"attributes\": {\"log\": false, \"step\": 10000, \"low\": 10000, \"high\": 10000000}}"}
{"op_code": 6, "worker_id": "1eb00f7e-5c9d-499a-a6ef-6de7f013a901-139658638509888", "trial_id": 17, "state": 1, "values": [6.2307399511299995], "datetime_complete": "2023-03-05T10:56:09.456820"}
{"op_code": 4, "worker_id": "9af05924-bd86-4494-b415-e3544174a713-140314296080192", "study_id": 0, "datetime_start": "2023-03-05T10:55:54.881115"}
{"op_code": 5, "worker_id": "9af05924-bd86-4494-b415-e3544174a713-140314296080192", "trial_id": 19, "param_name": "eq_sources", "param_value_internal": 110000.0, "distribution": "{\"name\": \"IntDistribution\", \"attributes\": {\"log\": false, \"step\": 10000, \"low\": 10000, \"high\": 10000000}}"}
{"op_code": 6, "worker_id": "c245b740-65e4-4e4b-8ba4-a151324361d6-139746805827392", "trial_id": 18, "state": 1, "values": [6.410812377900001], "datetime_complete": "2023-03-05T10:56:10.431366"}
{"op_code": 4, "worker_id": "96b6bc9b-4ae3-4e2b-928f-36bbe36f3f2a-139639617206080", "study_id": 0, "datetime_start": "2023-03-05T10:55:54.899653"}
{"op_code": 5, "worker_id": "96b6bc9b-4ae3-4e2b-928f-36bbe36f3f2a-139639617206080", "trial_id": 20, "param_name": "eq_sources", "param_value_internal": 360000.0, "distribution": "{\"name\": \"IntDistribution\", \"attributes\": {\"log\": false, \"step\": 10000, \"low\": 10000, \"high\": 10000000}}"}
{"op_code": 4, "worker_id": "1fe32d51-5f55-4ccf-85ed-84820749e73f-140106765567808", "study_id": 0, "datetime_start": "2023-03-05T10:55:54.870567"}
{"op_code": 6, "worker_id": "9af05924-bd86-4494-b415-e3544174a713-140314296080192", "trial_id": 19, "state": 1, "values": [4.427322957086684], "datetime_complete": "2023-03-05T10:56:11.777182"}
{"op_code": 5, "worker_id": "1fe32d51-5f55-4ccf-85ed-84820749e73f-140106765567808", "trial_id": 21, "param_name": "eq_sources", "param_value_internal": 2280000.0, "distribution": "{\"name\": \"IntDistribution\", \"attributes\": {\"log\": false, \"step\": 10000, \"low\": 10000, \"high\": 10000000}}"}
{"op_code": 4, "worker_id": "883d3973-536c-489a-9a8c-83bd37feabcf-140404968707904", "study_id": 0, "datetime_start": "2023-03-05T10:55:54.873904"}
{"op_code": 6, "worker_id": "96b6bc9b-4ae3-4e2b-928f-36bbe36f3f2a-139639617206080", "trial_id": 20, "state": 1, "values": [4.354542251680403], "datetime_complete": "2023-03-05T10:56:12.743974"}
{"op_code": 5, "worker_id": "883d3973-536c-489a-9a8c-83bd37feabcf-140404968707904", "trial_id": 22, "param_name": "eq_sources", "param_value_internal": 2240000.0, "distribution": "{\"name\": \"IntDistribution\", \"attributes\": {\"log\": false, \"step\": 10000, \"low\": 10000, \"high\": 10000000}}"}
{"op_code": 6, "worker_id": "1fe32d51-5f55-4ccf-85ed-84820749e73f-140106765567808", "trial_id": 21, "state": 1, "values": [7.24492835999], "datetime_complete": "2023-03-05T10:56:13.651521"}
{"op_code": 4, "worker_id": "e925fd7a-f202-4e32-ade5-445691afa12d-140574763493184", "study_id": 0, "datetime_start": "2023-03-05T10:55:54.940701"}
{"op_code": 5, "worker_id": "e925fd7a-f202-4e32-ade5-445691afa12d-140574763493184", "trial_id": 23, "param_name": "eq_sources", "param_value_internal": 70000.0, "distribution": "{\"name\": \"IntDistribution\", \"attributes\": {\"log\": false, \"step\": 10000, \"low\": 10000, \"high\": 10000000}}"}
{"op_code": 6, "worker_id": "883d3973-536c-489a-9a8c-83bd37feabcf-140404968707904", "trial_id": 22, "state": 1, "values": [6.9312467575], "datetime_complete": "2023-03-05T10:56:14.577230"}
{"op_code": 4, "worker_id": "326c52bd-9ae9-4bc0-9578-179de09e6998-139878960199488", "study_id": 0, "datetime_start": "2023-03-05T10:55:54.883809"}
{"op_code": 5, "worker_id": "326c52bd-9ae9-4bc0-9578-179de09e6998-139878960199488", "trial_id": 24, "param_name": "eq_sources", "param_value_internal": 140000.0, "distribution": "{\"name\": \"IntDistribution\", \"attributes\": {\"log\": false, \"step\": 10000, \"low\": 10000, \"high\": 10000000}}"}
{"op_code": 6, "worker_id": "e925fd7a-f202-4e32-ade5-445691afa12d-140574763493184", "trial_id": 23, "state": 1, "values": [4.330023050491018], "datetime_complete": "2023-03-05T10:56:15.637448"}
{"op_code": 4, "worker_id": "7fc43c11-fba4-41c3-8bc2-2db8555d2dc0-139636228192064", "study_id": 0, "datetime_start": "2023-03-05T10:55:54.886866"}
{"op_code": 5, "worker_id": "7fc43c11-fba4-41c3-8bc2-2db8555d2dc0-139636228192064", "trial_id": 25, "param_name": "eq_sources", "param_value_internal": 820000.0, "distribution": "{\"name\": \"IntDistribution\", \"attributes\": {\"log\": false, \"step\": 10000, \"low\": 10000, \"high\": 10000000}}"}
{"op_code": 6, "worker_id": "326c52bd-9ae9-4bc0-9578-179de09e6998-139878960199488", "trial_id": 24, "state": 1, "values": [4.425997371705954], "datetime_complete": "2023-03-05T10:56:16.524996"}
{"op_code": 4, "worker_id": "012e2c14-fcfe-44fb-8c60-5a564023c684-139713144719168", "study_id": 0, "datetime_start": "2023-03-05T10:55:54.907722"}
{"op_code": 5, "worker_id": "012e2c14-fcfe-44fb-8c60-5a564023c684-139713144719168", "trial_id": 26, "param_name": "eq_sources", "param_value_internal": 1120000.0, "distribution": "{\"name\": \"IntDistribution\", \"attributes\": {\"log\": false, \"step\": 10000, \"low\": 10000, \"high\": 10000000}}"}
{"op_code": 4, "worker_id": "6c0221aa-853a-459f-9c76-6073f2c44c61-140190681364288", "study_id": 0, "datetime_start": "2023-03-05T10:55:54.910464"}
{"op_code": 6, "worker_id": "7fc43c11-fba4-41c3-8bc2-2db8555d2dc0-139636228192064", "trial_id": 25, "state": 1, "values": [4.655740737887498], "datetime_complete": "2023-03-05T10:56:18.016030"}
{"op_code": 5, "worker_id": "6c0221aa-853a-459f-9c76-6073f2c44c61-140190681364288", "trial_id": 27, "param_name": "eq_sources", "param_value_internal": 900000.0, "distribution": "{\"name\": \"IntDistribution\", \"attributes\": {\"log\": false, \"step\": 10000, \"low\": 10000, \"high\": 10000000}}"}
{"op_code": 4, "worker_id": "c69ac454-5aca-4a3a-8985-3044d7ed843c-139672354240320", "study_id": 0, "datetime_start": "2023-03-05T10:55:54.914247"}
{"op_code": 5, "worker_id": "c69ac454-5aca-4a3a-8985-3044d7ed843c-139672354240320", "trial_id": 28, "param_name": "eq_sources", "param_value_internal": 4270000.0, "distribution": "{\"name\": \"IntDistribution\", \"attributes\": {\"log\": false, \"step\": 10000, \"low\": 10000, \"high\": 10000000}}"}
{"op_code": 6, "worker_id": "012e2c14-fcfe-44fb-8c60-5a564023c684-139713144719168", "trial_id": 26, "state": 1, "values": [5.129579544049999], "datetime_complete": "2023-03-05T10:56:19.210953"}
{"op_code": 6, "worker_id": "6c0221aa-853a-459f-9c76-6073f2c44c61-140190681364288", "trial_id": 27, "state": 1, "values": [5.18397140503], "datetime_complete": "2023-03-05T10:56:19.832342"}
{"op_code": 4, "worker_id": "614ed266-fa43-4235-8edd-8bc090a40001-140288051652416", "study_id": 0, "datetime_start": "2023-03-05T10:55:54.894519"}
{"op_code": 5, "worker_id": "614ed266-fa43-4235-8edd-8bc090a40001-140288051652416", "trial_id": 29, "param_name": "eq_sources", "param_value_internal": 4290000.0, "distribution": "{\"name\": \"IntDistribution\", \"attributes\": {\"log\": false, \"step\": 10000, \"low\": 10000, \"high\": 10000000}}"}
{"op_code": 6, "worker_id": "c69ac454-5aca-4a3a-8985-3044d7ed843c-139672354240320", "trial_id": 28, "state": 1, "values": [5.497581481899999], "datetime_complete": "2023-03-05T10:56:20.811549"}
{"op_code": 4, "worker_id": "54a649f3-83ff-4080-978b-8d8090d4f9b7-139632388327232", "study_id": 0, "datetime_start": "2023-03-05T10:55:54.940621"}
{"op_code": 5, "worker_id": "54a649f3-83ff-4080-978b-8d8090d4f9b7-139632388327232", "trial_id": 30, "param_name": "eq_sources", "param_value_internal": 1760000.0, "distribution": "{\"name\": \"IntDistribution\", \"attributes\": {\"log\": false, \"step\": 10000, \"low\": 10000, \"high\": 10000000}}"}
{"op_code": 6, "worker_id": "614ed266-fa43-4235-8edd-8bc090a40001-140288051652416", "trial_id": 29, "state": 1, "values": [5.720069885299999], "datetime_complete": "2023-03-05T10:56:21.834487"}
{"op_code": 4, "worker_id": "ef0628a5-ace6-491f-a0cf-28ec85f1eaf6-139632618051392", "study_id": 0, "datetime_start": "2023-03-05T10:55:54.889458"}
{"op_code": 5, "worker_id": "ef0628a5-ace6-491f-a0cf-28ec85f1eaf6-139632618051392", "trial_id": 31, "param_name": "eq_sources", "param_value_internal": 1660000.0, "distribution": "{\"name\": \"IntDistribution\", \"attributes\": {\"log\": false, \"step\": 10000, \"low\": 10000, \"high\": 10000000}}"}
{"op_code": 6, "worker_id": "54a649f3-83ff-4080-978b-8d8090d4f9b7-139632388327232", "trial_id": 30, "state": 1, "values": [6.0735797882], "datetime_complete": "2023-03-05T10:56:22.997438"}
{"op_code": 4, "worker_id": "e06e9e97-2732-4eb1-bc71-95d2f6b9adb4-140345916151616", "study_id": 0, "datetime_start": "2023-03-05T10:55:54.892185"}
{"op_code": 5, "worker_id": "e06e9e97-2732-4eb1-bc71-95d2f6b9adb4-140345916151616", "trial_id": 32, "param_name": "eq_sources", "param_value_internal": 1750000.0, "distribution": "{\"name\": \"IntDistribution\", \"attributes\": {\"log\": false, \"step\": 10000, \"low\": 10000, \"high\": 10000000}}"}
{"op_code": 4, "worker_id": "a8c1b4dc-ed10-4e54-b30c-b759411901c3-140395779438400", "study_id": 0, "datetime_start": "2023-03-05T10:55:54.949766"}
{"op_code": 6, "worker_id": "ef0628a5-ace6-491f-a0cf-28ec85f1eaf6-139632618051392", "trial_id": 31, "state": 1, "values": [6.163355469704], "datetime_complete": "2023-03-05T10:56:24.385525"}
{"op_code": 5, "worker_id": "a8c1b4dc-ed10-4e54-b30c-b759411901c3-140395779438400", "trial_id": 33, "param_name": "eq_sources", "param_value_internal": 160000.0, "distribution": "{\"name\": \"IntDistribution\", \"attributes\": {\"log\": false, \"step\": 10000, \"low\": 10000, \"high\": 10000000}}"}
{"op_code": 6, "worker_id": "e06e9e97-2732-4eb1-bc71-95d2f6b9adb4-140345916151616", "trial_id": 32, "state": 1, "values": [5.827106475800001], "datetime_complete": "2023-03-05T10:56:25.068304"}
{"op_code": 4, "worker_id": "909cd7f6-7478-4a6a-a27b-c491ae40eee9-139662110000960", "study_id": 0, "datetime_start": "2023-03-05T10:55:54.902142"}
{"op_code": 5, "worker_id": "909cd7f6-7478-4a6a-a27b-c491ae40eee9-139662110000960", "trial_id": 34, "param_name": "eq_sources", "param_value_internal": 490000.0, "distribution": "{\"name\": \"IntDistribution\", \"attributes\": {\"log\": false, \"step\": 10000, \"low\": 10000, \"high\": 10000000}}"}
{"op_code": 6, "worker_id": "a8c1b4dc-ed10-4e54-b30c-b759411901c3-140395779438400", "trial_id": 33, "state": 1, "values": [4.382074658211039], "datetime_complete": "2023-03-05T10:56:26.247701"}
{"op_code": 4, "worker_id": "6479541d-0c98-4337-9076-5b41f523be82-139644123297600", "study_id": 0, "datetime_start": "2023-03-05T10:55:54.897838"}
{"op_code": 5, "worker_id": "6479541d-0c98-4337-9076-5b41f523be82-139644123297600", "trial_id": 35, "param_name": "eq_sources", "param_value_internal": 7690000.0, "distribution": "{\"name\": \"IntDistribution\", \"attributes\": {\"log\": false, \"step\": 10000, \"low\": 10000, \"high\": 10000000}}"}
{"op_code": 6, "worker_id": "909cd7f6-7478-4a6a-a27b-c491ae40eee9-139662110000960", "trial_id": 34, "state": 1, "values": [4.6105985641446585], "datetime_complete": "2023-03-05T10:56:27.331591"}
{"op_code": 4, "worker_id": "f28623c0-0a2b-4a81-ab14-6e64b1dc8805-139708596762432", "study_id": 0, "datetime_start": "2023-03-05T10:55:54.947106"}
{"op_code": 5, "worker_id": "f28623c0-0a2b-4a81-ab14-6e64b1dc8805-139708596762432", "trial_id": 36, "param_name": "eq_sources", "param_value_internal": 9830000.0, "distribution": "{\"name\": \"IntDistribution\", \"attributes\": {\"log\": false, \"step\": 10000, \"low\": 10000, \"high\": 10000000}}"}
{"op_code": 6, "worker_id": "6479541d-0c98-4337-9076-5b41f523be82-139644123297600", "trial_id": 35, "state": 1, "values": [5.797121047975001], "datetime_complete": "2023-03-05T10:56:28.332495"}
{"op_code": 4, "worker_id": "5a93be7e-00f5-45e9-ac1a-697c1e3210d5-140118504335168", "study_id": 0, "datetime_start": "2023-03-05T10:55:54.955144"}
{"op_code": 5, "worker_id": "5a93be7e-00f5-45e9-ac1a-697c1e3210d5-140118504335168", "trial_id": 37, "param_name": "eq_sources", "param_value_internal": 9820000.0, "distribution": "{\"name\": \"IntDistribution\", \"attributes\": {\"log\": false, \"step\": 10000, \"low\": 10000, \"high\": 10000000}}"}
{"op_code": 6, "worker_id": "f28623c0-0a2b-4a81-ab14-6e64b1dc8805-139708596762432", "trial_id": 36, "state": 1, "values": [5.778387069699999], "datetime_complete": "2023-03-05T10:56:29.157921"}
{"op_code": 4, "worker_id": "e3b3e0cf-6a21-4d1a-9744-455b90c58f02-140425480849216", "study_id": 0, "datetime_start": "2023-03-05T10:55:54.905050"}
{"op_code": 5, "worker_id": "e3b3e0cf-6a21-4d1a-9744-455b90c58f02-140425480849216", "trial_id": 38, "param_name": "eq_sources", "param_value_internal": 580000.0, "distribution": "{\"name\": \"IntDistribution\", \"attributes\": {\"log\": false, \"step\": 10000, \"low\": 10000, \"high\": 10000000}}"}
{"op_code": 6, "worker_id": "5a93be7e-00f5-45e9-ac1a-697c1e3210d5-140118504335168", "trial_id": 37, "state": 1, "values": [5.796676635699999], "datetime_complete": "2023-03-05T10:56:30.278271"}
{"op_code": 5, "worker_id": "98f24260-803b-4337-ae06-e5cb3214d2e7-140304295466816", "trial_id": 0, "param_name": "eq_sources", "param_value_internal": 5080000.0, "distribution": "{\"name\": \"IntDistribution\", \"attributes\": {\"log\": false, \"step\": 10000, \"low\": 10000, \"high\": 10000000}}"}
{"op_code": 6, "worker_id": "e3b3e0cf-6a21-4d1a-9744-455b90c58f02-140425480849216", "trial_id": 38, "state": 1, "values": [4.7475366592649415], "datetime_complete": "2023-03-05T10:56:31.334495"}
{"op_code": 4, "worker_id": "d144bef7-d397-48e5-b8a0-f1eeb5fa7cb5-139654685493056", "study_id": 0, "datetime_start": "2023-03-05T10:55:54.940696"}
{"op_code": 5, "worker_id": "d144bef7-d397-48e5-b8a0-f1eeb5fa7cb5-139654685493056", "trial_id": 39, "param_name": "eq_sources", "param_value_internal": 1360000.0, "distribution": "{\"name\": \"IntDistribution\", \"attributes\": {\"log\": false, \"step\": 10000, \"low\": 10000, \"high\": 10000000}}"}
{"op_code": 6, "worker_id": "98f24260-803b-4337-ae06-e5cb3214d2e7-140304295466816", "trial_id": 0, "state": 1, "values": [5.581722259499998], "datetime_complete": "2023-03-05T10:56:32.184235"}
{"op_code": 4, "worker_id": "9b8494e5-dde0-42ce-bc2f-4cedf3a0ffad-140659213616960", "study_id": 0, "datetime_start": "2023-03-05T10:55:54.940610"}
{"op_code": 5, "worker_id": "9b8494e5-dde0-42ce-bc2f-4cedf3a0ffad-140659213616960", "trial_id": 40, "param_name": "eq_sources", "param_value_internal": 2560000.0, "distribution": "{\"name\": \"IntDistribution\", \"attributes\": {\"log\": false, \"step\": 10000, \"low\": 10000, \"high\": 10000000}}"}
{"op_code": 6, "worker_id": "d144bef7-d397-48e5-b8a0-f1eeb5fa7cb5-139654685493056", "trial_id": 39, "state": 1, "values": [6.532123565699999], "datetime_complete": "2023-03-05T10:56:33.367990"}
{"op_code": 4, "worker_id": "6fd4554b-cf50-4451-b3c6-d04f501f76fa-140282742921024", "study_id": 0, "datetime_start": "2023-03-05T10:55:54.944553"}
{"op_code": 5, "worker_id": "6fd4554b-cf50-4451-b3c6-d04f501f76fa-140282742921024", "trial_id": 41, "param_name": "eq_sources", "param_value_internal": 2360000.0, "distribution": "{\"name\": \"IntDistribution\", \"attributes\": {\"log\": false, \"step\": 10000, \"low\": 10000, \"high\": 10000000}}"}
{"op_code": 6, "worker_id": "9b8494e5-dde0-42ce-bc2f-4cedf3a0ffad-140659213616960", "trial_id": 40, "state": 1, "values": [6.333899497999999], "datetime_complete": "2023-03-05T10:56:34.267295"}
{"op_code": 4, "worker_id": "e0eebee1-9b3e-4ae9-9672-63f54665eee7-140073874155328", "study_id": 0, "datetime_start": "2023-03-05T10:55:54.941130"}
{"op_code": 5, "worker_id": "e0eebee1-9b3e-4ae9-9672-63f54665eee7-140073874155328", "trial_id": 42, "param_name": "eq_sources", "param_value_internal": 430000.0, "distribution": "{\"name\": \"IntDistribution\", \"attributes\": {\"log\": false, \"step\": 10000, \"low\": 10000, \"high\": 10000000}}"}
{"op_code": 6, "worker_id": "6fd4554b-cf50-4451-b3c6-d04f501f76fa-140282742921024", "trial_id": 41, "state": 1, "values": [7.002897262600001], "datetime_complete": "2023-03-05T10:56:35.566236"}
{"op_code": 4, "worker_id": "8f9857d5-6879-4aa7-96f6-d40f8dff5717-140404717791040", "study_id": 0, "datetime_start": "2023-03-05T10:55:54.952368"}
{"op_code": 5, "worker_id": "8f9857d5-6879-4aa7-96f6-d40f8dff5717-140404717791040", "trial_id": 43, "param_name": "eq_sources", "param_value_internal": 90000.0, "distribution": "{\"name\": \"IntDistribution\", \"attributes\": {\"log\": false, \"step\": 10000, \"low\": 10000, \"high\": 10000000}}"}
{"op_code": 6, "worker_id": "e0eebee1-9b3e-4ae9-9672-63f54665eee7-140073874155328", "trial_id": 42, "state": 1, "values": [4.489284545224393], "datetime_complete": "2023-03-05T10:56:37.076416"}
{"op_code": 4, "worker_id": "d288ad8b-d8f0-4e0c-ad67-2d5ab2b8bd46-140706146989888", "study_id": 0, "datetime_start": "2023-03-05T10:55:54.940697"}
{"op_code": 5, "worker_id": "d288ad8b-d8f0-4e0c-ad67-2d5ab2b8bd46-140706146989888", "trial_id": 44, "param_name": "eq_sources", "param_value_internal": 140000.0, "distribution": "{\"name\": \"IntDistribution\", \"attributes\": {\"log\": false, \"step\": 10000, \"low\": 10000, \"high\": 10000000}}"}
{"op_code": 6, "worker_id": "8f9857d5-6879-4aa7-96f6-d40f8dff5717-140404717791040", "trial_id": 43, "state": 1, "values": [4.3933105401766275], "datetime_complete": "2023-03-05T10:56:38.750690"}
{"op_code": 4, "worker_id": "740f119f-d946-44b5-a3c7-0aff54f034cd-140645679138624", "study_id": 0, "datetime_start": "2023-03-05T10:55:54.940703"}
{"op_code": 5, "worker_id": "740f119f-d946-44b5-a3c7-0aff54f034cd-140645679138624", "trial_id": 45, "param_name": "eq_sources", "param_value_internal": 1140000.0, "distribution": "{\"name\": \"IntDistribution\", \"attributes\": {\"log\": false, \"step\": 10000, \"low\": 10000, \"high\": 10000000}}"}
{"op_code": 6, "worker_id": "d288ad8b-d8f0-4e0c-ad67-2d5ab2b8bd46-140706146989888", "trial_id": 44, "state": 1, "values": [4.425997371705954], "datetime_complete": "2023-03-05T10:56:39.526152"}
{"op_code": 4, "worker_id": "3cc76d0b-3519-479c-921d-4deb041a5496-140455212533568", "study_id": 0, "datetime_start": "2023-03-05T10:55:54.941251"}
{"op_code": 5, "worker_id": "3cc76d0b-3519-479c-921d-4deb041a5496-140455212533568", "trial_id": 46, "param_name": "eq_sources", "param_value_internal": 5870000.0, "distribution": "{\"name\": \"IntDistribution\", \"attributes\": {\"log\": false, \"step\": 10000, \"low\": 10000, \"high\": 10000000}}"}
{"op_code": 6, "worker_id": "740f119f-d946-44b5-a3c7-0aff54f034cd-140645679138624", "trial_id": 45, "state": 1, "values": [5.2982835770125], "datetime_complete": "2023-03-05T10:56:40.694560"}
{"op_code": 4, "worker_id": "3bee3a20-0c6d-4f42-9759-4aa21bf83e6d-140123593127744", "study_id": 0, "datetime_start": "2023-03-05T10:55:54.942009"}
{"op_code": 5, "worker_id": "3bee3a20-0c6d-4f42-9759-4aa21bf83e6d-140123593127744", "trial_id": 47, "param_name": "eq_sources", "param_value_internal": 700000.0, "distribution": "{\"name\": \"IntDistribution\", \"attributes\": {\"log\": false, \"step\": 10000, \"low\": 10000, \"high\": 10000000}}"}
{"op_code": 6, "worker_id": "3cc76d0b-3519-479c-921d-4deb041a5496-140455212533568", "trial_id": 46, "state": 1, "values": [5.5823307036999985], "datetime_complete": "2023-03-05T10:56:41.674515"}
{"op_code": 4, "worker_id": "f77bdf2e-1262-4983-8e32-82f812c20e57-140024770127680", "study_id": 0, "datetime_start": "2023-03-05T10:55:54.958684"}
{"op_code": 5, "worker_id": "f77bdf2e-1262-4983-8e32-82f812c20e57-140024770127680", "trial_id": 48, "param_name": "eq_sources", "param_value_internal": 790000.0, "distribution": "{\"name\": \"IntDistribution\", \"attributes\": {\"log\": false, \"step\": 10000, \"low\": 10000, \"high\": 10000000}}"}
{"op_code": 6, "worker_id": "3bee3a20-0c6d-4f42-9759-4aa21bf83e6d-140123593127744", "trial_id": 47, "state": 1, "values": [5.077871322633751], "datetime_complete": "2023-03-05T10:56:42.767875"}
{"op_code": 4, "worker_id": "12ffd2a4-33ba-4035-9c46-14327a121b30-139849645201216", "study_id": 0, "datetime_start": "2023-03-05T10:55:54.971034"}
{"op_code": 5, "worker_id": "12ffd2a4-33ba-4035-9c46-14327a121b30-139849645201216", "trial_id": 49, "param_name": "eq_sources", "param_value_internal": 1420000.0, "distribution": "{\"name\": \"IntDistribution\", \"attributes\": {\"log\": false, \"step\": 10000, \"low\": 10000, \"high\": 10000000}}"}
{"op_code": 6, "worker_id": "f77bdf2e-1262-4983-8e32-82f812c20e57-140024770127680", "trial_id": 48, "state": 1, "values": [5.2399215697749995], "datetime_complete": "2023-03-05T10:56:43.917988"}
{"op_code": 6, "worker_id": "12ffd2a4-33ba-4035-9c46-14327a121b30-139849645201216", "trial_id": 49, "state": 1, "values": [6.74903297424], "datetime_complete": "2023-03-05T10:56:44.844697"}
