{"op_code": 0, "worker_id": "095b5059-4a93-47d8-a6e6-4c7d2573d144-140200024168256", "study_name": "Ross_Sea_regional_seperation_indiv_constraints_regional_comparison_DC_shift", "directions": [1]}
{"op_code": 4, "worker_id": "0337d6ac-4c54-428b-970a-79335643114a-140489593775936", "study_id": 0, "datetime_start": "2023-03-08T16:55:06.544449"}
{"op_code": 4, "worker_id": "09d6bb8d-b821-4702-8eaa-f80584c55555-139935797884736", "study_id": 0, "datetime_start": "2023-03-08T16:55:06.641114"}
{"op_code": 4, "worker_id": "34d77eea-b747-4b1f-ae19-092fe1b3401e-140210191505216", "study_id": 0, "datetime_start": "2023-03-08T16:55:06.645832"}
{"op_code": 4, "worker_id": "af5ef4e7-4e91-4ddc-817b-961cd4aeaa2b-139855530997568", "study_id": 0, "datetime_start": "2023-03-08T16:55:06.644590"}
{"op_code": 4, "worker_id": "efd3f471-65cf-4afb-acf5-31b443346def-140111003449152", "study_id": 0, "datetime_start": "2023-03-08T16:55:06.547522"}
{"op_code": 5, "worker_id": "af5ef4e7-4e91-4ddc-817b-961cd4aeaa2b-139855530997568", "trial_id": 3, "param_name": "constraints", "param_value_internal": 0.48, "distribution": "{\"name\": \"FloatDistribution\", \"attributes\": {\"step\": 0.01, \"low\": 0.0, \"high\": 1.0, \"log\": false}}"}
{"op_code": 5, "worker_id": "efd3f471-65cf-4afb-acf5-31b443346def-140111003449152", "trial_id": 4, "param_name": "constraints", "param_value_internal": 0.26, "distribution": "{\"name\": \"FloatDistribution\", \"attributes\": {\"step\": 0.01, \"low\": 0.0, \"high\": 1.0, \"log\": false}}"}
{"op_code": 5, "worker_id": "09d6bb8d-b821-4702-8eaa-f80584c55555-139935797884736", "trial_id": 1, "param_name": "constraints", "param_value_internal": 0.5, "distribution": "{\"name\": \"FloatDistribution\", \"attributes\": {\"step\": 0.01, \"low\": 0.0, \"high\": 1.0, \"log\": false}}"}
{"op_code": 5, "worker_id": "34d77eea-b747-4b1f-ae19-092fe1b3401e-140210191505216", "trial_id": 2, "param_name": "constraints", "param_value_internal": 0.9400000000000001, "distribution": "{\"name\": \"FloatDistribution\", \"attributes\": {\"step\": 0.01, \"low\": 0.0, \"high\": 1.0, \"log\": false}}"}
{"op_code": 4, "worker_id": "2964ec00-0723-43bb-a200-6d1418f7556a-140682465773376", "study_id": 0, "datetime_start": "2023-03-08T16:55:06.661428"}
{"op_code": 5, "worker_id": "2964ec00-0723-43bb-a200-6d1418f7556a-140682465773376", "trial_id": 5, "param_name": "constraints", "param_value_internal": 0.92, "distribution": "{\"name\": \"FloatDistribution\", \"attributes\": {\"step\": 0.01, \"low\": 0.0, \"high\": 1.0, \"log\": false}}"}
{"op_code": 4, "worker_id": "cd45431d-ddfe-4d91-8493-fd548fe15b7f-140055851882304", "study_id": 0, "datetime_start": "2023-03-08T16:55:06.571280"}
{"op_code": 5, "worker_id": "cd45431d-ddfe-4d91-8493-fd548fe15b7f-140055851882304", "trial_id": 6, "param_name": "constraints", "param_value_internal": 0.8300000000000001, "distribution": "{\"name\": \"FloatDistribution\", \"attributes\": {\"step\": 0.01, \"low\": 0.0, \"high\": 1.0, \"log\": false}}"}
{"op_code": 4, "worker_id": "329819bc-5454-414e-ad02-0cb9addfaa3a-140216354568000", "study_id": 0, "datetime_start": "2023-03-08T16:55:06.645652"}
{"op_code": 5, "worker_id": "329819bc-5454-414e-ad02-0cb9addfaa3a-140216354568000", "trial_id": 7, "param_name": "constraints", "param_value_internal": 0.97, "distribution": "{\"name\": \"FloatDistribution\", \"attributes\": {\"step\": 0.01, \"low\": 0.0, \"high\": 1.0, \"log\": false}}"}
{"op_code": 4, "worker_id": "eeba62e3-217e-41c7-91bd-580822d9ea9c-140548917790528", "study_id": 0, "datetime_start": "2023-03-08T16:55:06.582999"}
{"op_code": 4, "worker_id": "b6f89f3e-850d-44bb-a207-aaae7043c99f-139666425227072", "study_id": 0, "datetime_start": "2023-03-08T16:55:06.577176"}
{"op_code": 5, "worker_id": "eeba62e3-217e-41c7-91bd-580822d9ea9c-140548917790528", "trial_id": 8, "param_name": "constraints", "param_value_internal": 0.96, "distribution": "{\"name\": \"FloatDistribution\", \"attributes\": {\"step\": 0.01, \"low\": 0.0, \"high\": 1.0, \"log\": false}}"}
{"op_code": 6, "worker_id": "af5ef4e7-4e91-4ddc-817b-961cd4aeaa2b-139855530997568", "trial_id": 3, "state": 1, "values": [3.592605590799998], "datetime_complete": "2023-03-08T16:55:10.929104"}
{"op_code": 6, "worker_id": "34d77eea-b747-4b1f-ae19-092fe1b3401e-140210191505216", "trial_id": 2, "state": 1, "values": [4.631739616409999], "datetime_complete": "2023-03-08T16:55:11.782434"}
{"op_code": 4, "worker_id": "598ac508-ea8b-45b7-a485-f91c5c0d3e22-140612432017216", "study_id": 0, "datetime_start": "2023-03-08T16:55:06.646272"}
{"op_code": 5, "worker_id": "b6f89f3e-850d-44bb-a207-aaae7043c99f-139666425227072", "trial_id": 9, "param_name": "constraints", "param_value_internal": 0.39, "distribution": "{\"name\": \"FloatDistribution\", \"attributes\": {\"step\": 0.01, \"low\": 0.0, \"high\": 1.0, \"log\": false}}"}
{"op_code": 6, "worker_id": "cd45431d-ddfe-4d91-8493-fd548fe15b7f-140055851882304", "trial_id": 6, "state": 1, "values": [4.170702934260001], "datetime_complete": "2023-03-08T16:55:14.534538"}
{"op_code": 6, "worker_id": "2964ec00-0723-43bb-a200-6d1418f7556a-140682465773376", "trial_id": 5, "state": 1, "values": [4.5418148040899995], "datetime_complete": "2023-03-08T16:55:13.797460"}
{"op_code": 6, "worker_id": "329819bc-5454-414e-ad02-0cb9addfaa3a-140216354568000", "trial_id": 7, "state": 1, "values": [4.764816284200002], "datetime_complete": "2023-03-08T16:55:15.034665"}
{"op_code": 6, "worker_id": "09d6bb8d-b821-4702-8eaa-f80584c55555-139935797884736", "trial_id": 1, "state": 1, "values": [3.6034889220999986], "datetime_complete": "2023-03-08T16:55:11.626209"}
{"op_code": 6, "worker_id": "eeba62e3-217e-41c7-91bd-580822d9ea9c-140548917790528", "trial_id": 8, "state": 1, "values": [4.713554382350001], "datetime_complete": "2023-03-08T16:55:16.213474"}
{"op_code": 4, "worker_id": "5b969b12-1825-4c4a-84b6-87177024915d-139993871492928", "study_id": 0, "datetime_start": "2023-03-08T16:55:06.646277"}
{"op_code": 5, "worker_id": "5b969b12-1825-4c4a-84b6-87177024915d-139993871492928", "trial_id": 11, "param_name": "constraints", "param_value_internal": 0.76, "distribution": "{\"name\": \"FloatDistribution\", \"attributes\": {\"step\": 0.01, \"low\": 0.0, \"high\": 1.0, \"log\": false}}"}
{"op_code": 6, "worker_id": "b6f89f3e-850d-44bb-a207-aaae7043c99f-139666425227072", "trial_id": 9, "state": 1, "values": [3.4840278625500005], "datetime_complete": "2023-03-08T16:55:18.554736"}
{"op_code": 4, "worker_id": "03971781-d1a2-45a5-b643-fe2116131b7b-139945685509952", "study_id": 0, "datetime_start": "2023-03-08T16:55:06.646293"}
{"op_code": 5, "worker_id": "03971781-d1a2-45a5-b643-fe2116131b7b-139945685509952", "trial_id": 12, "param_name": "constraints", "param_value_internal": 0.1, "distribution": "{\"name\": \"FloatDistribution\", \"attributes\": {\"step\": 0.01, \"low\": 0.0, \"high\": 1.0, \"log\": false}}"}
{"op_code": 4, "worker_id": "cf6730fa-b568-41b4-95bd-0f444ebd1184-139969871566656", "study_id": 0, "datetime_start": "2023-03-08T16:55:06.645820"}
{"op_code": 5, "worker_id": "cf6730fa-b568-41b4-95bd-0f444ebd1184-139969871566656", "trial_id": 13, "param_name": "constraints", "param_value_internal": 0.11, "distribution": "{\"name\": \"FloatDistribution\", \"attributes\": {\"step\": 0.01, \"low\": 0.0, \"high\": 1.0, \"log\": false}}"}
{"op_code": 4, "worker_id": "43f6896d-55a3-41d9-836a-c17b866c793e-140686445602624", "study_id": 0, "datetime_start": "2023-03-08T16:55:06.646304"}
{"op_code": 4, "worker_id": "2c107d4c-3677-461d-b25e-f64ad63a6fa3-139961340352320", "study_id": 0, "datetime_start": "2023-03-08T16:55:06.581311"}
{"op_code": 5, "worker_id": "43f6896d-55a3-41d9-836a-c17b866c793e-140686445602624", "trial_id": 14, "param_name": "constraints", "param_value_internal": 0.89, "distribution": "{\"name\": \"FloatDistribution\", \"attributes\": {\"step\": 0.01, \"low\": 0.0, \"high\": 1.0, \"log\": false}}"}
{"op_code": 5, "worker_id": "2c107d4c-3677-461d-b25e-f64ad63a6fa3-139961340352320", "trial_id": 15, "param_name": "constraints", "param_value_internal": 0.58, "distribution": "{\"name\": \"FloatDistribution\", \"attributes\": {\"step\": 0.01, \"low\": 0.0, \"high\": 1.0, \"log\": false}}"}
{"op_code": 6, "worker_id": "5b969b12-1825-4c4a-84b6-87177024915d-139993871492928", "trial_id": 11, "state": 1, "values": [4.023434877390001], "datetime_complete": "2023-03-08T16:55:20.960254"}
{"op_code": 4, "worker_id": "9a9b84af-b799-4bc9-8fe1-e3c6aa2d2baa-140033681774400", "study_id": 0, "datetime_start": "2023-03-08T16:55:06.650047"}
{"op_code": 4, "worker_id": "ca86359f-93b4-481b-b899-ad9f11c7c7df-140342517409600", "study_id": 0, "datetime_start": "2023-03-08T16:55:06.645714"}
{"op_code": 5, "worker_id": "9a9b84af-b799-4bc9-8fe1-e3c6aa2d2baa-140033681774400", "trial_id": 16, "param_name": "constraints", "param_value_internal": 0.9, "distribution": "{\"name\": \"FloatDistribution\", \"attributes\": {\"step\": 0.01, \"low\": 0.0, \"high\": 1.0, \"log\": false}}"}
{"op_code": 5, "worker_id": "ca86359f-93b4-481b-b899-ad9f11c7c7df-140342517409600", "trial_id": 17, "param_name": "constraints", "param_value_internal": 0.19, "distribution": "{\"name\": \"FloatDistribution\", \"attributes\": {\"step\": 0.01, \"low\": 0.0, \"high\": 1.0, \"log\": false}}"}
{"op_code": 6, "worker_id": "cf6730fa-b568-41b4-95bd-0f444ebd1184-139969871566656", "trial_id": 13, "state": 1, "values": [3.1301994324000013], "datetime_complete": "2023-03-08T16:55:22.526876"}
{"op_code": 4, "worker_id": "649c50d0-f9fe-4911-a879-2ec11f91aaa4-140586190202688", "study_id": 0, "datetime_start": "2023-03-08T16:55:06.645722"}
{"op_code": 5, "worker_id": "649c50d0-f9fe-4911-a879-2ec11f91aaa4-140586190202688", "trial_id": 18, "param_name": "constraints", "param_value_internal": 0.02, "distribution": "{\"name\": \"FloatDistribution\", \"attributes\": {\"step\": 0.01, \"low\": 0.0, \"high\": 1.0, \"log\": false}}"}
{"op_code": 6, "worker_id": "03971781-d1a2-45a5-b643-fe2116131b7b-139945685509952", "trial_id": 12, "state": 1, "values": [3.136054128406], "datetime_complete": "2023-03-08T16:55:22.272917"}
{"op_code": 4, "worker_id": "53f4fa80-e84a-479a-86fa-b687f5179ff8-139811878623040", "study_id": 0, "datetime_start": "2023-03-08T16:55:06.668335"}
{"op_code": 6, "worker_id": "43f6896d-55a3-41d9-836a-c17b866c793e-140686445602624", "trial_id": 14, "state": 1, "values": [4.39525163174], "datetime_complete": "2023-03-08T16:55:24.007941"}
{"op_code": 6, "worker_id": "2c107d4c-3677-461d-b25e-f64ad63a6fa3-139961340352320", "trial_id": 15, "state": 1, "values": [3.72708606716], "datetime_complete": "2023-03-08T16:55:24.156485"}
{"op_code": 5, "worker_id": "53f4fa80-e84a-479a-86fa-b687f5179ff8-139811878623040", "trial_id": 19, "param_name": "constraints", "param_value_internal": 0.04, "distribution": "{\"name\": \"FloatDistribution\", \"attributes\": {\"step\": 0.01, \"low\": 0.0, \"high\": 1.0, \"log\": false}}"}
{"op_code": 4, "worker_id": "27326d45-50cf-401a-aedb-811e623727d0-139727682975552", "study_id": 0, "datetime_start": "2023-03-08T16:55:06.646720"}
{"op_code": 6, "worker_id": "9a9b84af-b799-4bc9-8fe1-e3c6aa2d2baa-140033681774400", "trial_id": 16, "state": 1, "values": [4.4399337768], "datetime_complete": "2023-03-08T16:55:24.915860"}
{"op_code": 5, "worker_id": "27326d45-50cf-401a-aedb-811e623727d0-139727682975552", "trial_id": 20, "param_name": "constraints", "param_value_internal": 0.03, "distribution": "{\"name\": \"FloatDistribution\", \"attributes\": {\"step\": 0.01, \"low\": 0.0, \"high\": 1.0, \"log\": false}}"}
{"op_code": 6, "worker_id": "ca86359f-93b4-481b-b899-ad9f11c7c7df-140342517409600", "trial_id": 17, "state": 1, "values": [3.198133468600002], "datetime_complete": "2023-03-08T16:55:25.304220"}
{"op_code": 6, "worker_id": "649c50d0-f9fe-4911-a879-2ec11f91aaa4-140586190202688", "trial_id": 18, "state": 1, "values": [3.030441284199995], "datetime_complete": "2023-03-08T16:55:25.789212"}
{"op_code": 4, "worker_id": "bea566cd-d5a7-41e4-bfab-7ca0b8969470-139719332484928", "study_id": 0, "datetime_start": "2023-03-08T16:55:06.652311"}
{"op_code": 4, "worker_id": "9205a99b-7813-4e2a-baae-3a7898e91d36-140051523815232", "study_id": 0, "datetime_start": "2023-03-08T16:55:06.681250"}
{"op_code": 5, "worker_id": "bea566cd-d5a7-41e4-bfab-7ca0b8969470-139719332484928", "trial_id": 21, "param_name": "constraints", "param_value_internal": 0.0, "distribution": "{\"name\": \"FloatDistribution\", \"attributes\": {\"step\": 0.01, \"low\": 0.0, \"high\": 1.0, \"log\": false}}"}
{"op_code": 5, "worker_id": "9205a99b-7813-4e2a-baae-3a7898e91d36-140051523815232", "trial_id": 22, "param_name": "constraints", "param_value_internal": 0.01, "distribution": "{\"name\": \"FloatDistribution\", \"attributes\": {\"step\": 0.01, \"low\": 0.0, \"high\": 1.0, \"log\": false}}"}
{"op_code": 6, "worker_id": "53f4fa80-e84a-479a-86fa-b687f5179ff8-139811878623040", "trial_id": 19, "state": 1, "values": [3.0422592162999997], "datetime_complete": "2023-03-08T16:55:26.743355"}
{"op_code": 4, "worker_id": "a5ff4334-4342-432b-a593-7f8564ad0e63-140685025228608", "study_id": 0, "datetime_start": "2023-03-08T16:55:06.655933"}
{"op_code": 4, "worker_id": "c9b33332-ab4b-43b3-90c9-4ad4d66215e4-139868772202304", "study_id": 0, "datetime_start": "2023-03-08T16:55:06.688098"}
{"op_code": 5, "worker_id": "a5ff4334-4342-432b-a593-7f8564ad0e63-140685025228608", "trial_id": 23, "param_name": "constraints", "param_value_internal": 0.01, "distribution": "{\"name\": \"FloatDistribution\", \"attributes\": {\"step\": 0.01, \"low\": 0.0, \"high\": 1.0, \"log\": false}}"}
{"op_code": 5, "worker_id": "c9b33332-ab4b-43b3-90c9-4ad4d66215e4-139868772202304", "trial_id": 24, "param_name": "constraints", "param_value_internal": 0.0, "distribution": "{\"name\": \"FloatDistribution\", \"attributes\": {\"step\": 0.01, \"low\": 0.0, \"high\": 1.0, \"log\": false}}"}
{"op_code": 6, "worker_id": "27326d45-50cf-401a-aedb-811e623727d0-139727682975552", "trial_id": 20, "state": 1, "values": [3.0258325338299996], "datetime_complete": "2023-03-08T16:55:27.679498"}
{"op_code": 4, "worker_id": "ecb54427-acfa-4485-a474-22019fbd426f-140088169027392", "study_id": 0, "datetime_start": "2023-03-08T16:55:06.657923"}
{"op_code": 5, "worker_id": "ecb54427-acfa-4485-a474-22019fbd426f-140088169027392", "trial_id": 25, "param_name": "constraints", "param_value_internal": 0.28, "distribution": "{\"name\": \"FloatDistribution\", \"attributes\": {\"step\": 0.01, \"low\": 0.0, \"high\": 1.0, \"log\": false}}"}
{"op_code": 4, "worker_id": "0871bf71-b426-4f90-a0e6-fbbdaec3b4f1-139867443185472", "study_id": 0, "datetime_start": "2023-03-08T16:55:06.645823"}
{"op_code": 5, "worker_id": "0871bf71-b426-4f90-a0e6-fbbdaec3b4f1-139867443185472", "trial_id": 26, "param_name": "constraints", "param_value_internal": 0.26, "distribution": "{\"name\": \"FloatDistribution\", \"attributes\": {\"step\": 0.01, \"low\": 0.0, \"high\": 1.0, \"log\": false}}"}
{"op_code": 6, "worker_id": "bea566cd-d5a7-41e4-bfab-7ca0b8969470-139719332484928", "trial_id": 21, "state": 1, "values": [3.031200409], "datetime_complete": "2023-03-08T16:55:28.768576"}
{"op_code": 4, "worker_id": "720b48c4-056b-4d33-898c-e12d2886e2f6-139668419508032", "study_id": 0, "datetime_start": "2023-03-08T16:55:06.664213"}
{"op_code": 6, "worker_id": "9205a99b-7813-4e2a-baae-3a7898e91d36-140051523815232", "trial_id": 22, "state": 1, "values": [3.0234184265000046], "datetime_complete": "2023-03-08T16:55:29.135150"}
{"op_code": 5, "worker_id": "720b48c4-056b-4d33-898c-e12d2886e2f6-139668419508032", "trial_id": 27, "param_name": "constraints", "param_value_internal": 0.26, "distribution": "{\"name\": \"FloatDistribution\", \"attributes\": {\"step\": 0.01, \"low\": 0.0, \"high\": 1.0, \"log\": false}}"}
{"op_code": 6, "worker_id": "a5ff4334-4342-432b-a593-7f8564ad0e63-140685025228608", "trial_id": 23, "state": 1, "values": [3.0234184265000046], "datetime_complete": "2023-03-08T16:55:29.757293"}
{"op_code": 6, "worker_id": "c9b33332-ab4b-43b3-90c9-4ad4d66215e4-139868772202304", "trial_id": 24, "state": 1, "values": [3.031200409], "datetime_complete": "2023-03-08T16:55:30.088898"}
{"op_code": 4, "worker_id": "c211090a-b5c3-4aa7-a674-3aabe77828ee-140055891416896", "study_id": 0, "datetime_start": "2023-03-08T16:55:06.671624"}
{"op_code": 5, "worker_id": "c211090a-b5c3-4aa7-a674-3aabe77828ee-140055891416896", "trial_id": 28, "param_name": "constraints", "param_value_internal": 0.24, "distribution": "{\"name\": \"FloatDistribution\", \"attributes\": {\"step\": 0.01, \"low\": 0.0, \"high\": 1.0, \"log\": false}}"}
{"op_code": 6, "worker_id": "ecb54427-acfa-4485-a474-22019fbd426f-140088169027392", "trial_id": 25, "state": 1, "values": [3.3325756192219997], "datetime_complete": "2023-03-08T16:55:30.660076"}
{"op_code": 6, "worker_id": "0871bf71-b426-4f90-a0e6-fbbdaec3b4f1-139867443185472", "trial_id": 26, "state": 1, "values": [3.2913579941], "datetime_complete": "2023-03-08T16:55:30.926023"}
{"op_code": 4, "worker_id": "ebec0c28-f25d-4c6a-872f-8185bec1a38d-140029693392704", "study_id": 0, "datetime_start": "2023-03-08T16:55:06.675129"}
{"op_code": 5, "worker_id": "ebec0c28-f25d-4c6a-872f-8185bec1a38d-140029693392704", "trial_id": 29, "param_name": "constraints", "param_value_internal": 0.16, "distribution": "{\"name\": \"FloatDistribution\", \"attributes\": {\"step\": 0.01, \"low\": 0.0, \"high\": 1.0, \"log\": false}}"}
{"op_code": 6, "worker_id": "720b48c4-056b-4d33-898c-e12d2886e2f6-139668419508032", "trial_id": 27, "state": 1, "values": [3.2913579941], "datetime_complete": "2023-03-08T16:55:31.629877"}
{"op_code": 4, "worker_id": "96bf4f5c-9a76-4450-bdde-8329ebb84ee9-140352972457792", "study_id": 0, "datetime_start": "2023-03-08T16:55:06.678242"}
{"op_code": 5, "worker_id": "96bf4f5c-9a76-4450-bdde-8329ebb84ee9-140352972457792", "trial_id": 30, "param_name": "constraints", "param_value_internal": 0.16, "distribution": "{\"name\": \"FloatDistribution\", \"attributes\": {\"step\": 0.01, \"low\": 0.0, \"high\": 1.0, \"log\": false}}"}
{"op_code": 6, "worker_id": "c211090a-b5c3-4aa7-a674-3aabe77828ee-140055891416896", "trial_id": 28, "state": 1, "values": [3.263929367100001], "datetime_complete": "2023-03-08T16:55:32.720030"}
{"op_code": 4, "worker_id": "442c9b2e-531d-46d4-be65-75b7d3a82edb-139732514137920", "study_id": 0, "datetime_start": "2023-03-08T16:55:06.688155"}
{"op_code": 5, "worker_id": "442c9b2e-531d-46d4-be65-75b7d3a82edb-139732514137920", "trial_id": 31, "param_name": "constraints", "param_value_internal": 0.13, "distribution": "{\"name\": \"FloatDistribution\", \"attributes\": {\"step\": 0.01, \"low\": 0.0, \"high\": 1.0, \"log\": false}}"}
{"op_code": 6, "worker_id": "ebec0c28-f25d-4c6a-872f-8185bec1a38d-140029693392704", "trial_id": 29, "state": 1, "values": [3.178886413600001], "datetime_complete": "2023-03-08T16:55:33.908848"}
{"op_code": 4, "worker_id": "12111e6e-55f9-452c-b641-b8951b7e9a7d-140444601771840", "study_id": 0, "datetime_start": "2023-03-08T16:55:06.690170"}
{"op_code": 5, "worker_id": "12111e6e-55f9-452c-b641-b8951b7e9a7d-140444601771840", "trial_id": 32, "param_name": "constraints", "param_value_internal": 0.35000000000000003, "distribution": "{\"name\": \"FloatDistribution\", \"attributes\": {\"step\": 0.01, \"low\": 0.0, \"high\": 1.0, \"log\": false}}"}
{"op_code": 6, "worker_id": "96bf4f5c-9a76-4450-bdde-8329ebb84ee9-140352972457792", "trial_id": 30, "state": 1, "values": [3.178886413600001], "datetime_complete": "2023-03-08T16:55:34.884749"}
{"op_code": 5, "worker_id": "0337d6ac-4c54-428b-970a-79335643114a-140489593775936", "trial_id": 0, "param_name": "constraints", "param_value_internal": 0.25, "distribution": "{\"name\": \"FloatDistribution\", \"attributes\": {\"step\": 0.01, \"low\": 0.0, \"high\": 1.0, \"log\": false}}"}
{"op_code": 6, "worker_id": "442c9b2e-531d-46d4-be65-75b7d3a82edb-139732514137920", "trial_id": 31, "state": 1, "values": [3.1607856750799996], "datetime_complete": "2023-03-08T16:55:35.770128"}
{"op_code": 4, "worker_id": "2735b07e-70b8-4574-87cd-83b954781bc0-140380464088896", "study_id": 0, "datetime_start": "2023-03-08T16:55:06.563196"}
{"op_code": 5, "worker_id": "2735b07e-70b8-4574-87cd-83b954781bc0-140380464088896", "trial_id": 33, "param_name": "constraints", "param_value_internal": 0.36, "distribution": "{\"name\": \"FloatDistribution\", \"attributes\": {\"step\": 0.01, \"low\": 0.0, \"high\": 1.0, \"log\": false}}"}
{"op_code": 6, "worker_id": "12111e6e-55f9-452c-b641-b8951b7e9a7d-140444601771840", "trial_id": 32, "state": 1, "values": [3.442367553699995], "datetime_complete": "2023-03-08T16:55:36.888652"}
{"op_code": 4, "worker_id": "9e87264b-34b5-4206-8315-3a40e6de2077-140511847438144", "study_id": 0, "datetime_start": "2023-03-08T16:55:06.550688"}
{"op_code": 6, "worker_id": "0337d6ac-4c54-428b-970a-79335643114a-140489593775936", "trial_id": 0, "state": 1, "values": [3.282438278200001], "datetime_complete": "2023-03-08T16:55:38.002755"}
{"op_code": 5, "worker_id": "9e87264b-34b5-4206-8315-3a40e6de2077-140511847438144", "trial_id": 34, "param_name": "constraints", "param_value_internal": 0.06, "distribution": "{\"name\": \"FloatDistribution\", \"attributes\": {\"step\": 0.01, \"low\": 0.0, \"high\": 1.0, \"log\": false}}"}
{"op_code": 4, "worker_id": "3de7f2d7-e613-46f2-9eb7-7da805432443-140039294183232", "study_id": 0, "datetime_start": "2023-03-08T16:55:06.554219"}
{"op_code": 5, "worker_id": "3de7f2d7-e613-46f2-9eb7-7da805432443-140039294183232", "trial_id": 35, "param_name": "constraints", "param_value_internal": 0.07, "distribution": "{\"name\": \"FloatDistribution\", \"attributes\": {\"step\": 0.01, \"low\": 0.0, \"high\": 1.0, \"log\": false}}"}
{"op_code": 6, "worker_id": "2735b07e-70b8-4574-87cd-83b954781bc0-140380464088896", "trial_id": 33, "state": 1, "values": [3.453956604000002], "datetime_complete": "2023-03-08T16:55:39.267462"}
{"op_code": 4, "worker_id": "6e15d31b-3b0b-4026-824f-6f23def21026-139783673980736", "study_id": 0, "datetime_start": "2023-03-08T16:55:06.556757"}
{"op_code": 5, "worker_id": "6e15d31b-3b0b-4026-824f-6f23def21026-139783673980736", "trial_id": 36, "param_name": "constraints", "param_value_internal": 0.05, "distribution": "{\"name\": \"FloatDistribution\", \"attributes\": {\"step\": 0.01, \"low\": 0.0, \"high\": 1.0, \"log\": false}}"}
{"op_code": 4, "worker_id": "4875e91b-d53d-44d2-9c67-e9259a3d8779-139946848466752", "study_id": 0, "datetime_start": "2023-03-08T16:55:06.560041"}
{"op_code": 6, "worker_id": "9e87264b-34b5-4206-8315-3a40e6de2077-140511847438144", "trial_id": 34, "state": 1, "values": [3.0870246888000032], "datetime_complete": "2023-03-08T16:55:42.537660"}
{"op_code": 5, "worker_id": "4875e91b-d53d-44d2-9c67-e9259a3d8779-139946848466752", "trial_id": 37, "param_name": "constraints", "param_value_internal": 0.06, "distribution": "{\"name\": \"FloatDistribution\", \"attributes\": {\"step\": 0.01, \"low\": 0.0, \"high\": 1.0, \"log\": false}}"}
{"op_code": 4, "worker_id": "0d2d9706-c4c5-4f44-babb-4ba50a86af26-139981929830208", "study_id": 0, "datetime_start": "2023-03-08T16:55:06.566716"}
{"op_code": 6, "worker_id": "3de7f2d7-e613-46f2-9eb7-7da805432443-140039294183232", "trial_id": 35, "state": 1, "values": [3.1096763611], "datetime_complete": "2023-03-08T16:55:43.562508"}
{"op_code": 5, "worker_id": "0d2d9706-c4c5-4f44-babb-4ba50a86af26-139981929830208", "trial_id": 38, "param_name": "constraints", "param_value_internal": 0.06, "distribution": "{\"name\": \"FloatDistribution\", \"attributes\": {\"step\": 0.01, \"low\": 0.0, \"high\": 1.0, \"log\": false}}"}
{"op_code": 4, "worker_id": "bb6a2261-9b87-4fb3-96aa-05cc2decc7a9-140308346836800", "study_id": 0, "datetime_start": "2023-03-08T16:55:06.645824"}
{"op_code": 5, "worker_id": "bb6a2261-9b87-4fb3-96aa-05cc2decc7a9-140308346836800", "trial_id": 39, "param_name": "constraints", "param_value_internal": 0.0, "distribution": "{\"name\": \"FloatDistribution\", \"attributes\": {\"step\": 0.01, \"low\": 0.0, \"high\": 1.0, \"log\": false}}"}
{"op_code": 6, "worker_id": "6e15d31b-3b0b-4026-824f-6f23def21026-139783673980736", "trial_id": 36, "state": 1, "values": [3.067106246999998], "datetime_complete": "2023-03-08T16:55:44.580198"}
{"op_code": 4, "worker_id": "23ef18cc-7e29-4d72-899b-a31bd7509f8a-139936068618048", "study_id": 0, "datetime_start": "2023-03-08T16:55:06.568367"}
{"op_code": 6, "worker_id": "4875e91b-d53d-44d2-9c67-e9259a3d8779-139946848466752", "trial_id": 37, "state": 1, "values": [3.0870246888000032], "datetime_complete": "2023-03-08T16:55:45.550372"}
{"op_code": 5, "worker_id": "23ef18cc-7e29-4d72-899b-a31bd7509f8a-139936068618048", "trial_id": 40, "param_name": "constraints", "param_value_internal": 0.64, "distribution": "{\"name\": \"FloatDistribution\", \"attributes\": {\"step\": 0.01, \"low\": 0.0, \"high\": 1.0, \"log\": false}}"}
{"op_code": 6, "worker_id": "0d2d9706-c4c5-4f44-babb-4ba50a86af26-139981929830208", "trial_id": 38, "state": 1, "values": [3.0870246888000032], "datetime_complete": "2023-03-08T16:55:47.275518"}
{"op_code": 6, "worker_id": "efd3f471-65cf-4afb-acf5-31b443346def-140111003449152", "trial_id": 4, "state": 1, "values": [3.2913579941], "datetime_complete": "2023-03-08T16:55:11.079453"}
{"op_code": 6, "worker_id": "bb6a2261-9b87-4fb3-96aa-05cc2decc7a9-140308346836800", "trial_id": 39, "state": 1, "values": [3.031200409], "datetime_complete": "2023-03-08T16:55:48.787784"}
{"op_code": 4, "worker_id": "cdd13e80-d2ff-4979-b278-0a0bd9db3f06-140277583374144", "study_id": 0, "datetime_start": "2023-03-08T16:55:06.579548"}
{"op_code": 5, "worker_id": "cdd13e80-d2ff-4979-b278-0a0bd9db3f06-140277583374144", "trial_id": 41, "param_name": "constraints", "param_value_internal": 0.54, "distribution": "{\"name\": \"FloatDistribution\", \"attributes\": {\"step\": 0.01, \"low\": 0.0, \"high\": 1.0, \"log\": false}}"}
{"op_code": 6, "worker_id": "23ef18cc-7e29-4d72-899b-a31bd7509f8a-139936068618048", "trial_id": 40, "state": 1, "values": [3.8221256733000004], "datetime_complete": "2023-03-08T16:55:50.234885"}
{"op_code": 4, "worker_id": "79a92d2d-0522-4dce-b6b0-3101a382a0ef-140669739722560", "study_id": 0, "datetime_start": "2023-03-08T16:55:06.645824"}
{"op_code": 5, "worker_id": "79a92d2d-0522-4dce-b6b0-3101a382a0ef-140669739722560", "trial_id": 42, "param_name": "constraints", "param_value_internal": 0.19, "distribution": "{\"name\": \"FloatDistribution\", \"attributes\": {\"step\": 0.01, \"low\": 0.0, \"high\": 1.0, \"log\": false}}"}
{"op_code": 4, "worker_id": "afed06fb-5bad-4854-b97d-f296d97537b7-139785432954688", "study_id": 0, "datetime_start": "2023-03-08T16:55:06.645820"}
{"op_code": 5, "worker_id": "afed06fb-5bad-4854-b97d-f296d97537b7-139785432954688", "trial_id": 43, "param_name": "constraints", "param_value_internal": 0.21, "distribution": "{\"name\": \"FloatDistribution\", \"attributes\": {\"step\": 0.01, \"low\": 0.0, \"high\": 1.0, \"log\": false}}"}
{"op_code": 6, "worker_id": "cdd13e80-d2ff-4979-b278-0a0bd9db3f06-140277583374144", "trial_id": 41, "state": 1, "values": [3.6638555526399994], "datetime_complete": "2023-03-08T16:55:52.749631"}
{"op_code": 4, "worker_id": "681e32c4-7a25-4315-a4f5-5bfa7bfd8d5f-140238919939904", "study_id": 0, "datetime_start": "2023-03-08T16:55:06.645867"}
{"op_code": 5, "worker_id": "681e32c4-7a25-4315-a4f5-5bfa7bfd8d5f-140238919939904", "trial_id": 44, "param_name": "constraints", "param_value_internal": 0.0, "distribution": "{\"name\": \"FloatDistribution\", \"attributes\": {\"step\": 0.01, \"low\": 0.0, \"high\": 1.0, \"log\": false}}"}
{"op_code": 6, "worker_id": "79a92d2d-0522-4dce-b6b0-3101a382a0ef-140669739722560", "trial_id": 42, "state": 1, "values": [3.198133468600002], "datetime_complete": "2023-03-08T16:55:53.598064"}
{"op_code": 4, "worker_id": "c697769c-ceac-436d-8622-24be0826f89c-140567381182272", "study_id": 0, "datetime_start": "2023-03-08T16:55:06.646254"}
{"op_code": 5, "worker_id": "c697769c-ceac-436d-8622-24be0826f89c-140567381182272", "trial_id": 45, "param_name": "constraints", "param_value_internal": 0.0, "distribution": "{\"name\": \"FloatDistribution\", \"attributes\": {\"step\": 0.01, \"low\": 0.0, \"high\": 1.0, \"log\": false}}"}
{"op_code": 6, "worker_id": "afed06fb-5bad-4854-b97d-f296d97537b7-139785432954688", "trial_id": 43, "state": 1, "values": [3.2089462280999967], "datetime_complete": "2023-03-08T16:55:54.462154"}
{"op_code": 4, "worker_id": "fdaa05f0-afa7-479d-ae9a-7240c5744a91-140387060385600", "study_id": 0, "datetime_start": "2023-03-08T16:55:06.646244"}
{"op_code": 5, "worker_id": "fdaa05f0-afa7-479d-ae9a-7240c5744a91-140387060385600", "trial_id": 46, "param_name": "constraints", "param_value_internal": 0.11, "distribution": "{\"name\": \"FloatDistribution\", \"attributes\": {\"step\": 0.01, \"low\": 0.0, \"high\": 1.0, \"log\": false}}"}
{"op_code": 6, "worker_id": "681e32c4-7a25-4315-a4f5-5bfa7bfd8d5f-140238919939904", "trial_id": 44, "state": 1, "values": [3.031200409], "datetime_complete": "2023-03-08T16:55:55.799678"}
{"op_code": 4, "worker_id": "ea38e713-4ace-4ab2-b4a4-d862da063f5f-139971476625216", "study_id": 0, "datetime_start": "2023-03-08T16:55:06.646274"}
{"op_code": 5, "worker_id": "ea38e713-4ace-4ab2-b4a4-d862da063f5f-139971476625216", "trial_id": 47, "param_name": "constraints", "param_value_internal": 0.11, "distribution": "{\"name\": \"FloatDistribution\", \"attributes\": {\"step\": 0.01, \"low\": 0.0, \"high\": 1.0, \"log\": false}}"}
{"op_code": 6, "worker_id": "c697769c-ceac-436d-8622-24be0826f89c-140567381182272", "trial_id": 45, "state": 1, "values": [3.031200409], "datetime_complete": "2023-03-08T16:55:56.782548"}
{"op_code": 4, "worker_id": "3e6dc72e-9b4b-4d68-b791-f68dab9d31d3-140428511274816", "study_id": 0, "datetime_start": "2023-03-08T16:55:06.646272"}
{"op_code": 5, "worker_id": "3e6dc72e-9b4b-4d68-b791-f68dab9d31d3-140428511274816", "trial_id": 48, "param_name": "constraints", "param_value_internal": 0.12, "distribution": "{\"name\": \"FloatDistribution\", \"attributes\": {\"step\": 0.01, \"low\": 0.0, \"high\": 1.0, \"log\": false}}"}
{"op_code": 6, "worker_id": "fdaa05f0-afa7-479d-ae9a-7240c5744a91-140387060385600", "trial_id": 46, "state": 1, "values": [3.1301994324000013], "datetime_complete": "2023-03-08T16:55:57.613526"}
{"op_code": 4, "worker_id": "5e487000-a7fc-451b-ba33-41f04115faba-140342754330432", "study_id": 0, "datetime_start": "2023-03-08T16:55:06.646263"}
{"op_code": 5, "worker_id": "5e487000-a7fc-451b-ba33-41f04115faba-140342754330432", "trial_id": 49, "param_name": "constraints", "param_value_internal": 0.14, "distribution": "{\"name\": \"FloatDistribution\", \"attributes\": {\"step\": 0.01, \"low\": 0.0, \"high\": 1.0, \"log\": false}}"}
{"op_code": 6, "worker_id": "ea38e713-4ace-4ab2-b4a4-d862da063f5f-139971476625216", "trial_id": 47, "state": 1, "values": [3.1301994324000013], "datetime_complete": "2023-03-08T16:55:58.558877"}
{"op_code": 5, "worker_id": "598ac508-ea8b-45b7-a485-f91c5c0d3e22-140612432017216", "trial_id": 10, "param_name": "constraints", "param_value_internal": 0.75, "distribution": "{\"name\": \"FloatDistribution\", \"attributes\": {\"step\": 0.01, \"low\": 0.0, \"high\": 1.0, \"log\": false}}"}
{"op_code": 6, "worker_id": "3e6dc72e-9b4b-4d68-b791-f68dab9d31d3-140428511274816", "trial_id": 48, "state": 1, "values": [3.1436719894599996], "datetime_complete": "2023-03-08T16:56:00.093902"}
{"op_code": 6, "worker_id": "5e487000-a7fc-451b-ba33-41f04115faba-140342754330432", "trial_id": 49, "state": 1, "values": [3.162090301500001], "datetime_complete": "2023-03-08T16:56:01.454676"}
{"op_code": 6, "worker_id": "598ac508-ea8b-45b7-a485-f91c5c0d3e22-140612432017216", "trial_id": 10, "state": 1, "values": [4.0004739760999986], "datetime_complete": "2023-03-08T16:56:01.955086"}
