{"op_code": 0, "worker_id": "9e57e566-7b8a-496a-90ee-299422ed8331-140485416048448", "study_name": "Ross_Sea_regional_seperation_indiv_filter_regional_comparison", "directions": [1]}
{"op_code": 4, "worker_id": "1df04a2e-1ab9-4065-ab41-a12fb59dd59d-140669704558400", "study_id": 0, "datetime_start": "2023-03-01T16:18:39.112858"}
{"op_code": 4, "worker_id": "302e3388-b5db-4332-90e2-b86fefcc0c21-139727617754944", "study_id": 0, "datetime_start": "2023-03-01T16:18:39.280528"}
{"op_code": 4, "worker_id": "967dcbdb-5bf7-4cd0-a184-4abecd258f4d-140028996519744", "study_id": 0, "datetime_start": "2023-03-01T16:18:39.338016"}
{"op_code": 5, "worker_id": "302e3388-b5db-4332-90e2-b86fefcc0c21-139727617754944", "trial_id": 1, "param_name": "filter", "param_value_internal": 360000.0, "distribution": "{\"name\": \"IntDistribution\", \"attributes\": {\"log\": false, \"step\": 10000, \"low\": 10000, \"high\": 1000000}}"}
{"op_code": 5, "worker_id": "967dcbdb-5bf7-4cd0-a184-4abecd258f4d-140028996519744", "trial_id": 2, "param_name": "filter", "param_value_internal": 340000.0, "distribution": "{\"name\": \"IntDistribution\", \"attributes\": {\"log\": false, \"step\": 10000, \"low\": 10000, \"high\": 1000000}}"}
{"op_code": 4, "worker_id": "6a2e73bc-75b9-462d-8145-af806e97ca93-140478539622208", "study_id": 0, "datetime_start": "2023-03-01T16:18:40.655043"}
{"op_code": 4, "worker_id": "57357f21-134d-44d9-abac-fa354754dec9-139942598211392", "study_id": 0, "datetime_start": "2023-03-01T16:18:41.566234"}
{"op_code": 5, "worker_id": "6a2e73bc-75b9-462d-8145-af806e97ca93-140478539622208", "trial_id": 3, "param_name": "filter", "param_value_internal": 850000.0, "distribution": "{\"name\": \"IntDistribution\", \"attributes\": {\"log\": false, \"step\": 10000, \"low\": 10000, \"high\": 1000000}}"}
{"op_code": 5, "worker_id": "57357f21-134d-44d9-abac-fa354754dec9-139942598211392", "trial_id": 4, "param_name": "filter", "param_value_internal": 620000.0, "distribution": "{\"name\": \"IntDistribution\", \"attributes\": {\"log\": false, \"step\": 10000, \"low\": 10000, \"high\": 1000000}}"}
{"op_code": 4, "worker_id": "33c34397-2eeb-478c-a84b-8ac2b538f485-139625472735040", "study_id": 0, "datetime_start": "2023-03-01T16:18:42.891715"}
{"op_code": 4, "worker_id": "6d84ee49-b1bb-4e58-8716-2d564ceb48f6-140560380782400", "study_id": 0, "datetime_start": "2023-03-01T16:18:43.373318"}
{"op_code": 4, "worker_id": "964d1d26-57d7-4fb5-8666-a627eafe33cb-139999388784448", "study_id": 0, "datetime_start": "2023-03-01T16:18:40.835391"}
{"op_code": 5, "worker_id": "33c34397-2eeb-478c-a84b-8ac2b538f485-139625472735040", "trial_id": 5, "param_name": "filter", "param_value_internal": 670000.0, "distribution": "{\"name\": \"IntDistribution\", \"attributes\": {\"log\": false, \"step\": 10000, \"low\": 10000, \"high\": 1000000}}"}
{"op_code": 5, "worker_id": "964d1d26-57d7-4fb5-8666-a627eafe33cb-139999388784448", "trial_id": 7, "param_name": "filter", "param_value_internal": 120000.0, "distribution": "{\"name\": \"IntDistribution\", \"attributes\": {\"log\": false, \"step\": 10000, \"low\": 10000, \"high\": 1000000}}"}
{"op_code": 4, "worker_id": "43578c3b-47c4-46ab-9808-13e3865d2355-140606939117376", "study_id": 0, "datetime_start": "2023-03-01T16:18:45.165203"}
{"op_code": 4, "worker_id": "ded3c76d-7b55-43cc-bbf0-defd978724d4-140548913018688", "study_id": 0, "datetime_start": "2023-03-01T16:18:41.653213"}
{"op_code": 6, "worker_id": "6a2e73bc-75b9-462d-8145-af806e97ca93-140478539622208", "trial_id": 3, "state": 1, "values": [12.0362909067263], "datetime_complete": "2023-03-01T16:18:45.781234"}
{"op_code": 5, "worker_id": "ded3c76d-7b55-43cc-bbf0-defd978724d4-140548913018688", "trial_id": 9, "param_name": "filter", "param_value_internal": 210000.0, "distribution": "{\"name\": \"IntDistribution\", \"attributes\": {\"log\": false, \"step\": 10000, \"low\": 10000, \"high\": 1000000}}"}
{"op_code": 4, "worker_id": "fcada17e-795d-49af-9c9e-6a5069207eca-140481145268032", "study_id": 0, "datetime_start": "2023-03-01T16:18:45.165322"}
{"op_code": 5, "worker_id": "43578c3b-47c4-46ab-9808-13e3865d2355-140606939117376", "trial_id": 8, "param_name": "filter", "param_value_internal": 330000.0, "distribution": "{\"name\": \"IntDistribution\", \"attributes\": {\"log\": false, \"step\": 10000, \"low\": 10000, \"high\": 1000000}}"}
{"op_code": 5, "worker_id": "fcada17e-795d-49af-9c9e-6a5069207eca-140481145268032", "trial_id": 10, "param_name": "filter", "param_value_internal": 800000.0, "distribution": "{\"name\": \"IntDistribution\", \"attributes\": {\"log\": false, \"step\": 10000, \"low\": 10000, \"high\": 1000000}}"}
{"op_code": 6, "worker_id": "33c34397-2eeb-478c-a84b-8ac2b538f485-139625472735040", "trial_id": 5, "state": 1, "values": [10.957590234105167], "datetime_complete": "2023-03-01T16:18:47.622123"}
{"op_code": 4, "worker_id": "1fc5beb4-3dab-4fb1-a9ea-375974e24ceb-140114025662272", "study_id": 0, "datetime_start": "2023-03-01T16:18:42.038290"}
{"op_code": 4, "worker_id": "f48d69c7-fe43-4773-aa63-45a8c3b3a617-139868982302528", "study_id": 0, "datetime_start": "2023-03-01T16:18:44.767344"}
{"op_code": 5, "worker_id": "1fc5beb4-3dab-4fb1-a9ea-375974e24ceb-140114025662272", "trial_id": 11, "param_name": "filter", "param_value_internal": 80000.0, "distribution": "{\"name\": \"IntDistribution\", \"attributes\": {\"log\": false, \"step\": 10000, \"low\": 10000, \"high\": 1000000}}"}
{"op_code": 6, "worker_id": "ded3c76d-7b55-43cc-bbf0-defd978724d4-140548913018688", "trial_id": 9, "state": 1, "values": [4.6739190623002695], "datetime_complete": "2023-03-01T16:18:49.880591"}
{"op_code": 5, "worker_id": "f48d69c7-fe43-4773-aa63-45a8c3b3a617-139868982302528", "trial_id": 12, "param_name": "filter", "param_value_internal": 700000.0, "distribution": "{\"name\": \"IntDistribution\", \"attributes\": {\"log\": false, \"step\": 10000, \"low\": 10000, \"high\": 1000000}}"}
{"op_code": 4, "worker_id": "8b66289d-122c-4409-879c-368b14e757b7-139882877929280", "study_id": 0, "datetime_start": "2023-03-01T16:18:42.038494"}
{"op_code": 6, "worker_id": "fcada17e-795d-49af-9c9e-6a5069207eca-140481145268032", "trial_id": 10, "state": 1, "values": [11.612121833541893], "datetime_complete": "2023-03-01T16:18:51.103247"}
{"op_code": 5, "worker_id": "8b66289d-122c-4409-879c-368b14e757b7-139882877929280", "trial_id": 13, "param_name": "filter", "param_value_internal": 880000.0, "distribution": "{\"name\": \"IntDistribution\", \"attributes\": {\"log\": false, \"step\": 10000, \"low\": 10000, \"high\": 1000000}}"}
{"op_code": 6, "worker_id": "43578c3b-47c4-46ab-9808-13e3865d2355-140606939117376", "trial_id": 8, "state": 1, "values": [6.662611031188025], "datetime_complete": "2023-03-01T16:18:50.781571"}
{"op_code": 4, "worker_id": "bd0e4d69-441f-462e-b4b5-ae320166dc1b-140704624240448", "study_id": 0, "datetime_start": "2023-03-01T16:18:42.099208"}
{"op_code": 6, "worker_id": "1fc5beb4-3dab-4fb1-a9ea-375974e24ceb-140114025662272", "trial_id": 11, "state": 1, "values": [3.769112784983646], "datetime_complete": "2023-03-01T16:18:53.159112"}
{"op_code": 5, "worker_id": "bd0e4d69-441f-462e-b4b5-ae320166dc1b-140704624240448", "trial_id": 14, "param_name": "filter", "param_value_internal": 250000.0, "distribution": "{\"name\": \"IntDistribution\", \"attributes\": {\"log\": false, \"step\": 10000, \"low\": 10000, \"high\": 1000000}}"}
{"op_code": 6, "worker_id": "f48d69c7-fe43-4773-aa63-45a8c3b3a617-139868982302528", "trial_id": 12, "state": 1, "values": [11.207059892552095], "datetime_complete": "2023-03-01T16:18:53.784740"}
{"op_code": 4, "worker_id": "4f3747bc-0e37-476c-b1af-5f4a4c45b84a-139694739351360", "study_id": 0, "datetime_start": "2023-03-01T16:18:43.599636"}
{"op_code": 6, "worker_id": "8b66289d-122c-4409-879c-368b14e757b7-139882877929280", "trial_id": 13, "state": 1, "values": [12.268929719367062], "datetime_complete": "2023-03-01T16:18:55.183002"}
{"op_code": 5, "worker_id": "4f3747bc-0e37-476c-b1af-5f4a4c45b84a-139694739351360", "trial_id": 15, "param_name": "filter", "param_value_internal": 180000.0, "distribution": "{\"name\": \"IntDistribution\", \"attributes\": {\"log\": false, \"step\": 10000, \"low\": 10000, \"high\": 1000000}}"}
{"op_code": 4, "worker_id": "c1867af4-ed92-40f9-946f-53ea91266ff0-139978620544832", "study_id": 0, "datetime_start": "2023-03-01T16:18:44.792991"}
{"op_code": 5, "worker_id": "c1867af4-ed92-40f9-946f-53ea91266ff0-139978620544832", "trial_id": 16, "param_name": "filter", "param_value_internal": 980000.0, "distribution": "{\"name\": \"IntDistribution\", \"attributes\": {\"log\": false, \"step\": 10000, \"low\": 10000, \"high\": 1000000}}"}
{"op_code": 4, "worker_id": "bfbb30f1-142a-402b-96c6-9533c0dd6be1-140144721442624", "study_id": 0, "datetime_start": "2023-03-01T16:18:40.693154"}
{"op_code": 6, "worker_id": "bd0e4d69-441f-462e-b4b5-ae320166dc1b-140704624240448", "trial_id": 14, "state": 1, "values": [5.292956362240348], "datetime_complete": "2023-03-01T16:18:57.408135"}
{"op_code": 5, "worker_id": "bfbb30f1-142a-402b-96c6-9533c0dd6be1-140144721442624", "trial_id": 17, "param_name": "filter", "param_value_internal": 770000.0, "distribution": "{\"name\": \"IntDistribution\", \"attributes\": {\"log\": false, \"step\": 10000, \"low\": 10000, \"high\": 1000000}}"}
{"op_code": 4, "worker_id": "2a2ad878-eb01-4899-86fd-21ca6537ccc2-139703488468800", "study_id": 0, "datetime_start": "2023-03-01T16:18:41.031920"}
{"op_code": 5, "worker_id": "2a2ad878-eb01-4899-86fd-21ca6537ccc2-139703488468800", "trial_id": 18, "param_name": "filter", "param_value_internal": 590000.0, "distribution": "{\"name\": \"IntDistribution\", \"attributes\": {\"log\": false, \"step\": 10000, \"low\": 10000, \"high\": 1000000}}"}
{"op_code": 6, "worker_id": "4f3747bc-0e37-476c-b1af-5f4a4c45b84a-139694739351360", "trial_id": 15, "state": 1, "values": [4.2519687320134825], "datetime_complete": "2023-03-01T16:18:59.050410"}
{"op_code": 4, "worker_id": "f3cc9bce-b1ad-4a1d-973a-7f942e943bc6-140440527763264", "study_id": 0, "datetime_start": "2023-03-01T16:18:41.033357"}
{"op_code": 4, "worker_id": "64be3247-e692-4454-9735-8fb0aedafc11-140544123995968", "study_id": 0, "datetime_start": "2023-03-01T16:18:45.020269"}
{"op_code": 6, "worker_id": "c1867af4-ed92-40f9-946f-53ea91266ff0-139978620544832", "trial_id": 16, "state": 1, "values": [12.7141040399274], "datetime_complete": "2023-03-01T16:18:59.720449"}
{"op_code": 5, "worker_id": "64be3247-e692-4454-9735-8fb0aedafc11-140544123995968", "trial_id": 20, "param_name": "filter", "param_value_internal": 10000.0, "distribution": "{\"name\": \"IntDistribution\", \"attributes\": {\"log\": false, \"step\": 10000, \"low\": 10000, \"high\": 1000000}}"}
{"op_code": 6, "worker_id": "bfbb30f1-142a-402b-96c6-9533c0dd6be1-140144721442624", "trial_id": 17, "state": 1, "values": [11.464465626873546], "datetime_complete": "2023-03-01T16:19:00.727831"}
{"op_code": 6, "worker_id": "2a2ad878-eb01-4899-86fd-21ca6537ccc2-139703488468800", "trial_id": 18, "state": 1, "values": [10.165200162044766], "datetime_complete": "2023-03-01T16:19:01.414597"}
{"op_code": 5, "worker_id": "1df04a2e-1ab9-4065-ab41-a12fb59dd59d-140669704558400", "trial_id": 0, "param_name": "filter", "param_value_internal": 500000.0, "distribution": "{\"name\": \"IntDistribution\", \"attributes\": {\"log\": false, \"step\": 10000, \"low\": 10000, \"high\": 1000000}}"}
{"op_code": 5, "worker_id": "f3cc9bce-b1ad-4a1d-973a-7f942e943bc6-140440527763264", "trial_id": 19, "param_name": "filter", "param_value_internal": 20000.0, "distribution": "{\"name\": \"IntDistribution\", \"attributes\": {\"log\": false, \"step\": 10000, \"low\": 10000, \"high\": 1000000}}"}
{"op_code": 4, "worker_id": "6603091a-59e2-497d-98e2-d3eeb0bc8c43-139689352320832", "study_id": 0, "datetime_start": "2023-03-01T16:18:39.386728"}
{"op_code": 6, "worker_id": "64be3247-e692-4454-9735-8fb0aedafc11-140544123995968", "trial_id": 20, "state": 1, "values": [4.357944978811169], "datetime_complete": "2023-03-01T16:19:03.329184"}
{"op_code": 5, "worker_id": "6603091a-59e2-497d-98e2-d3eeb0bc8c43-139689352320832", "trial_id": 21, "param_name": "filter", "param_value_internal": 20000.0, "distribution": "{\"name\": \"IntDistribution\", \"attributes\": {\"log\": false, \"step\": 10000, \"low\": 10000, \"high\": 1000000}}"}
{"op_code": 4, "worker_id": "e067af7e-74d5-45d5-a24d-76450c5d0514-140068896438080", "study_id": 0, "datetime_start": "2023-03-01T16:18:41.286734"}
{"op_code": 5, "worker_id": "e067af7e-74d5-45d5-a24d-76450c5d0514-140068896438080", "trial_id": 22, "param_name": "filter", "param_value_internal": 90000.0, "distribution": "{\"name\": \"IntDistribution\", \"attributes\": {\"log\": false, \"step\": 10000, \"low\": 10000, \"high\": 1000000}}"}
{"op_code": 6, "worker_id": "1df04a2e-1ab9-4065-ab41-a12fb59dd59d-140669704558400", "trial_id": 0, "state": 1, "values": [9.276273196920751], "datetime_complete": "2023-03-01T16:19:05.055575"}
{"op_code": 6, "worker_id": "f3cc9bce-b1ad-4a1d-973a-7f942e943bc6-140440527763264", "trial_id": 19, "state": 1, "values": [4.351939826853031], "datetime_complete": "2023-03-01T16:19:05.675792"}
{"op_code": 4, "worker_id": "add98c54-e47e-4305-b098-4fec68ade5b4-140235520710464", "study_id": 0, "datetime_start": "2023-03-01T16:18:40.313647"}
{"op_code": 5, "worker_id": "add98c54-e47e-4305-b098-4fec68ade5b4-140235520710464", "trial_id": 23, "param_name": "filter", "param_value_internal": 120000.0, "distribution": "{\"name\": \"IntDistribution\", \"attributes\": {\"log\": false, \"step\": 10000, \"low\": 10000, \"high\": 1000000}}"}
{"op_code": 4, "worker_id": "242b108e-009c-4f1f-be84-24f0e849228b-139855488649024", "study_id": 0, "datetime_start": "2023-03-01T16:18:41.423511"}
{"op_code": 6, "worker_id": "6603091a-59e2-497d-98e2-d3eeb0bc8c43-139689352320832", "trial_id": 21, "state": 1, "values": [4.351939826853031], "datetime_complete": "2023-03-01T16:19:07.115788"}
{"op_code": 5, "worker_id": "242b108e-009c-4f1f-be84-24f0e849228b-139855488649024", "trial_id": 24, "param_name": "filter", "param_value_internal": 150000.0, "distribution": "{\"name\": \"IntDistribution\", \"attributes\": {\"log\": false, \"step\": 10000, \"low\": 10000, \"high\": 1000000}}"}
{"op_code": 6, "worker_id": "e067af7e-74d5-45d5-a24d-76450c5d0514-140068896438080", "trial_id": 22, "state": 1, "values": [3.7654925522079257], "datetime_complete": "2023-03-01T16:19:08.020164"}
{"op_code": 4, "worker_id": "4abe4ba0-8997-41f9-8d38-98e613ade47d-139997449307968", "study_id": 0, "datetime_start": "2023-03-01T16:18:41.033137"}
{"op_code": 5, "worker_id": "4abe4ba0-8997-41f9-8d38-98e613ade47d-139997449307968", "trial_id": 25, "param_name": "filter", "param_value_internal": 370000.0, "distribution": "{\"name\": \"IntDistribution\", \"attributes\": {\"log\": false, \"step\": 10000, \"low\": 10000, \"high\": 1000000}}"}
{"op_code": 4, "worker_id": "de3d544e-a484-439a-b92e-55aeecf0cd35-140266994104128", "study_id": 0, "datetime_start": "2023-03-01T16:18:43.455237"}
{"op_code": 6, "worker_id": "add98c54-e47e-4305-b098-4fec68ade5b4-140235520710464", "trial_id": 23, "state": 1, "values": [3.725971551813508], "datetime_complete": "2023-03-01T16:19:09.975532"}
{"op_code": 5, "worker_id": "de3d544e-a484-439a-b92e-55aeecf0cd35-140266994104128", "trial_id": 26, "param_name": "filter", "param_value_internal": 380000.0, "distribution": "{\"name\": \"IntDistribution\", \"attributes\": {\"log\": false, \"step\": 10000, \"low\": 10000, \"high\": 1000000}}"}
{"op_code": 4, "worker_id": "43649d3f-7280-46e3-a75a-c55610319d81-139652780005184", "study_id": 0, "datetime_start": "2023-03-01T16:18:43.622021"}
{"op_code": 6, "worker_id": "242b108e-009c-4f1f-be84-24f0e849228b-139855488649024", "trial_id": 24, "state": 1, "values": [3.9328461426137844], "datetime_complete": "2023-03-01T16:19:11.249728"}
{"op_code": 4, "worker_id": "7ecce755-9486-4095-8687-dbafe59cc29a-140176806053696", "study_id": 0, "datetime_start": "2023-03-01T16:18:39.400793"}
{"op_code": 5, "worker_id": "43649d3f-7280-46e3-a75a-c55610319d81-139652780005184", "trial_id": 27, "param_name": "filter", "param_value_internal": 400000.0, "distribution": "{\"name\": \"IntDistribution\", \"attributes\": {\"log\": false, \"step\": 10000, \"low\": 10000, \"high\": 1000000}}"}
{"op_code": 6, "worker_id": "4abe4ba0-8997-41f9-8d38-98e613ade47d-139997449307968", "trial_id": 25, "state": 1, "values": [7.617010609677711], "datetime_complete": "2023-03-01T16:19:12.390117"}
{"op_code": 5, "worker_id": "7ecce755-9486-4095-8687-dbafe59cc29a-140176806053696", "trial_id": 28, "param_name": "filter", "param_value_internal": 380000.0, "distribution": "{\"name\": \"IntDistribution\", \"attributes\": {\"log\": false, \"step\": 10000, \"low\": 10000, \"high\": 1000000}}"}
{"op_code": 6, "worker_id": "57357f21-134d-44d9-abac-fa354754dec9-139942598211392", "trial_id": 4, "state": 1, "values": [10.553451940070902], "datetime_complete": "2023-03-01T16:18:46.071109"}
{"op_code": 6, "worker_id": "de3d544e-a484-439a-b92e-55aeecf0cd35-140266994104128", "trial_id": 26, "state": 1, "values": [7.751312297689579], "datetime_complete": "2023-03-01T16:19:13.634120"}
{"op_code": 6, "worker_id": "964d1d26-57d7-4fb5-8666-a627eafe33cb-139999388784448", "trial_id": 7, "state": 1, "values": [3.725971551813508], "datetime_complete": "2023-03-01T16:18:48.012672"}
{"op_code": 4, "worker_id": "7d7f8f99-213d-49e2-bbdd-c68e2881e723-140596976658240", "study_id": 0, "datetime_start": "2023-03-01T16:18:40.240806"}
{"op_code": 6, "worker_id": "43649d3f-7280-46e3-a75a-c55610319d81-139652780005184", "trial_id": 27, "state": 1, "values": [8.075233958558131], "datetime_complete": "2023-03-01T16:19:15.135596"}
{"op_code": 5, "worker_id": "7d7f8f99-213d-49e2-bbdd-c68e2881e723-140596976658240", "trial_id": 29, "param_name": "filter", "param_value_internal": 280000.0, "distribution": "{\"name\": \"IntDistribution\", \"attributes\": {\"log\": false, \"step\": 10000, \"low\": 10000, \"high\": 1000000}}"}
{"op_code": 6, "worker_id": "7ecce755-9486-4095-8687-dbafe59cc29a-140176806053696", "trial_id": 28, "state": 1, "values": [7.751312297689579], "datetime_complete": "2023-03-01T16:19:15.890355"}
{"op_code": 6, "worker_id": "302e3388-b5db-4332-90e2-b86fefcc0c21-139727617754944", "trial_id": 1, "state": 1, "values": [7.429851395029489], "datetime_complete": "2023-03-01T16:18:44.104409"}
{"op_code": 4, "worker_id": "18d3d177-e2c8-4f9f-8e33-de8f8816b7f7-140532739635008", "study_id": 0, "datetime_start": "2023-03-01T16:18:40.134604"}
{"op_code": 5, "worker_id": "18d3d177-e2c8-4f9f-8e33-de8f8816b7f7-140532739635008", "trial_id": 30, "param_name": "filter", "param_value_internal": 120000.0, "distribution": "{\"name\": \"IntDistribution\", \"attributes\": {\"log\": false, \"step\": 10000, \"low\": 10000, \"high\": 1000000}}"}
{"op_code": 6, "worker_id": "7d7f8f99-213d-49e2-bbdd-c68e2881e723-140596976658240", "trial_id": 29, "state": 1, "values": [5.715694922384542], "datetime_complete": "2023-03-01T16:19:18.655708"}
{"op_code": 4, "worker_id": "2ef7c9ea-fcfe-4672-8628-70ceb13f967d-140216434210624", "study_id": 0, "datetime_start": "2023-03-01T16:18:41.638788"}
{"op_code": 5, "worker_id": "2ef7c9ea-fcfe-4672-8628-70ceb13f967d-140216434210624", "trial_id": 31, "param_name": "filter", "param_value_internal": 120000.0, "distribution": "{\"name\": \"IntDistribution\", \"attributes\": {\"log\": false, \"step\": 10000, \"low\": 10000, \"high\": 1000000}}"}
{"op_code": 4, "worker_id": "51433f2e-77a6-4add-b4b4-195256f1664d-140600232003392", "study_id": 0, "datetime_start": "2023-03-01T16:18:41.566493"}
{"op_code": 5, "worker_id": "51433f2e-77a6-4add-b4b4-195256f1664d-140600232003392", "trial_id": 32, "param_name": "filter", "param_value_internal": 110000.0, "distribution": "{\"name\": \"IntDistribution\", \"attributes\": {\"log\": false, \"step\": 10000, \"low\": 10000, \"high\": 1000000}}"}
{"op_code": 4, "worker_id": "857becaa-7fe5-4905-815b-31dd15d71d44-140165536958272", "study_id": 0, "datetime_start": "2023-03-01T16:18:43.804604"}
{"op_code": 6, "worker_id": "18d3d177-e2c8-4f9f-8e33-de8f8816b7f7-140532739635008", "trial_id": 30, "state": 1, "values": [3.725971551813508], "datetime_complete": "2023-03-01T16:19:21.637988"}
{"op_code": 5, "worker_id": "857becaa-7fe5-4905-815b-31dd15d71d44-140165536958272", "trial_id": 33, "param_name": "filter", "param_value_internal": 120000.0, "distribution": "{\"name\": \"IntDistribution\", \"attributes\": {\"log\": false, \"step\": 10000, \"low\": 10000, \"high\": 1000000}}"}
{"op_code": 4, "worker_id": "386243e4-0b8a-41d8-af25-f36cb6cb9f4d-139883609773888", "study_id": 0, "datetime_start": "2023-03-01T16:18:42.510483"}
{"op_code": 6, "worker_id": "2ef7c9ea-fcfe-4672-8628-70ceb13f967d-140216434210624", "trial_id": 31, "state": 1, "values": [3.725971551813508], "datetime_complete": "2023-03-01T16:19:22.751233"}
{"op_code": 5, "worker_id": "386243e4-0b8a-41d8-af25-f36cb6cb9f4d-139883609773888", "trial_id": 34, "param_name": "filter", "param_value_internal": 470000.0, "distribution": "{\"name\": \"IntDistribution\", \"attributes\": {\"log\": false, \"step\": 10000, \"low\": 10000, \"high\": 1000000}}"}
{"op_code": 4, "worker_id": "a92276ac-2747-4fd4-a523-99b460df905f-139765814388544", "study_id": 0, "datetime_start": "2023-03-01T16:18:44.564260"}
{"op_code": 6, "worker_id": "51433f2e-77a6-4add-b4b4-195256f1664d-140600232003392", "trial_id": 32, "state": 1, "values": [3.757132596658433], "datetime_complete": "2023-03-01T16:19:23.920637"}
{"op_code": 5, "worker_id": "a92276ac-2747-4fd4-a523-99b460df905f-139765814388544", "trial_id": 35, "param_name": "filter", "param_value_internal": 480000.0, "distribution": "{\"name\": \"IntDistribution\", \"attributes\": {\"log\": false, \"step\": 10000, \"low\": 10000, \"high\": 1000000}}"}
{"op_code": 4, "worker_id": "8e819af5-a3bb-4636-88f5-86cd73fad9e3-139943543519040", "study_id": 0, "datetime_start": "2023-03-01T16:18:39.911396"}
{"op_code": 6, "worker_id": "857becaa-7fe5-4905-815b-31dd15d71d44-140165536958272", "trial_id": 33, "state": 1, "values": [3.725971551813508], "datetime_complete": "2023-03-01T16:19:25.297901"}
{"op_code": 5, "worker_id": "8e819af5-a3bb-4636-88f5-86cd73fad9e3-139943543519040", "trial_id": 36, "param_name": "filter", "param_value_internal": 150000.0, "distribution": "{\"name\": \"IntDistribution\", \"attributes\": {\"log\": false, \"step\": 10000, \"low\": 10000, \"high\": 1000000}}"}
{"op_code": 4, "worker_id": "7ecdcc93-e6f1-4c32-9ac4-c1d7605c14bd-139832060630848", "study_id": 0, "datetime_start": "2023-03-01T16:18:44.143464"}
{"op_code": 5, "worker_id": "7ecdcc93-e6f1-4c32-9ac4-c1d7605c14bd-139832060630848", "trial_id": 37, "param_name": "filter", "param_value_internal": 480000.0, "distribution": "{\"name\": \"IntDistribution\", \"attributes\": {\"log\": false, \"step\": 10000, \"low\": 10000, \"high\": 1000000}}"}
{"op_code": 6, "worker_id": "386243e4-0b8a-41d8-af25-f36cb6cb9f4d-139883609773888", "trial_id": 34, "state": 1, "values": [8.782685049111375], "datetime_complete": "2023-03-01T16:19:26.628762"}
{"op_code": 4, "worker_id": "c367ce5a-ecf5-49d8-80c0-80611f610466-140490333624128", "study_id": 0, "datetime_start": "2023-03-01T16:18:44.627794"}
{"op_code": 6, "worker_id": "a92276ac-2747-4fd4-a523-99b460df905f-139765814388544", "trial_id": 35, "state": 1, "values": [8.953572343648496], "datetime_complete": "2023-03-01T16:19:27.882941"}
{"op_code": 5, "worker_id": "c367ce5a-ecf5-49d8-80c0-80611f610466-140490333624128", "trial_id": 38, "param_name": "filter", "param_value_internal": 260000.0, "distribution": "{\"name\": \"IntDistribution\", \"attributes\": {\"log\": false, \"step\": 10000, \"low\": 10000, \"high\": 1000000}}"}
{"op_code": 4, "worker_id": "b921a295-526e-4049-b266-d07b2af98d65-139763503609664", "study_id": 0, "datetime_start": "2023-03-01T16:18:41.713659"}
{"op_code": 6, "worker_id": "8e819af5-a3bb-4636-88f5-86cd73fad9e3-139943543519040", "trial_id": 36, "state": 1, "values": [3.9328461426137844], "datetime_complete": "2023-03-01T16:19:29.169273"}
{"op_code": 5, "worker_id": "b921a295-526e-4049-b266-d07b2af98d65-139763503609664", "trial_id": 39, "param_name": "filter", "param_value_internal": 270000.0, "distribution": "{\"name\": \"IntDistribution\", \"attributes\": {\"log\": false, \"step\": 10000, \"low\": 10000, \"high\": 1000000}}"}
{"op_code": 6, "worker_id": "7ecdcc93-e6f1-4c32-9ac4-c1d7605c14bd-139832060630848", "trial_id": 37, "state": 1, "values": [8.953572343648496], "datetime_complete": "2023-03-01T16:19:29.968772"}
{"op_code": 4, "worker_id": "b8367ab9-d28c-4dc9-8a9b-0c32c116a064-140708354369344", "study_id": 0, "datetime_start": "2023-03-01T16:18:42.998608"}
{"op_code": 5, "worker_id": "b8367ab9-d28c-4dc9-8a9b-0c32c116a064-140708354369344", "trial_id": 40, "param_name": "filter", "param_value_internal": 260000.0, "distribution": "{\"name\": \"IntDistribution\", \"attributes\": {\"log\": false, \"step\": 10000, \"low\": 10000, \"high\": 1000000}}"}
{"op_code": 4, "worker_id": "0cc44155-6a61-4d2b-aaf7-3a515c9f5975-139928333899584", "study_id": 0, "datetime_start": "2023-03-01T16:18:44.116780"}
{"op_code": 6, "worker_id": "c367ce5a-ecf5-49d8-80c0-80611f610466-140490333624128", "trial_id": 38, "state": 1, "values": [5.408397357972614], "datetime_complete": "2023-03-01T16:19:31.909362"}
{"op_code": 5, "worker_id": "0cc44155-6a61-4d2b-aaf7-3a515c9f5975-139928333899584", "trial_id": 41, "param_name": "filter", "param_value_internal": 240000.0, "distribution": "{\"name\": \"IntDistribution\", \"attributes\": {\"log\": false, \"step\": 10000, \"low\": 10000, \"high\": 1000000}}"}
{"op_code": 6, "worker_id": "b921a295-526e-4049-b266-d07b2af98d65-139763503609664", "trial_id": 39, "state": 1, "values": [5.584509991342797], "datetime_complete": "2023-03-01T16:19:33.276664"}
{"op_code": 4, "worker_id": "28bf1e69-a165-4a26-934e-21dce888041e-140268880394048", "study_id": 0, "datetime_start": "2023-03-01T16:18:42.703304"}
{"op_code": 5, "worker_id": "28bf1e69-a165-4a26-934e-21dce888041e-140268880394048", "trial_id": 42, "param_name": "filter", "param_value_internal": 200000.0, "distribution": "{\"name\": \"IntDistribution\", \"attributes\": {\"log\": false, \"step\": 10000, \"low\": 10000, \"high\": 1000000}}"}
{"op_code": 6, "worker_id": "b8367ab9-d28c-4dc9-8a9b-0c32c116a064-140708354369344", "trial_id": 40, "state": 1, "values": [5.408397357972614], "datetime_complete": "2023-03-01T16:19:34.735842"}
{"op_code": 4, "worker_id": "1d0dcdaa-e593-432d-8078-748ecd03fab2-139896748631872", "study_id": 0, "datetime_start": "2023-03-01T16:18:43.203936"}
{"op_code": 5, "worker_id": "1d0dcdaa-e593-432d-8078-748ecd03fab2-139896748631872", "trial_id": 43, "param_name": "filter", "param_value_internal": 180000.0, "distribution": "{\"name\": \"IntDistribution\", \"attributes\": {\"log\": false, \"step\": 10000, \"low\": 10000, \"high\": 1000000}}"}
{"op_code": 6, "worker_id": "0cc44155-6a61-4d2b-aaf7-3a515c9f5975-139928333899584", "trial_id": 41, "state": 1, "values": [5.117712352927209], "datetime_complete": "2023-03-01T16:19:35.718049"}
{"op_code": 5, "worker_id": "6d84ee49-b1bb-4e58-8716-2d564ceb48f6-140560380782400", "trial_id": 6, "param_name": "filter", "param_value_internal": 350000.0, "distribution": "{\"name\": \"IntDistribution\", \"attributes\": {\"log\": false, \"step\": 10000, \"low\": 10000, \"high\": 1000000}}"}
{"op_code": 4, "worker_id": "081d700b-9305-4ce3-9e92-581c529e8f1d-140154472011584", "study_id": 0, "datetime_start": "2023-03-01T16:18:43.943115"}
{"op_code": 5, "worker_id": "081d700b-9305-4ce3-9e92-581c529e8f1d-140154472011584", "trial_id": 44, "param_name": "filter", "param_value_internal": 60000.0, "distribution": "{\"name\": \"IntDistribution\", \"attributes\": {\"log\": false, \"step\": 10000, \"low\": 10000, \"high\": 1000000}}"}
{"op_code": 6, "worker_id": "28bf1e69-a165-4a26-934e-21dce888041e-140268880394048", "trial_id": 42, "state": 1, "values": [4.595250902811193], "datetime_complete": "2023-03-01T16:19:36.922304"}
{"op_code": 6, "worker_id": "1d0dcdaa-e593-432d-8078-748ecd03fab2-139896748631872", "trial_id": 43, "state": 1, "values": [4.2519687320134825], "datetime_complete": "2023-03-01T16:19:37.871180"}
{"op_code": 4, "worker_id": "42497adf-7cf2-4ccb-bd82-a234ea4ee0b4-140521058293568", "study_id": 0, "datetime_start": "2023-03-01T16:18:44.315777"}
{"op_code": 5, "worker_id": "42497adf-7cf2-4ccb-bd82-a234ea4ee0b4-140521058293568", "trial_id": 45, "param_name": "filter", "param_value_internal": 80000.0, "distribution": "{\"name\": \"IntDistribution\", \"attributes\": {\"log\": false, \"step\": 10000, \"low\": 10000, \"high\": 1000000}}"}
{"op_code": 6, "worker_id": "6d84ee49-b1bb-4e58-8716-2d564ceb48f6-140560380782400", "trial_id": 6, "state": 1, "values": [7.209828260715369], "datetime_complete": "2023-03-01T16:19:38.667536"}
{"op_code": 6, "worker_id": "967dcbdb-5bf7-4cd0-a184-4abecd258f4d-140028996519744", "trial_id": 2, "state": 1, "values": [6.913978606351658], "datetime_complete": "2023-03-01T16:18:44.315157"}
{"op_code": 6, "worker_id": "081d700b-9305-4ce3-9e92-581c529e8f1d-140154472011584", "trial_id": 44, "state": 1, "values": [3.915435315435099], "datetime_complete": "2023-03-01T16:19:39.352830"}
{"op_code": 4, "worker_id": "c4ea57c5-c284-4bc5-b435-8c898cb4882e-140182132287296", "study_id": 0, "datetime_start": "2023-03-01T16:18:42.788167"}
{"op_code": 5, "worker_id": "c4ea57c5-c284-4bc5-b435-8c898cb4882e-140182132287296", "trial_id": 46, "param_name": "filter", "param_value_internal": 130000.0, "distribution": "{\"name\": \"IntDistribution\", \"attributes\": {\"log\": false, \"step\": 10000, \"low\": 10000, \"high\": 1000000}}"}
{"op_code": 6, "worker_id": "42497adf-7cf2-4ccb-bd82-a234ea4ee0b4-140521058293568", "trial_id": 45, "state": 1, "values": [3.769112784983646], "datetime_complete": "2023-03-01T16:19:41.162598"}
{"op_code": 4, "worker_id": "a016d9c8-7eec-4d5c-a505-0747a7ce8d31-140619859769152", "study_id": 0, "datetime_start": "2023-03-01T16:18:43.113453"}
{"op_code": 5, "worker_id": "a016d9c8-7eec-4d5c-a505-0747a7ce8d31-140619859769152", "trial_id": 47, "param_name": "filter", "param_value_internal": 120000.0, "distribution": "{\"name\": \"IntDistribution\", \"attributes\": {\"log\": false, \"step\": 10000, \"low\": 10000, \"high\": 1000000}}"}
{"op_code": 4, "worker_id": "f31f974d-a70d-4496-b528-cf0bfa8f3af1-139940032972608", "study_id": 0, "datetime_start": "2023-03-01T16:18:44.564145"}
{"op_code": 5, "worker_id": "f31f974d-a70d-4496-b528-cf0bfa8f3af1-139940032972608", "trial_id": 48, "param_name": "filter", "param_value_internal": 140000.0, "distribution": "{\"name\": \"IntDistribution\", \"attributes\": {\"log\": false, \"step\": 10000, \"low\": 10000, \"high\": 1000000}}"}
{"op_code": 6, "worker_id": "c4ea57c5-c284-4bc5-b435-8c898cb4882e-140182132287296", "trial_id": 46, "state": 1, "values": [3.78502700245306], "datetime_complete": "2023-03-01T16:19:43.178903"}
{"op_code": 4, "worker_id": "dc47485f-c23b-41d1-9ae2-1fe3e9a08495-140137270908736", "study_id": 0, "datetime_start": "2023-03-01T16:18:39.764854"}
{"op_code": 5, "worker_id": "dc47485f-c23b-41d1-9ae2-1fe3e9a08495-140137270908736", "trial_id": 49, "param_name": "filter", "param_value_internal": 50000.0, "distribution": "{\"name\": \"IntDistribution\", \"attributes\": {\"log\": false, \"step\": 10000, \"low\": 10000, \"high\": 1000000}}"}
{"op_code": 6, "worker_id": "a016d9c8-7eec-4d5c-a505-0747a7ce8d31-140619859769152", "trial_id": 47, "state": 1, "values": [3.725971551813508], "datetime_complete": "2023-03-01T16:19:44.829238"}
{"op_code": 6, "worker_id": "f31f974d-a70d-4496-b528-cf0bfa8f3af1-139940032972608", "trial_id": 48, "state": 1, "values": [3.865153101926428], "datetime_complete": "2023-03-01T16:19:46.321053"}
{"op_code": 6, "worker_id": "dc47485f-c23b-41d1-9ae2-1fe3e9a08495-140137270908736", "trial_id": 49, "state": 1, "values": [3.9600128871576143], "datetime_complete": "2023-03-01T16:19:47.308121"}
