{"op_code": 0, "worker_id": "f0f243ce-fea1-4d4c-afd0-8c03edad196a-140485416048448", "study_name": "Ross_Sea_regional_seperation_indiv_trend_regional_comparison", "directions": [1]}
{"op_code": 4, "worker_id": "401f8df1-8977-4556-9829-7027d5ee9f3d-140478539622208", "study_id": 0, "datetime_start": "2023-03-01T16:19:47.997457"}
{"op_code": 4, "worker_id": "5cd610a7-fb29-4a62-8cd7-71f48cda08d9-139896748631872", "study_id": 0, "datetime_start": "2023-03-01T16:19:48.132108"}
{"op_code": 5, "worker_id": "401f8df1-8977-4556-9829-7027d5ee9f3d-140478539622208", "trial_id": 0, "param_name": "trend", "param_value_internal": 6.0, "distribution": "{\"name\": \"IntDistribution\", \"attributes\": {\"log\": false, \"step\": 1, \"low\": 1, \"high\": 20}}"}
{"op_code": 5, "worker_id": "5cd610a7-fb29-4a62-8cd7-71f48cda08d9-139896748631872", "trial_id": 1, "param_name": "trend", "param_value_internal": 18.0, "distribution": "{\"name\": \"IntDistribution\", \"attributes\": {\"log\": false, \"step\": 1, \"low\": 1, \"high\": 20}}"}
{"op_code": 4, "worker_id": "674ff7f0-aa68-4979-aee6-34a88ef6217d-139625472735040", "study_id": 0, "datetime_start": "2023-03-01T16:19:48.000401"}
{"op_code": 5, "worker_id": "674ff7f0-aa68-4979-aee6-34a88ef6217d-139625472735040", "trial_id": 2, "param_name": "trend", "param_value_internal": 15.0, "distribution": "{\"name\": \"IntDistribution\", \"attributes\": {\"log\": false, \"step\": 1, \"low\": 1, \"high\": 20}}"}
{"op_code": 4, "worker_id": "6b0b21e4-1484-4594-8ae6-a134a1d03500-140548913018688", "study_id": 0, "datetime_start": "2023-03-01T16:19:48.003140"}
{"op_code": 5, "worker_id": "6b0b21e4-1484-4594-8ae6-a134a1d03500-140548913018688", "trial_id": 3, "param_name": "trend", "param_value_internal": 9.0, "distribution": "{\"name\": \"IntDistribution\", \"attributes\": {\"log\": false, \"step\": 1, \"low\": 1, \"high\": 20}}"}
{"op_code": 6, "worker_id": "401f8df1-8977-4556-9829-7027d5ee9f3d-140478539622208", "trial_id": 0, "state": 1, "values": [5.86845004662204], "datetime_complete": "2023-03-01T16:19:50.421457"}
{"op_code": 4, "worker_id": "fdd19ae7-9b97-4055-bf28-0f0cb2761c78-140481145268032", "study_id": 0, "datetime_start": "2023-03-01T16:19:48.005878"}
{"op_code": 6, "worker_id": "5cd610a7-fb29-4a62-8cd7-71f48cda08d9-139896748631872", "trial_id": 1, "state": 1, "values": [4.131166031985409], "datetime_complete": "2023-03-01T16:19:50.589194"}
{"op_code": 6, "worker_id": "674ff7f0-aa68-4979-aee6-34a88ef6217d-139625472735040", "trial_id": 2, "state": 1, "values": [4.673812850276118], "datetime_complete": "2023-03-01T16:19:51.027409"}
{"op_code": 5, "worker_id": "fdd19ae7-9b97-4055-bf28-0f0cb2761c78-140481145268032", "trial_id": 4, "param_name": "trend", "param_value_internal": 15.0, "distribution": "{\"name\": \"IntDistribution\", \"attributes\": {\"log\": false, \"step\": 1, \"low\": 1, \"high\": 20}}"}
{"op_code": 6, "worker_id": "6b0b21e4-1484-4594-8ae6-a134a1d03500-140548913018688", "trial_id": 3, "state": 1, "values": [5.2068770120135], "datetime_complete": "2023-03-01T16:19:51.779873"}
{"op_code": 4, "worker_id": "cb5f7d3e-0d7d-4b35-9fa2-479559a9417f-139978620544832", "study_id": 0, "datetime_start": "2023-03-01T16:19:48.027645"}
{"op_code": 5, "worker_id": "cb5f7d3e-0d7d-4b35-9fa2-479559a9417f-139978620544832", "trial_id": 5, "param_name": "trend", "param_value_internal": 12.0, "distribution": "{\"name\": \"IntDistribution\", \"attributes\": {\"log\": false, \"step\": 1, \"low\": 1, \"high\": 20}}"}
{"op_code": 6, "worker_id": "fdd19ae7-9b97-4055-bf28-0f0cb2761c78-140481145268032", "trial_id": 4, "state": 1, "values": [4.673812850276118], "datetime_complete": "2023-03-01T16:19:53.563634"}
{"op_code": 4, "worker_id": "1c0a701a-6b5b-4ba2-aece-fa63c3c5c7ad-139694739351360", "study_id": 0, "datetime_start": "2023-03-01T16:19:48.024989"}
{"op_code": 5, "worker_id": "1c0a701a-6b5b-4ba2-aece-fa63c3c5c7ad-139694739351360", "trial_id": 6, "param_name": "trend", "param_value_internal": 5.0, "distribution": "{\"name\": \"IntDistribution\", \"attributes\": {\"log\": false, \"step\": 1, \"low\": 1, \"high\": 20}}"}
{"op_code": 4, "worker_id": "933e749b-b0e6-441d-ae21-48bf3162c0c0-140606939117376", "study_id": 0, "datetime_start": "2023-03-01T16:19:48.008431"}
{"op_code": 6, "worker_id": "cb5f7d3e-0d7d-4b35-9fa2-479559a9417f-139978620544832", "trial_id": 5, "state": 1, "values": [4.327261576115761], "datetime_complete": "2023-03-01T16:19:55.142435"}
{"op_code": 5, "worker_id": "933e749b-b0e6-441d-ae21-48bf3162c0c0-140606939117376", "trial_id": 7, "param_name": "trend", "param_value_internal": 16.0, "distribution": "{\"name\": \"IntDistribution\", \"attributes\": {\"log\": false, \"step\": 1, \"low\": 1, \"high\": 20}}"}
{"op_code": 4, "worker_id": "28dbde76-e475-48b2-9a71-3b59953648a5-140114025662272", "study_id": 0, "datetime_start": "2023-03-01T16:19:48.011092"}
{"op_code": 5, "worker_id": "28dbde76-e475-48b2-9a71-3b59953648a5-140114025662272", "trial_id": 8, "param_name": "trend", "param_value_internal": 18.0, "distribution": "{\"name\": \"IntDistribution\", \"attributes\": {\"log\": false, \"step\": 1, \"low\": 1, \"high\": 20}}"}
{"op_code": 6, "worker_id": "1c0a701a-6b5b-4ba2-aece-fa63c3c5c7ad-139694739351360", "trial_id": 6, "state": 1, "values": [5.910519268135031], "datetime_complete": "2023-03-01T16:19:56.498884"}
{"op_code": 4, "worker_id": "c4235a82-dbee-4225-b6a1-4000d931d7e1-140176806053696", "study_id": 0, "datetime_start": "2023-03-01T16:19:48.067543"}
{"op_code": 5, "worker_id": "c4235a82-dbee-4225-b6a1-4000d931d7e1-140176806053696", "trial_id": 9, "param_name": "trend", "param_value_internal": 12.0, "distribution": "{\"name\": \"IntDistribution\", \"attributes\": {\"log\": false, \"step\": 1, \"low\": 1, \"high\": 20}}"}
{"op_code": 6, "worker_id": "933e749b-b0e6-441d-ae21-48bf3162c0c0-140606939117376", "trial_id": 7, "state": 1, "values": [4.2852367432320895], "datetime_complete": "2023-03-01T16:19:57.624714"}
{"op_code": 4, "worker_id": "af86e130-642c-45b6-aa85-24aa1944a8f4-139882877929280", "study_id": 0, "datetime_start": "2023-03-01T16:19:48.019634"}
{"op_code": 6, "worker_id": "28dbde76-e475-48b2-9a71-3b59953648a5-140114025662272", "trial_id": 8, "state": 1, "values": [4.131166031985409], "datetime_complete": "2023-03-01T16:19:58.400671"}
{"op_code": 5, "worker_id": "af86e130-642c-45b6-aa85-24aa1944a8f4-139882877929280", "trial_id": 10, "param_name": "trend", "param_value_internal": 4.0, "distribution": "{\"name\": \"IntDistribution\", \"attributes\": {\"log\": false, \"step\": 1, \"low\": 1, \"high\": 20}}"}
{"op_code": 4, "worker_id": "78fd0936-cf64-46c0-be4e-8b93d358f95a-140440527763264", "study_id": 0, "datetime_start": "2023-03-01T16:19:48.040753"}
{"op_code": 6, "worker_id": "c4235a82-dbee-4225-b6a1-4000d931d7e1-140176806053696", "trial_id": 9, "state": 1, "values": [4.327261576115761], "datetime_complete": "2023-03-01T16:19:59.422959"}
{"op_code": 5, "worker_id": "78fd0936-cf64-46c0-be4e-8b93d358f95a-140440527763264", "trial_id": 11, "param_name": "trend", "param_value_internal": 11.0, "distribution": "{\"name\": \"IntDistribution\", \"attributes\": {\"log\": false, \"step\": 1, \"low\": 1, \"high\": 20}}"}
{"op_code": 4, "worker_id": "5fb93c8d-4591-44d5-88c6-fd900d987222-140704624240448", "study_id": 0, "datetime_start": "2023-03-01T16:19:48.022755"}
{"op_code": 6, "worker_id": "af86e130-642c-45b6-aa85-24aa1944a8f4-139882877929280", "trial_id": 10, "state": 1, "values": [6.463404746504499], "datetime_complete": "2023-03-01T16:20:00.693643"}
{"op_code": 5, "worker_id": "5fb93c8d-4591-44d5-88c6-fd900d987222-140704624240448", "trial_id": 12, "param_name": "trend", "param_value_internal": 20.0, "distribution": "{\"name\": \"IntDistribution\", \"attributes\": {\"log\": false, \"step\": 1, \"low\": 1, \"high\": 20}}"}
{"op_code": 4, "worker_id": "15002eeb-6330-4169-a53c-881466ef921a-140669704558400", "study_id": 0, "datetime_start": "2023-03-01T16:19:48.038491"}
{"op_code": 5, "worker_id": "15002eeb-6330-4169-a53c-881466ef921a-140669704558400", "trial_id": 13, "param_name": "trend", "param_value_internal": 20.0, "distribution": "{\"name\": \"IntDistribution\", \"attributes\": {\"log\": false, \"step\": 1, \"low\": 1, \"high\": 20}}"}
{"op_code": 6, "worker_id": "78fd0936-cf64-46c0-be4e-8b93d358f95a-140440527763264", "trial_id": 11, "state": 1, "values": [4.828216133134018], "datetime_complete": "2023-03-01T16:20:02.019182"}
{"op_code": 4, "worker_id": "bf9de77c-9d4e-4f95-902f-510e58d94dea-140068896438080", "study_id": 0, "datetime_start": "2023-03-01T16:19:48.045920"}
{"op_code": 5, "worker_id": "bf9de77c-9d4e-4f95-902f-510e58d94dea-140068896438080", "trial_id": 14, "param_name": "trend", "param_value_internal": 20.0, "distribution": "{\"name\": \"IntDistribution\", \"attributes\": {\"log\": false, \"step\": 1, \"low\": 1, \"high\": 20}}"}
{"op_code": 4, "worker_id": "93080515-63d2-4b89-8c9e-b3bcf5118341-139703488468800", "study_id": 0, "datetime_start": "2023-03-01T16:19:48.032809"}
{"op_code": 6, "worker_id": "5fb93c8d-4591-44d5-88c6-fd900d987222-140704624240448", "trial_id": 12, "state": 1, "values": [3.9869180460658997], "datetime_complete": "2023-03-01T16:20:03.838166"}
{"op_code": 5, "worker_id": "93080515-63d2-4b89-8c9e-b3bcf5118341-139703488468800", "trial_id": 15, "param_name": "trend", "param_value_internal": 20.0, "distribution": "{\"name\": \"IntDistribution\", \"attributes\": {\"log\": false, \"step\": 1, \"low\": 1, \"high\": 20}}"}
{"op_code": 6, "worker_id": "15002eeb-6330-4169-a53c-881466ef921a-140669704558400", "trial_id": 13, "state": 1, "values": [3.9869180460658997], "datetime_complete": "2023-03-01T16:20:04.453842"}
{"op_code": 6, "worker_id": "bf9de77c-9d4e-4f95-902f-510e58d94dea-140068896438080", "trial_id": 14, "state": 1, "values": [3.9869180460658997], "datetime_complete": "2023-03-01T16:20:05.340820"}
{"op_code": 4, "worker_id": "4e6c97ea-d48e-46dd-9d28-5f0bec63148d-139868982302528", "study_id": 0, "datetime_start": "2023-03-01T16:19:48.028977"}
{"op_code": 5, "worker_id": "4e6c97ea-d48e-46dd-9d28-5f0bec63148d-139868982302528", "trial_id": 16, "param_name": "trend", "param_value_internal": 20.0, "distribution": "{\"name\": \"IntDistribution\", \"attributes\": {\"log\": false, \"step\": 1, \"low\": 1, \"high\": 20}}"}
{"op_code": 6, "worker_id": "93080515-63d2-4b89-8c9e-b3bcf5118341-139703488468800", "trial_id": 15, "state": 1, "values": [3.9869180460658997], "datetime_complete": "2023-03-01T16:20:06.493636"}
{"op_code": 4, "worker_id": "f638fffd-9e46-4c39-91a5-a6dad4610543-140144721442624", "study_id": 0, "datetime_start": "2023-03-01T16:19:48.030100"}
{"op_code": 5, "worker_id": "f638fffd-9e46-4c39-91a5-a6dad4610543-140144721442624", "trial_id": 17, "param_name": "trend", "param_value_internal": 17.0, "distribution": "{\"name\": \"IntDistribution\", \"attributes\": {\"log\": false, \"step\": 1, \"low\": 1, \"high\": 20}}"}
{"op_code": 4, "worker_id": "436f0e53-d1eb-4f41-8b14-4aa6fad8f281-139763503609664", "study_id": 0, "datetime_start": "2023-03-01T16:19:48.132241"}
{"op_code": 5, "worker_id": "436f0e53-d1eb-4f41-8b14-4aa6fad8f281-139763503609664", "trial_id": 18, "param_name": "trend", "param_value_internal": 1.0, "distribution": "{\"name\": \"IntDistribution\", \"attributes\": {\"log\": false, \"step\": 1, \"low\": 1, \"high\": 20}}"}
{"op_code": 6, "worker_id": "4e6c97ea-d48e-46dd-9d28-5f0bec63148d-139868982302528", "trial_id": 16, "state": 1, "values": [3.9869180460658997], "datetime_complete": "2023-03-01T16:20:08.625075"}
{"op_code": 4, "worker_id": "b7b81bfd-2582-48db-a561-56289eb06271-140544123995968", "study_id": 0, "datetime_start": "2023-03-01T16:19:48.035384"}
{"op_code": 5, "worker_id": "b7b81bfd-2582-48db-a561-56289eb06271-140544123995968", "trial_id": 19, "param_name": "trend", "param_value_internal": 1.0, "distribution": "{\"name\": \"IntDistribution\", \"attributes\": {\"log\": false, \"step\": 1, \"low\": 1, \"high\": 20}}"}
{"op_code": 6, "worker_id": "f638fffd-9e46-4c39-91a5-a6dad4610543-140144721442624", "trial_id": 17, "state": 1, "values": [4.156315816576573], "datetime_complete": "2023-03-01T16:20:09.620107"}
{"op_code": 4, "worker_id": "099ca259-4749-412c-b6f7-74878212d377-140266994104128", "study_id": 0, "datetime_start": "2023-03-01T16:19:48.059641"}
{"op_code": 5, "worker_id": "099ca259-4749-412c-b6f7-74878212d377-140266994104128", "trial_id": 20, "param_name": "trend", "param_value_internal": 2.0, "distribution": "{\"name\": \"IntDistribution\", \"attributes\": {\"log\": false, \"step\": 1, \"low\": 1, \"high\": 20}}"}
{"op_code": 6, "worker_id": "436f0e53-d1eb-4f41-8b14-4aa6fad8f281-139763503609664", "trial_id": 18, "state": 1, "values": [13.652834847685673], "datetime_complete": "2023-03-01T16:20:10.471940"}
{"op_code": 4, "worker_id": "559cf4a1-97f2-4236-b4da-37450ce87e23-140235520710464", "study_id": 0, "datetime_start": "2023-03-01T16:19:48.048557"}
{"op_code": 5, "worker_id": "559cf4a1-97f2-4236-b4da-37450ce87e23-140235520710464", "trial_id": 21, "param_name": "trend", "param_value_internal": 14.0, "distribution": "{\"name\": \"IntDistribution\", \"attributes\": {\"log\": false, \"step\": 1, \"low\": 1, \"high\": 20}}"}
{"op_code": 6, "worker_id": "b7b81bfd-2582-48db-a561-56289eb06271-140544123995968", "trial_id": 19, "state": 1, "values": [13.652834847685673], "datetime_complete": "2023-03-01T16:20:11.710337"}
{"op_code": 6, "worker_id": "099ca259-4749-412c-b6f7-74878212d377-140266994104128", "trial_id": 20, "state": 1, "values": [10.95712570948751], "datetime_complete": "2023-03-01T16:20:12.939337"}
{"op_code": 4, "worker_id": "194434bc-d042-4189-bd96-805145e01e33-139652780005184", "study_id": 0, "datetime_start": "2023-03-01T16:19:48.064482"}
{"op_code": 5, "worker_id": "194434bc-d042-4189-bd96-805145e01e33-139652780005184", "trial_id": 22, "param_name": "trend", "param_value_internal": 20.0, "distribution": "{\"name\": \"IntDistribution\", \"attributes\": {\"log\": false, \"step\": 1, \"low\": 1, \"high\": 20}}"}
{"op_code": 4, "worker_id": "c817f6a2-eb39-4ab2-b8d0-b74670921e2a-139689352320832", "study_id": 0, "datetime_start": "2023-03-01T16:19:48.043318"}
{"op_code": 6, "worker_id": "559cf4a1-97f2-4236-b4da-37450ce87e23-140235520710464", "trial_id": 21, "state": 1, "values": [4.681128836179278], "datetime_complete": "2023-03-01T16:20:14.436026"}
{"op_code": 5, "worker_id": "c817f6a2-eb39-4ab2-b8d0-b74670921e2a-139689352320832", "trial_id": 23, "param_name": "trend", "param_value_internal": 20.0, "distribution": "{\"name\": \"IntDistribution\", \"attributes\": {\"log\": false, \"step\": 1, \"low\": 1, \"high\": 20}}"}
{"op_code": 4, "worker_id": "1c66f535-5721-4820-a69b-6ee23a76f70f-140521058293568", "study_id": 0, "datetime_start": "2023-03-01T16:19:48.132132"}
{"op_code": 5, "worker_id": "1c66f535-5721-4820-a69b-6ee23a76f70f-140521058293568", "trial_id": 24, "param_name": "trend", "param_value_internal": 20.0, "distribution": "{\"name\": \"IntDistribution\", \"attributes\": {\"log\": false, \"step\": 1, \"low\": 1, \"high\": 20}}"}
{"op_code": 6, "worker_id": "194434bc-d042-4189-bd96-805145e01e33-139652780005184", "trial_id": 22, "state": 1, "values": [3.9869180460658997], "datetime_complete": "2023-03-01T16:20:16.402329"}
{"op_code": 4, "worker_id": "82f30211-1909-408f-a4b3-78f01602ec52-139727617754944", "study_id": 0, "datetime_start": "2023-03-01T16:19:48.069647"}
{"op_code": 5, "worker_id": "82f30211-1909-408f-a4b3-78f01602ec52-139727617754944", "trial_id": 25, "param_name": "trend", "param_value_internal": 18.0, "distribution": "{\"name\": \"IntDistribution\", \"attributes\": {\"log\": false, \"step\": 1, \"low\": 1, \"high\": 20}}"}
{"op_code": 4, "worker_id": "2968e614-0336-434e-9252-d26c73b3f8d3-140182132287296", "study_id": 0, "datetime_start": "2023-03-01T16:19:48.132247"}
{"op_code": 6, "worker_id": "c817f6a2-eb39-4ab2-b8d0-b74670921e2a-139689352320832", "trial_id": 23, "state": 1, "values": [3.9869180460658997], "datetime_complete": "2023-03-01T16:20:18.081086"}
{"op_code": 5, "worker_id": "2968e614-0336-434e-9252-d26c73b3f8d3-140182132287296", "trial_id": 26, "param_name": "trend", "param_value_internal": 18.0, "distribution": "{\"name\": \"IntDistribution\", \"attributes\": {\"log\": false, \"step\": 1, \"low\": 1, \"high\": 20}}"}
{"op_code": 6, "worker_id": "1c66f535-5721-4820-a69b-6ee23a76f70f-140521058293568", "trial_id": 24, "state": 1, "values": [3.9869180460658997], "datetime_complete": "2023-03-01T16:20:18.949543"}
{"op_code": 4, "worker_id": "f7842f3c-bba2-4012-a935-294e3f50ae64-140532739635008", "study_id": 0, "datetime_start": "2023-03-01T16:19:48.075987"}
{"op_code": 5, "worker_id": "f7842f3c-bba2-4012-a935-294e3f50ae64-140532739635008", "trial_id": 27, "param_name": "trend", "param_value_internal": 18.0, "distribution": "{\"name\": \"IntDistribution\", \"attributes\": {\"log\": false, \"step\": 1, \"low\": 1, \"high\": 20}}"}
{"op_code": 6, "worker_id": "82f30211-1909-408f-a4b3-78f01602ec52-139727617754944", "trial_id": 25, "state": 1, "values": [4.131166031985409], "datetime_complete": "2023-03-01T16:20:20.283503"}
{"op_code": 4, "worker_id": "59f1a202-9609-4286-a92a-0356cccf4550-140596976658240", "study_id": 0, "datetime_start": "2023-03-01T16:19:48.072367"}
{"op_code": 5, "worker_id": "59f1a202-9609-4286-a92a-0356cccf4550-140596976658240", "trial_id": 28, "param_name": "trend", "param_value_internal": 8.0, "distribution": "{\"name\": \"IntDistribution\", \"attributes\": {\"log\": false, \"step\": 1, \"low\": 1, \"high\": 20}}"}
{"op_code": 6, "worker_id": "2968e614-0336-434e-9252-d26c73b3f8d3-140182132287296", "trial_id": 26, "state": 1, "values": [4.131166031985409], "datetime_complete": "2023-03-01T16:20:21.345552"}
{"op_code": 4, "worker_id": "84ff25d0-c6d7-43c0-9a70-0b294f1155ae-139855488649024", "study_id": 0, "datetime_start": "2023-03-01T16:19:48.051202"}
{"op_code": 4, "worker_id": "96a7b577-c198-4e8d-bf3b-0433836e4241-140600232003392", "study_id": 0, "datetime_start": "2023-03-01T16:19:48.132260"}
{"op_code": 5, "worker_id": "84ff25d0-c6d7-43c0-9a70-0b294f1155ae-139855488649024", "trial_id": 29, "param_name": "trend", "param_value_internal": 9.0, "distribution": "{\"name\": \"IntDistribution\", \"attributes\": {\"log\": false, \"step\": 1, \"low\": 1, \"high\": 20}}"}
{"op_code": 5, "worker_id": "96a7b577-c198-4e8d-bf3b-0433836e4241-140600232003392", "trial_id": 30, "param_name": "trend", "param_value_internal": 9.0, "distribution": "{\"name\": \"IntDistribution\", \"attributes\": {\"log\": false, \"step\": 1, \"low\": 1, \"high\": 20}}"}
{"op_code": 6, "worker_id": "f7842f3c-bba2-4012-a935-294e3f50ae64-140532739635008", "trial_id": 27, "state": 1, "values": [4.131166031985409], "datetime_complete": "2023-03-01T16:20:22.407050"}
{"op_code": 6, "worker_id": "59f1a202-9609-4286-a92a-0356cccf4550-140596976658240", "trial_id": 28, "state": 1, "values": [5.182438091900722], "datetime_complete": "2023-03-01T16:20:23.368338"}
{"op_code": 4, "worker_id": "c211e163-4055-4439-97e4-53639cc70238-139997449307968", "study_id": 0, "datetime_start": "2023-03-01T16:19:48.053729"}
{"op_code": 5, "worker_id": "c211e163-4055-4439-97e4-53639cc70238-139997449307968", "trial_id": 31, "param_name": "trend", "param_value_internal": 14.0, "distribution": "{\"name\": \"IntDistribution\", \"attributes\": {\"log\": false, \"step\": 1, \"low\": 1, \"high\": 20}}"}
{"op_code": 6, "worker_id": "84ff25d0-c6d7-43c0-9a70-0b294f1155ae-139855488649024", "trial_id": 29, "state": 1, "values": [5.2068770120135], "datetime_complete": "2023-03-01T16:20:24.661786"}
{"op_code": 6, "worker_id": "96a7b577-c198-4e8d-bf3b-0433836e4241-140600232003392", "trial_id": 30, "state": 1, "values": [5.2068770120135], "datetime_complete": "2023-03-01T16:20:25.025310"}
{"op_code": 4, "worker_id": "37ba2b13-0d1f-47b1-85d9-8ad87ab3ca1b-140268880394048", "study_id": 0, "datetime_start": "2023-03-01T16:19:48.132137"}
{"op_code": 5, "worker_id": "37ba2b13-0d1f-47b1-85d9-8ad87ab3ca1b-140268880394048", "trial_id": 32, "param_name": "trend", "param_value_internal": 19.0, "distribution": "{\"name\": \"IntDistribution\", \"attributes\": {\"log\": false, \"step\": 1, \"low\": 1, \"high\": 20}}"}
{"op_code": 6, "worker_id": "c211e163-4055-4439-97e4-53639cc70238-139997449307968", "trial_id": 31, "state": 1, "values": [4.681128836179278], "datetime_complete": "2023-03-01T16:20:26.574804"}
{"op_code": 4, "worker_id": "9eb30247-0ee6-44a3-94a7-b89aaf5d874e-140708354369344", "study_id": 0, "datetime_start": "2023-03-01T16:19:48.132244"}
{"op_code": 5, "worker_id": "9eb30247-0ee6-44a3-94a7-b89aaf5d874e-140708354369344", "trial_id": 33, "param_name": "trend", "param_value_internal": 19.0, "distribution": "{\"name\": \"IntDistribution\", \"attributes\": {\"log\": false, \"step\": 1, \"low\": 1, \"high\": 20}}"}
{"op_code": 4, "worker_id": "bf96af0d-ea97-46c8-bbcd-cc8ebfb7ac1f-140165536958272", "study_id": 0, "datetime_start": "2023-03-01T16:19:48.132261"}
{"op_code": 5, "worker_id": "bf96af0d-ea97-46c8-bbcd-cc8ebfb7ac1f-140165536958272", "trial_id": 34, "param_name": "trend", "param_value_internal": 19.0, "distribution": "{\"name\": \"IntDistribution\", \"attributes\": {\"log\": false, \"step\": 1, \"low\": 1, \"high\": 20}}"}
{"op_code": 6, "worker_id": "37ba2b13-0d1f-47b1-85d9-8ad87ab3ca1b-140268880394048", "trial_id": 32, "state": 1, "values": [4.053397664362194], "datetime_complete": "2023-03-01T16:20:28.213293"}
{"op_code": 4, "worker_id": "914fa168-7e23-4560-8b1b-062dc1936fc3-139832060630848", "study_id": 0, "datetime_start": "2023-03-01T16:19:48.132312"}
{"op_code": 4, "worker_id": "40379677-1770-44a8-9a9a-ce446ad36693-139942598211392", "study_id": 0, "datetime_start": "2023-03-01T16:19:48.056999"}
{"op_code": 6, "worker_id": "9eb30247-0ee6-44a3-94a7-b89aaf5d874e-140708354369344", "trial_id": 33, "state": 1, "values": [4.053397664362194], "datetime_complete": "2023-03-01T16:20:29.468866"}
{"op_code": 5, "worker_id": "40379677-1770-44a8-9a9a-ce446ad36693-139942598211392", "trial_id": 36, "param_name": "trend", "param_value_internal": 17.0, "distribution": "{\"name\": \"IntDistribution\", \"attributes\": {\"log\": false, \"step\": 1, \"low\": 1, \"high\": 20}}"}
{"op_code": 5, "worker_id": "914fa168-7e23-4560-8b1b-062dc1936fc3-139832060630848", "trial_id": 35, "param_name": "trend", "param_value_internal": 16.0, "distribution": "{\"name\": \"IntDistribution\", \"attributes\": {\"log\": false, \"step\": 1, \"low\": 1, \"high\": 20}}"}
{"op_code": 6, "worker_id": "bf96af0d-ea97-46c8-bbcd-cc8ebfb7ac1f-140165536958272", "trial_id": 34, "state": 1, "values": [4.053397664362194], "datetime_complete": "2023-03-01T16:20:30.905260"}
{"op_code": 4, "worker_id": "fc02346a-9aee-45c4-a1eb-08b4d9252c4e-139999388784448", "study_id": 0, "datetime_start": "2023-03-01T16:19:48.061774"}
{"op_code": 5, "worker_id": "fc02346a-9aee-45c4-a1eb-08b4d9252c4e-139999388784448", "trial_id": 37, "param_name": "trend", "param_value_internal": 16.0, "distribution": "{\"name\": \"IntDistribution\", \"attributes\": {\"log\": false, \"step\": 1, \"low\": 1, \"high\": 20}}"}
{"op_code": 4, "worker_id": "3f443de6-975a-4668-9190-fb9b4a86810b-140028996519744", "study_id": 0, "datetime_start": "2023-03-01T16:19:48.132584"}
{"op_code": 5, "worker_id": "3f443de6-975a-4668-9190-fb9b4a86810b-140028996519744", "trial_id": 38, "param_name": "trend", "param_value_internal": 16.0, "distribution": "{\"name\": \"IntDistribution\", \"attributes\": {\"log\": false, \"step\": 1, \"low\": 1, \"high\": 20}}"}
{"op_code": 6, "worker_id": "40379677-1770-44a8-9a9a-ce446ad36693-139942598211392", "trial_id": 36, "state": 1, "values": [4.156315816576573], "datetime_complete": "2023-03-01T16:20:32.593761"}
{"op_code": 6, "worker_id": "914fa168-7e23-4560-8b1b-062dc1936fc3-139832060630848", "trial_id": 35, "state": 1, "values": [4.2852367432320895], "datetime_complete": "2023-03-01T16:20:32.956672"}
{"op_code": 4, "worker_id": "91b05bbe-2dd8-424c-836a-27b65c4b8c21-139943543519040", "study_id": 0, "datetime_start": "2023-03-01T16:19:48.132315"}
{"op_code": 5, "worker_id": "91b05bbe-2dd8-424c-836a-27b65c4b8c21-139943543519040", "trial_id": 39, "param_name": "trend", "param_value_internal": 16.0, "distribution": "{\"name\": \"IntDistribution\", \"attributes\": {\"log\": false, \"step\": 1, \"low\": 1, \"high\": 20}}"}
{"op_code": 6, "worker_id": "fc02346a-9aee-45c4-a1eb-08b4d9252c4e-139999388784448", "trial_id": 37, "state": 1, "values": [4.2852367432320895], "datetime_complete": "2023-03-01T16:20:33.785311"}
{"op_code": 4, "worker_id": "230a4b07-f1fc-43a7-bee1-9ca6f2c13c6b-140560380782400", "study_id": 0, "datetime_start": "2023-03-01T16:19:48.132253"}
{"op_code": 6, "worker_id": "3f443de6-975a-4668-9190-fb9b4a86810b-140028996519744", "trial_id": 38, "state": 1, "values": [4.2852367432320895], "datetime_complete": "2023-03-01T16:20:34.403999"}
{"op_code": 5, "worker_id": "230a4b07-f1fc-43a7-bee1-9ca6f2c13c6b-140560380782400", "trial_id": 40, "param_name": "trend", "param_value_internal": 14.0, "distribution": "{\"name\": \"IntDistribution\", \"attributes\": {\"log\": false, \"step\": 1, \"low\": 1, \"high\": 20}}"}
{"op_code": 6, "worker_id": "91b05bbe-2dd8-424c-836a-27b65c4b8c21-139943543519040", "trial_id": 39, "state": 1, "values": [4.2852367432320895], "datetime_complete": "2023-03-01T16:20:35.281585"}
{"op_code": 4, "worker_id": "19921257-1d0f-456e-a8bf-d195f09c98e6-139765814388544", "study_id": 0, "datetime_start": "2023-03-01T16:19:48.132252"}
{"op_code": 6, "worker_id": "230a4b07-f1fc-43a7-bee1-9ca6f2c13c6b-140560380782400", "trial_id": 40, "state": 1, "values": [4.681128836179278], "datetime_complete": "2023-03-01T16:20:36.669399"}
{"op_code": 5, "worker_id": "19921257-1d0f-456e-a8bf-d195f09c98e6-139765814388544", "trial_id": 41, "param_name": "trend", "param_value_internal": 14.0, "distribution": "{\"name\": \"IntDistribution\", \"attributes\": {\"log\": false, \"step\": 1, \"low\": 1, \"high\": 20}}"}
{"op_code": 4, "worker_id": "1fec46bf-0a26-4f5e-bd58-ff3612cf3f73-139883609773888", "study_id": 0, "datetime_start": "2023-03-01T16:19:48.132317"}
{"op_code": 5, "worker_id": "1fec46bf-0a26-4f5e-bd58-ff3612cf3f73-139883609773888", "trial_id": 42, "param_name": "trend", "param_value_internal": 20.0, "distribution": "{\"name\": \"IntDistribution\", \"attributes\": {\"log\": false, \"step\": 1, \"low\": 1, \"high\": 20}}"}
{"op_code": 4, "worker_id": "cbb1914f-7203-4db2-a934-25552a52d25b-140619859769152", "study_id": 0, "datetime_start": "2023-03-01T16:19:48.132364"}
{"op_code": 5, "worker_id": "cbb1914f-7203-4db2-a934-25552a52d25b-140619859769152", "trial_id": 43, "param_name": "trend", "param_value_internal": 20.0, "distribution": "{\"name\": \"IntDistribution\", \"attributes\": {\"log\": false, \"step\": 1, \"low\": 1, \"high\": 20}}"}
{"op_code": 6, "worker_id": "19921257-1d0f-456e-a8bf-d195f09c98e6-139765814388544", "trial_id": 41, "state": 1, "values": [4.681128836179278], "datetime_complete": "2023-03-01T16:20:39.254791"}
{"op_code": 4, "worker_id": "d501f591-b359-45c1-8320-37f1d1e6ecbe-140216434210624", "study_id": 0, "datetime_start": "2023-03-01T16:19:48.132259"}
{"op_code": 5, "worker_id": "d501f591-b359-45c1-8320-37f1d1e6ecbe-140216434210624", "trial_id": 44, "param_name": "trend", "param_value_internal": 20.0, "distribution": "{\"name\": \"IntDistribution\", \"attributes\": {\"log\": false, \"step\": 1, \"low\": 1, \"high\": 20}}"}
{"op_code": 6, "worker_id": "1fec46bf-0a26-4f5e-bd58-ff3612cf3f73-139883609773888", "trial_id": 42, "state": 1, "values": [3.9869180460658997], "datetime_complete": "2023-03-01T16:20:40.376621"}
{"op_code": 6, "worker_id": "cbb1914f-7203-4db2-a934-25552a52d25b-140619859769152", "trial_id": 43, "state": 1, "values": [3.9869180460658997], "datetime_complete": "2023-03-01T16:20:41.720921"}
{"op_code": 4, "worker_id": "7eaaf50a-7e16-4fa3-ae51-897a78405f32-140154472011584", "study_id": 0, "datetime_start": "2023-03-01T16:19:48.132435"}
{"op_code": 6, "worker_id": "d501f591-b359-45c1-8320-37f1d1e6ecbe-140216434210624", "trial_id": 44, "state": 1, "values": [3.9869180460658997], "datetime_complete": "2023-03-01T16:20:42.967514"}
{"op_code": 5, "worker_id": "7eaaf50a-7e16-4fa3-ae51-897a78405f32-140154472011584", "trial_id": 45, "param_name": "trend", "param_value_internal": 19.0, "distribution": "{\"name\": \"IntDistribution\", \"attributes\": {\"log\": false, \"step\": 1, \"low\": 1, \"high\": 20}}"}
{"op_code": 4, "worker_id": "4dd65f1e-d34d-4db0-8e99-1b4d2cfadf81-140490333624128", "study_id": 0, "datetime_start": "2023-03-01T16:19:48.136402"}
{"op_code": 5, "worker_id": "4dd65f1e-d34d-4db0-8e99-1b4d2cfadf81-140490333624128", "trial_id": 46, "param_name": "trend", "param_value_internal": 19.0, "distribution": "{\"name\": \"IntDistribution\", \"attributes\": {\"log\": false, \"step\": 1, \"low\": 1, \"high\": 20}}"}
{"op_code": 4, "worker_id": "8c2a99ae-de97-494d-842e-cea3dc98481a-140137270908736", "study_id": 0, "datetime_start": "2023-03-01T16:19:48.137452"}
{"op_code": 5, "worker_id": "8c2a99ae-de97-494d-842e-cea3dc98481a-140137270908736", "trial_id": 47, "param_name": "trend", "param_value_internal": 19.0, "distribution": "{\"name\": \"IntDistribution\", \"attributes\": {\"log\": false, \"step\": 1, \"low\": 1, \"high\": 20}}"}
{"op_code": 6, "worker_id": "7eaaf50a-7e16-4fa3-ae51-897a78405f32-140154472011584", "trial_id": 45, "state": 1, "values": [4.053397664362194], "datetime_complete": "2023-03-01T16:20:45.600303"}
{"op_code": 4, "worker_id": "14c92f8b-9fcf-4f5e-9676-3681831a40f7-139928333899584", "study_id": 0, "datetime_start": "2023-03-01T16:19:48.132584"}
{"op_code": 5, "worker_id": "14c92f8b-9fcf-4f5e-9676-3681831a40f7-139928333899584", "trial_id": 48, "param_name": "trend", "param_value_internal": 17.0, "distribution": "{\"name\": \"IntDistribution\", \"attributes\": {\"log\": false, \"step\": 1, \"low\": 1, \"high\": 20}}"}
{"op_code": 6, "worker_id": "4dd65f1e-d34d-4db0-8e99-1b4d2cfadf81-140490333624128", "trial_id": 46, "state": 1, "values": [4.053397664362194], "datetime_complete": "2023-03-01T16:20:46.721480"}
{"op_code": 4, "worker_id": "25d19481-4561-4ec1-9cdb-d947fc9f2e47-139940032972608", "study_id": 0, "datetime_start": "2023-03-01T16:19:48.134083"}
{"op_code": 6, "worker_id": "8c2a99ae-de97-494d-842e-cea3dc98481a-140137270908736", "trial_id": 47, "state": 1, "values": [4.053397664362194], "datetime_complete": "2023-03-01T16:20:47.673309"}
{"op_code": 5, "worker_id": "25d19481-4561-4ec1-9cdb-d947fc9f2e47-139940032972608", "trial_id": 49, "param_name": "trend", "param_value_internal": 17.0, "distribution": "{\"name\": \"IntDistribution\", \"attributes\": {\"log\": false, \"step\": 1, \"low\": 1, \"high\": 20}}"}
{"op_code": 6, "worker_id": "14c92f8b-9fcf-4f5e-9676-3681831a40f7-139928333899584", "trial_id": 48, "state": 1, "values": [4.156315816576573], "datetime_complete": "2023-03-01T16:20:48.684483"}
{"op_code": 6, "worker_id": "25d19481-4561-4ec1-9cdb-d947fc9f2e47-139940032972608", "trial_id": 49, "state": 1, "values": [4.156315816576573], "datetime_complete": "2023-03-01T16:20:50.006257"}
