{"op_code": 0, "worker_id": "a4bd6e8e-5169-4701-95cf-395ec8c0b2ce-140200024168256", "study_name": "Ross_Sea_regional_seperation_indiv_eq_sources_regional_comparison_DC_shift", "directions": [1]}
{"op_code": 4, "worker_id": "6eca9b0f-513b-44fd-a164-f9ce2a104b71-139855530997568", "study_id": 0, "datetime_start": "2023-03-08T16:56:02.422212"}
{"op_code": 4, "worker_id": "5d818ca4-3a48-423f-9bb5-f36137aae014-140387060385600", "study_id": 0, "datetime_start": "2023-03-08T16:56:02.607738"}
{"op_code": 5, "worker_id": "6eca9b0f-513b-44fd-a164-f9ce2a104b71-139855530997568", "trial_id": 0, "param_name": "eq_sources", "param_value_internal": 8460000.0, "distribution": "{\"name\": \"IntDistribution\", \"attributes\": {\"log\": false, \"step\": 10000, \"low\": 10000, \"high\": 10000000}}"}
{"op_code": 4, "worker_id": "d43d1961-b98b-48ba-b9b4-817dbecf6139-139945685509952", "study_id": 0, "datetime_start": "2023-03-08T16:56:02.457563"}
{"op_code": 5, "worker_id": "5d818ca4-3a48-423f-9bb5-f36137aae014-140387060385600", "trial_id": 1, "param_name": "eq_sources", "param_value_internal": 8950000.0, "distribution": "{\"name\": \"IntDistribution\", \"attributes\": {\"log\": false, \"step\": 10000, \"low\": 10000, \"high\": 10000000}}"}
{"op_code": 4, "worker_id": "d09da8f5-fcf8-449e-80d1-2200ad0aa694-140210191505216", "study_id": 0, "datetime_start": "2023-03-08T16:56:02.425422"}
{"op_code": 5, "worker_id": "d43d1961-b98b-48ba-b9b4-817dbecf6139-139945685509952", "trial_id": 2, "param_name": "eq_sources", "param_value_internal": 850000.0, "distribution": "{\"name\": \"IntDistribution\", \"attributes\": {\"log\": false, \"step\": 10000, \"low\": 10000, \"high\": 10000000}}"}
{"op_code": 5, "worker_id": "d09da8f5-fcf8-449e-80d1-2200ad0aa694-140210191505216", "trial_id": 3, "param_name": "eq_sources", "param_value_internal": 8960000.0, "distribution": "{\"name\": \"IntDistribution\", \"attributes\": {\"log\": false, \"step\": 10000, \"low\": 10000, \"high\": 10000000}}"}
{"op_code": 4, "worker_id": "ee3830bf-0e0c-4d68-ad2b-bf6b8707291a-140055851882304", "study_id": 0, "datetime_start": "2023-03-08T16:56:02.428948"}
{"op_code": 5, "worker_id": "ee3830bf-0e0c-4d68-ad2b-bf6b8707291a-140055851882304", "trial_id": 4, "param_name": "eq_sources", "param_value_internal": 5600000.0, "distribution": "{\"name\": \"IntDistribution\", \"attributes\": {\"log\": false, \"step\": 10000, \"low\": 10000, \"high\": 10000000}}"}
{"op_code": 4, "worker_id": "3837a24d-5882-45fa-aba6-23f161814740-140586190202688", "study_id": 0, "datetime_start": "2023-03-08T16:56:02.467558"}
{"op_code": 6, "worker_id": "6eca9b0f-513b-44fd-a164-f9ce2a104b71-139855530997568", "trial_id": 0, "state": 1, "values": [5.799831390374999], "datetime_complete": "2023-03-08T16:56:05.364770"}
{"op_code": 5, "worker_id": "3837a24d-5882-45fa-aba6-23f161814740-140586190202688", "trial_id": 5, "param_name": "eq_sources", "param_value_internal": 700000.0, "distribution": "{\"name\": \"IntDistribution\", \"attributes\": {\"log\": false, \"step\": 10000, \"low\": 10000, \"high\": 10000000}}"}
{"op_code": 6, "worker_id": "5d818ca4-3a48-423f-9bb5-f36137aae014-140387060385600", "trial_id": 1, "state": 1, "values": [5.778850555449999], "datetime_complete": "2023-03-08T16:56:05.746174"}
{"op_code": 6, "worker_id": "d43d1961-b98b-48ba-b9b4-817dbecf6139-139945685509952", "trial_id": 2, "state": 1, "values": [5.141138076775], "datetime_complete": "2023-03-08T16:56:06.096574"}
{"op_code": 6, "worker_id": "d09da8f5-fcf8-449e-80d1-2200ad0aa694-140210191505216", "trial_id": 3, "state": 1, "values": [5.78757572174], "datetime_complete": "2023-03-08T16:56:06.427072"}
{"op_code": 6, "worker_id": "ee3830bf-0e0c-4d68-ad2b-bf6b8707291a-140055851882304", "trial_id": 4, "state": 1, "values": [5.573820114099998], "datetime_complete": "2023-03-08T16:56:06.927399"}
{"op_code": 4, "worker_id": "ccbb208d-7b07-40ff-9f12-879fef8b6335-140682465773376", "study_id": 0, "datetime_start": "2023-03-08T16:56:02.433668"}
{"op_code": 5, "worker_id": "ccbb208d-7b07-40ff-9f12-879fef8b6335-140682465773376", "trial_id": 6, "param_name": "eq_sources", "param_value_internal": 8170000.0, "distribution": "{\"name\": \"IntDistribution\", \"attributes\": {\"log\": false, \"step\": 10000, \"low\": 10000, \"high\": 10000000}}"}
{"op_code": 6, "worker_id": "3837a24d-5882-45fa-aba6-23f161814740-140586190202688", "trial_id": 5, "state": 1, "values": [5.0317273139975], "datetime_complete": "2023-03-08T16:56:07.903037"}
{"op_code": 4, "worker_id": "3e21c8db-7a7a-46e3-920e-756fc34e9c69-140216354568000", "study_id": 0, "datetime_start": "2023-03-08T16:56:02.435144"}
{"op_code": 5, "worker_id": "3e21c8db-7a7a-46e3-920e-756fc34e9c69-140216354568000", "trial_id": 7, "param_name": "eq_sources", "param_value_internal": 120000.0, "distribution": "{\"name\": \"IntDistribution\", \"attributes\": {\"log\": false, \"step\": 10000, \"low\": 10000, \"high\": 10000000}}"}
{"op_code": 4, "worker_id": "2bb86ed8-d463-4fb8-b1fa-830c411de8dd-139935797884736", "study_id": 0, "datetime_start": "2023-03-08T16:56:02.438121"}
{"op_code": 5, "worker_id": "2bb86ed8-d463-4fb8-b1fa-830c411de8dd-139935797884736", "trial_id": 8, "param_name": "eq_sources", "param_value_internal": 2900000.0, "distribution": "{\"name\": \"IntDistribution\", \"attributes\": {\"log\": false, \"step\": 10000, \"low\": 10000, \"high\": 10000000}}"}
{"op_code": 6, "worker_id": "ccbb208d-7b07-40ff-9f12-879fef8b6335-140682465773376", "trial_id": 6, "state": 1, "values": [5.797754287724999], "datetime_complete": "2023-03-08T16:56:10.008487"}
{"op_code": 4, "worker_id": "377ffb3e-01be-4f7c-9e8c-9047bc6f7bce-140548917790528", "study_id": 0, "datetime_start": "2023-03-08T16:56:02.440574"}
{"op_code": 4, "worker_id": "03ba8edf-7f84-4871-9daf-919c28a634a3-139971476625216", "study_id": 0, "datetime_start": "2023-03-08T16:56:02.611910"}
{"op_code": 5, "worker_id": "377ffb3e-01be-4f7c-9e8c-9047bc6f7bce-140548917790528", "trial_id": 9, "param_name": "eq_sources", "param_value_internal": 5940000.0, "distribution": "{\"name\": \"IntDistribution\", \"attributes\": {\"log\": false, \"step\": 10000, \"low\": 10000, \"high\": 10000000}}"}
{"op_code": 5, "worker_id": "03ba8edf-7f84-4871-9daf-919c28a634a3-139971476625216", "trial_id": 10, "param_name": "eq_sources", "param_value_internal": 9340000.0, "distribution": "{\"name\": \"IntDistribution\", \"attributes\": {\"log\": false, \"step\": 10000, \"low\": 10000, \"high\": 10000000}}"}
{"op_code": 6, "worker_id": "3e21c8db-7a7a-46e3-920e-756fc34e9c69-140216354568000", "trial_id": 7, "state": 1, "values": [4.427037705237781], "datetime_complete": "2023-03-08T16:56:11.195974"}
{"op_code": 4, "worker_id": "e43471a4-3424-4e04-be22-1547796d05fc-139666425227072", "study_id": 0, "datetime_start": "2023-03-08T16:56:02.443520"}
{"op_code": 5, "worker_id": "e43471a4-3424-4e04-be22-1547796d05fc-139666425227072", "trial_id": 11, "param_name": "eq_sources", "param_value_internal": 510000.0, "distribution": "{\"name\": \"IntDistribution\", \"attributes\": {\"log\": false, \"step\": 10000, \"low\": 10000, \"high\": 10000000}}"}
{"op_code": 6, "worker_id": "2bb86ed8-d463-4fb8-b1fa-830c411de8dd-139935797884736", "trial_id": 8, "state": 1, "values": [6.7484140396], "datetime_complete": "2023-03-08T16:56:12.131156"}
{"op_code": 4, "worker_id": "ecca0218-d73f-4792-a41c-b8d700a46d1d-139993871492928", "study_id": 0, "datetime_start": "2023-03-08T16:56:02.446231"}
{"op_code": 4, "worker_id": "2788c049-9798-4b86-959e-652f6e124241-139868772202304", "study_id": 0, "datetime_start": "2023-03-08T16:56:02.487339"}
{"op_code": 5, "worker_id": "ecca0218-d73f-4792-a41c-b8d700a46d1d-139993871492928", "trial_id": 12, "param_name": "eq_sources", "param_value_internal": 5200000.0, "distribution": "{\"name\": \"IntDistribution\", \"attributes\": {\"log\": false, \"step\": 10000, \"low\": 10000, \"high\": 10000000}}"}
{"op_code": 5, "worker_id": "2788c049-9798-4b86-959e-652f6e124241-139868772202304", "trial_id": 13, "param_name": "eq_sources", "param_value_internal": 2670000.0, "distribution": "{\"name\": \"IntDistribution\", \"attributes\": {\"log\": false, \"step\": 10000, \"low\": 10000, \"high\": 10000000}}"}
{"op_code": 6, "worker_id": "377ffb3e-01be-4f7c-9e8c-9047bc6f7bce-140548917790528", "trial_id": 9, "state": 1, "values": [5.56883728504], "datetime_complete": "2023-03-08T16:56:13.338121"}
{"op_code": 6, "worker_id": "03ba8edf-7f84-4871-9daf-919c28a634a3-139971476625216", "trial_id": 10, "state": 1, "values": [5.7939109802], "datetime_complete": "2023-03-08T16:56:13.792715"}
{"op_code": 4, "worker_id": "627b76e3-f39a-49b8-872a-7af6e6555a76-140088169027392", "study_id": 0, "datetime_start": "2023-03-08T16:56:02.490883"}
{"op_code": 6, "worker_id": "e43471a4-3424-4e04-be22-1547796d05fc-139666425227072", "trial_id": 11, "state": 1, "values": [4.671233177186592], "datetime_complete": "2023-03-08T16:56:14.188906"}
{"op_code": 5, "worker_id": "627b76e3-f39a-49b8-872a-7af6e6555a76-140088169027392", "trial_id": 14, "param_name": "eq_sources", "param_value_internal": 2690000.0, "distribution": "{\"name\": \"IntDistribution\", \"attributes\": {\"log\": false, \"step\": 10000, \"low\": 10000, \"high\": 10000000}}"}
{"op_code": 4, "worker_id": "932cb8ee-dc7a-420b-90fb-afb5ffdd3ebf-139969871566656", "study_id": 0, "datetime_start": "2023-03-08T16:56:02.450037"}
{"op_code": 4, "worker_id": "fb53c9dd-5426-4e90-81ae-aea400d5abfb-139867443185472", "study_id": 0, "datetime_start": "2023-03-08T16:56:02.493118"}
{"op_code": 5, "worker_id": "932cb8ee-dc7a-420b-90fb-afb5ffdd3ebf-139969871566656", "trial_id": 15, "param_name": "eq_sources", "param_value_internal": 2990000.0, "distribution": "{\"name\": \"IntDistribution\", \"attributes\": {\"log\": false, \"step\": 10000, \"low\": 10000, \"high\": 10000000}}"}
{"op_code": 5, "worker_id": "fb53c9dd-5426-4e90-81ae-aea400d5abfb-139867443185472", "trial_id": 16, "param_name": "eq_sources", "param_value_internal": 2500000.0, "distribution": "{\"name\": \"IntDistribution\", \"attributes\": {\"log\": false, \"step\": 10000, \"low\": 10000, \"high\": 10000000}}"}
{"op_code": 6, "worker_id": "ecca0218-d73f-4792-a41c-b8d700a46d1d-139993871492928", "trial_id": 12, "state": 1, "values": [5.581001281699997], "datetime_complete": "2023-03-08T16:56:15.555534"}
{"op_code": 6, "worker_id": "2788c049-9798-4b86-959e-652f6e124241-139868772202304", "trial_id": 13, "state": 1, "values": [5.7487220764], "datetime_complete": "2023-03-08T16:56:15.652262"}
{"op_code": 6, "worker_id": "627b76e3-f39a-49b8-872a-7af6e6555a76-140088169027392", "trial_id": 14, "state": 1, "values": [5.811252594000003], "datetime_complete": "2023-03-08T16:56:16.802806"}
{"op_code": 4, "worker_id": "51c8cd85-0851-4dca-90b1-74833fc3b30a-140686445602624", "study_id": 0, "datetime_start": "2023-03-08T16:56:02.455555"}
{"op_code": 5, "worker_id": "51c8cd85-0851-4dca-90b1-74833fc3b30a-140686445602624", "trial_id": 17, "param_name": "eq_sources", "param_value_internal": 10000.0, "distribution": "{\"name\": \"IntDistribution\", \"attributes\": {\"log\": false, \"step\": 10000, \"low\": 10000, \"high\": 10000000}}"}
{"op_code": 4, "worker_id": "e288d447-dbaa-483d-8946-be32ac417ec6-139668419508032", "study_id": 0, "datetime_start": "2023-03-08T16:56:02.496197"}
{"op_code": 5, "worker_id": "e288d447-dbaa-483d-8946-be32ac417ec6-139668419508032", "trial_id": 18, "param_name": "eq_sources", "param_value_internal": 150000.0, "distribution": "{\"name\": \"IntDistribution\", \"attributes\": {\"log\": false, \"step\": 10000, \"low\": 10000, \"high\": 10000000}}"}
{"op_code": 6, "worker_id": "932cb8ee-dc7a-420b-90fb-afb5ffdd3ebf-139969871566656", "trial_id": 15, "state": 1, "values": [6.78404188156], "datetime_complete": "2023-03-08T16:56:17.999388"}
{"op_code": 6, "worker_id": "fb53c9dd-5426-4e90-81ae-aea400d5abfb-139867443185472", "trial_id": 16, "state": 1, "values": [6.67657804489], "datetime_complete": "2023-03-08T16:56:18.232761"}
{"op_code": 4, "worker_id": "9e717c4c-5c66-4c63-a95a-8aba339d0b02-140055891416896", "study_id": 0, "datetime_start": "2023-03-08T16:56:02.499182"}
{"op_code": 5, "worker_id": "9e717c4c-5c66-4c63-a95a-8aba339d0b02-140055891416896", "trial_id": 19, "param_name": "eq_sources", "param_value_internal": 310000.0, "distribution": "{\"name\": \"IntDistribution\", \"attributes\": {\"log\": false, \"step\": 10000, \"low\": 10000, \"high\": 10000000}}"}
{"op_code": 4, "worker_id": "755b4b65-1c63-4ebe-84e0-110ff0421c9c-139961340352320", "study_id": 0, "datetime_start": "2023-03-08T16:56:02.458581"}
{"op_code": 5, "worker_id": "755b4b65-1c63-4ebe-84e0-110ff0421c9c-139961340352320", "trial_id": 20, "param_name": "eq_sources", "param_value_internal": 160000.0, "distribution": "{\"name\": \"IntDistribution\", \"attributes\": {\"log\": false, \"step\": 10000, \"low\": 10000, \"high\": 10000000}}"}
{"op_code": 6, "worker_id": "51c8cd85-0851-4dca-90b1-74833fc3b30a-140686445602624", "trial_id": 17, "state": 1, "values": [4.626893665511236], "datetime_complete": "2023-03-08T16:56:19.397958"}
{"op_code": 4, "worker_id": "8ac71a89-3d93-47f6-9ce7-15f2555b7f8d-140029693392704", "study_id": 0, "datetime_start": "2023-03-08T16:56:02.502754"}
{"op_code": 5, "worker_id": "8ac71a89-3d93-47f6-9ce7-15f2555b7f8d-140029693392704", "trial_id": 21, "param_name": "eq_sources", "param_value_internal": 1560000.0, "distribution": "{\"name\": \"IntDistribution\", \"attributes\": {\"log\": false, \"step\": 10000, \"low\": 10000, \"high\": 10000000}}"}
{"op_code": 6, "worker_id": "e288d447-dbaa-483d-8946-be32ac417ec6-139668419508032", "trial_id": 18, "state": 1, "values": [4.434457400327614], "datetime_complete": "2023-03-08T16:56:20.029875"}
{"op_code": 4, "worker_id": "a84cbe22-268e-49fe-aae3-94e6026a3c44-140033681774400", "study_id": 0, "datetime_start": "2023-03-08T16:56:02.461438"}
{"op_code": 5, "worker_id": "a84cbe22-268e-49fe-aae3-94e6026a3c44-140033681774400", "trial_id": 22, "param_name": "eq_sources", "param_value_internal": 4040000.0, "distribution": "{\"name\": \"IntDistribution\", \"attributes\": {\"log\": false, \"step\": 10000, \"low\": 10000, \"high\": 10000000}}"}
{"op_code": 4, "worker_id": "01309397-46ca-413e-83e7-29f63ba76a84-140352972457792", "study_id": 0, "datetime_start": "2023-03-08T16:56:02.504880"}
{"op_code": 6, "worker_id": "9e717c4c-5c66-4c63-a95a-8aba339d0b02-140055891416896", "trial_id": 19, "state": 1, "values": [4.318235021503529], "datetime_complete": "2023-03-08T16:56:20.994264"}
{"op_code": 5, "worker_id": "01309397-46ca-413e-83e7-29f63ba76a84-140352972457792", "trial_id": 23, "param_name": "eq_sources", "param_value_internal": 1630000.0, "distribution": "{\"name\": \"IntDistribution\", \"attributes\": {\"log\": false, \"step\": 10000, \"low\": 10000, \"high\": 10000000}}"}
{"op_code": 6, "worker_id": "755b4b65-1c63-4ebe-84e0-110ff0421c9c-139961340352320", "trial_id": 20, "state": 1, "values": [4.406833567388757], "datetime_complete": "2023-03-08T16:56:21.504069"}
{"op_code": 4, "worker_id": "411bcbde-d71a-4bdd-912c-23a2bed98274-139732514137920", "study_id": 0, "datetime_start": "2023-03-08T16:56:02.509216"}
{"op_code": 6, "worker_id": "8ac71a89-3d93-47f6-9ce7-15f2555b7f8d-140029693392704", "trial_id": 21, "state": 1, "values": [5.7770690917500005], "datetime_complete": "2023-03-08T16:56:22.328914"}
{"op_code": 5, "worker_id": "411bcbde-d71a-4bdd-912c-23a2bed98274-139732514137920", "trial_id": 24, "param_name": "eq_sources", "param_value_internal": 4020000.0, "distribution": "{\"name\": \"IntDistribution\", \"attributes\": {\"log\": false, \"step\": 10000, \"low\": 10000, \"high\": 10000000}}"}
{"op_code": 6, "worker_id": "a84cbe22-268e-49fe-aae3-94e6026a3c44-140033681774400", "trial_id": 22, "state": 1, "values": [5.574015617400001], "datetime_complete": "2023-03-08T16:56:23.026006"}
{"op_code": 4, "worker_id": "2997c570-3a30-42f9-9ed1-b556fcfc0ec1-140444601771840", "study_id": 0, "datetime_start": "2023-03-08T16:56:02.512292"}
{"op_code": 5, "worker_id": "2997c570-3a30-42f9-9ed1-b556fcfc0ec1-140444601771840", "trial_id": 25, "param_name": "eq_sources", "param_value_internal": 1630000.0, "distribution": "{\"name\": \"IntDistribution\", \"attributes\": {\"log\": false, \"step\": 10000, \"low\": 10000, \"high\": 10000000}}"}
{"op_code": 6, "worker_id": "01309397-46ca-413e-83e7-29f63ba76a84-140352972457792", "trial_id": 23, "state": 1, "values": [6.027031898500001], "datetime_complete": "2023-03-08T16:56:23.931349"}
{"op_code": 4, "worker_id": "08414296-90b2-48b7-95e0-2f3632647bdf-140489593775936", "study_id": 0, "datetime_start": "2023-03-08T16:56:02.517338"}
{"op_code": 6, "worker_id": "411bcbde-d71a-4bdd-912c-23a2bed98274-139732514137920", "trial_id": 24, "state": 1, "values": [5.519367217999999], "datetime_complete": "2023-03-08T16:56:24.662826"}
{"op_code": 5, "worker_id": "08414296-90b2-48b7-95e0-2f3632647bdf-140489593775936", "trial_id": 26, "param_name": "eq_sources", "param_value_internal": 6780000.0, "distribution": "{\"name\": \"IntDistribution\", \"attributes\": {\"log\": false, \"step\": 10000, \"low\": 10000, \"high\": 10000000}}"}
{"op_code": 4, "worker_id": "a0ee752e-fff3-4576-9eb9-ed3ac4accab9-140380464088896", "study_id": 0, "datetime_start": "2023-03-08T16:56:02.521917"}
{"op_code": 4, "worker_id": "9b5a4c92-693b-4004-96eb-01a91bfd2a42-140567381182272", "study_id": 0, "datetime_start": "2023-03-08T16:56:02.558657"}
{"op_code": 5, "worker_id": "a0ee752e-fff3-4576-9eb9-ed3ac4accab9-140380464088896", "trial_id": 27, "param_name": "eq_sources", "param_value_internal": 1390000.0, "distribution": "{\"name\": \"IntDistribution\", \"attributes\": {\"log\": false, \"step\": 10000, \"low\": 10000, \"high\": 10000000}}"}
{"op_code": 5, "worker_id": "9b5a4c92-693b-4004-96eb-01a91bfd2a42-140567381182272", "trial_id": 28, "param_name": "eq_sources", "param_value_internal": 1560000.0, "distribution": "{\"name\": \"IntDistribution\", \"attributes\": {\"log\": false, \"step\": 10000, \"low\": 10000, \"high\": 10000000}}"}
{"op_code": 6, "worker_id": "2997c570-3a30-42f9-9ed1-b556fcfc0ec1-140444601771840", "trial_id": 25, "state": 1, "values": [6.027031898500001], "datetime_complete": "2023-03-08T16:56:26.149633"}
{"op_code": 4, "worker_id": "23c3b24a-2bbb-4479-8654-277e6ae1f8de-140342754330432", "study_id": 0, "datetime_start": "2023-03-08T16:56:02.611680"}
{"op_code": 5, "worker_id": "23c3b24a-2bbb-4479-8654-277e6ae1f8de-140342754330432", "trial_id": 29, "param_name": "eq_sources", "param_value_internal": 7040000.0, "distribution": "{\"name\": \"IntDistribution\", \"attributes\": {\"log\": false, \"step\": 10000, \"low\": 10000, \"high\": 10000000}}"}
{"op_code": 6, "worker_id": "08414296-90b2-48b7-95e0-2f3632647bdf-140489593775936", "trial_id": 26, "state": 1, "values": [5.2543392181], "datetime_complete": "2023-03-08T16:56:26.920321"}
{"op_code": 4, "worker_id": "4e1f8616-558c-4b6e-8830-25848366a456-140511847438144", "study_id": 0, "datetime_start": "2023-03-08T16:56:02.522928"}
{"op_code": 5, "worker_id": "4e1f8616-558c-4b6e-8830-25848366a456-140511847438144", "trial_id": 30, "param_name": "eq_sources", "param_value_internal": 1230000.0, "distribution": "{\"name\": \"IntDistribution\", \"attributes\": {\"log\": false, \"step\": 10000, \"low\": 10000, \"high\": 10000000}}"}
{"op_code": 6, "worker_id": "a0ee752e-fff3-4576-9eb9-ed3ac4accab9-140380464088896", "trial_id": 27, "state": 1, "values": [6.920741081199999], "datetime_complete": "2023-03-08T16:56:28.275132"}
{"op_code": 6, "worker_id": "9b5a4c92-693b-4004-96eb-01a91bfd2a42-140567381182272", "trial_id": 28, "state": 1, "values": [5.7770690917500005], "datetime_complete": "2023-03-08T16:56:28.391706"}
{"op_code": 4, "worker_id": "cdbc7728-c751-40fe-9f35-ba938786b087-140428511274816", "study_id": 0, "datetime_start": "2023-03-08T16:56:02.611715"}
{"op_code": 6, "worker_id": "23c3b24a-2bbb-4479-8654-277e6ae1f8de-140342754330432", "trial_id": 29, "state": 1, "values": [5.609428405799999], "datetime_complete": "2023-03-08T16:56:28.966135"}
{"op_code": 5, "worker_id": "cdbc7728-c751-40fe-9f35-ba938786b087-140428511274816", "trial_id": 31, "param_name": "eq_sources", "param_value_internal": 4040000.0, "distribution": "{\"name\": \"IntDistribution\", \"attributes\": {\"log\": false, \"step\": 10000, \"low\": 10000, \"high\": 10000000}}"}
{"op_code": 4, "worker_id": "b49dadfa-9fde-42ce-8ef1-602d5adfc5d9-140039294183232", "study_id": 0, "datetime_start": "2023-03-08T16:56:02.525809"}
{"op_code": 5, "worker_id": "b49dadfa-9fde-42ce-8ef1-602d5adfc5d9-140039294183232", "trial_id": 32, "param_name": "eq_sources", "param_value_internal": 3700000.0, "distribution": "{\"name\": \"IntDistribution\", \"attributes\": {\"log\": false, \"step\": 10000, \"low\": 10000, \"high\": 10000000}}"}
{"op_code": 6, "worker_id": "4e1f8616-558c-4b6e-8830-25848366a456-140511847438144", "trial_id": 30, "state": 1, "values": [5.23973464965], "datetime_complete": "2023-03-08T16:56:30.024257"}
{"op_code": 4, "worker_id": "2f274751-a741-4b4e-a1a1-ffdd2ee80209-139783673980736", "study_id": 0, "datetime_start": "2023-03-08T16:56:02.528851"}
{"op_code": 5, "worker_id": "2f274751-a741-4b4e-a1a1-ffdd2ee80209-139783673980736", "trial_id": 33, "param_name": "eq_sources", "param_value_internal": 50000.0, "distribution": "{\"name\": \"IntDistribution\", \"attributes\": {\"log\": false, \"step\": 10000, \"low\": 10000, \"high\": 10000000}}"}
{"op_code": 6, "worker_id": "cdbc7728-c751-40fe-9f35-ba938786b087-140428511274816", "trial_id": 31, "state": 1, "values": [5.574015617400001], "datetime_complete": "2023-03-08T16:56:31.553320"}
{"op_code": 4, "worker_id": "96fd284c-caf5-481a-9d71-32c86c16f20f-139946848466752", "study_id": 0, "datetime_start": "2023-03-08T16:56:02.531279"}
{"op_code": 4, "worker_id": "46815e6f-653c-4fd9-b510-f8177684d00b-140612432017216", "study_id": 0, "datetime_start": "2023-03-08T16:56:02.611718"}
{"op_code": 6, "worker_id": "b49dadfa-9fde-42ce-8ef1-602d5adfc5d9-140039294183232", "trial_id": 32, "state": 1, "values": [6.420215606700001], "datetime_complete": "2023-03-08T16:56:31.931858"}
{"op_code": 5, "worker_id": "46815e6f-653c-4fd9-b510-f8177684d00b-140612432017216", "trial_id": 35, "param_name": "eq_sources", "param_value_internal": 160000.0, "distribution": "{\"name\": \"IntDistribution\", \"attributes\": {\"log\": false, \"step\": 10000, \"low\": 10000, \"high\": 10000000}}"}
{"op_code": 5, "worker_id": "96fd284c-caf5-481a-9d71-32c86c16f20f-139946848466752", "trial_id": 34, "param_name": "eq_sources", "param_value_internal": 410000.0, "distribution": "{\"name\": \"IntDistribution\", \"attributes\": {\"log\": false, \"step\": 10000, \"low\": 10000, \"high\": 10000000}}"}
{"op_code": 6, "worker_id": "2f274751-a741-4b4e-a1a1-ffdd2ee80209-139783673980736", "trial_id": 33, "state": 1, "values": [4.337606078478149], "datetime_complete": "2023-03-08T16:56:33.627007"}
{"op_code": 4, "worker_id": "eef293a1-bd49-4d7f-8982-52c6a0bc2eff-139981929830208", "study_id": 0, "datetime_start": "2023-03-08T16:56:02.535359"}
{"op_code": 4, "worker_id": "83f15d8f-d704-4f1d-b0a2-9cb32cb01bc0-140342517409600", "study_id": 0, "datetime_start": "2023-03-08T16:56:02.464719"}
{"op_code": 5, "worker_id": "eef293a1-bd49-4d7f-8982-52c6a0bc2eff-139981929830208", "trial_id": 36, "param_name": "eq_sources", "param_value_internal": 840000.0, "distribution": "{\"name\": \"IntDistribution\", \"attributes\": {\"log\": false, \"step\": 10000, \"low\": 10000, \"high\": 10000000}}"}
{"op_code": 5, "worker_id": "83f15d8f-d704-4f1d-b0a2-9cb32cb01bc0-140342517409600", "trial_id": 37, "param_name": "eq_sources", "param_value_internal": 830000.0, "distribution": "{\"name\": \"IntDistribution\", \"attributes\": {\"log\": false, \"step\": 10000, \"low\": 10000, \"high\": 10000000}}"}
{"op_code": 4, "worker_id": "79950161-1997-426f-a7ea-0ba40a402d33-140111003449152", "study_id": 0, "datetime_start": "2023-03-08T16:56:02.536723"}
{"op_code": 6, "worker_id": "46815e6f-653c-4fd9-b510-f8177684d00b-140612432017216", "trial_id": 35, "state": 1, "values": [4.406833567388757], "datetime_complete": "2023-03-08T16:56:34.989551"}
{"op_code": 5, "worker_id": "79950161-1997-426f-a7ea-0ba40a402d33-140111003449152", "trial_id": 38, "param_name": "eq_sources", "param_value_internal": 790000.0, "distribution": "{\"name\": \"IntDistribution\", \"attributes\": {\"log\": false, \"step\": 10000, \"low\": 10000, \"high\": 10000000}}"}
{"op_code": 6, "worker_id": "96fd284c-caf5-481a-9d71-32c86c16f20f-139946848466752", "trial_id": 34, "state": 1, "values": [4.461565852210633], "datetime_complete": "2023-03-08T16:56:35.159682"}
{"op_code": 4, "worker_id": "b5dba30b-dc17-4bc3-8ab5-01ede5e26f78-140308346836800", "study_id": 0, "datetime_start": "2023-03-08T16:56:02.540565"}
{"op_code": 5, "worker_id": "b5dba30b-dc17-4bc3-8ab5-01ede5e26f78-140308346836800", "trial_id": 39, "param_name": "eq_sources", "param_value_internal": 1020000.0, "distribution": "{\"name\": \"IntDistribution\", \"attributes\": {\"log\": false, \"step\": 10000, \"low\": 10000, \"high\": 10000000}}"}
{"op_code": 6, "worker_id": "eef293a1-bd49-4d7f-8982-52c6a0bc2eff-139981929830208", "trial_id": 36, "state": 1, "values": [5.137052535999999], "datetime_complete": "2023-03-08T16:56:36.437478"}
{"op_code": 6, "worker_id": "83f15d8f-d704-4f1d-b0a2-9cb32cb01bc0-140342517409600", "trial_id": 37, "state": 1, "values": [5.329745292681251], "datetime_complete": "2023-03-08T16:56:36.573153"}
{"op_code": 4, "worker_id": "61fff3fc-52b5-4a56-948a-0a804ab0b809-139936068618048", "study_id": 0, "datetime_start": "2023-03-08T16:56:02.543847"}
{"op_code": 4, "worker_id": "7e12483b-9e22-4952-9c68-33ad00411c7c-139811878623040", "study_id": 0, "datetime_start": "2023-03-08T16:56:02.472183"}
{"op_code": 5, "worker_id": "61fff3fc-52b5-4a56-948a-0a804ab0b809-139936068618048", "trial_id": 40, "param_name": "eq_sources", "param_value_internal": 2080000.0, "distribution": "{\"name\": \"IntDistribution\", \"attributes\": {\"log\": false, \"step\": 10000, \"low\": 10000, \"high\": 10000000}}"}
{"op_code": 5, "worker_id": "7e12483b-9e22-4952-9c68-33ad00411c7c-139811878623040", "trial_id": 41, "param_name": "eq_sources", "param_value_internal": 2120000.0, "distribution": "{\"name\": \"IntDistribution\", \"attributes\": {\"log\": false, \"step\": 10000, \"low\": 10000, \"high\": 10000000}}"}
{"op_code": 6, "worker_id": "79950161-1997-426f-a7ea-0ba40a402d33-140111003449152", "trial_id": 38, "state": 1, "values": [5.2660388946499985], "datetime_complete": "2023-03-08T16:56:37.420193"}
{"op_code": 4, "worker_id": "8a98e047-d720-4100-af7c-697dd70c319f-140669739722560", "study_id": 0, "datetime_start": "2023-03-08T16:56:02.550380"}
{"op_code": 6, "worker_id": "b5dba30b-dc17-4bc3-8ab5-01ede5e26f78-140308346836800", "trial_id": 39, "state": 1, "values": [4.5745334625], "datetime_complete": "2023-03-08T16:56:38.234408"}
{"op_code": 5, "worker_id": "8a98e047-d720-4100-af7c-697dd70c319f-140669739722560", "trial_id": 42, "param_name": "eq_sources", "param_value_internal": 2110000.0, "distribution": "{\"name\": \"IntDistribution\", \"attributes\": {\"log\": false, \"step\": 10000, \"low\": 10000, \"high\": 10000000}}"}
{"op_code": 4, "worker_id": "727455e3-a8ec-4f41-b68e-aaccec19ce16-140277583374144", "study_id": 0, "datetime_start": "2023-03-08T16:56:02.546909"}
{"op_code": 4, "worker_id": "6fa4d03b-a9ef-4a79-a118-c8bb1da658e5-139727682975552", "study_id": 0, "datetime_start": "2023-03-08T16:56:02.479596"}
{"op_code": 5, "worker_id": "727455e3-a8ec-4f41-b68e-aaccec19ce16-140277583374144", "trial_id": 43, "param_name": "eq_sources", "param_value_internal": 2110000.0, "distribution": "{\"name\": \"IntDistribution\", \"attributes\": {\"log\": false, \"step\": 10000, \"low\": 10000, \"high\": 10000000}}"}
{"op_code": 6, "worker_id": "61fff3fc-52b5-4a56-948a-0a804ab0b809-139936068618048", "trial_id": 40, "state": 1, "values": [6.358116149899999], "datetime_complete": "2023-03-08T16:56:39.596857"}
{"op_code": 6, "worker_id": "7e12483b-9e22-4952-9c68-33ad00411c7c-139811878623040", "trial_id": 41, "state": 1, "values": [6.90154075623], "datetime_complete": "2023-03-08T16:56:39.891305"}
{"op_code": 5, "worker_id": "6fa4d03b-a9ef-4a79-a118-c8bb1da658e5-139727682975552", "trial_id": 44, "param_name": "eq_sources", "param_value_internal": 2110000.0, "distribution": "{\"name\": \"IntDistribution\", \"attributes\": {\"log\": false, \"step\": 10000, \"low\": 10000, \"high\": 10000000}}"}
{"op_code": 4, "worker_id": "71bcaf3c-f076-478b-95cd-120e7bcdb2cb-140685025228608", "study_id": 0, "datetime_start": "2023-03-08T16:56:02.484227"}
{"op_code": 5, "worker_id": "71bcaf3c-f076-478b-95cd-120e7bcdb2cb-140685025228608", "trial_id": 45, "param_name": "eq_sources", "param_value_internal": 160000.0, "distribution": "{\"name\": \"IntDistribution\", \"attributes\": {\"log\": false, \"step\": 10000, \"low\": 10000, \"high\": 10000000}}"}
{"op_code": 6, "worker_id": "8a98e047-d720-4100-af7c-697dd70c319f-140669739722560", "trial_id": 42, "state": 1, "values": [6.7855396271], "datetime_complete": "2023-03-08T16:56:40.808763"}
{"op_code": 4, "worker_id": "64c91f11-759e-4c57-96cd-dea0c7ef3af9-139785432954688", "study_id": 0, "datetime_start": "2023-03-08T16:56:02.551808"}
{"op_code": 5, "worker_id": "64c91f11-759e-4c57-96cd-dea0c7ef3af9-139785432954688", "trial_id": 46, "param_name": "eq_sources", "param_value_internal": 140000.0, "distribution": "{\"name\": \"IntDistribution\", \"attributes\": {\"log\": false, \"step\": 10000, \"low\": 10000, \"high\": 10000000}}"}
{"op_code": 4, "worker_id": "beb0172c-0591-46e9-a828-668b3e80d6d5-139719332484928", "study_id": 0, "datetime_start": "2023-03-08T16:56:02.479892"}
{"op_code": 6, "worker_id": "727455e3-a8ec-4f41-b68e-aaccec19ce16-140277583374144", "trial_id": 43, "state": 1, "values": [6.7855396271], "datetime_complete": "2023-03-08T16:56:41.666917"}
{"op_code": 5, "worker_id": "beb0172c-0591-46e9-a828-668b3e80d6d5-139719332484928", "trial_id": 47, "param_name": "eq_sources", "param_value_internal": 70000.0, "distribution": "{\"name\": \"IntDistribution\", \"attributes\": {\"log\": false, \"step\": 10000, \"low\": 10000, \"high\": 10000000}}"}
{"op_code": 6, "worker_id": "6fa4d03b-a9ef-4a79-a118-c8bb1da658e5-139727682975552", "trial_id": 44, "state": 1, "values": [6.7855396271], "datetime_complete": "2023-03-08T16:56:42.235276"}
{"op_code": 4, "worker_id": "4b153b0b-dfd1-4665-8a4c-c8e08cb48865-140051523815232", "study_id": 0, "datetime_start": "2023-03-08T16:56:02.481457"}
{"op_code": 5, "worker_id": "4b153b0b-dfd1-4665-8a4c-c8e08cb48865-140051523815232", "trial_id": 48, "param_name": "eq_sources", "param_value_internal": 150000.0, "distribution": "{\"name\": \"IntDistribution\", \"attributes\": {\"log\": false, \"step\": 10000, \"low\": 10000, \"high\": 10000000}}"}
{"op_code": 6, "worker_id": "71bcaf3c-f076-478b-95cd-120e7bcdb2cb-140685025228608", "trial_id": 45, "state": 1, "values": [4.406833567388757], "datetime_complete": "2023-03-08T16:56:43.105801"}
{"op_code": 6, "worker_id": "64c91f11-759e-4c57-96cd-dea0c7ef3af9-139785432954688", "trial_id": 46, "state": 1, "values": [4.4482973729627435], "datetime_complete": "2023-03-08T16:56:43.647430"}
{"op_code": 4, "worker_id": "ffd3d926-f1f2-462f-a2ee-4dcf5014d4d6-140238919939904", "study_id": 0, "datetime_start": "2023-03-08T16:56:02.556200"}
{"op_code": 6, "worker_id": "beb0172c-0591-46e9-a828-668b3e80d6d5-139719332484928", "trial_id": 47, "state": 1, "values": [4.353076359506918], "datetime_complete": "2023-03-08T16:56:44.590550"}
{"op_code": 5, "worker_id": "ffd3d926-f1f2-462f-a2ee-4dcf5014d4d6-140238919939904", "trial_id": 49, "param_name": "eq_sources", "param_value_internal": 540000.0, "distribution": "{\"name\": \"IntDistribution\", \"attributes\": {\"log\": false, \"step\": 10000, \"low\": 10000, \"high\": 10000000}}"}
{"op_code": 6, "worker_id": "4b153b0b-dfd1-4665-8a4c-c8e08cb48865-140051523815232", "trial_id": 48, "state": 1, "values": [4.434457400327614], "datetime_complete": "2023-03-08T16:56:45.225446"}
{"op_code": 6, "worker_id": "ffd3d926-f1f2-462f-a2ee-4dcf5014d4d6-140238919939904", "trial_id": 49, "state": 1, "values": [4.7182970047027535], "datetime_complete": "2023-03-08T16:56:47.015143"}
