{"op_code": 0, "worker_id": "b0e2ec8c-cde2-4a04-ab2d-0d291f431e99-140485416048448", "study_name": "Ross_Sea_regional_seperation_indiv_constraints_regional_comparison", "directions": [1]}
{"op_code": 4, "worker_id": "bf34a7e0-a469-4934-999a-fb42528315c7-140478539622208", "study_id": 0, "datetime_start": "2023-03-01T16:20:50.861390"}
{"op_code": 4, "worker_id": "123dce56-3ec2-41d7-b588-f3c00fbde158-139883609773888", "study_id": 0, "datetime_start": "2023-03-01T16:20:50.995543"}
{"op_code": 5, "worker_id": "bf34a7e0-a469-4934-999a-fb42528315c7-140478539622208", "trial_id": 0, "param_name": "constraints", "param_value_internal": 0.68, "distribution": "{\"name\": \"FloatDistribution\", \"attributes\": {\"step\": 0.01, \"low\": 0.0, \"high\": 1.0, \"log\": false}}"}
{"op_code": 5, "worker_id": "123dce56-3ec2-41d7-b588-f3c00fbde158-139883609773888", "trial_id": 1, "param_name": "constraints", "param_value_internal": 0.19, "distribution": "{\"name\": \"FloatDistribution\", \"attributes\": {\"step\": 0.01, \"low\": 0.0, \"high\": 1.0, \"log\": false}}"}
{"op_code": 4, "worker_id": "43501c62-ed25-46ab-ac68-44a1102fce12-139896748631872", "study_id": 0, "datetime_start": "2023-03-01T16:20:50.864265"}
{"op_code": 4, "worker_id": "9f65e9a7-a638-4a17-b508-3a9fe9c1fa04-140521058293568", "study_id": 0, "datetime_start": "2023-03-01T16:20:50.995658"}
{"op_code": 5, "worker_id": "43501c62-ed25-46ab-ac68-44a1102fce12-139896748631872", "trial_id": 2, "param_name": "constraints", "param_value_internal": 0.31, "distribution": "{\"name\": \"FloatDistribution\", \"attributes\": {\"step\": 0.01, \"low\": 0.0, \"high\": 1.0, \"log\": false}}"}
{"op_code": 5, "worker_id": "9f65e9a7-a638-4a17-b508-3a9fe9c1fa04-140521058293568", "trial_id": 3, "param_name": "constraints", "param_value_internal": 0.9, "distribution": "{\"name\": \"FloatDistribution\", \"attributes\": {\"step\": 0.01, \"low\": 0.0, \"high\": 1.0, \"log\": false}}"}
{"op_code": 4, "worker_id": "f25a4dc2-56d6-40b7-8622-e0bcac303075-140600232003392", "study_id": 0, "datetime_start": "2023-03-01T16:20:50.995663"}
{"op_code": 5, "worker_id": "f25a4dc2-56d6-40b7-8622-e0bcac303075-140600232003392", "trial_id": 4, "param_name": "constraints", "param_value_internal": 0.59, "distribution": "{\"name\": \"FloatDistribution\", \"attributes\": {\"step\": 0.01, \"low\": 0.0, \"high\": 1.0, \"log\": false}}"}
{"op_code": 4, "worker_id": "f67f126b-4f9b-418b-bc7a-37cf4f3f3cf5-140708354369344", "study_id": 0, "datetime_start": "2023-03-01T16:20:50.995542"}
{"op_code": 5, "worker_id": "f67f126b-4f9b-418b-bc7a-37cf4f3f3cf5-140708354369344", "trial_id": 5, "param_name": "constraints", "param_value_internal": 0.79, "distribution": "{\"name\": \"FloatDistribution\", \"attributes\": {\"step\": 0.01, \"low\": 0.0, \"high\": 1.0, \"log\": false}}"}
{"op_code": 4, "worker_id": "d202151e-5315-4f23-9137-a80b44aa8670-139625472735040", "study_id": 0, "datetime_start": "2023-03-01T16:20:50.866815"}
{"op_code": 6, "worker_id": "bf34a7e0-a469-4934-999a-fb42528315c7-140478539622208", "trial_id": 0, "state": 1, "values": [3.462097238330608], "datetime_complete": "2023-03-01T16:20:55.431132"}
{"op_code": 5, "worker_id": "d202151e-5315-4f23-9137-a80b44aa8670-139625472735040", "trial_id": 6, "param_name": "constraints", "param_value_internal": 0.38, "distribution": "{\"name\": \"FloatDistribution\", \"attributes\": {\"step\": 0.01, \"low\": 0.0, \"high\": 1.0, \"log\": false}}"}
{"op_code": 6, "worker_id": "123dce56-3ec2-41d7-b588-f3c00fbde158-139883609773888", "trial_id": 1, "state": 1, "values": [3.1765472520564564], "datetime_complete": "2023-03-01T16:20:55.472605"}
{"op_code": 4, "worker_id": "a631830b-5368-430f-96b3-15461de43733-139940032972608", "study_id": 0, "datetime_start": "2023-03-01T16:20:50.995547"}
{"op_code": 6, "worker_id": "43501c62-ed25-46ab-ac68-44a1102fce12-139896748631872", "trial_id": 2, "state": 1, "values": [3.109682771056509], "datetime_complete": "2023-03-01T16:20:56.855973"}
{"op_code": 5, "worker_id": "a631830b-5368-430f-96b3-15461de43733-139940032972608", "trial_id": 7, "param_name": "constraints", "param_value_internal": 0.86, "distribution": "{\"name\": \"FloatDistribution\", \"attributes\": {\"step\": 0.01, \"low\": 0.0, \"high\": 1.0, \"log\": false}}"}
{"op_code": 6, "worker_id": "9f65e9a7-a638-4a17-b508-3a9fe9c1fa04-140521058293568", "trial_id": 3, "state": 1, "values": [4.023166673167271], "datetime_complete": "2023-03-01T16:20:57.227855"}
{"op_code": 6, "worker_id": "f25a4dc2-56d6-40b7-8622-e0bcac303075-140600232003392", "trial_id": 4, "state": 1, "values": [3.326299420404769], "datetime_complete": "2023-03-01T16:20:57.904918"}
{"op_code": 6, "worker_id": "f67f126b-4f9b-418b-bc7a-37cf4f3f3cf5-140708354369344", "trial_id": 5, "state": 1, "values": [3.6466891499233958], "datetime_complete": "2023-03-01T16:20:58.947905"}
{"op_code": 4, "worker_id": "a2c4a9e0-806d-44d3-bec7-b91cc6658cd6-140548913018688", "study_id": 0, "datetime_start": "2023-03-01T16:20:50.869450"}
{"op_code": 5, "worker_id": "a2c4a9e0-806d-44d3-bec7-b91cc6658cd6-140548913018688", "trial_id": 8, "param_name": "constraints", "param_value_internal": 0.14, "distribution": "{\"name\": \"FloatDistribution\", \"attributes\": {\"step\": 0.01, \"low\": 0.0, \"high\": 1.0, \"log\": false}}"}
{"op_code": 6, "worker_id": "d202151e-5315-4f23-9137-a80b44aa8670-139625472735040", "trial_id": 6, "state": 1, "values": [3.1610294062344497], "datetime_complete": "2023-03-01T16:21:00.110742"}
{"op_code": 4, "worker_id": "eb85728a-d1a6-4723-b017-b50bfd34c9c1-140481145268032", "study_id": 0, "datetime_start": "2023-03-01T16:20:50.872186"}
{"op_code": 5, "worker_id": "eb85728a-d1a6-4723-b017-b50bfd34c9c1-140481145268032", "trial_id": 9, "param_name": "constraints", "param_value_internal": 0.41000000000000003, "distribution": "{\"name\": \"FloatDistribution\", \"attributes\": {\"step\": 0.01, \"low\": 0.0, \"high\": 1.0, \"log\": false}}"}
{"op_code": 4, "worker_id": "9b99e9dc-03d8-4e3b-83a3-34cc29821406-140669704558400", "study_id": 0, "datetime_start": "2023-03-01T16:20:50.896482"}
{"op_code": 6, "worker_id": "a631830b-5368-430f-96b3-15461de43733-139940032972608", "trial_id": 7, "state": 1, "values": [3.8464403725133574], "datetime_complete": "2023-03-01T16:21:01.913236"}
{"op_code": 5, "worker_id": "9b99e9dc-03d8-4e3b-83a3-34cc29821406-140669704558400", "trial_id": 10, "param_name": "constraints", "param_value_internal": 0.1, "distribution": "{\"name\": \"FloatDistribution\", \"attributes\": {\"step\": 0.01, \"low\": 0.0, \"high\": 1.0, \"log\": false}}"}
{"op_code": 4, "worker_id": "79412a0f-e99d-4bcb-b103-9edfa4b09377-140154472011584", "study_id": 0, "datetime_start": "2023-03-01T16:20:50.995741"}
{"op_code": 4, "worker_id": "c2aa1e29-e4c1-4bc4-b057-10890b8ed905-140176806053696", "study_id": 0, "datetime_start": "2023-03-01T16:20:50.885821"}
{"op_code": 5, "worker_id": "79412a0f-e99d-4bcb-b103-9edfa4b09377-140154472011584", "trial_id": 11, "param_name": "constraints", "param_value_internal": 0.43, "distribution": "{\"name\": \"FloatDistribution\", \"attributes\": {\"step\": 0.01, \"low\": 0.0, \"high\": 1.0, \"log\": false}}"}
{"op_code": 4, "worker_id": "5f47cf24-8397-4c76-aa54-e5ee1274e19b-140235520710464", "study_id": 0, "datetime_start": "2023-03-01T16:20:50.995664"}
{"op_code": 5, "worker_id": "5f47cf24-8397-4c76-aa54-e5ee1274e19b-140235520710464", "trial_id": 13, "param_name": "constraints", "param_value_internal": 0.7000000000000001, "distribution": "{\"name\": \"FloatDistribution\", \"attributes\": {\"step\": 0.01, \"low\": 0.0, \"high\": 1.0, \"log\": false}}"}
{"op_code": 6, "worker_id": "eb85728a-d1a6-4723-b017-b50bfd34c9c1-140481145268032", "trial_id": 9, "state": 1, "values": [3.1770447654957352], "datetime_complete": "2023-03-01T16:21:07.441506"}
{"op_code": 4, "worker_id": "93f8548e-e12b-4055-bbf1-9f7c40340710-140268880394048", "study_id": 0, "datetime_start": "2023-03-01T16:20:50.995674"}
{"op_code": 5, "worker_id": "93f8548e-e12b-4055-bbf1-9f7c40340710-140268880394048", "trial_id": 14, "param_name": "constraints", "param_value_internal": 0.59, "distribution": "{\"name\": \"FloatDistribution\", \"attributes\": {\"step\": 0.01, \"low\": 0.0, \"high\": 1.0, \"log\": false}}"}
{"op_code": 6, "worker_id": "9b99e9dc-03d8-4e3b-83a3-34cc29821406-140669704558400", "trial_id": 10, "state": 1, "values": [3.24551762034479], "datetime_complete": "2023-03-01T16:21:08.646349"}
{"op_code": 4, "worker_id": "8d112d09-7b74-4a67-add7-cf2f3eabf064-139689352320832", "study_id": 0, "datetime_start": "2023-03-01T16:20:50.995669"}
{"op_code": 5, "worker_id": "8d112d09-7b74-4a67-add7-cf2f3eabf064-139689352320832", "trial_id": 15, "param_name": "constraints", "param_value_internal": 0.0, "distribution": "{\"name\": \"FloatDistribution\", \"attributes\": {\"step\": 0.01, \"low\": 0.0, \"high\": 1.0, \"log\": false}}"}
{"op_code": 4, "worker_id": "d25234b8-2e29-4046-834a-3b216cacb644-139832060630848", "study_id": 0, "datetime_start": "2023-03-01T16:20:50.995671"}
{"op_code": 6, "worker_id": "79412a0f-e99d-4bcb-b103-9edfa4b09377-140154472011584", "trial_id": 11, "state": 1, "values": [3.1954176070855866], "datetime_complete": "2023-03-01T16:21:10.450847"}
{"op_code": 5, "worker_id": "d25234b8-2e29-4046-834a-3b216cacb644-139832060630848", "trial_id": 16, "param_name": "constraints", "param_value_internal": 0.31, "distribution": "{\"name\": \"FloatDistribution\", \"attributes\": {\"step\": 0.01, \"low\": 0.0, \"high\": 1.0, \"log\": false}}"}
{"op_code": 6, "worker_id": "5f47cf24-8397-4c76-aa54-e5ee1274e19b-140235520710464", "trial_id": 13, "state": 1, "values": [3.4884441495427034], "datetime_complete": "2023-03-01T16:21:11.516042"}
{"op_code": 4, "worker_id": "beddf11e-26bf-4296-ba36-651b62074429-139855488649024", "study_id": 0, "datetime_start": "2023-03-01T16:20:50.996109"}
{"op_code": 6, "worker_id": "93f8548e-e12b-4055-bbf1-9f7c40340710-140268880394048", "trial_id": 14, "state": 1, "values": [3.326299420404769], "datetime_complete": "2023-03-01T16:21:12.967507"}
{"op_code": 5, "worker_id": "beddf11e-26bf-4296-ba36-651b62074429-139855488649024", "trial_id": 17, "param_name": "constraints", "param_value_internal": 0.28, "distribution": "{\"name\": \"FloatDistribution\", \"attributes\": {\"step\": 0.01, \"low\": 0.0, \"high\": 1.0, \"log\": false}}"}
{"op_code": 4, "worker_id": "3637070b-027b-4dc9-958e-13030e22adec-139999388784448", "study_id": 0, "datetime_start": "2023-03-01T16:20:50.995675"}
{"op_code": 6, "worker_id": "8d112d09-7b74-4a67-add7-cf2f3eabf064-139689352320832", "trial_id": 15, "state": 1, "values": [3.265036956168111], "datetime_complete": "2023-03-01T16:21:14.406410"}
{"op_code": 5, "worker_id": "3637070b-027b-4dc9-958e-13030e22adec-139999388784448", "trial_id": 18, "param_name": "constraints", "param_value_internal": 0.27, "distribution": "{\"name\": \"FloatDistribution\", \"attributes\": {\"step\": 0.01, \"low\": 0.0, \"high\": 1.0, \"log\": false}}"}
{"op_code": 6, "worker_id": "d25234b8-2e29-4046-834a-3b216cacb644-139832060630848", "trial_id": 16, "state": 1, "values": [3.109682771056509], "datetime_complete": "2023-03-01T16:21:15.669577"}
{"op_code": 4, "worker_id": "6bd46bea-6609-4c6a-9c60-716168611035-139727617754944", "study_id": 0, "datetime_start": "2023-03-01T16:20:50.995998"}
{"op_code": 5, "worker_id": "6bd46bea-6609-4c6a-9c60-716168611035-139727617754944", "trial_id": 19, "param_name": "constraints", "param_value_internal": 0.27, "distribution": "{\"name\": \"FloatDistribution\", \"attributes\": {\"step\": 0.01, \"low\": 0.0, \"high\": 1.0, \"log\": false}}"}
{"op_code": 4, "worker_id": "f824ee4f-4358-4574-b0ba-8b4d35bd8571-139765814388544", "study_id": 0, "datetime_start": "2023-03-01T16:20:50.996000"}
{"op_code": 5, "worker_id": "f824ee4f-4358-4574-b0ba-8b4d35bd8571-139765814388544", "trial_id": 20, "param_name": "constraints", "param_value_internal": 0.26, "distribution": "{\"name\": \"FloatDistribution\", \"attributes\": {\"step\": 0.01, \"low\": 0.0, \"high\": 1.0, \"log\": false}}"}
{"op_code": 6, "worker_id": "beddf11e-26bf-4296-ba36-651b62074429-139855488649024", "trial_id": 17, "state": 1, "values": [3.0955777207752133], "datetime_complete": "2023-03-01T16:21:17.982372"}
{"op_code": 4, "worker_id": "606796d9-d21b-4b82-a32f-ee3444aff8c1-139943543519040", "study_id": 0, "datetime_start": "2023-03-01T16:20:50.995741"}
{"op_code": 6, "worker_id": "3637070b-027b-4dc9-958e-13030e22adec-139999388784448", "trial_id": 18, "state": 1, "values": [3.100747346923637], "datetime_complete": "2023-03-01T16:21:19.414890"}
{"op_code": 5, "worker_id": "606796d9-d21b-4b82-a32f-ee3444aff8c1-139943543519040", "trial_id": 21, "param_name": "constraints", "param_value_internal": 0.25, "distribution": "{\"name\": \"FloatDistribution\", \"attributes\": {\"step\": 0.01, \"low\": 0.0, \"high\": 1.0, \"log\": false}}"}
{"op_code": 4, "worker_id": "6100e4bd-69a4-43e9-96a6-b78731593a34-139997449307968", "study_id": 0, "datetime_start": "2023-03-01T16:20:50.995682"}
{"op_code": 6, "worker_id": "6bd46bea-6609-4c6a-9c60-716168611035-139727617754944", "trial_id": 19, "state": 1, "values": [3.100747346923637], "datetime_complete": "2023-03-01T16:21:20.670241"}
{"op_code": 5, "worker_id": "6100e4bd-69a4-43e9-96a6-b78731593a34-139997449307968", "trial_id": 22, "param_name": "constraints", "param_value_internal": 0.2, "distribution": "{\"name\": \"FloatDistribution\", \"attributes\": {\"step\": 0.01, \"low\": 0.0, \"high\": 1.0, \"log\": false}}"}
{"op_code": 6, "worker_id": "f824ee4f-4358-4574-b0ba-8b4d35bd8571-139765814388544", "trial_id": 20, "state": 1, "values": [3.1010010755087767], "datetime_complete": "2023-03-01T16:21:21.964898"}
{"op_code": 4, "worker_id": "8079f725-5882-47cb-9ef4-f933dd3df7c7-139652780005184", "study_id": 0, "datetime_start": "2023-03-01T16:20:50.995681"}
{"op_code": 5, "worker_id": "8079f725-5882-47cb-9ef4-f933dd3df7c7-139652780005184", "trial_id": 23, "param_name": "constraints", "param_value_internal": 0.14, "distribution": "{\"name\": \"FloatDistribution\", \"attributes\": {\"step\": 0.01, \"low\": 0.0, \"high\": 1.0, \"log\": false}}"}
{"op_code": 4, "worker_id": "c5e7938b-9dff-4b5c-93a6-edd58ec37348-140028996519744", "study_id": 0, "datetime_start": "2023-03-01T16:20:50.996111"}
{"op_code": 5, "worker_id": "c5e7938b-9dff-4b5c-93a6-edd58ec37348-140028996519744", "trial_id": 24, "param_name": "constraints", "param_value_internal": 0.17, "distribution": "{\"name\": \"FloatDistribution\", \"attributes\": {\"step\": 0.01, \"low\": 0.0, \"high\": 1.0, \"log\": false}}"}
{"op_code": 6, "worker_id": "606796d9-d21b-4b82-a32f-ee3444aff8c1-139943543519040", "trial_id": 21, "state": 1, "values": [3.104497772457972], "datetime_complete": "2023-03-01T16:21:24.470967"}
{"op_code": 4, "worker_id": "f1845c01-47ef-4ea8-91ec-e2b21611d338-140266994104128", "study_id": 0, "datetime_start": "2023-03-01T16:20:50.995692"}
{"op_code": 5, "worker_id": "f1845c01-47ef-4ea8-91ec-e2b21611d338-140266994104128", "trial_id": 25, "param_name": "constraints", "param_value_internal": 0.09, "distribution": "{\"name\": \"FloatDistribution\", \"attributes\": {\"step\": 0.01, \"low\": 0.0, \"high\": 1.0, \"log\": false}}"}
{"op_code": 4, "worker_id": "0c7aa2e9-b13b-4304-9d45-cde5d662b1d1-140216434210624", "study_id": 0, "datetime_start": "2023-03-01T16:20:50.996038"}
{"op_code": 6, "worker_id": "6100e4bd-69a4-43e9-96a6-b78731593a34-139997449307968", "trial_id": 22, "state": 1, "values": [3.1671817137281537], "datetime_complete": "2023-03-01T16:21:25.786563"}
{"op_code": 5, "worker_id": "0c7aa2e9-b13b-4304-9d45-cde5d662b1d1-140216434210624", "trial_id": 26, "param_name": "constraints", "param_value_internal": 0.12, "distribution": "{\"name\": \"FloatDistribution\", \"attributes\": {\"step\": 0.01, \"low\": 0.0, \"high\": 1.0, \"log\": false}}"}
{"op_code": 6, "worker_id": "8079f725-5882-47cb-9ef4-f933dd3df7c7-139652780005184", "trial_id": 23, "state": 1, "values": [3.1911490226883616], "datetime_complete": "2023-03-01T16:21:27.328203"}
{"op_code": 6, "worker_id": "c5e7938b-9dff-4b5c-93a6-edd58ec37348-140028996519744", "trial_id": 24, "state": 1, "values": [3.1782023233406242], "datetime_complete": "2023-03-01T16:21:28.373655"}
{"op_code": 4, "worker_id": "360c3031-c460-4835-ae94-08b424156cf8-140532739635008", "study_id": 0, "datetime_start": "2023-03-01T16:20:50.995688"}
{"op_code": 6, "worker_id": "f1845c01-47ef-4ea8-91ec-e2b21611d338-140266994104128", "trial_id": 25, "state": 1, "values": [3.2255514642763954], "datetime_complete": "2023-03-01T16:21:29.545704"}
{"op_code": 5, "worker_id": "360c3031-c460-4835-ae94-08b424156cf8-140532739635008", "trial_id": 27, "param_name": "constraints", "param_value_internal": 1.0, "distribution": "{\"name\": \"FloatDistribution\", \"attributes\": {\"step\": 0.01, \"low\": 0.0, \"high\": 1.0, \"log\": false}}"}
{"op_code": 6, "worker_id": "0c7aa2e9-b13b-4304-9d45-cde5d662b1d1-140216434210624", "trial_id": 26, "state": 1, "values": [3.2173500875938146], "datetime_complete": "2023-03-01T16:21:31.363579"}
{"op_code": 4, "worker_id": "520b92c5-7458-45b8-9ba0-36a9a3efd826-140619859769152", "study_id": 0, "datetime_start": "2023-03-01T16:20:50.995820"}
{"op_code": 5, "worker_id": "520b92c5-7458-45b8-9ba0-36a9a3efd826-140619859769152", "trial_id": 28, "param_name": "constraints", "param_value_internal": 1.0, "distribution": "{\"name\": \"FloatDistribution\", \"attributes\": {\"step\": 0.01, \"low\": 0.0, \"high\": 1.0, \"log\": false}}"}
{"op_code": 4, "worker_id": "fdfe09a0-11b1-4a5b-869b-a035b62ad85b-140490333624128", "study_id": 0, "datetime_start": "2023-03-01T16:20:50.995736"}
{"op_code": 5, "worker_id": "fdfe09a0-11b1-4a5b-869b-a035b62ad85b-140490333624128", "trial_id": 29, "param_name": "constraints", "param_value_internal": 0.54, "distribution": "{\"name\": \"FloatDistribution\", \"attributes\": {\"step\": 0.01, \"low\": 0.0, \"high\": 1.0, \"log\": false}}"}
{"op_code": 4, "worker_id": "df9f37d8-b1df-4141-9737-daaee7b96737-139928333899584", "study_id": 0, "datetime_start": "2023-03-01T16:20:50.995944"}
{"op_code": 5, "worker_id": "df9f37d8-b1df-4141-9737-daaee7b96737-139928333899584", "trial_id": 30, "param_name": "constraints", "param_value_internal": 0.5, "distribution": "{\"name\": \"FloatDistribution\", \"attributes\": {\"step\": 0.01, \"low\": 0.0, \"high\": 1.0, \"log\": false}}"}
{"op_code": 4, "worker_id": "548baa8c-e944-47f4-a300-f998f2550b0c-140182132287296", "study_id": 0, "datetime_start": "2023-03-01T16:20:50.996039"}
{"op_code": 6, "worker_id": "360c3031-c460-4835-ae94-08b424156cf8-140532739635008", "trial_id": 27, "state": 1, "values": [4.566748089682903], "datetime_complete": "2023-03-01T16:21:35.163000"}
{"op_code": 5, "worker_id": "548baa8c-e944-47f4-a300-f998f2550b0c-140182132287296", "trial_id": 31, "param_name": "constraints", "param_value_internal": 0.5, "distribution": "{\"name\": \"FloatDistribution\", \"attributes\": {\"step\": 0.01, \"low\": 0.0, \"high\": 1.0, \"log\": false}}"}
{"op_code": 4, "worker_id": "eea3562a-d057-43fa-abdc-62108b8d0cf4-140704624240448", "study_id": 0, "datetime_start": "2023-03-01T16:20:50.897077"}
{"op_code": 6, "worker_id": "520b92c5-7458-45b8-9ba0-36a9a3efd826-140619859769152", "trial_id": 28, "state": 1, "values": [4.566748089682903], "datetime_complete": "2023-03-01T16:21:36.753985"}
{"op_code": 5, "worker_id": "eea3562a-d057-43fa-abdc-62108b8d0cf4-140704624240448", "trial_id": 32, "param_name": "constraints", "param_value_internal": 0.5, "distribution": "{\"name\": \"FloatDistribution\", \"attributes\": {\"step\": 0.01, \"low\": 0.0, \"high\": 1.0, \"log\": false}}"}
{"op_code": 4, "worker_id": "6e8f3fe3-fa3a-4b3d-bc79-2d5d51d8c7e7-139694739351360", "study_id": 0, "datetime_start": "2023-03-01T16:20:50.877326"}
{"op_code": 6, "worker_id": "fdfe09a0-11b1-4a5b-869b-a035b62ad85b-140490333624128", "trial_id": 29, "state": 1, "values": [3.3116450826393065], "datetime_complete": "2023-03-01T16:21:37.793874"}
{"op_code": 5, "worker_id": "6e8f3fe3-fa3a-4b3d-bc79-2d5d51d8c7e7-139694739351360", "trial_id": 33, "param_name": "constraints", "param_value_internal": 0.36, "distribution": "{\"name\": \"FloatDistribution\", \"attributes\": {\"step\": 0.01, \"low\": 0.0, \"high\": 1.0, \"log\": false}}"}
{"op_code": 6, "worker_id": "df9f37d8-b1df-4141-9737-daaee7b96737-139928333899584", "trial_id": 30, "state": 1, "values": [3.257960552689919], "datetime_complete": "2023-03-01T16:21:38.814914"}
{"op_code": 4, "worker_id": "9643dc49-d56c-4daa-8991-7dc1c6add701-140560380782400", "study_id": 0, "datetime_start": "2023-03-01T16:20:50.996115"}
{"op_code": 5, "worker_id": "9643dc49-d56c-4daa-8991-7dc1c6add701-140560380782400", "trial_id": 34, "param_name": "constraints", "param_value_internal": 0.34, "distribution": "{\"name\": \"FloatDistribution\", \"attributes\": {\"step\": 0.01, \"low\": 0.0, \"high\": 1.0, \"log\": false}}"}
{"op_code": 6, "worker_id": "548baa8c-e944-47f4-a300-f998f2550b0c-140182132287296", "trial_id": 31, "state": 1, "values": [3.257960552689919], "datetime_complete": "2023-03-01T16:21:39.986529"}
{"op_code": 4, "worker_id": "5f1fa532-31a5-4468-a8ec-f8cc5ab7f9cc-139978620544832", "study_id": 0, "datetime_start": "2023-03-01T16:20:50.875640"}
{"op_code": 5, "worker_id": "5f1fa532-31a5-4468-a8ec-f8cc5ab7f9cc-139978620544832", "trial_id": 35, "param_name": "constraints", "param_value_internal": 0.01, "distribution": "{\"name\": \"FloatDistribution\", \"attributes\": {\"step\": 0.01, \"low\": 0.0, \"high\": 1.0, \"log\": false}}"}
{"op_code": 6, "worker_id": "eea3562a-d057-43fa-abdc-62108b8d0cf4-140704624240448", "trial_id": 32, "state": 1, "values": [3.257960552689919], "datetime_complete": "2023-03-01T16:21:41.252778"}
{"op_code": 4, "worker_id": "c6c1ff30-9297-46e8-b885-d986f92077b8-140606939117376", "study_id": 0, "datetime_start": "2023-03-01T16:20:50.879948"}
{"op_code": 5, "worker_id": "c6c1ff30-9297-46e8-b885-d986f92077b8-140606939117376", "trial_id": 36, "param_name": "constraints", "param_value_internal": 0.29, "distribution": "{\"name\": \"FloatDistribution\", \"attributes\": {\"step\": 0.01, \"low\": 0.0, \"high\": 1.0, \"log\": false}}"}
{"op_code": 6, "worker_id": "6e8f3fe3-fa3a-4b3d-bc79-2d5d51d8c7e7-139694739351360", "trial_id": 33, "state": 1, "values": [3.127180894338551], "datetime_complete": "2023-03-01T16:21:42.409852"}
{"op_code": 4, "worker_id": "1a7a9000-e2e1-4f42-83b1-c92ed6acc289-139882877929280", "study_id": 0, "datetime_start": "2023-03-01T16:20:50.887836"}
{"op_code": 6, "worker_id": "9643dc49-d56c-4daa-8991-7dc1c6add701-140560380782400", "trial_id": 34, "state": 1, "values": [3.1237163692372825], "datetime_complete": "2023-03-01T16:21:43.369915"}
{"op_code": 5, "worker_id": "1a7a9000-e2e1-4f42-83b1-c92ed6acc289-139882877929280", "trial_id": 37, "param_name": "constraints", "param_value_internal": 0.26, "distribution": "{\"name\": \"FloatDistribution\", \"attributes\": {\"step\": 0.01, \"low\": 0.0, \"high\": 1.0, \"log\": false}}"}
{"op_code": 4, "worker_id": "41392b6a-42e0-4e1a-b43d-bac662bf9dae-140596976658240", "study_id": 0, "datetime_start": "2023-03-01T16:20:50.996222"}
{"op_code": 6, "worker_id": "5f1fa532-31a5-4468-a8ec-f8cc5ab7f9cc-139978620544832", "trial_id": 35, "state": 1, "values": [3.2622578050199413], "datetime_complete": "2023-03-01T16:21:44.971912"}
{"op_code": 5, "worker_id": "41392b6a-42e0-4e1a-b43d-bac662bf9dae-140596976658240", "trial_id": 38, "param_name": "constraints", "param_value_internal": 0.21, "distribution": "{\"name\": \"FloatDistribution\", \"attributes\": {\"step\": 0.01, \"low\": 0.0, \"high\": 1.0, \"log\": false}}"}
{"op_code": 4, "worker_id": "c65625da-7cae-4147-ab34-6bd416683231-140137270908736", "study_id": 0, "datetime_start": "2023-03-01T16:20:50.996306"}
{"op_code": 5, "worker_id": "c65625da-7cae-4147-ab34-6bd416683231-140137270908736", "trial_id": 39, "param_name": "constraints", "param_value_internal": 0.25, "distribution": "{\"name\": \"FloatDistribution\", \"attributes\": {\"step\": 0.01, \"low\": 0.0, \"high\": 1.0, \"log\": false}}"}
{"op_code": 6, "worker_id": "c6c1ff30-9297-46e8-b885-d986f92077b8-140606939117376", "trial_id": 36, "state": 1, "values": [3.100486708934296], "datetime_complete": "2023-03-01T16:21:46.387330"}
{"op_code": 4, "worker_id": "cb26ec44-c1bd-4cee-83d0-2ee1eb45a98d-140114025662272", "study_id": 0, "datetime_start": "2023-03-01T16:20:50.882516"}
{"op_code": 5, "worker_id": "cb26ec44-c1bd-4cee-83d0-2ee1eb45a98d-140114025662272", "trial_id": 40, "param_name": "constraints", "param_value_internal": 0.25, "distribution": "{\"name\": \"FloatDistribution\", \"attributes\": {\"step\": 0.01, \"low\": 0.0, \"high\": 1.0, \"log\": false}}"}
{"op_code": 6, "worker_id": "1a7a9000-e2e1-4f42-83b1-c92ed6acc289-139882877929280", "trial_id": 37, "state": 1, "values": [3.1010010755087767], "datetime_complete": "2023-03-01T16:21:47.853391"}
{"op_code": 4, "worker_id": "b0e60366-e339-4e5e-a3a9-cd846a58973f-140068896438080", "study_id": 0, "datetime_start": "2023-03-01T16:20:50.898367"}
{"op_code": 5, "worker_id": "b0e60366-e339-4e5e-a3a9-cd846a58973f-140068896438080", "trial_id": 41, "param_name": "constraints", "param_value_internal": 0.2, "distribution": "{\"name\": \"FloatDistribution\", \"attributes\": {\"step\": 0.01, \"low\": 0.0, \"high\": 1.0, \"log\": false}}"}
{"op_code": 4, "worker_id": "c2e22753-3b9f-4834-992d-615a471363ff-139703488468800", "study_id": 0, "datetime_start": "2023-03-01T16:20:50.901182"}
{"op_code": 6, "worker_id": "41392b6a-42e0-4e1a-b43d-bac662bf9dae-140596976658240", "trial_id": 38, "state": 1, "values": [3.1479540011721294], "datetime_complete": "2023-03-01T16:21:49.339820"}
{"op_code": 5, "worker_id": "c2e22753-3b9f-4834-992d-615a471363ff-139703488468800", "trial_id": 42, "param_name": "constraints", "param_value_internal": 0.27, "distribution": "{\"name\": \"FloatDistribution\", \"attributes\": {\"step\": 0.01, \"low\": 0.0, \"high\": 1.0, \"log\": false}}"}
{"op_code": 6, "worker_id": "c65625da-7cae-4147-ab34-6bd416683231-140137270908736", "trial_id": 39, "state": 1, "values": [3.104497772457972], "datetime_complete": "2023-03-01T16:21:50.387709"}
{"op_code": 4, "worker_id": "3828fd2a-b47f-4e43-9e85-2f0a2e538838-139942598211392", "study_id": 0, "datetime_start": "2023-03-01T16:20:50.996216"}
{"op_code": 5, "worker_id": "3828fd2a-b47f-4e43-9e85-2f0a2e538838-139942598211392", "trial_id": 43, "param_name": "constraints", "param_value_internal": 0.43, "distribution": "{\"name\": \"FloatDistribution\", \"attributes\": {\"step\": 0.01, \"low\": 0.0, \"high\": 1.0, \"log\": false}}"}
{"op_code": 4, "worker_id": "3f15ab8e-7474-4d7c-a3a5-07151ce85659-140144721442624", "study_id": 0, "datetime_start": "2023-03-01T16:20:50.906306"}
{"op_code": 6, "worker_id": "cb26ec44-c1bd-4cee-83d0-2ee1eb45a98d-140114025662272", "trial_id": 40, "state": 1, "values": [3.104497772457972], "datetime_complete": "2023-03-01T16:21:51.845465"}
{"op_code": 5, "worker_id": "3f15ab8e-7474-4d7c-a3a5-07151ce85659-140144721442624", "trial_id": 44, "param_name": "constraints", "param_value_internal": 0.43, "distribution": "{\"name\": \"FloatDistribution\", \"attributes\": {\"step\": 0.01, \"low\": 0.0, \"high\": 1.0, \"log\": false}}"}
{"op_code": 6, "worker_id": "b0e60366-e339-4e5e-a3a9-cd846a58973f-140068896438080", "trial_id": 41, "state": 1, "values": [3.1671817137281537], "datetime_complete": "2023-03-01T16:21:53.038146"}
{"op_code": 4, "worker_id": "b3ac5a5c-c8d8-4300-973b-1b52a3634ca8-139868982302528", "study_id": 0, "datetime_start": "2023-03-01T16:20:50.903873"}
{"op_code": 6, "worker_id": "c2e22753-3b9f-4834-992d-615a471363ff-139703488468800", "trial_id": 42, "state": 1, "values": [3.100747346923637], "datetime_complete": "2023-03-01T16:21:54.237216"}
{"op_code": 5, "worker_id": "b3ac5a5c-c8d8-4300-973b-1b52a3634ca8-139868982302528", "trial_id": 45, "param_name": "constraints", "param_value_internal": 0.31, "distribution": "{\"name\": \"FloatDistribution\", \"attributes\": {\"step\": 0.01, \"low\": 0.0, \"high\": 1.0, \"log\": false}}"}
{"op_code": 4, "worker_id": "9aff1123-4389-48a4-865c-6278730f838c-139763503609664", "study_id": 0, "datetime_start": "2023-03-01T16:20:50.909006"}
{"op_code": 6, "worker_id": "a2c4a9e0-806d-44d3-bec7-b91cc6658cd6-140548913018688", "trial_id": 8, "state": 1, "values": [3.1911490226883616], "datetime_complete": "2023-03-01T16:21:04.637009"}
{"op_code": 6, "worker_id": "3828fd2a-b47f-4e43-9e85-2f0a2e538838-139942598211392", "trial_id": 43, "state": 1, "values": [3.1954176070855866], "datetime_complete": "2023-03-01T16:21:55.546564"}
{"op_code": 5, "worker_id": "9aff1123-4389-48a4-865c-6278730f838c-139763503609664", "trial_id": 46, "param_name": "constraints", "param_value_internal": 0.44, "distribution": "{\"name\": \"FloatDistribution\", \"attributes\": {\"step\": 0.01, \"low\": 0.0, \"high\": 1.0, \"log\": false}}"}
{"op_code": 5, "worker_id": "c2aa1e29-e4c1-4bc4-b057-10890b8ed905-140176806053696", "trial_id": 12, "param_name": "constraints", "param_value_internal": 0.01, "distribution": "{\"name\": \"FloatDistribution\", \"attributes\": {\"step\": 0.01, \"low\": 0.0, \"high\": 1.0, \"log\": false}}"}
{"op_code": 6, "worker_id": "3f15ab8e-7474-4d7c-a3a5-07151ce85659-140144721442624", "trial_id": 44, "state": 1, "values": [3.1954176070855866], "datetime_complete": "2023-03-01T16:21:56.557094"}
{"op_code": 4, "worker_id": "9e0ed9c5-0c8f-4d22-8b16-0d6227958304-140440527763264", "study_id": 0, "datetime_start": "2023-03-01T16:20:50.890501"}
{"op_code": 6, "worker_id": "b3ac5a5c-c8d8-4300-973b-1b52a3634ca8-139868982302528", "trial_id": 45, "state": 1, "values": [3.109682771056509], "datetime_complete": "2023-03-01T16:21:58.525953"}
{"op_code": 5, "worker_id": "9e0ed9c5-0c8f-4d22-8b16-0d6227958304-140440527763264", "trial_id": 47, "param_name": "constraints", "param_value_internal": 0.31, "distribution": "{\"name\": \"FloatDistribution\", \"attributes\": {\"step\": 0.01, \"low\": 0.0, \"high\": 1.0, \"log\": false}}"}
{"op_code": 4, "worker_id": "813a1910-d411-4e22-ac51-0f6bff78ebac-140544123995968", "study_id": 0, "datetime_start": "2023-03-01T16:20:50.911679"}
{"op_code": 5, "worker_id": "813a1910-d411-4e22-ac51-0f6bff78ebac-140544123995968", "trial_id": 48, "param_name": "constraints", "param_value_internal": 0.07, "distribution": "{\"name\": \"FloatDistribution\", \"attributes\": {\"step\": 0.01, \"low\": 0.0, \"high\": 1.0, \"log\": false}}"}
{"op_code": 6, "worker_id": "9aff1123-4389-48a4-865c-6278730f838c-139763503609664", "trial_id": 46, "state": 1, "values": [3.1956907577430966], "datetime_complete": "2023-03-01T16:22:00.378585"}
{"op_code": 6, "worker_id": "c2aa1e29-e4c1-4bc4-b057-10890b8ed905-140176806053696", "trial_id": 12, "state": 1, "values": [3.2622578050199413], "datetime_complete": "2023-03-01T16:22:01.096568"}
{"op_code": 4, "worker_id": "611d9a53-f7db-4cf6-b430-bb6489d7a127-140165536958272", "study_id": 0, "datetime_start": "2023-03-01T16:20:50.999914"}
{"op_code": 5, "worker_id": "611d9a53-f7db-4cf6-b430-bb6489d7a127-140165536958272", "trial_id": 49, "param_name": "constraints", "param_value_internal": 0.07, "distribution": "{\"name\": \"FloatDistribution\", \"attributes\": {\"step\": 0.01, \"low\": 0.0, \"high\": 1.0, \"log\": false}}"}
{"op_code": 6, "worker_id": "9e0ed9c5-0c8f-4d22-8b16-0d6227958304-140440527763264", "trial_id": 47, "state": 1, "values": [3.109682771056509], "datetime_complete": "2023-03-01T16:22:03.385164"}
{"op_code": 6, "worker_id": "813a1910-d411-4e22-ac51-0f6bff78ebac-140544123995968", "trial_id": 48, "state": 1, "values": [3.2259941347697008], "datetime_complete": "2023-03-01T16:22:04.156717"}
{"op_code": 6, "worker_id": "611d9a53-f7db-4cf6-b430-bb6489d7a127-140165536958272", "trial_id": 49, "state": 1, "values": [3.2259941347697008], "datetime_complete": "2023-03-01T16:22:06.277649"}
