{"op_code": 0, "worker_id": "59b27558-99c7-4995-b589-0bf793918654-140200024168256", "study_name": "Ross_Sea_regional_seperation_indiv_trend_regional_comparison_DC_shift", "directions": [1]}
{"op_code": 4, "worker_id": "eada9862-c2fb-4fa5-bc9f-c9b3c721cae4-140277583374144", "study_id": 0, "datetime_start": "2023-03-08T16:54:26.031499"}
{"op_code": 4, "worker_id": "cc39b63c-4144-439b-9878-3e60ad29dbb6-140511847438144", "study_id": 0, "datetime_start": "2023-03-08T16:54:26.075844"}
{"op_code": 4, "worker_id": "416994c8-bf9e-45d9-9733-d2f4bde22a5f-140380464088896", "study_id": 0, "datetime_start": "2023-03-08T16:54:26.060641"}
{"op_code": 4, "worker_id": "88eff5e5-eff6-4388-9c38-50e86afc8e5c-140489593775936", "study_id": 0, "datetime_start": "2023-03-08T16:54:26.153318"}
{"op_code": 4, "worker_id": "31e776c1-4942-40a4-adaa-c11cf77431ab-140111003449152", "study_id": 0, "datetime_start": "2023-03-08T16:54:26.063382"}
{"op_code": 5, "worker_id": "88eff5e5-eff6-4388-9c38-50e86afc8e5c-140489593775936", "trial_id": 3, "param_name": "trend", "param_value_internal": 1.0, "distribution": "{\"name\": \"IntDistribution\", \"attributes\": {\"log\": false, \"step\": 1, \"low\": 1, \"high\": 20}}"}
{"op_code": 5, "worker_id": "31e776c1-4942-40a4-adaa-c11cf77431ab-140111003449152", "trial_id": 4, "param_name": "trend", "param_value_internal": 6.0, "distribution": "{\"name\": \"IntDistribution\", \"attributes\": {\"log\": false, \"step\": 1, \"low\": 1, \"high\": 20}}"}
{"op_code": 4, "worker_id": "564a6a1f-8401-43af-b574-c43fdac9057a-139867443185472", "study_id": 0, "datetime_start": "2023-03-08T16:54:26.170533"}
{"op_code": 5, "worker_id": "cc39b63c-4144-439b-9878-3e60ad29dbb6-140511847438144", "trial_id": 1, "param_name": "trend", "param_value_internal": 15.0, "distribution": "{\"name\": \"IntDistribution\", \"attributes\": {\"log\": false, \"step\": 1, \"low\": 1, \"high\": 20}}"}
{"op_code": 4, "worker_id": "381e9fbc-8523-4a41-919d-ccd84e0d87a3-140055851882304", "study_id": 0, "datetime_start": "2023-03-08T16:54:26.093410"}
{"op_code": 4, "worker_id": "9c268d11-83b3-4e59-868c-f5998bb30577-140039294183232", "study_id": 0, "datetime_start": "2023-03-08T16:54:26.173566"}
{"op_code": 6, "worker_id": "88eff5e5-eff6-4388-9c38-50e86afc8e5c-140489593775936", "trial_id": 3, "state": 1, "values": [13.836602941878581], "datetime_complete": "2023-03-08T16:54:28.740815"}
{"op_code": 5, "worker_id": "9c268d11-83b3-4e59-868c-f5998bb30577-140039294183232", "trial_id": 7, "param_name": "trend", "param_value_internal": 7.0, "distribution": "{\"name\": \"IntDistribution\", \"attributes\": {\"log\": false, \"step\": 1, \"low\": 1, \"high\": 20}}"}
{"op_code": 5, "worker_id": "381e9fbc-8523-4a41-919d-ccd84e0d87a3-140055851882304", "trial_id": 6, "param_name": "trend", "param_value_internal": 17.0, "distribution": "{\"name\": \"IntDistribution\", \"attributes\": {\"log\": false, \"step\": 1, \"low\": 1, \"high\": 20}}"}
{"op_code": 4, "worker_id": "23f87c3d-7e2e-4e68-9b9a-8fac5c65106f-139783673980736", "study_id": 0, "datetime_start": "2023-03-08T16:54:26.126439"}
{"op_code": 6, "worker_id": "31e776c1-4942-40a4-adaa-c11cf77431ab-140111003449152", "trial_id": 4, "state": 1, "values": [5.616441008168191], "datetime_complete": "2023-03-08T16:54:28.939333"}
{"op_code": 5, "worker_id": "23f87c3d-7e2e-4e68-9b9a-8fac5c65106f-139783673980736", "trial_id": 8, "param_name": "trend", "param_value_internal": 12.0, "distribution": "{\"name\": \"IntDistribution\", \"attributes\": {\"log\": false, \"step\": 1, \"low\": 1, \"high\": 20}}"}
{"op_code": 4, "worker_id": "01d91ac0-d1e7-4cb0-b9df-d78458a09130-139946848466752", "study_id": 0, "datetime_start": "2023-03-08T16:54:26.033792"}
{"op_code": 6, "worker_id": "cc39b63c-4144-439b-9878-3e60ad29dbb6-140511847438144", "trial_id": 1, "state": 1, "values": [4.540517807025001], "datetime_complete": "2023-03-08T16:54:29.473793"}
{"op_code": 6, "worker_id": "9c268d11-83b3-4e59-868c-f5998bb30577-140039294183232", "trial_id": 7, "state": 1, "values": [5.152341008172961], "datetime_complete": "2023-03-08T16:54:30.336892"}
{"op_code": 5, "worker_id": "01d91ac0-d1e7-4cb0-b9df-d78458a09130-139946848466752", "trial_id": 9, "param_name": "trend", "param_value_internal": 11.0, "distribution": "{\"name\": \"IntDistribution\", \"attributes\": {\"log\": false, \"step\": 1, \"low\": 1, \"high\": 20}}"}
{"op_code": 5, "worker_id": "416994c8-bf9e-45d9-9733-d2f4bde22a5f-140380464088896", "trial_id": 2, "param_name": "trend", "param_value_internal": 16.0, "distribution": "{\"name\": \"IntDistribution\", \"attributes\": {\"log\": false, \"step\": 1, \"low\": 1, \"high\": 20}}"}
{"op_code": 4, "worker_id": "dfe70d1a-0d01-457a-a8e2-c3476b7f4199-139981929830208", "study_id": 0, "datetime_start": "2023-03-08T16:54:26.037082"}
{"op_code": 6, "worker_id": "23f87c3d-7e2e-4e68-9b9a-8fac5c65106f-139783673980736", "trial_id": 8, "state": 1, "values": [4.686993598957812], "datetime_complete": "2023-03-08T16:54:31.124927"}
{"op_code": 5, "worker_id": "dfe70d1a-0d01-457a-a8e2-c3476b7f4199-139981929830208", "trial_id": 10, "param_name": "trend", "param_value_internal": 18.0, "distribution": "{\"name\": \"IntDistribution\", \"attributes\": {\"log\": false, \"step\": 1, \"low\": 1, \"high\": 20}}"}
{"op_code": 4, "worker_id": "a4eb84fe-4b07-423a-bf14-baf728ce0902-139936068618048", "study_id": 0, "datetime_start": "2023-03-08T16:54:26.176466"}
{"op_code": 6, "worker_id": "01d91ac0-d1e7-4cb0-b9df-d78458a09130-139946848466752", "trial_id": 9, "state": 1, "values": [4.885848999025001], "datetime_complete": "2023-03-08T16:54:31.999143"}
{"op_code": 5, "worker_id": "a4eb84fe-4b07-423a-bf14-baf728ce0902-139936068618048", "trial_id": 11, "param_name": "trend", "param_value_internal": 9.0, "distribution": "{\"name\": \"IntDistribution\", \"attributes\": {\"log\": false, \"step\": 1, \"low\": 1, \"high\": 20}}"}
{"op_code": 6, "worker_id": "416994c8-bf9e-45d9-9733-d2f4bde22a5f-140380464088896", "trial_id": 2, "state": 1, "values": [4.501464843752812], "datetime_complete": "2023-03-08T16:54:32.337976"}
{"op_code": 4, "worker_id": "fd983414-e308-484e-9a5d-9351a089ad4d-139666425227072", "study_id": 0, "datetime_start": "2023-03-08T16:54:26.126439"}
{"op_code": 6, "worker_id": "dfe70d1a-0d01-457a-a8e2-c3476b7f4199-139981929830208", "trial_id": 10, "state": 1, "values": [4.7116656303425], "datetime_complete": "2023-03-08T16:54:33.138496"}
{"op_code": 5, "worker_id": "fd983414-e308-484e-9a5d-9351a089ad4d-139666425227072", "trial_id": 12, "param_name": "trend", "param_value_internal": 12.0, "distribution": "{\"name\": \"IntDistribution\", \"attributes\": {\"log\": false, \"step\": 1, \"low\": 1, \"high\": 20}}"}
{"op_code": 5, "worker_id": "eada9862-c2fb-4fa5-bc9f-c9b3c721cae4-140277583374144", "trial_id": 0, "param_name": "trend", "param_value_internal": 11.0, "distribution": "{\"name\": \"IntDistribution\", \"attributes\": {\"log\": false, \"step\": 1, \"low\": 1, \"high\": 20}}"}
{"op_code": 6, "worker_id": "a4eb84fe-4b07-423a-bf14-baf728ce0902-139936068618048", "trial_id": 11, "state": 1, "values": [4.835802078251561], "datetime_complete": "2023-03-08T16:54:34.080925"}
{"op_code": 4, "worker_id": "f72fcb4b-4e7a-4664-ba01-5371269aebe2-139961340352320", "study_id": 0, "datetime_start": "2023-03-08T16:54:26.048504"}
{"op_code": 5, "worker_id": "f72fcb4b-4e7a-4664-ba01-5371269aebe2-139961340352320", "trial_id": 13, "param_name": "trend", "param_value_internal": 12.0, "distribution": "{\"name\": \"IntDistribution\", \"attributes\": {\"log\": false, \"step\": 1, \"low\": 1, \"high\": 20}}"}
{"op_code": 4, "worker_id": "0d25cbaa-d3f5-47ff-b08a-89527c7fe62e-140548917790528", "study_id": 0, "datetime_start": "2023-03-08T16:54:26.127019"}
{"op_code": 6, "worker_id": "381e9fbc-8523-4a41-919d-ccd84e0d87a3-140055851882304", "trial_id": 6, "state": 1, "values": [4.57851600645], "datetime_complete": "2023-03-08T16:54:30.534738"}
{"op_code": 5, "worker_id": "0d25cbaa-d3f5-47ff-b08a-89527c7fe62e-140548917790528", "trial_id": 14, "param_name": "trend", "param_value_internal": 20.0, "distribution": "{\"name\": \"IntDistribution\", \"attributes\": {\"log\": false, \"step\": 1, \"low\": 1, \"high\": 20}}"}
{"op_code": 6, "worker_id": "eada9862-c2fb-4fa5-bc9f-c9b3c721cae4-140277583374144", "trial_id": 0, "state": 1, "values": [4.885848999025001], "datetime_complete": "2023-03-08T16:54:35.394907"}
{"op_code": 6, "worker_id": "fd983414-e308-484e-9a5d-9351a089ad4d-139666425227072", "trial_id": 12, "state": 1, "values": [4.686993598957812], "datetime_complete": "2023-03-08T16:54:35.038510"}
{"op_code": 6, "worker_id": "f72fcb4b-4e7a-4664-ba01-5371269aebe2-139961340352320", "trial_id": 13, "state": 1, "values": [4.686993598957812], "datetime_complete": "2023-03-08T16:54:35.981060"}
{"op_code": 4, "worker_id": "c725748a-fdfb-45a1-8d66-c78bab5392e9-139855530997568", "study_id": 0, "datetime_start": "2023-03-08T16:54:26.039687"}
{"op_code": 4, "worker_id": "1c1e12e5-2e4a-47bb-973e-11cb72dc2107-139935797884736", "study_id": 0, "datetime_start": "2023-03-08T16:54:26.051741"}
{"op_code": 6, "worker_id": "0d25cbaa-d3f5-47ff-b08a-89527c7fe62e-140548917790528", "trial_id": 14, "state": 1, "values": [4.205883026125001], "datetime_complete": "2023-03-08T16:54:36.727262"}
{"op_code": 5, "worker_id": "1c1e12e5-2e4a-47bb-973e-11cb72dc2107-139935797884736", "trial_id": 16, "param_name": "trend", "param_value_internal": 20.0, "distribution": "{\"name\": \"IntDistribution\", \"attributes\": {\"log\": false, \"step\": 1, \"low\": 1, \"high\": 20}}"}
{"op_code": 5, "worker_id": "c725748a-fdfb-45a1-8d66-c78bab5392e9-139855530997568", "trial_id": 15, "param_name": "trend", "param_value_internal": 16.0, "distribution": "{\"name\": \"IntDistribution\", \"attributes\": {\"log\": false, \"step\": 1, \"low\": 1, \"high\": 20}}"}
{"op_code": 4, "worker_id": "764c2710-6c10-4c8d-aeac-d0bf190e7654-140428511274816", "study_id": 0, "datetime_start": "2023-03-08T16:54:26.042915"}
{"op_code": 4, "worker_id": "8bb3c788-a072-457b-91a8-20798bff6af0-139785432954688", "study_id": 0, "datetime_start": "2023-03-08T16:54:26.054943"}
{"op_code": 5, "worker_id": "764c2710-6c10-4c8d-aeac-d0bf190e7654-140428511274816", "trial_id": 17, "param_name": "trend", "param_value_internal": 20.0, "distribution": "{\"name\": \"IntDistribution\", \"attributes\": {\"log\": false, \"step\": 1, \"low\": 1, \"high\": 20}}"}
{"op_code": 5, "worker_id": "8bb3c788-a072-457b-91a8-20798bff6af0-139785432954688", "trial_id": 18, "param_name": "trend", "param_value_internal": 19.0, "distribution": "{\"name\": \"IntDistribution\", \"attributes\": {\"log\": false, \"step\": 1, \"low\": 1, \"high\": 20}}"}
{"op_code": 6, "worker_id": "1c1e12e5-2e4a-47bb-973e-11cb72dc2107-139935797884736", "trial_id": 16, "state": 1, "values": [4.205883026125001], "datetime_complete": "2023-03-08T16:54:38.189975"}
{"op_code": 4, "worker_id": "5977d734-8975-475c-8f67-5c46985fcb69-140669739722560", "study_id": 0, "datetime_start": "2023-03-08T16:54:26.045689"}
{"op_code": 6, "worker_id": "c725748a-fdfb-45a1-8d66-c78bab5392e9-139855530997568", "trial_id": 15, "state": 1, "values": [4.501464843752812], "datetime_complete": "2023-03-08T16:54:38.578799"}
{"op_code": 5, "worker_id": "5977d734-8975-475c-8f67-5c46985fcb69-140669739722560", "trial_id": 19, "param_name": "trend", "param_value_internal": 20.0, "distribution": "{\"name\": \"IntDistribution\", \"attributes\": {\"log\": false, \"step\": 1, \"low\": 1, \"high\": 20}}"}
{"op_code": 4, "worker_id": "10323621-e2f7-4706-9c30-91d4518e8eff-140586190202688", "study_id": 0, "datetime_start": "2023-03-08T16:54:26.149731"}
{"op_code": 6, "worker_id": "764c2710-6c10-4c8d-aeac-d0bf190e7654-140428511274816", "trial_id": 17, "state": 1, "values": [4.205883026125001], "datetime_complete": "2023-03-08T16:54:39.292231"}
{"op_code": 5, "worker_id": "10323621-e2f7-4706-9c30-91d4518e8eff-140586190202688", "trial_id": 20, "param_name": "trend", "param_value_internal": 20.0, "distribution": "{\"name\": \"IntDistribution\", \"attributes\": {\"log\": false, \"step\": 1, \"low\": 1, \"high\": 20}}"}
{"op_code": 6, "worker_id": "8bb3c788-a072-457b-91a8-20798bff6af0-139785432954688", "trial_id": 18, "state": 1, "values": [4.2590141296203115], "datetime_complete": "2023-03-08T16:54:39.672198"}
{"op_code": 4, "worker_id": "611f1540-c749-4757-ad75-e270dbc6e01f-139993871492928", "study_id": 0, "datetime_start": "2023-03-08T16:54:26.127020"}
{"op_code": 5, "worker_id": "611f1540-c749-4757-ad75-e270dbc6e01f-139993871492928", "trial_id": 21, "param_name": "trend", "param_value_internal": 20.0, "distribution": "{\"name\": \"IntDistribution\", \"attributes\": {\"log\": false, \"step\": 1, \"low\": 1, \"high\": 20}}"}
{"op_code": 6, "worker_id": "5977d734-8975-475c-8f67-5c46985fcb69-140669739722560", "trial_id": 19, "state": 1, "values": [4.205883026125001], "datetime_complete": "2023-03-08T16:54:40.488135"}
{"op_code": 4, "worker_id": "4a634685-6bd7-4db8-b712-e73397ded657-140210191505216", "study_id": 0, "datetime_start": "2023-03-08T16:54:26.057392"}
{"op_code": 6, "worker_id": "10323621-e2f7-4706-9c30-91d4518e8eff-140586190202688", "trial_id": 20, "state": 1, "values": [4.205883026125001], "datetime_complete": "2023-03-08T16:54:41.006624"}
{"op_code": 5, "worker_id": "4a634685-6bd7-4db8-b712-e73397ded657-140210191505216", "trial_id": 22, "param_name": "trend", "param_value_internal": 14.0, "distribution": "{\"name\": \"IntDistribution\", \"attributes\": {\"log\": false, \"step\": 1, \"low\": 1, \"high\": 20}}"}
{"op_code": 6, "worker_id": "611f1540-c749-4757-ad75-e270dbc6e01f-139993871492928", "trial_id": 21, "state": 1, "values": [4.205883026125001], "datetime_complete": "2023-03-08T16:54:41.617485"}
{"op_code": 4, "worker_id": "b4cade64-5551-44cc-9eca-bbe51d68cb98-140308346836800", "study_id": 0, "datetime_start": "2023-03-08T16:54:26.066849"}
{"op_code": 4, "worker_id": "f46ab864-d454-41b0-ab41-27c97a1c5423-140612432017216", "study_id": 0, "datetime_start": "2023-03-08T16:54:26.127021"}
{"op_code": 5, "worker_id": "b4cade64-5551-44cc-9eca-bbe51d68cb98-140308346836800", "trial_id": 23, "param_name": "trend", "param_value_internal": 15.0, "distribution": "{\"name\": \"IntDistribution\", \"attributes\": {\"log\": false, \"step\": 1, \"low\": 1, \"high\": 20}}"}
{"op_code": 6, "worker_id": "4a634685-6bd7-4db8-b712-e73397ded657-140210191505216", "trial_id": 22, "state": 1, "values": [4.720894813541172], "datetime_complete": "2023-03-08T16:54:42.301063"}
{"op_code": 5, "worker_id": "f46ab864-d454-41b0-ab41-27c97a1c5423-140612432017216", "trial_id": 24, "param_name": "trend", "param_value_internal": 14.0, "distribution": "{\"name\": \"IntDistribution\", \"attributes\": {\"log\": false, \"step\": 1, \"low\": 1, \"high\": 20}}"}
{"op_code": 4, "worker_id": "385f247c-a954-42a0-986a-42359f446be3-140342754330432", "study_id": 0, "datetime_start": "2023-03-08T16:54:26.073022"}
{"op_code": 5, "worker_id": "385f247c-a954-42a0-986a-42359f446be3-140342754330432", "trial_id": 25, "param_name": "trend", "param_value_internal": 18.0, "distribution": "{\"name\": \"IntDistribution\", \"attributes\": {\"log\": false, \"step\": 1, \"low\": 1, \"high\": 20}}"}
{"op_code": 4, "worker_id": "7f8e3d51-6ee5-4836-8328-554dec27869b-140238919939904", "study_id": 0, "datetime_start": "2023-03-08T16:54:26.164452"}
{"op_code": 5, "worker_id": "7f8e3d51-6ee5-4836-8328-554dec27869b-140238919939904", "trial_id": 26, "param_name": "trend", "param_value_internal": 18.0, "distribution": "{\"name\": \"IntDistribution\", \"attributes\": {\"log\": false, \"step\": 1, \"low\": 1, \"high\": 20}}"}
{"op_code": 6, "worker_id": "b4cade64-5551-44cc-9eca-bbe51d68cb98-140308346836800", "trial_id": 23, "state": 1, "values": [4.540517807025001], "datetime_complete": "2023-03-08T16:54:43.650644"}
{"op_code": 6, "worker_id": "f46ab864-d454-41b0-ab41-27c97a1c5423-140612432017216", "trial_id": 24, "state": 1, "values": [4.720894813541172], "datetime_complete": "2023-03-08T16:54:43.973076"}
{"op_code": 4, "worker_id": "0b442fc6-7b78-414a-bf26-61d92f913d82-140686445602624", "study_id": 0, "datetime_start": "2023-03-08T16:54:26.127019"}
{"op_code": 4, "worker_id": "cb675c8b-25cb-4bee-b2d9-a575b0d1e40a-139969871566656", "study_id": 0, "datetime_start": "2023-03-08T16:54:26.167442"}
{"op_code": 5, "worker_id": "0b442fc6-7b78-414a-bf26-61d92f913d82-140686445602624", "trial_id": 27, "param_name": "trend", "param_value_internal": 18.0, "distribution": "{\"name\": \"IntDistribution\", \"attributes\": {\"log\": false, \"step\": 1, \"low\": 1, \"high\": 20}}"}
{"op_code": 5, "worker_id": "cb675c8b-25cb-4bee-b2d9-a575b0d1e40a-139969871566656", "trial_id": 28, "param_name": "trend", "param_value_internal": 18.0, "distribution": "{\"name\": \"IntDistribution\", \"attributes\": {\"log\": false, \"step\": 1, \"low\": 1, \"high\": 20}}"}
{"op_code": 6, "worker_id": "7f8e3d51-6ee5-4836-8328-554dec27869b-140238919939904", "trial_id": 26, "state": 1, "values": [4.7116656303425], "datetime_complete": "2023-03-08T16:54:45.011043"}
{"op_code": 4, "worker_id": "42183e9f-aa77-42ab-983b-ed41b6871ea2-140387060385600", "study_id": 0, "datetime_start": "2023-03-08T16:54:26.127664"}
{"op_code": 5, "worker_id": "42183e9f-aa77-42ab-983b-ed41b6871ea2-140387060385600", "trial_id": 29, "param_name": "trend", "param_value_internal": 17.0, "distribution": "{\"name\": \"IntDistribution\", \"attributes\": {\"log\": false, \"step\": 1, \"low\": 1, \"high\": 20}}"}
{"op_code": 6, "worker_id": "385f247c-a954-42a0-986a-42359f446be3-140342754330432", "trial_id": 25, "state": 1, "values": [4.7116656303425], "datetime_complete": "2023-03-08T16:54:44.684420"}
{"op_code": 6, "worker_id": "0b442fc6-7b78-414a-bf26-61d92f913d82-140686445602624", "trial_id": 27, "state": 1, "values": [4.7116656303425], "datetime_complete": "2023-03-08T16:54:46.098617"}
{"op_code": 6, "worker_id": "cb675c8b-25cb-4bee-b2d9-a575b0d1e40a-139969871566656", "trial_id": 28, "state": 1, "values": [4.7116656303425], "datetime_complete": "2023-03-08T16:54:46.214294"}
{"op_code": 5, "worker_id": "564a6a1f-8401-43af-b574-c43fdac9057a-139867443185472", "trial_id": 5, "param_name": "trend", "param_value_internal": 15.0, "distribution": "{\"name\": \"IntDistribution\", \"attributes\": {\"log\": false, \"step\": 1, \"low\": 1, \"high\": 20}}"}
{"op_code": 6, "worker_id": "42183e9f-aa77-42ab-983b-ed41b6871ea2-140387060385600", "trial_id": 29, "state": 1, "values": [4.57851600645], "datetime_complete": "2023-03-08T16:54:46.923345"}
{"op_code": 4, "worker_id": "193d0290-399e-405f-8894-4ff2af7d9ad1-139971476625216", "study_id": 0, "datetime_start": "2023-03-08T16:54:26.074357"}
{"op_code": 5, "worker_id": "193d0290-399e-405f-8894-4ff2af7d9ad1-139971476625216", "trial_id": 30, "param_name": "trend", "param_value_internal": 3.0, "distribution": "{\"name\": \"IntDistribution\", \"attributes\": {\"log\": false, \"step\": 1, \"low\": 1, \"high\": 20}}"}
{"op_code": 4, "worker_id": "c41bf0d3-c825-4230-bc29-7c362cc27844-140216354568000", "study_id": 0, "datetime_start": "2023-03-08T16:54:26.130413"}
{"op_code": 5, "worker_id": "c41bf0d3-c825-4230-bc29-7c362cc27844-140216354568000", "trial_id": 31, "param_name": "trend", "param_value_internal": 3.0, "distribution": "{\"name\": \"IntDistribution\", \"attributes\": {\"log\": false, \"step\": 1, \"low\": 1, \"high\": 20}}"}
{"op_code": 6, "worker_id": "564a6a1f-8401-43af-b574-c43fdac9057a-139867443185472", "trial_id": 5, "state": 1, "values": [4.540517807025001], "datetime_complete": "2023-03-08T16:54:47.968033"}
{"op_code": 4, "worker_id": "171e9e68-41b0-4812-82fb-05e2736837e8-140567381182272", "study_id": 0, "datetime_start": "2023-03-08T16:54:26.078607"}
{"op_code": 5, "worker_id": "171e9e68-41b0-4812-82fb-05e2736837e8-140567381182272", "trial_id": 32, "param_name": "trend", "param_value_internal": 20.0, "distribution": "{\"name\": \"IntDistribution\", \"attributes\": {\"log\": false, \"step\": 1, \"low\": 1, \"high\": 20}}"}
{"op_code": 6, "worker_id": "193d0290-399e-405f-8894-4ff2af7d9ad1-139971476625216", "trial_id": 30, "state": 1, "values": [9.288792475879184], "datetime_complete": "2023-03-08T16:54:48.622239"}
{"op_code": 6, "worker_id": "c41bf0d3-c825-4230-bc29-7c362cc27844-140216354568000", "trial_id": 31, "state": 1, "values": [9.288792475879184], "datetime_complete": "2023-03-08T16:54:49.085012"}
{"op_code": 4, "worker_id": "0c118c16-dd33-4f11-9ee6-fccf682a21b4-140342517409600", "study_id": 0, "datetime_start": "2023-03-08T16:54:26.081675"}
{"op_code": 4, "worker_id": "44a83ac1-a9fa-4d2c-a4fc-477becb93430-139945685509952", "study_id": 0, "datetime_start": "2023-03-08T16:54:26.132148"}
{"op_code": 5, "worker_id": "0c118c16-dd33-4f11-9ee6-fccf682a21b4-140342517409600", "trial_id": 33, "param_name": "trend", "param_value_internal": 20.0, "distribution": "{\"name\": \"IntDistribution\", \"attributes\": {\"log\": false, \"step\": 1, \"low\": 1, \"high\": 20}}"}
{"op_code": 5, "worker_id": "44a83ac1-a9fa-4d2c-a4fc-477becb93430-139945685509952", "trial_id": 34, "param_name": "trend", "param_value_internal": 20.0, "distribution": "{\"name\": \"IntDistribution\", \"attributes\": {\"log\": false, \"step\": 1, \"low\": 1, \"high\": 20}}"}
{"op_code": 6, "worker_id": "171e9e68-41b0-4812-82fb-05e2736837e8-140567381182272", "trial_id": 32, "state": 1, "values": [4.205883026125001], "datetime_complete": "2023-03-08T16:54:49.930449"}
{"op_code": 4, "worker_id": "3697a51e-0ba2-459a-9f42-32b31e5c07f0-139727682975552", "study_id": 0, "datetime_start": "2023-03-08T16:54:26.084648"}
{"op_code": 4, "worker_id": "47587f0a-6824-4f35-8750-40e384204f19-140033681774400", "study_id": 0, "datetime_start": "2023-03-08T16:54:26.136374"}
{"op_code": 5, "worker_id": "3697a51e-0ba2-459a-9f42-32b31e5c07f0-139727682975552", "trial_id": 35, "param_name": "trend", "param_value_internal": 20.0, "distribution": "{\"name\": \"IntDistribution\", \"attributes\": {\"log\": false, \"step\": 1, \"low\": 1, \"high\": 20}}"}
{"op_code": 5, "worker_id": "47587f0a-6824-4f35-8750-40e384204f19-140033681774400", "trial_id": 36, "param_name": "trend", "param_value_internal": 20.0, "distribution": "{\"name\": \"IntDistribution\", \"attributes\": {\"log\": false, \"step\": 1, \"low\": 1, \"high\": 20}}"}
{"op_code": 6, "worker_id": "0c118c16-dd33-4f11-9ee6-fccf682a21b4-140342517409600", "trial_id": 33, "state": 1, "values": [4.205883026125001], "datetime_complete": "2023-03-08T16:54:51.208769"}
{"op_code": 6, "worker_id": "44a83ac1-a9fa-4d2c-a4fc-477becb93430-139945685509952", "trial_id": 34, "state": 1, "values": [4.205883026125001], "datetime_complete": "2023-03-08T16:54:51.457646"}
{"op_code": 4, "worker_id": "9bc1d200-bb24-407f-b28f-9bc93d125132-139719332484928", "study_id": 0, "datetime_start": "2023-03-08T16:54:26.133391"}
{"op_code": 5, "worker_id": "9bc1d200-bb24-407f-b28f-9bc93d125132-139719332484928", "trial_id": 37, "param_name": "trend", "param_value_internal": 16.0, "distribution": "{\"name\": \"IntDistribution\", \"attributes\": {\"log\": false, \"step\": 1, \"low\": 1, \"high\": 20}}"}
{"op_code": 6, "worker_id": "3697a51e-0ba2-459a-9f42-32b31e5c07f0-139727682975552", "trial_id": 35, "state": 1, "values": [4.205883026125001], "datetime_complete": "2023-03-08T16:54:52.358279"}
{"op_code": 6, "worker_id": "47587f0a-6824-4f35-8750-40e384204f19-140033681774400", "trial_id": 36, "state": 1, "values": [4.205883026125001], "datetime_complete": "2023-03-08T16:54:52.650060"}
{"op_code": 4, "worker_id": "4dc74fe0-678b-4212-9e4c-222ce1d072f7-140685025228608", "study_id": 0, "datetime_start": "2023-03-08T16:54:26.139579"}
{"op_code": 5, "worker_id": "4dc74fe0-678b-4212-9e4c-222ce1d072f7-140685025228608", "trial_id": 38, "param_name": "trend", "param_value_internal": 16.0, "distribution": "{\"name\": \"IntDistribution\", \"attributes\": {\"log\": false, \"step\": 1, \"low\": 1, \"high\": 20}}"}
{"op_code": 6, "worker_id": "9bc1d200-bb24-407f-b28f-9bc93d125132-139719332484928", "trial_id": 37, "state": 1, "values": [4.501464843752812], "datetime_complete": "2023-03-08T16:54:53.429983"}
{"op_code": 4, "worker_id": "d39c1c2c-9d50-4497-bd1f-44b590c33187-140088169027392", "study_id": 0, "datetime_start": "2023-03-08T16:54:26.087249"}
{"op_code": 4, "worker_id": "2ce608a5-65e5-4112-90bd-05d6ee1bac4a-140682465773376", "study_id": 0, "datetime_start": "2023-03-08T16:54:26.142119"}
{"op_code": 5, "worker_id": "d39c1c2c-9d50-4497-bd1f-44b590c33187-140088169027392", "trial_id": 39, "param_name": "trend", "param_value_internal": 19.0, "distribution": "{\"name\": \"IntDistribution\", \"attributes\": {\"log\": false, \"step\": 1, \"low\": 1, \"high\": 20}}"}
{"op_code": 5, "worker_id": "2ce608a5-65e5-4112-90bd-05d6ee1bac4a-140682465773376", "trial_id": 40, "param_name": "trend", "param_value_internal": 19.0, "distribution": "{\"name\": \"IntDistribution\", \"attributes\": {\"log\": false, \"step\": 1, \"low\": 1, \"high\": 20}}"}
{"op_code": 6, "worker_id": "4dc74fe0-678b-4212-9e4c-222ce1d072f7-140685025228608", "trial_id": 38, "state": 1, "values": [4.501464843752812], "datetime_complete": "2023-03-08T16:54:54.668374"}
{"op_code": 4, "worker_id": "0bea18f5-47b2-4190-bf07-f525e6183755-139668419508032", "study_id": 0, "datetime_start": "2023-03-08T16:54:26.090265"}
{"op_code": 4, "worker_id": "de2e0aaf-f574-4264-bf2d-3bad40925ab0-139811878623040", "study_id": 0, "datetime_start": "2023-03-08T16:54:26.146327"}
{"op_code": 5, "worker_id": "0bea18f5-47b2-4190-bf07-f525e6183755-139668419508032", "trial_id": 41, "param_name": "trend", "param_value_internal": 19.0, "distribution": "{\"name\": \"IntDistribution\", \"attributes\": {\"log\": false, \"step\": 1, \"low\": 1, \"high\": 20}}"}
{"op_code": 5, "worker_id": "de2e0aaf-f574-4264-bf2d-3bad40925ab0-139811878623040", "trial_id": 42, "param_name": "trend", "param_value_internal": 19.0, "distribution": "{\"name\": \"IntDistribution\", \"attributes\": {\"log\": false, \"step\": 1, \"low\": 1, \"high\": 20}}"}
{"op_code": 6, "worker_id": "d39c1c2c-9d50-4497-bd1f-44b590c33187-140088169027392", "trial_id": 39, "state": 1, "values": [4.2590141296203115], "datetime_complete": "2023-03-08T16:54:55.645688"}
{"op_code": 6, "worker_id": "2ce608a5-65e5-4112-90bd-05d6ee1bac4a-140682465773376", "trial_id": 40, "state": 1, "values": [4.2590141296203115], "datetime_complete": "2023-03-08T16:54:55.704969"}
{"op_code": 6, "worker_id": "0bea18f5-47b2-4190-bf07-f525e6183755-139668419508032", "trial_id": 41, "state": 1, "values": [4.2590141296203115], "datetime_complete": "2023-03-08T16:54:56.814066"}
{"op_code": 6, "worker_id": "de2e0aaf-f574-4264-bf2d-3bad40925ab0-139811878623040", "trial_id": 42, "state": 1, "values": [4.2590141296203115], "datetime_complete": "2023-03-08T16:54:56.932205"}
{"op_code": 4, "worker_id": "d4ae4ec9-ab32-41ea-b669-695c09e09527-140055891416896", "study_id": 0, "datetime_start": "2023-03-08T16:54:26.156071"}
{"op_code": 5, "worker_id": "d4ae4ec9-ab32-41ea-b669-695c09e09527-140055891416896", "trial_id": 43, "param_name": "trend", "param_value_internal": 17.0, "distribution": "{\"name\": \"IntDistribution\", \"attributes\": {\"log\": false, \"step\": 1, \"low\": 1, \"high\": 20}}"}
{"op_code": 4, "worker_id": "6ba506cb-82d8-40dd-b15a-ad6a4ae94709-140029693392704", "study_id": 0, "datetime_start": "2023-03-08T16:54:26.096358"}
{"op_code": 5, "worker_id": "6ba506cb-82d8-40dd-b15a-ad6a4ae94709-140029693392704", "trial_id": 44, "param_name": "trend", "param_value_internal": 17.0, "distribution": "{\"name\": \"IntDistribution\", \"attributes\": {\"log\": false, \"step\": 1, \"low\": 1, \"high\": 20}}"}
{"op_code": 4, "worker_id": "e10636cc-f3ac-4420-ae00-1d24ae10f7d9-140352972457792", "study_id": 0, "datetime_start": "2023-03-08T16:54:26.161711"}
{"op_code": 5, "worker_id": "e10636cc-f3ac-4420-ae00-1d24ae10f7d9-140352972457792", "trial_id": 45, "param_name": "trend", "param_value_internal": 17.0, "distribution": "{\"name\": \"IntDistribution\", \"attributes\": {\"log\": false, \"step\": 1, \"low\": 1, \"high\": 20}}"}
{"op_code": 6, "worker_id": "d4ae4ec9-ab32-41ea-b669-695c09e09527-140055891416896", "trial_id": 43, "state": 1, "values": [4.57851600645], "datetime_complete": "2023-03-08T16:54:59.258484"}
{"op_code": 6, "worker_id": "6ba506cb-82d8-40dd-b15a-ad6a4ae94709-140029693392704", "trial_id": 44, "state": 1, "values": [4.57851600645], "datetime_complete": "2023-03-08T16:54:59.916896"}
{"op_code": 6, "worker_id": "e10636cc-f3ac-4420-ae00-1d24ae10f7d9-140352972457792", "trial_id": 45, "state": 1, "values": [4.57851600645], "datetime_complete": "2023-03-08T16:55:00.290043"}
{"op_code": 4, "worker_id": "d428c6f2-eb78-49fd-984c-d7b061872a39-140051523815232", "study_id": 0, "datetime_start": "2023-03-08T16:54:26.179474"}
{"op_code": 5, "worker_id": "d428c6f2-eb78-49fd-984c-d7b061872a39-140051523815232", "trial_id": 46, "param_name": "trend", "param_value_internal": 7.0, "distribution": "{\"name\": \"IntDistribution\", \"attributes\": {\"log\": false, \"step\": 1, \"low\": 1, \"high\": 20}}"}
{"op_code": 4, "worker_id": "9ae59ca4-e9f2-4318-a492-bd68eede1880-139732514137920", "study_id": 0, "datetime_start": "2023-03-08T16:54:26.124783"}
{"op_code": 5, "worker_id": "9ae59ca4-e9f2-4318-a492-bd68eede1880-139732514137920", "trial_id": 47, "param_name": "trend", "param_value_internal": 8.0, "distribution": "{\"name\": \"IntDistribution\", \"attributes\": {\"log\": false, \"step\": 1, \"low\": 1, \"high\": 20}}"}
{"op_code": 6, "worker_id": "d428c6f2-eb78-49fd-984c-d7b061872a39-140051523815232", "trial_id": 46, "state": 1, "values": [5.152341008172961], "datetime_complete": "2023-03-08T16:55:02.343247"}
{"op_code": 4, "worker_id": "d4774886-7a6a-4284-a88c-3d988f62c764-139868772202304", "study_id": 0, "datetime_start": "2023-03-08T16:54:26.158844"}
{"op_code": 5, "worker_id": "d4774886-7a6a-4284-a88c-3d988f62c764-139868772202304", "trial_id": 48, "param_name": "trend", "param_value_internal": 9.0, "distribution": "{\"name\": \"IntDistribution\", \"attributes\": {\"log\": false, \"step\": 1, \"low\": 1, \"high\": 20}}"}
{"op_code": 6, "worker_id": "9ae59ca4-e9f2-4318-a492-bd68eede1880-139732514137920", "trial_id": 47, "state": 1, "values": [5.207271575932227], "datetime_complete": "2023-03-08T16:55:03.363094"}
{"op_code": 4, "worker_id": "ca96662e-5ce8-482d-9d36-4f2dec3c6210-140444601771840", "study_id": 0, "datetime_start": "2023-03-08T16:54:26.126368"}
{"op_code": 5, "worker_id": "ca96662e-5ce8-482d-9d36-4f2dec3c6210-140444601771840", "trial_id": 49, "param_name": "trend", "param_value_internal": 19.0, "distribution": "{\"name\": \"IntDistribution\", \"attributes\": {\"log\": false, \"step\": 1, \"low\": 1, \"high\": 20}}"}
{"op_code": 6, "worker_id": "d4774886-7a6a-4284-a88c-3d988f62c764-139868772202304", "trial_id": 48, "state": 1, "values": [4.835802078251561], "datetime_complete": "2023-03-08T16:55:04.633491"}
{"op_code": 6, "worker_id": "ca96662e-5ce8-482d-9d36-4f2dec3c6210-140444601771840", "trial_id": 49, "state": 1, "values": [4.2590141296203115], "datetime_complete": "2023-03-08T16:55:05.688170"}
