{"op_code": 0, "worker_id": "bbac81f0-8269-4e7a-9646-c130e9f72894-140674067371840", "study_name": "Ross_Sea_inversion_with_regional_params_logarithmic_10its", "directions": [1]}
{"op_code": 4, "worker_id": "575aaa12-d31a-4fb3-b321-a683dbed784e-140247644677952", "study_id": 0, "datetime_start": "2023-03-06T13:41:18.231351"}
{"op_code": 5, "worker_id": "575aaa12-d31a-4fb3-b321-a683dbed784e-140247644677952", "trial_id": 0, "param_name": "deriv_type", "param_value_internal": 1, "distribution": "{\"name\": \"CategoricalDistribution\", \"attributes\": {\"choices\": [\"annulus\", \"prisms\"]}}"}
{"op_code": 4, "worker_id": "c0b65a83-8194-4bf4-a925-df9658835951-139921881503552", "study_id": 0, "datetime_start": "2023-03-06T13:41:18.705035"}
{"op_code": 4, "worker_id": "2f6cb086-63b7-4420-bf37-92404f1cb10b-140469817169728", "study_id": 0, "datetime_start": "2023-03-06T13:41:19.053256"}
{"op_code": 4, "worker_id": "ad508cdf-dd6e-4c57-9b05-92ca98d2f9a7-140277866960704", "study_id": 0, "datetime_start": "2023-03-06T13:41:19.053446"}
{"op_code": 5, "worker_id": "2f6cb086-63b7-4420-bf37-92404f1cb10b-140469817169728", "trial_id": 2, "param_name": "deriv_type", "param_value_internal": 1, "distribution": "{\"name\": \"CategoricalDistribution\", \"attributes\": {\"choices\": [\"annulus\", \"prisms\"]}}"}
{"op_code": 4, "worker_id": "c3a55136-34f1-4160-9716-478ec19e83ac-140058550662976", "study_id": 0, "datetime_start": "2023-03-06T13:41:19.681856"}
{"op_code": 5, "worker_id": "2f6cb086-63b7-4420-bf37-92404f1cb10b-140469817169728", "trial_id": 2, "param_name": "solver_type", "param_value_internal": 1, "distribution": "{\"name\": \"CategoricalDistribution\", \"attributes\": {\"choices\": [\"verde least squares\", \"scipy least squares\"]}}"}
{"op_code": 4, "worker_id": "bdb13f09-4ad2-45a2-8a82-4d638ccfc2d5-139988153878336", "study_id": 0, "datetime_start": "2023-03-06T13:41:20.213828"}
{"op_code": 4, "worker_id": "858621e6-6a9a-4cf5-87c6-0ed620f52103-139937479427904", "study_id": 0, "datetime_start": "2023-03-06T13:41:20.236285"}
{"op_code": 5, "worker_id": "bdb13f09-4ad2-45a2-8a82-4d638ccfc2d5-139988153878336", "trial_id": 5, "param_name": "deriv_type", "param_value_internal": 1, "distribution": "{\"name\": \"CategoricalDistribution\", \"attributes\": {\"choices\": [\"annulus\", \"prisms\"]}}"}
{"op_code": 5, "worker_id": "bdb13f09-4ad2-45a2-8a82-4d638ccfc2d5-139988153878336", "trial_id": 5, "param_name": "solver_type", "param_value_internal": 1, "distribution": "{\"name\": \"CategoricalDistribution\", \"attributes\": {\"choices\": [\"verde least squares\", \"scipy least squares\"]}}"}
{"op_code": 5, "worker_id": "c0b65a83-8194-4bf4-a925-df9658835951-139921881503552", "trial_id": 1, "param_name": "deriv_type", "param_value_internal": 0, "distribution": "{\"name\": \"CategoricalDistribution\", \"attributes\": {\"choices\": [\"annulus\", \"prisms\"]}}"}
{"op_code": 5, "worker_id": "bdb13f09-4ad2-45a2-8a82-4d638ccfc2d5-139988153878336", "trial_id": 5, "param_name": "scipy_damping", "param_value_internal": 0.0868962771341814, "distribution": "{\"name\": \"FloatDistribution\", \"attributes\": {\"step\": null, \"low\": 0.001, \"high\": 10.0, \"log\": true}}"}
{"op_code": 5, "worker_id": "c0b65a83-8194-4bf4-a925-df9658835951-139921881503552", "trial_id": 1, "param_name": "solver_type", "param_value_internal": 1, "distribution": "{\"name\": \"CategoricalDistribution\", \"attributes\": {\"choices\": [\"verde least squares\", \"scipy least squares\"]}}"}
{"op_code": 5, "worker_id": "c0b65a83-8194-4bf4-a925-df9658835951-139921881503552", "trial_id": 1, "param_name": "scipy_damping", "param_value_internal": 0.38147159020961185, "distribution": "{\"name\": \"FloatDistribution\", \"attributes\": {\"step\": null, \"low\": 0.001, \"high\": 10.0, \"log\": true}}"}
{"op_code": 5, "worker_id": "ad508cdf-dd6e-4c57-9b05-92ca98d2f9a7-140277866960704", "trial_id": 3, "param_name": "deriv_type", "param_value_internal": 1, "distribution": "{\"name\": \"CategoricalDistribution\", \"attributes\": {\"choices\": [\"annulus\", \"prisms\"]}}"}
{"op_code": 5, "worker_id": "ad508cdf-dd6e-4c57-9b05-92ca98d2f9a7-140277866960704", "trial_id": 3, "param_name": "solver_type", "param_value_internal": 0, "distribution": "{\"name\": \"CategoricalDistribution\", \"attributes\": {\"choices\": [\"verde least squares\", \"scipy least squares\"]}}"}
{"op_code": 4, "worker_id": "b2818112-fb99-4c52-bd0e-33c390cc4837-140292617324352", "study_id": 0, "datetime_start": "2023-03-06T13:41:19.805277"}
{"op_code": 5, "worker_id": "ad508cdf-dd6e-4c57-9b05-92ca98d2f9a7-140277866960704", "trial_id": 3, "param_name": "verde_damping", "param_value_internal": 2.1793193708772067, "distribution": "{\"name\": \"FloatDistribution\", \"attributes\": {\"step\": null, \"low\": 1.0, \"high\": 10000.0, \"log\": true}}"}
{"op_code": 5, "worker_id": "b2818112-fb99-4c52-bd0e-33c390cc4837-140292617324352", "trial_id": 7, "param_name": "deriv_type", "param_value_internal": 1, "distribution": "{\"name\": \"CategoricalDistribution\", \"attributes\": {\"choices\": [\"annulus\", \"prisms\"]}}"}
{"op_code": 5, "worker_id": "b2818112-fb99-4c52-bd0e-33c390cc4837-140292617324352", "trial_id": 7, "param_name": "solver_type", "param_value_internal": 0, "distribution": "{\"name\": \"CategoricalDistribution\", \"attributes\": {\"choices\": [\"verde least squares\", \"scipy least squares\"]}}"}
{"op_code": 5, "worker_id": "b2818112-fb99-4c52-bd0e-33c390cc4837-140292617324352", "trial_id": 7, "param_name": "verde_damping", "param_value_internal": 165.38632456539074, "distribution": "{\"name\": \"FloatDistribution\", \"attributes\": {\"step\": null, \"low\": 1.0, \"high\": 10000.0, \"log\": true}}"}
{"op_code": 5, "worker_id": "858621e6-6a9a-4cf5-87c6-0ed620f52103-139937479427904", "trial_id": 6, "param_name": "deriv_type", "param_value_internal": 0, "distribution": "{\"name\": \"CategoricalDistribution\", \"attributes\": {\"choices\": [\"annulus\", \"prisms\"]}}"}
{"op_code": 5, "worker_id": "858621e6-6a9a-4cf5-87c6-0ed620f52103-139937479427904", "trial_id": 6, "param_name": "solver_type", "param_value_internal": 0, "distribution": "{\"name\": \"CategoricalDistribution\", \"attributes\": {\"choices\": [\"verde least squares\", \"scipy least squares\"]}}"}
{"op_code": 5, "worker_id": "858621e6-6a9a-4cf5-87c6-0ed620f52103-139937479427904", "trial_id": 6, "param_name": "verde_damping", "param_value_internal": 7.828551566203258, "distribution": "{\"name\": \"FloatDistribution\", \"attributes\": {\"step\": null, \"low\": 1.0, \"high\": 10000.0, \"log\": true}}"}
{"op_code": 4, "worker_id": "587979b0-545c-432b-a380-568911bf1171-140575474820928", "study_id": 0, "datetime_start": "2023-03-06T13:41:19.904252"}
{"op_code": 4, "worker_id": "dc9a8810-f48d-42f6-a9e8-0db9d2b95ee9-140467197867840", "study_id": 0, "datetime_start": "2023-03-06T13:41:18.711732"}
{"op_code": 5, "worker_id": "587979b0-545c-432b-a380-568911bf1171-140575474820928", "trial_id": 8, "param_name": "deriv_type", "param_value_internal": 0, "distribution": "{\"name\": \"CategoricalDistribution\", \"attributes\": {\"choices\": [\"annulus\", \"prisms\"]}}"}
{"op_code": 5, "worker_id": "dc9a8810-f48d-42f6-a9e8-0db9d2b95ee9-140467197867840", "trial_id": 9, "param_name": "deriv_type", "param_value_internal": 1, "distribution": "{\"name\": \"CategoricalDistribution\", \"attributes\": {\"choices\": [\"annulus\", \"prisms\"]}}"}
{"op_code": 5, "worker_id": "587979b0-545c-432b-a380-568911bf1171-140575474820928", "trial_id": 8, "param_name": "solver_type", "param_value_internal": 0, "distribution": "{\"name\": \"CategoricalDistribution\", \"attributes\": {\"choices\": [\"verde least squares\", \"scipy least squares\"]}}"}
{"op_code": 5, "worker_id": "dc9a8810-f48d-42f6-a9e8-0db9d2b95ee9-140467197867840", "trial_id": 9, "param_name": "solver_type", "param_value_internal": 1, "distribution": "{\"name\": \"CategoricalDistribution\", \"attributes\": {\"choices\": [\"verde least squares\", \"scipy least squares\"]}}"}
{"op_code": 5, "worker_id": "587979b0-545c-432b-a380-568911bf1171-140575474820928", "trial_id": 8, "param_name": "verde_damping", "param_value_internal": 1475.239129814994, "distribution": "{\"name\": \"FloatDistribution\", \"attributes\": {\"step\": null, \"low\": 1.0, \"high\": 10000.0, \"log\": true}}"}
{"op_code": 5, "worker_id": "dc9a8810-f48d-42f6-a9e8-0db9d2b95ee9-140467197867840", "trial_id": 9, "param_name": "scipy_damping", "param_value_internal": 0.7892278412852403, "distribution": "{\"name\": \"FloatDistribution\", \"attributes\": {\"step\": null, \"low\": 0.001, \"high\": 10.0, \"log\": true}}"}
{"op_code": 5, "worker_id": "575aaa12-d31a-4fb3-b321-a683dbed784e-140247644677952", "trial_id": 0, "param_name": "solver_type", "param_value_internal": 1, "distribution": "{\"name\": \"CategoricalDistribution\", \"attributes\": {\"choices\": [\"verde least squares\", \"scipy least squares\"]}}"}
{"op_code": 5, "worker_id": "575aaa12-d31a-4fb3-b321-a683dbed784e-140247644677952", "trial_id": 0, "param_name": "scipy_damping", "param_value_internal": 0.011585372090231133, "distribution": "{\"name\": \"FloatDistribution\", \"attributes\": {\"step\": null, \"low\": 0.001, \"high\": 10.0, \"log\": true}}"}
{"op_code": 5, "worker_id": "c3a55136-34f1-4160-9716-478ec19e83ac-140058550662976", "trial_id": 4, "param_name": "deriv_type", "param_value_internal": 1, "distribution": "{\"name\": \"CategoricalDistribution\", \"attributes\": {\"choices\": [\"annulus\", \"prisms\"]}}"}
{"op_code": 5, "worker_id": "c3a55136-34f1-4160-9716-478ec19e83ac-140058550662976", "trial_id": 4, "param_name": "solver_type", "param_value_internal": 0, "distribution": "{\"name\": \"CategoricalDistribution\", \"attributes\": {\"choices\": [\"verde least squares\", \"scipy least squares\"]}}"}
{"op_code": 5, "worker_id": "c3a55136-34f1-4160-9716-478ec19e83ac-140058550662976", "trial_id": 4, "param_name": "verde_damping", "param_value_internal": 1515.976878274816, "distribution": "{\"name\": \"FloatDistribution\", \"attributes\": {\"step\": null, \"low\": 1.0, \"high\": 10000.0, \"log\": true}}"}
{"op_code": 5, "worker_id": "2f6cb086-63b7-4420-bf37-92404f1cb10b-140469817169728", "trial_id": 2, "param_name": "scipy_damping", "param_value_internal": 2.5131160628451963, "distribution": "{\"name\": \"FloatDistribution\", \"attributes\": {\"step\": null, \"low\": 0.001, \"high\": 10.0, \"log\": true}}"}
{"op_code": 6, "worker_id": "c0b65a83-8194-4bf4-a925-df9658835951-139921881503552", "trial_id": 1, "state": 1, "values": [74.46677254853648], "datetime_complete": "2023-03-06T13:41:41.724321"}
{"op_code": 6, "worker_id": "bdb13f09-4ad2-45a2-8a82-4d638ccfc2d5-139988153878336", "trial_id": 5, "state": 1, "values": [49.51740221283853], "datetime_complete": "2023-03-06T13:41:53.363357"}
{"op_code": 6, "worker_id": "858621e6-6a9a-4cf5-87c6-0ed620f52103-139937479427904", "trial_id": 6, "state": 1, "values": [51.55559115003791], "datetime_complete": "2023-03-06T13:41:55.551288"}
{"op_code": 6, "worker_id": "587979b0-545c-432b-a380-568911bf1171-140575474820928", "trial_id": 8, "state": 1, "values": [51.02701322281507], "datetime_complete": "2023-03-06T13:41:58.232769"}
{"op_code": 6, "worker_id": "dc9a8810-f48d-42f6-a9e8-0db9d2b95ee9-140467197867840", "trial_id": 9, "state": 1, "values": [76.37982970900686], "datetime_complete": "2023-03-06T13:41:58.804082"}
{"op_code": 6, "worker_id": "2f6cb086-63b7-4420-bf37-92404f1cb10b-140469817169728", "trial_id": 2, "state": 1, "values": [76.97587006464954], "datetime_complete": "2023-03-06T13:42:00.698399"}
{"op_code": 6, "worker_id": "575aaa12-d31a-4fb3-b321-a683dbed784e-140247644677952", "trial_id": 0, "state": 1, "values": [51.48977482116311], "datetime_complete": "2023-03-06T13:42:06.559811"}
{"op_code": 6, "worker_id": "ad508cdf-dd6e-4c57-9b05-92ca98d2f9a7-140277866960704", "trial_id": 3, "state": 1, "values": [51.77674474861851], "datetime_complete": "2023-03-06T13:42:09.002281"}
{"op_code": 6, "worker_id": "b2818112-fb99-4c52-bd0e-33c390cc4837-140292617324352", "trial_id": 7, "state": 1, "values": [51.759809222724016], "datetime_complete": "2023-03-06T13:42:10.051995"}
{"op_code": 6, "worker_id": "c3a55136-34f1-4160-9716-478ec19e83ac-140058550662976", "trial_id": 4, "state": 1, "values": [51.56136482634906], "datetime_complete": "2023-03-06T13:42:13.842882"}
